[0.466s] Invoking command in '/home/asambhav/Storage/dumme_sim/src/dumme_controller': PYTHONPATH=/home/asambhav/Storage/dumme_sim/build/dumme_controller/prefix_override:/usr/lib/python3/dist-packages/colcon_core/task/python/colcon_distutils_commands:/home/asambhav/Storage/dumme_sim/install/dumme_controller/lib/python3.10/site-packages:${PYTHONPATH} /usr/bin/python3 -W ignore:setup.py install is deprecated -W ignore:easy_install command is deprecated setup.py egg_info --egg-base ../../build/dumme_controller build --build-base /home/asambhav/Storage/dumme_sim/build/dumme_controller/build install --record /home/asambhav/Storage/dumme_sim/build/dumme_controller/install.log --single-version-externally-managed install_data
[0.615s] running egg_info
[0.624s] writing ../../build/dumme_controller/dumme_controller.egg-info/PKG-INFO
[0.624s] writing dependency_links to ../../build/dumme_controller/dumme_controller.egg-info/dependency_links.txt
[0.624s] writing requirements to ../../build/dumme_controller/dumme_controller.egg-info/requires.txt
[0.624s] writing top-level names to ../../build/dumme_controller/dumme_controller.egg-info/top_level.txt
[0.651s] reading manifest file '../../build/dumme_controller/dumme_controller.egg-info/SOURCES.txt'
[0.652s] writing manifest file '../../build/dumme_controller/dumme_controller.egg-info/SOURCES.txt'
[0.652s] running build
[0.652s] running build_py
[0.652s] copying dumme_controller/__init__.py -> /home/asambhav/Storage/dumme_sim/build/dumme_controller/build/lib/dumme_controller
[0.653s] running install
[0.655s] running install_lib
[0.665s] running install_data
[0.665s] copying resource/dumme_controller -> /home/asambhav/Storage/dumme_sim/install/dumme_controller/share/ament_index/resource_index/packages
[0.665s] copying package.xml -> /home/asambhav/Storage/dumme_sim/install/dumme_controller/share/dumme_controller
[0.665s] copying launch/controller.launch.py -> /home/asambhav/Storage/dumme_sim/install/dumme_controller/share/dumme_controller/launch
[0.665s] copying config/dumme_controllers.yaml -> /home/asambhav/Storage/dumme_sim/install/dumme_controller/share/dumme_controller/config
[0.665s] running install_egg_info
[0.675s] removing '/home/asambhav/Storage/dumme_sim/install/dumme_controller/lib/python3.10/site-packages/dumme_controller-0.0.1-py3.10.egg-info' (and everything under it)
[0.675s] Copying ../../build/dumme_controller/dumme_controller.egg-info to /home/asambhav/Storage/dumme_sim/install/dumme_controller/lib/python3.10/site-packages/dumme_controller-0.0.1-py3.10.egg-info
[0.675s] running install_scripts
[0.694s] writing list of installed files to '/home/asambhav/Storage/dumme_sim/build/dumme_controller/install.log'
[0.708s] Invoked command in '/home/asambhav/Storage/dumme_sim/src/dumme_controller' returned '0': PYTHONPATH=/home/asambhav/Storage/dumme_sim/build/dumme_controller/prefix_override:/usr/lib/python3/dist-packages/colcon_core/task/python/colcon_distutils_commands:/home/asambhav/Storage/dumme_sim/install/dumme_controller/lib/python3.10/site-packages:${PYTHONPATH} /usr/bin/python3 -W ignore:setup.py install is deprecated -W ignore:easy_install command is deprecated setup.py egg_info --egg-base ../../build/dumme_controller build --build-base /home/asambhav/Storage/dumme_sim/build/dumme_controller/build install --record /home/asambhav/Storage/dumme_sim/build/dumme_controller/install.log --single-version-externally-managed install_data
