[0.068s] DEBUG:colcon:Command line arguments: ['/usr/bin/colcon', 'build']
[0.068s] DEBUG:colcon:Parsed command line arguments: Namespace(log_base=None, log_level=None, verb_name='build', build_base='build', install_base='install', merge_install=False, symlink_install=False, test_result_base=None, continue_on_error=False, executor='parallel', parallel_workers=18, event_handlers=None, ignore_user_meta=False, metas=['./colcon.meta'], base_paths=['.'], packages_ignore=None, packages_ignore_regex=None, paths=None, packages_up_to=None, packages_up_to_regex=None, packages_above=None, packages_above_and_dependencies=None, packages_above_depth=None, packages_select_by_dep=None, packages_skip_by_dep=None, packages_skip_up_to=None, packages_select_build_failed=False, packages_skip_build_finished=False, packages_select_test_failures=False, packages_skip_test_passed=False, packages_select=None, packages_skip=None, packages_select_regex=None, packages_skip_regex=None, packages_start=None, packages_end=None, allow_overriding=[], cmake_args=None, cmake_target=None, cmake_target_skip_unavailable=False, cmake_clean_cache=False, cmake_clean_first=False, cmake_force_configure=False, ament_cmake_args=None, catkin_cmake_args=None, catkin_skip_building_tests=False, mixin_files=None, mixin=None, verb_parser=<colcon_mixin.mixin.mixin_argument.MixinArgumentDecorator object at 0x7691683992d0>, verb_extension=<colcon_core.verb.build.BuildVerb object at 0x769168321e10>, main=<bound method BuildVerb.main of <colcon_core.verb.build.BuildVerb object at 0x769168321e10>>, mixin_verb=('build',))
[0.095s] Level 1:colcon.colcon_core.package_discovery:discover_packages(colcon_meta) check parameters
[0.095s] Level 1:colcon.colcon_core.package_discovery:discover_packages(recursive) check parameters
[0.095s] Level 1:colcon.colcon_core.package_discovery:discover_packages(ignore) check parameters
[0.095s] Level 1:colcon.colcon_core.package_discovery:discover_packages(path) check parameters
[0.095s] Level 1:colcon.colcon_core.package_discovery:discover_packages(colcon_meta) discover
[0.095s] Level 1:colcon.colcon_core.package_discovery:discover_packages(recursive) discover
[0.095s] INFO:colcon.colcon_core.package_discovery:Crawling recursively for packages in '/home/asambhav/Storage/dumme_sim'
[0.095s] Level 1:colcon.colcon_core.package_identification:_identify(.) by extensions ['ignore', 'ignore_ament_install']
[0.095s] Level 1:colcon.colcon_core.package_identification:_identify(.) by extension 'ignore'
[0.095s] Level 1:colcon.colcon_core.package_identification:_identify(.) by extension 'ignore_ament_install'
[0.095s] Level 1:colcon.colcon_core.package_identification:_identify(.) by extensions ['colcon_pkg']
[0.095s] Level 1:colcon.colcon_core.package_identification:_identify(.) by extension 'colcon_pkg'
[0.095s] Level 1:colcon.colcon_core.package_identification:_identify(.) by extensions ['colcon_meta']
[0.095s] Level 1:colcon.colcon_core.package_identification:_identify(.) by extension 'colcon_meta'
[0.095s] Level 1:colcon.colcon_core.package_identification:_identify(.) by extensions ['ros']
[0.095s] Level 1:colcon.colcon_core.package_identification:_identify(.) by extension 'ros'
[0.104s] Level 1:colcon.colcon_core.package_identification:_identify(.) by extensions ['cmake', 'python']
[0.104s] Level 1:colcon.colcon_core.package_identification:_identify(.) by extension 'cmake'
[0.104s] Level 1:colcon.colcon_core.package_identification:_identify(.) by extension 'python'
[0.104s] Level 1:colcon.colcon_core.package_identification:_identify(.) by extensions ['python_setup_py']
[0.104s] Level 1:colcon.colcon_core.package_identification:_identify(.) by extension 'python_setup_py'
[0.104s] Level 1:colcon.colcon_core.package_identification:_identify(build) by extensions ['ignore', 'ignore_ament_install']
[0.104s] Level 1:colcon.colcon_core.package_identification:_identify(build) by extension 'ignore'
[0.104s] Level 1:colcon.colcon_core.package_identification:_identify(build) ignored
[0.104s] Level 1:colcon.colcon_core.package_identification:_identify(install) by extensions ['ignore', 'ignore_ament_install']
[0.104s] Level 1:colcon.colcon_core.package_identification:_identify(install) by extension 'ignore'
[0.104s] Level 1:colcon.colcon_core.package_identification:_identify(install) ignored
[0.105s] Level 1:colcon.colcon_core.package_identification:_identify(log) by extensions ['ignore', 'ignore_ament_install']
[0.105s] Level 1:colcon.colcon_core.package_identification:_identify(log) by extension 'ignore'
[0.105s] Level 1:colcon.colcon_core.package_identification:_identify(log) ignored
[0.105s] Level 1:colcon.colcon_core.package_identification:_identify(src) by extensions ['ignore', 'ignore_ament_install']
[0.105s] Level 1:colcon.colcon_core.package_identification:_identify(src) by extension 'ignore'
[0.105s] Level 1:colcon.colcon_core.package_identification:_identify(src) by extension 'ignore_ament_install'
[0.105s] Level 1:colcon.colcon_core.package_identification:_identify(src) by extensions ['colcon_pkg']
[0.105s] Level 1:colcon.colcon_core.package_identification:_identify(src) by extension 'colcon_pkg'
[0.105s] Level 1:colcon.colcon_core.package_identification:_identify(src) by extensions ['colcon_meta']
[0.105s] Level 1:colcon.colcon_core.package_identification:_identify(src) by extension 'colcon_meta'
[0.105s] Level 1:colcon.colcon_core.package_identification:_identify(src) by extensions ['ros']
[0.105s] Level 1:colcon.colcon_core.package_identification:_identify(src) by extension 'ros'
[0.105s] Level 1:colcon.colcon_core.package_identification:_identify(src) by extensions ['cmake', 'python']
[0.105s] Level 1:colcon.colcon_core.package_identification:_identify(src) by extension 'cmake'
[0.105s] Level 1:colcon.colcon_core.package_identification:_identify(src) by extension 'python'
[0.105s] Level 1:colcon.colcon_core.package_identification:_identify(src) by extensions ['python_setup_py']
[0.105s] Level 1:colcon.colcon_core.package_identification:_identify(src) by extension 'python_setup_py'
[0.105s] Level 1:colcon.colcon_core.package_identification:_identify(src/dumme_controller) by extensions ['ignore', 'ignore_ament_install']
[0.105s] Level 1:colcon.colcon_core.package_identification:_identify(src/dumme_controller) by extension 'ignore'
[0.105s] Level 1:colcon.colcon_core.package_identification:_identify(src/dumme_controller) by extension 'ignore_ament_install'
[0.105s] Level 1:colcon.colcon_core.package_identification:_identify(src/dumme_controller) by extensions ['colcon_pkg']
[0.105s] Level 1:colcon.colcon_core.package_identification:_identify(src/dumme_controller) by extension 'colcon_pkg'
[0.105s] Level 1:colcon.colcon_core.package_identification:_identify(src/dumme_controller) by extensions ['colcon_meta']
[0.105s] Level 1:colcon.colcon_core.package_identification:_identify(src/dumme_controller) by extension 'colcon_meta'
[0.105s] Level 1:colcon.colcon_core.package_identification:_identify(src/dumme_controller) by extensions ['ros']
[0.105s] Level 1:colcon.colcon_core.package_identification:_identify(src/dumme_controller) by extension 'ros'
[0.107s] DEBUG:colcon.colcon_core.package_identification:Package 'src/dumme_controller' with type 'ros.ament_python' and name 'dumme_controller'
[0.107s] Level 1:colcon.colcon_core.package_identification:_identify(src/dumme_description) by extensions ['ignore', 'ignore_ament_install']
[0.107s] Level 1:colcon.colcon_core.package_identification:_identify(src/dumme_description) by extension 'ignore'
[0.107s] Level 1:colcon.colcon_core.package_identification:_identify(src/dumme_description) by extension 'ignore_ament_install'
[0.107s] Level 1:colcon.colcon_core.package_identification:_identify(src/dumme_description) by extensions ['colcon_pkg']
[0.107s] Level 1:colcon.colcon_core.package_identification:_identify(src/dumme_description) by extension 'colcon_pkg'
[0.107s] Level 1:colcon.colcon_core.package_identification:_identify(src/dumme_description) by extensions ['colcon_meta']
[0.107s] Level 1:colcon.colcon_core.package_identification:_identify(src/dumme_description) by extension 'colcon_meta'
[0.107s] Level 1:colcon.colcon_core.package_identification:_identify(src/dumme_description) by extensions ['ros']
[0.107s] Level 1:colcon.colcon_core.package_identification:_identify(src/dumme_description) by extension 'ros'
[0.109s] DEBUG:colcon.colcon_core.package_identification:Package 'src/dumme_description' with type 'ros.ament_cmake' and name 'dumme_description'
[0.109s] Level 1:colcon.colcon_core.package_identification:_identify(src/dumme_moveit) by extensions ['ignore', 'ignore_ament_install']
[0.109s] Level 1:colcon.colcon_core.package_identification:_identify(src/dumme_moveit) by extension 'ignore'
[0.109s] Level 1:colcon.colcon_core.package_identification:_identify(src/dumme_moveit) by extension 'ignore_ament_install'
[0.109s] Level 1:colcon.colcon_core.package_identification:_identify(src/dumme_moveit) by extensions ['colcon_pkg']
[0.109s] Level 1:colcon.colcon_core.package_identification:_identify(src/dumme_moveit) by extension 'colcon_pkg'
[0.109s] Level 1:colcon.colcon_core.package_identification:_identify(src/dumme_moveit) by extensions ['colcon_meta']
[0.109s] Level 1:colcon.colcon_core.package_identification:_identify(src/dumme_moveit) by extension 'colcon_meta'
[0.109s] Level 1:colcon.colcon_core.package_identification:_identify(src/dumme_moveit) by extensions ['ros']
[0.109s] Level 1:colcon.colcon_core.package_identification:_identify(src/dumme_moveit) by extension 'ros'
[0.109s] DEBUG:colcon.colcon_core.package_identification:Package 'src/dumme_moveit' with type 'ros.ament_cmake' and name 'dumme_moveit'
[0.109s] Level 1:colcon.colcon_core.package_identification:_identify(src/dumme_msgs) by extensions ['ignore', 'ignore_ament_install']
[0.110s] Level 1:colcon.colcon_core.package_identification:_identify(src/dumme_msgs) by extension 'ignore'
[0.110s] Level 1:colcon.colcon_core.package_identification:_identify(src/dumme_msgs) by extension 'ignore_ament_install'
[0.110s] Level 1:colcon.colcon_core.package_identification:_identify(src/dumme_msgs) by extensions ['colcon_pkg']
[0.110s] Level 1:colcon.colcon_core.package_identification:_identify(src/dumme_msgs) by extension 'colcon_pkg'
[0.110s] Level 1:colcon.colcon_core.package_identification:_identify(src/dumme_msgs) by extensions ['colcon_meta']
[0.110s] Level 1:colcon.colcon_core.package_identification:_identify(src/dumme_msgs) by extension 'colcon_meta'
[0.110s] Level 1:colcon.colcon_core.package_identification:_identify(src/dumme_msgs) by extensions ['ros']
[0.110s] Level 1:colcon.colcon_core.package_identification:_identify(src/dumme_msgs) by extension 'ros'
[0.110s] DEBUG:colcon.colcon_core.package_identification:Package 'src/dumme_msgs' with type 'ros.ament_cmake' and name 'dumme_msgs'
[0.110s] Level 1:colcon.colcon_core.package_identification:_identify(src/dumme_utils) by extensions ['ignore', 'ignore_ament_install']
[0.110s] Level 1:colcon.colcon_core.package_identification:_identify(src/dumme_utils) by extension 'ignore'
[0.110s] Level 1:colcon.colcon_core.package_identification:_identify(src/dumme_utils) by extension 'ignore_ament_install'
[0.110s] Level 1:colcon.colcon_core.package_identification:_identify(src/dumme_utils) by extensions ['colcon_pkg']
[0.110s] Level 1:colcon.colcon_core.package_identification:_identify(src/dumme_utils) by extension 'colcon_pkg'
[0.110s] Level 1:colcon.colcon_core.package_identification:_identify(src/dumme_utils) by extensions ['colcon_meta']
[0.110s] Level 1:colcon.colcon_core.package_identification:_identify(src/dumme_utils) by extension 'colcon_meta'
[0.110s] Level 1:colcon.colcon_core.package_identification:_identify(src/dumme_utils) by extensions ['ros']
[0.110s] Level 1:colcon.colcon_core.package_identification:_identify(src/dumme_utils) by extension 'ros'
[0.111s] DEBUG:colcon.colcon_core.package_identification:Package 'src/dumme_utils' with type 'ros.ament_cmake' and name 'dumme_utils'
[0.111s] Level 1:colcon.colcon_core.package_discovery:discover_packages(recursive) using defaults
[0.111s] Level 1:colcon.colcon_core.package_discovery:discover_packages(ignore) discover
[0.111s] Level 1:colcon.colcon_core.package_discovery:discover_packages(ignore) using defaults
[0.111s] Level 1:colcon.colcon_core.package_discovery:discover_packages(path) discover
[0.111s] Level 1:colcon.colcon_core.package_discovery:discover_packages(path) using defaults
[0.124s] Level 1:colcon.colcon_core.package_discovery:discover_packages(prefix_path) check parameters
[0.125s] Level 1:colcon.colcon_core.package_discovery:discover_packages(prefix_path) discover
[0.126s] DEBUG:colcon.colcon_installed_package_information.package_discovery:Found 5 installed packages in /home/asambhav/Storage/dumme_sim/install
[0.126s] DEBUG:colcon.colcon_installed_package_information.package_discovery:Found 9 installed packages in /home/asambhav/e-yantra_ws/install
[0.127s] DEBUG:colcon.colcon_installed_package_information.package_discovery:Found 409 installed packages in /opt/ros/humble
[0.128s] Level 1:colcon.colcon_core.package_discovery:discover_packages(prefix_path) using defaults
[0.164s] Level 5:colcon.colcon_core.verb:set package 'dumme_description' build argument 'cmake_args' from command line to 'None'
[0.164s] Level 5:colcon.colcon_core.verb:set package 'dumme_description' build argument 'cmake_target' from command line to 'None'
[0.164s] Level 5:colcon.colcon_core.verb:set package 'dumme_description' build argument 'cmake_target_skip_unavailable' from command line to 'False'
[0.164s] Level 5:colcon.colcon_core.verb:set package 'dumme_description' build argument 'cmake_clean_cache' from command line to 'False'
[0.164s] Level 5:colcon.colcon_core.verb:set package 'dumme_description' build argument 'cmake_clean_first' from command line to 'False'
[0.164s] Level 5:colcon.colcon_core.verb:set package 'dumme_description' build argument 'cmake_force_configure' from command line to 'False'
[0.164s] Level 5:colcon.colcon_core.verb:set package 'dumme_description' build argument 'ament_cmake_args' from command line to 'None'
[0.164s] Level 5:colcon.colcon_core.verb:set package 'dumme_description' build argument 'catkin_cmake_args' from command line to 'None'
[0.164s] Level 5:colcon.colcon_core.verb:set package 'dumme_description' build argument 'catkin_skip_building_tests' from command line to 'False'
[0.164s] DEBUG:colcon.colcon_core.verb:Building package 'dumme_description' with the following arguments: {'ament_cmake_args': None, 'build_base': '/home/asambhav/Storage/dumme_sim/build/dumme_description', 'catkin_cmake_args': None, 'catkin_skip_building_tests': False, 'cmake_args': None, 'cmake_clean_cache': False, 'cmake_clean_first': False, 'cmake_force_configure': False, 'cmake_target': None, 'cmake_target_skip_unavailable': False, 'install_base': '/home/asambhav/Storage/dumme_sim/install/dumme_description', 'merge_install': False, 'path': '/home/asambhav/Storage/dumme_sim/src/dumme_description', 'symlink_install': False, 'test_result_base': None}
[0.165s] Level 5:colcon.colcon_core.verb:set package 'dumme_msgs' build argument 'cmake_args' from command line to 'None'
[0.165s] Level 5:colcon.colcon_core.verb:set package 'dumme_msgs' build argument 'cmake_target' from command line to 'None'
[0.165s] Level 5:colcon.colcon_core.verb:set package 'dumme_msgs' build argument 'cmake_target_skip_unavailable' from command line to 'False'
[0.165s] Level 5:colcon.colcon_core.verb:set package 'dumme_msgs' build argument 'cmake_clean_cache' from command line to 'False'
[0.165s] Level 5:colcon.colcon_core.verb:set package 'dumme_msgs' build argument 'cmake_clean_first' from command line to 'False'
[0.165s] Level 5:colcon.colcon_core.verb:set package 'dumme_msgs' build argument 'cmake_force_configure' from command line to 'False'
[0.165s] Level 5:colcon.colcon_core.verb:set package 'dumme_msgs' build argument 'ament_cmake_args' from command line to 'None'
[0.165s] Level 5:colcon.colcon_core.verb:set package 'dumme_msgs' build argument 'catkin_cmake_args' from command line to 'None'
[0.165s] Level 5:colcon.colcon_core.verb:set package 'dumme_msgs' build argument 'catkin_skip_building_tests' from command line to 'False'
[0.165s] DEBUG:colcon.colcon_core.verb:Building package 'dumme_msgs' with the following arguments: {'ament_cmake_args': None, 'build_base': '/home/asambhav/Storage/dumme_sim/build/dumme_msgs', 'catkin_cmake_args': None, 'catkin_skip_building_tests': False, 'cmake_args': None, 'cmake_clean_cache': False, 'cmake_clean_first': False, 'cmake_force_configure': False, 'cmake_target': None, 'cmake_target_skip_unavailable': False, 'install_base': '/home/asambhav/Storage/dumme_sim/install/dumme_msgs', 'merge_install': False, 'path': '/home/asambhav/Storage/dumme_sim/src/dumme_msgs', 'symlink_install': False, 'test_result_base': None}
[0.165s] Level 5:colcon.colcon_core.verb:set package 'dumme_controller' build argument 'cmake_args' from command line to 'None'
[0.165s] Level 5:colcon.colcon_core.verb:set package 'dumme_controller' build argument 'cmake_target' from command line to 'None'
[0.165s] Level 5:colcon.colcon_core.verb:set package 'dumme_controller' build argument 'cmake_target_skip_unavailable' from command line to 'False'
[0.165s] Level 5:colcon.colcon_core.verb:set package 'dumme_controller' build argument 'cmake_clean_cache' from command line to 'False'
[0.165s] Level 5:colcon.colcon_core.verb:set package 'dumme_controller' build argument 'cmake_clean_first' from command line to 'False'
[0.165s] Level 5:colcon.colcon_core.verb:set package 'dumme_controller' build argument 'cmake_force_configure' from command line to 'False'
[0.165s] Level 5:colcon.colcon_core.verb:set package 'dumme_controller' build argument 'ament_cmake_args' from command line to 'None'
[0.165s] Level 5:colcon.colcon_core.verb:set package 'dumme_controller' build argument 'catkin_cmake_args' from command line to 'None'
[0.165s] Level 5:colcon.colcon_core.verb:set package 'dumme_controller' build argument 'catkin_skip_building_tests' from command line to 'False'
[0.165s] DEBUG:colcon.colcon_core.verb:Building package 'dumme_controller' with the following arguments: {'ament_cmake_args': None, 'build_base': '/home/asambhav/Storage/dumme_sim/build/dumme_controller', 'catkin_cmake_args': None, 'catkin_skip_building_tests': False, 'cmake_args': None, 'cmake_clean_cache': False, 'cmake_clean_first': False, 'cmake_force_configure': False, 'cmake_target': None, 'cmake_target_skip_unavailable': False, 'install_base': '/home/asambhav/Storage/dumme_sim/install/dumme_controller', 'merge_install': False, 'path': '/home/asambhav/Storage/dumme_sim/src/dumme_controller', 'symlink_install': False, 'test_result_base': None}
[0.165s] Level 5:colcon.colcon_core.verb:set package 'dumme_moveit' build argument 'cmake_args' from command line to 'None'
[0.165s] Level 5:colcon.colcon_core.verb:set package 'dumme_moveit' build argument 'cmake_target' from command line to 'None'
[0.165s] Level 5:colcon.colcon_core.verb:set package 'dumme_moveit' build argument 'cmake_target_skip_unavailable' from command line to 'False'
[0.165s] Level 5:colcon.colcon_core.verb:set package 'dumme_moveit' build argument 'cmake_clean_cache' from command line to 'False'
[0.165s] Level 5:colcon.colcon_core.verb:set package 'dumme_moveit' build argument 'cmake_clean_first' from command line to 'False'
[0.165s] Level 5:colcon.colcon_core.verb:set package 'dumme_moveit' build argument 'cmake_force_configure' from command line to 'False'
[0.165s] Level 5:colcon.colcon_core.verb:set package 'dumme_moveit' build argument 'ament_cmake_args' from command line to 'None'
[0.165s] Level 5:colcon.colcon_core.verb:set package 'dumme_moveit' build argument 'catkin_cmake_args' from command line to 'None'
[0.165s] Level 5:colcon.colcon_core.verb:set package 'dumme_moveit' build argument 'catkin_skip_building_tests' from command line to 'False'
[0.165s] DEBUG:colcon.colcon_core.verb:Building package 'dumme_moveit' with the following arguments: {'ament_cmake_args': None, 'build_base': '/home/asambhav/Storage/dumme_sim/build/dumme_moveit', 'catkin_cmake_args': None, 'catkin_skip_building_tests': False, 'cmake_args': None, 'cmake_clean_cache': False, 'cmake_clean_first': False, 'cmake_force_configure': False, 'cmake_target': None, 'cmake_target_skip_unavailable': False, 'install_base': '/home/asambhav/Storage/dumme_sim/install/dumme_moveit', 'merge_install': False, 'path': '/home/asambhav/Storage/dumme_sim/src/dumme_moveit', 'symlink_install': False, 'test_result_base': None}
[0.166s] Level 5:colcon.colcon_core.verb:set package 'dumme_utils' build argument 'cmake_args' from command line to 'None'
[0.166s] Level 5:colcon.colcon_core.verb:set package 'dumme_utils' build argument 'cmake_target' from command line to 'None'
[0.166s] Level 5:colcon.colcon_core.verb:set package 'dumme_utils' build argument 'cmake_target_skip_unavailable' from command line to 'False'
[0.166s] Level 5:colcon.colcon_core.verb:set package 'dumme_utils' build argument 'cmake_clean_cache' from command line to 'False'
[0.166s] Level 5:colcon.colcon_core.verb:set package 'dumme_utils' build argument 'cmake_clean_first' from command line to 'False'
[0.166s] Level 5:colcon.colcon_core.verb:set package 'dumme_utils' build argument 'cmake_force_configure' from command line to 'False'
[0.166s] Level 5:colcon.colcon_core.verb:set package 'dumme_utils' build argument 'ament_cmake_args' from command line to 'None'
[0.166s] Level 5:colcon.colcon_core.verb:set package 'dumme_utils' build argument 'catkin_cmake_args' from command line to 'None'
[0.166s] Level 5:colcon.colcon_core.verb:set package 'dumme_utils' build argument 'catkin_skip_building_tests' from command line to 'False'
[0.166s] DEBUG:colcon.colcon_core.verb:Building package 'dumme_utils' with the following arguments: {'ament_cmake_args': None, 'build_base': '/home/asambhav/Storage/dumme_sim/build/dumme_utils', 'catkin_cmake_args': None, 'catkin_skip_building_tests': False, 'cmake_args': None, 'cmake_clean_cache': False, 'cmake_clean_first': False, 'cmake_force_configure': False, 'cmake_target': None, 'cmake_target_skip_unavailable': False, 'install_base': '/home/asambhav/Storage/dumme_sim/install/dumme_utils', 'merge_install': False, 'path': '/home/asambhav/Storage/dumme_sim/src/dumme_utils', 'symlink_install': False, 'test_result_base': None}
[0.166s] INFO:colcon.colcon_core.executor:Executing jobs using 'parallel' executor
[0.167s] DEBUG:colcon.colcon_parallel_executor.executor.parallel:run_until_complete
[0.167s] INFO:colcon.colcon_ros.task.ament_cmake.build:Building ROS package in '/home/asambhav/Storage/dumme_sim/src/dumme_description' with build type 'ament_cmake'
[0.167s] INFO:colcon.colcon_cmake.task.cmake.build:Building CMake package in '/home/asambhav/Storage/dumme_sim/src/dumme_description'
[0.169s] INFO:colcon.colcon_core.plugin_system:Skipping extension 'colcon_core.shell.bat': Not used on non-Windows systems
[0.169s] INFO:colcon.colcon_core.shell:Skip shell extension 'powershell' for command environment: Not usable outside of PowerShell
[0.169s] DEBUG:colcon.colcon_core.shell:Skip shell extension 'dsv' for command environment
[0.172s] INFO:colcon.colcon_ros.task.ament_cmake.build:Building ROS package in '/home/asambhav/Storage/dumme_sim/src/dumme_msgs' with build type 'ament_cmake'
[0.172s] INFO:colcon.colcon_cmake.task.cmake.build:Building CMake package in '/home/asambhav/Storage/dumme_sim/src/dumme_msgs'
[0.172s] INFO:colcon.colcon_core.shell:Skip shell extension 'powershell' for command environment: Not usable outside of PowerShell
[0.172s] DEBUG:colcon.colcon_core.shell:Skip shell extension 'dsv' for command environment
[0.177s] DEBUG:colcon.colcon_core.event_handler.log_command:Invoking command in '/home/asambhav/Storage/dumme_sim/build/dumme_description': CMAKE_PREFIX_PATH=${CMAKE_PREFIX_PATH}:/home/asambhav/Storage/dumme_sim/install/dumme_controller:/home/asambhav/e-yantra_ws/install/task_1:/opt/ros/humble /usr/bin/cmake --build /home/asambhav/Storage/dumme_sim/build/dumme_description -- -j18 -l18
[0.182s] DEBUG:colcon.colcon_core.event_handler.log_command:Invoking command in '/home/asambhav/Storage/dumme_sim/build/dumme_msgs': CMAKE_PREFIX_PATH=${CMAKE_PREFIX_PATH}:/home/asambhav/Storage/dumme_sim/install/dumme_controller:/home/asambhav/e-yantra_ws/install/task_1:/opt/ros/humble /usr/bin/cmake --build /home/asambhav/Storage/dumme_sim/build/dumme_msgs -- -j18 -l18
[0.203s] DEBUG:colcon.colcon_core.event_handler.log_command:Invoked command in '/home/asambhav/Storage/dumme_sim/build/dumme_description' returned '0': CMAKE_PREFIX_PATH=${CMAKE_PREFIX_PATH}:/home/asambhav/Storage/dumme_sim/install/dumme_controller:/home/asambhav/e-yantra_ws/install/task_1:/opt/ros/humble /usr/bin/cmake --build /home/asambhav/Storage/dumme_sim/build/dumme_description -- -j18 -l18
[0.213s] DEBUG:colcon.colcon_core.event_handler.log_command:Invoking command in '/home/asambhav/Storage/dumme_sim/build/dumme_description': CMAKE_PREFIX_PATH=${CMAKE_PREFIX_PATH}:/home/asambhav/Storage/dumme_sim/install/dumme_controller:/home/asambhav/e-yantra_ws/install/task_1:/opt/ros/humble /usr/bin/cmake --install /home/asambhav/Storage/dumme_sim/build/dumme_description
[0.223s] Level 1:colcon.colcon_core.environment:create_environment_scripts_only(dumme_description)
[0.224s] DEBUG:colcon.colcon_core.event_handler.log_command:Invoked command in '/home/asambhav/Storage/dumme_sim/build/dumme_description' returned '0': CMAKE_PREFIX_PATH=${CMAKE_PREFIX_PATH}:/home/asambhav/Storage/dumme_sim/install/dumme_controller:/home/asambhav/e-yantra_ws/install/task_1:/opt/ros/humble /usr/bin/cmake --install /home/asambhav/Storage/dumme_sim/build/dumme_description
[0.227s] Level 1:colcon.colcon_core.environment:checking '/home/asambhav/Storage/dumme_sim/install/dumme_description' for CMake module files
[0.228s] Level 1:colcon.colcon_core.environment:checking '/home/asambhav/Storage/dumme_sim/install/dumme_description' for CMake config files
[0.228s] Level 1:colcon.colcon_core.shell:create_environment_hook('dumme_description', 'cmake_prefix_path')
[0.228s] INFO:colcon.colcon_core.shell:Creating environment hook '/home/asambhav/Storage/dumme_sim/install/dumme_description/share/dumme_description/hook/cmake_prefix_path.ps1'
[0.228s] INFO:colcon.colcon_core.shell:Creating environment descriptor '/home/asambhav/Storage/dumme_sim/install/dumme_description/share/dumme_description/hook/cmake_prefix_path.dsv'
[0.229s] INFO:colcon.colcon_core.shell:Creating environment hook '/home/asambhav/Storage/dumme_sim/install/dumme_description/share/dumme_description/hook/cmake_prefix_path.sh'
[0.229s] Level 1:colcon.colcon_core.environment:checking '/home/asambhav/Storage/dumme_sim/install/dumme_description/bin'
[0.229s] Level 1:colcon.colcon_core.environment:checking '/home/asambhav/Storage/dumme_sim/install/dumme_description/lib/pkgconfig/dumme_description.pc'
[0.229s] Level 1:colcon.colcon_core.environment:checking '/home/asambhav/Storage/dumme_sim/install/dumme_description/lib/python3.10/site-packages'
[0.230s] Level 1:colcon.colcon_core.environment:checking '/home/asambhav/Storage/dumme_sim/install/dumme_description/bin'
[0.230s] INFO:colcon.colcon_core.shell:Creating package script '/home/asambhav/Storage/dumme_sim/install/dumme_description/share/dumme_description/package.ps1'
[0.231s] INFO:colcon.colcon_core.shell:Creating package descriptor '/home/asambhav/Storage/dumme_sim/install/dumme_description/share/dumme_description/package.dsv'
[0.231s] INFO:colcon.colcon_core.shell:Creating package script '/home/asambhav/Storage/dumme_sim/install/dumme_description/share/dumme_description/package.sh'
[0.232s] INFO:colcon.colcon_core.shell:Creating package script '/home/asambhav/Storage/dumme_sim/install/dumme_description/share/dumme_description/package.bash'
[0.232s] INFO:colcon.colcon_core.shell:Creating package script '/home/asambhav/Storage/dumme_sim/install/dumme_description/share/dumme_description/package.zsh'
[0.233s] Level 1:colcon.colcon_core.environment:create_file_with_runtime_dependencies(/home/asambhav/Storage/dumme_sim/install/dumme_description/share/colcon-core/packages/dumme_description)
[0.233s] Level 1:colcon.colcon_core.environment:create_environment_scripts_only(dumme_description)
[0.234s] Level 1:colcon.colcon_core.environment:checking '/home/asambhav/Storage/dumme_sim/install/dumme_description' for CMake module files
[0.234s] Level 1:colcon.colcon_core.environment:checking '/home/asambhav/Storage/dumme_sim/install/dumme_description' for CMake config files
[0.234s] Level 1:colcon.colcon_core.shell:create_environment_hook('dumme_description', 'cmake_prefix_path')
[0.235s] INFO:colcon.colcon_core.shell:Creating environment hook '/home/asambhav/Storage/dumme_sim/install/dumme_description/share/dumme_description/hook/cmake_prefix_path.ps1'
[0.235s] INFO:colcon.colcon_core.shell:Creating environment descriptor '/home/asambhav/Storage/dumme_sim/install/dumme_description/share/dumme_description/hook/cmake_prefix_path.dsv'
[0.235s] INFO:colcon.colcon_core.shell:Creating environment hook '/home/asambhav/Storage/dumme_sim/install/dumme_description/share/dumme_description/hook/cmake_prefix_path.sh'
[0.236s] Level 1:colcon.colcon_core.environment:checking '/home/asambhav/Storage/dumme_sim/install/dumme_description/bin'
[0.236s] Level 1:colcon.colcon_core.environment:checking '/home/asambhav/Storage/dumme_sim/install/dumme_description/lib/pkgconfig/dumme_description.pc'
[0.236s] Level 1:colcon.colcon_core.environment:checking '/home/asambhav/Storage/dumme_sim/install/dumme_description/lib/python3.10/site-packages'
[0.236s] Level 1:colcon.colcon_core.environment:checking '/home/asambhav/Storage/dumme_sim/install/dumme_description/bin'
[0.236s] INFO:colcon.colcon_core.shell:Creating package script '/home/asambhav/Storage/dumme_sim/install/dumme_description/share/dumme_description/package.ps1'
[0.237s] INFO:colcon.colcon_core.shell:Creating package descriptor '/home/asambhav/Storage/dumme_sim/install/dumme_description/share/dumme_description/package.dsv'
[0.237s] INFO:colcon.colcon_core.shell:Creating package script '/home/asambhav/Storage/dumme_sim/install/dumme_description/share/dumme_description/package.sh'
[0.237s] INFO:colcon.colcon_core.shell:Creating package script '/home/asambhav/Storage/dumme_sim/install/dumme_description/share/dumme_description/package.bash'
[0.238s] INFO:colcon.colcon_core.shell:Creating package script '/home/asambhav/Storage/dumme_sim/install/dumme_description/share/dumme_description/package.zsh'
[0.238s] Level 1:colcon.colcon_core.environment:create_file_with_runtime_dependencies(/home/asambhav/Storage/dumme_sim/install/dumme_description/share/colcon-core/packages/dumme_description)
[0.238s] INFO:colcon.colcon_ros.task.ament_python.build:Building ROS package in '/home/asambhav/Storage/dumme_sim/src/dumme_controller' with build type 'ament_python'
[0.238s] Level 1:colcon.colcon_core.shell:create_environment_hook('dumme_controller', 'ament_prefix_path')
[0.238s] INFO:colcon.colcon_core.shell:Creating environment hook '/home/asambhav/Storage/dumme_sim/install/dumme_controller/share/dumme_controller/hook/ament_prefix_path.ps1'
[0.239s] INFO:colcon.colcon_core.shell:Creating environment descriptor '/home/asambhav/Storage/dumme_sim/install/dumme_controller/share/dumme_controller/hook/ament_prefix_path.dsv'
[0.239s] INFO:colcon.colcon_core.shell:Creating environment hook '/home/asambhav/Storage/dumme_sim/install/dumme_controller/share/dumme_controller/hook/ament_prefix_path.sh'
[0.240s] INFO:colcon.colcon_core.shell:Skip shell extension 'powershell' for command environment: Not usable outside of PowerShell
[0.240s] DEBUG:colcon.colcon_core.shell:Skip shell extension 'dsv' for command environment
[0.242s] INFO:colcon.colcon_ros.task.ament_cmake.build:Building ROS package in '/home/asambhav/Storage/dumme_sim/src/dumme_moveit' with build type 'ament_cmake'
[0.242s] INFO:colcon.colcon_cmake.task.cmake.build:Building CMake package in '/home/asambhav/Storage/dumme_sim/src/dumme_moveit'
[0.242s] INFO:colcon.colcon_core.shell:Skip shell extension 'powershell' for command environment: Not usable outside of PowerShell
[0.242s] DEBUG:colcon.colcon_core.shell:Skip shell extension 'dsv' for command environment
[0.379s] INFO:colcon.colcon_core.task.python.build:Building Python package in '/home/asambhav/Storage/dumme_sim/src/dumme_controller'
[0.379s] INFO:colcon.colcon_core.shell:Skip shell extension 'powershell' for command environment: Not usable outside of PowerShell
[0.379s] DEBUG:colcon.colcon_core.shell:Skip shell extension 'dsv' for command environment
[0.387s] DEBUG:colcon.colcon_core.event_handler.log_command:Invoking command in '/home/asambhav/Storage/dumme_sim/build/dumme_moveit': CMAKE_PREFIX_PATH=/home/asambhav/Storage/dumme_sim/install/dumme_description:/home/asambhav/Storage/dumme_sim/install/dumme_moveit:/home/asambhav/Storage/dumme_sim/install/dumme_utils:/home/asambhav/Storage/dumme_sim/install/dumme_msgs:/home/asambhav/e-yantra_ws/install/ur_simulation_gz:/home/asambhav/e-yantra_ws/install/ur_description:/home/asambhav/e-yantra_ws/install/ur5_control:/home/asambhav/e-yantra_ws/install/pymoveit2:/home/asambhav/e-yantra_ws/install/linkattacher_msgs:/home/asambhav/e-yantra_ws/install/eyantra_warehouse:/home/asambhav/e-yantra_ws/install/ebot_description:/home/asambhav/Storage/dumme_sim/install/dumme_controller:/home/asambhav/e-yantra_ws/install/task_1:/opt/ros/humble /usr/bin/cmake --build /home/asambhav/Storage/dumme_sim/build/dumme_moveit -- -j18 -l18
[0.420s] DEBUG:colcon.colcon_core.event_handler.log_command:Invoked command in '/home/asambhav/Storage/dumme_sim/build/dumme_moveit' returned '0': CMAKE_PREFIX_PATH=/home/asambhav/Storage/dumme_sim/install/dumme_description:/home/asambhav/Storage/dumme_sim/install/dumme_moveit:/home/asambhav/Storage/dumme_sim/install/dumme_utils:/home/asambhav/Storage/dumme_sim/install/dumme_msgs:/home/asambhav/e-yantra_ws/install/ur_simulation_gz:/home/asambhav/e-yantra_ws/install/ur_description:/home/asambhav/e-yantra_ws/install/ur5_control:/home/asambhav/e-yantra_ws/install/pymoveit2:/home/asambhav/e-yantra_ws/install/linkattacher_msgs:/home/asambhav/e-yantra_ws/install/eyantra_warehouse:/home/asambhav/e-yantra_ws/install/ebot_description:/home/asambhav/Storage/dumme_sim/install/dumme_controller:/home/asambhav/e-yantra_ws/install/task_1:/opt/ros/humble /usr/bin/cmake --build /home/asambhav/Storage/dumme_sim/build/dumme_moveit -- -j18 -l18
[0.422s] DEBUG:colcon.colcon_core.event_handler.log_command:Invoking command in '/home/asambhav/Storage/dumme_sim/build/dumme_moveit': CMAKE_PREFIX_PATH=/home/asambhav/Storage/dumme_sim/install/dumme_description:/home/asambhav/Storage/dumme_sim/install/dumme_moveit:/home/asambhav/Storage/dumme_sim/install/dumme_utils:/home/asambhav/Storage/dumme_sim/install/dumme_msgs:/home/asambhav/e-yantra_ws/install/ur_simulation_gz:/home/asambhav/e-yantra_ws/install/ur_description:/home/asambhav/e-yantra_ws/install/ur5_control:/home/asambhav/e-yantra_ws/install/pymoveit2:/home/asambhav/e-yantra_ws/install/linkattacher_msgs:/home/asambhav/e-yantra_ws/install/eyantra_warehouse:/home/asambhav/e-yantra_ws/install/ebot_description:/home/asambhav/Storage/dumme_sim/install/dumme_controller:/home/asambhav/e-yantra_ws/install/task_1:/opt/ros/humble /usr/bin/cmake --install /home/asambhav/Storage/dumme_sim/build/dumme_moveit
[0.431s] Level 1:colcon.colcon_core.environment:create_environment_scripts_only(dumme_moveit)
[0.431s] Level 1:colcon.colcon_core.environment:checking '/home/asambhav/Storage/dumme_sim/install/dumme_moveit' for CMake module files
[0.432s] DEBUG:colcon.colcon_core.event_handler.log_command:Invoked command in '/home/asambhav/Storage/dumme_sim/build/dumme_moveit' returned '0': CMAKE_PREFIX_PATH=/home/asambhav/Storage/dumme_sim/install/dumme_description:/home/asambhav/Storage/dumme_sim/install/dumme_moveit:/home/asambhav/Storage/dumme_sim/install/dumme_utils:/home/asambhav/Storage/dumme_sim/install/dumme_msgs:/home/asambhav/e-yantra_ws/install/ur_simulation_gz:/home/asambhav/e-yantra_ws/install/ur_description:/home/asambhav/e-yantra_ws/install/ur5_control:/home/asambhav/e-yantra_ws/install/pymoveit2:/home/asambhav/e-yantra_ws/install/linkattacher_msgs:/home/asambhav/e-yantra_ws/install/eyantra_warehouse:/home/asambhav/e-yantra_ws/install/ebot_description:/home/asambhav/Storage/dumme_sim/install/dumme_controller:/home/asambhav/e-yantra_ws/install/task_1:/opt/ros/humble /usr/bin/cmake --install /home/asambhav/Storage/dumme_sim/build/dumme_moveit
[0.433s] Level 1:colcon.colcon_core.environment:checking '/home/asambhav/Storage/dumme_sim/install/dumme_moveit' for CMake config files
[0.433s] Level 1:colcon.colcon_core.shell:create_environment_hook('dumme_moveit', 'cmake_prefix_path')
[0.433s] INFO:colcon.colcon_core.shell:Creating environment hook '/home/asambhav/Storage/dumme_sim/install/dumme_moveit/share/dumme_moveit/hook/cmake_prefix_path.ps1'
[0.434s] INFO:colcon.colcon_core.shell:Creating environment descriptor '/home/asambhav/Storage/dumme_sim/install/dumme_moveit/share/dumme_moveit/hook/cmake_prefix_path.dsv'
[0.434s] INFO:colcon.colcon_core.shell:Creating environment hook '/home/asambhav/Storage/dumme_sim/install/dumme_moveit/share/dumme_moveit/hook/cmake_prefix_path.sh'
[0.435s] Level 1:colcon.colcon_core.environment:checking '/home/asambhav/Storage/dumme_sim/install/dumme_moveit/bin'
[0.435s] Level 1:colcon.colcon_core.environment:checking '/home/asambhav/Storage/dumme_sim/install/dumme_moveit/lib/pkgconfig/dumme_moveit.pc'
[0.435s] Level 1:colcon.colcon_core.environment:checking '/home/asambhav/Storage/dumme_sim/install/dumme_moveit/lib/python3.10/site-packages'
[0.435s] Level 1:colcon.colcon_core.environment:checking '/home/asambhav/Storage/dumme_sim/install/dumme_moveit/bin'
[0.436s] INFO:colcon.colcon_core.shell:Creating package script '/home/asambhav/Storage/dumme_sim/install/dumme_moveit/share/dumme_moveit/package.ps1'
[0.436s] INFO:colcon.colcon_core.shell:Creating package descriptor '/home/asambhav/Storage/dumme_sim/install/dumme_moveit/share/dumme_moveit/package.dsv'
[0.437s] INFO:colcon.colcon_core.shell:Creating package script '/home/asambhav/Storage/dumme_sim/install/dumme_moveit/share/dumme_moveit/package.sh'
[0.437s] INFO:colcon.colcon_core.shell:Creating package script '/home/asambhav/Storage/dumme_sim/install/dumme_moveit/share/dumme_moveit/package.bash'
[0.437s] INFO:colcon.colcon_core.shell:Creating package script '/home/asambhav/Storage/dumme_sim/install/dumme_moveit/share/dumme_moveit/package.zsh'
[0.438s] Level 1:colcon.colcon_core.environment:create_file_with_runtime_dependencies(/home/asambhav/Storage/dumme_sim/install/dumme_moveit/share/colcon-core/packages/dumme_moveit)
[0.438s] Level 1:colcon.colcon_core.environment:create_environment_scripts_only(dumme_moveit)
[0.438s] Level 1:colcon.colcon_core.environment:checking '/home/asambhav/Storage/dumme_sim/install/dumme_moveit' for CMake module files
[0.439s] Level 1:colcon.colcon_core.environment:checking '/home/asambhav/Storage/dumme_sim/install/dumme_moveit' for CMake config files
[0.439s] Level 1:colcon.colcon_core.shell:create_environment_hook('dumme_moveit', 'cmake_prefix_path')
[0.439s] INFO:colcon.colcon_core.shell:Creating environment hook '/home/asambhav/Storage/dumme_sim/install/dumme_moveit/share/dumme_moveit/hook/cmake_prefix_path.ps1'
[0.439s] INFO:colcon.colcon_core.shell:Creating environment descriptor '/home/asambhav/Storage/dumme_sim/install/dumme_moveit/share/dumme_moveit/hook/cmake_prefix_path.dsv'
[0.439s] INFO:colcon.colcon_core.shell:Creating environment hook '/home/asambhav/Storage/dumme_sim/install/dumme_moveit/share/dumme_moveit/hook/cmake_prefix_path.sh'
[0.440s] Level 1:colcon.colcon_core.environment:checking '/home/asambhav/Storage/dumme_sim/install/dumme_moveit/bin'
[0.440s] Level 1:colcon.colcon_core.environment:checking '/home/asambhav/Storage/dumme_sim/install/dumme_moveit/lib/pkgconfig/dumme_moveit.pc'
[0.440s] Level 1:colcon.colcon_core.environment:checking '/home/asambhav/Storage/dumme_sim/install/dumme_moveit/lib/python3.10/site-packages'
[0.440s] Level 1:colcon.colcon_core.environment:checking '/home/asambhav/Storage/dumme_sim/install/dumme_moveit/bin'
[0.440s] INFO:colcon.colcon_core.shell:Creating package script '/home/asambhav/Storage/dumme_sim/install/dumme_moveit/share/dumme_moveit/package.ps1'
[0.441s] INFO:colcon.colcon_core.shell:Creating package descriptor '/home/asambhav/Storage/dumme_sim/install/dumme_moveit/share/dumme_moveit/package.dsv'
[0.441s] INFO:colcon.colcon_core.shell:Creating package script '/home/asambhav/Storage/dumme_sim/install/dumme_moveit/share/dumme_moveit/package.sh'
[0.441s] INFO:colcon.colcon_core.shell:Creating package script '/home/asambhav/Storage/dumme_sim/install/dumme_moveit/share/dumme_moveit/package.bash'
[0.441s] INFO:colcon.colcon_core.shell:Creating package script '/home/asambhav/Storage/dumme_sim/install/dumme_moveit/share/dumme_moveit/package.zsh'
[0.442s] Level 1:colcon.colcon_core.environment:create_file_with_runtime_dependencies(/home/asambhav/Storage/dumme_sim/install/dumme_moveit/share/colcon-core/packages/dumme_moveit)
[0.444s] DEBUG:colcon.colcon_core.event_handler.log_command:Invoked command in '/home/asambhav/Storage/dumme_sim/build/dumme_msgs' returned '0': CMAKE_PREFIX_PATH=${CMAKE_PREFIX_PATH}:/home/asambhav/Storage/dumme_sim/install/dumme_controller:/home/asambhav/e-yantra_ws/install/task_1:/opt/ros/humble /usr/bin/cmake --build /home/asambhav/Storage/dumme_sim/build/dumme_msgs -- -j18 -l18
[0.445s] DEBUG:colcon.colcon_core.event_handler.log_command:Invoking command in '/home/asambhav/Storage/dumme_sim/build/dumme_msgs': CMAKE_PREFIX_PATH=${CMAKE_PREFIX_PATH}:/home/asambhav/Storage/dumme_sim/install/dumme_controller:/home/asambhav/e-yantra_ws/install/task_1:/opt/ros/humble /usr/bin/cmake --install /home/asambhav/Storage/dumme_sim/build/dumme_msgs
[0.487s] Level 1:colcon.colcon_core.environment:create_environment_scripts_only(dumme_msgs)
[0.487s] Level 1:colcon.colcon_core.environment:checking '/home/asambhav/Storage/dumme_sim/install/dumme_msgs' for CMake module files
[0.488s] Level 1:colcon.colcon_core.environment:checking '/home/asambhav/Storage/dumme_sim/install/dumme_msgs' for CMake config files
[0.489s] DEBUG:colcon.colcon_core.event_handler.log_command:Invoked command in '/home/asambhav/Storage/dumme_sim/build/dumme_msgs' returned '0': CMAKE_PREFIX_PATH=${CMAKE_PREFIX_PATH}:/home/asambhav/Storage/dumme_sim/install/dumme_controller:/home/asambhav/e-yantra_ws/install/task_1:/opt/ros/humble /usr/bin/cmake --install /home/asambhav/Storage/dumme_sim/build/dumme_msgs
[0.490s] Level 1:colcon.colcon_core.shell:create_environment_hook('dumme_msgs', 'cmake_prefix_path')
[0.490s] INFO:colcon.colcon_core.shell:Creating environment hook '/home/asambhav/Storage/dumme_sim/install/dumme_msgs/share/dumme_msgs/hook/cmake_prefix_path.ps1'
[0.491s] INFO:colcon.colcon_core.shell:Creating environment descriptor '/home/asambhav/Storage/dumme_sim/install/dumme_msgs/share/dumme_msgs/hook/cmake_prefix_path.dsv'
[0.491s] INFO:colcon.colcon_core.shell:Creating environment hook '/home/asambhav/Storage/dumme_sim/install/dumme_msgs/share/dumme_msgs/hook/cmake_prefix_path.sh'
[0.492s] Level 1:colcon.colcon_core.environment:checking '/home/asambhav/Storage/dumme_sim/install/dumme_msgs/lib'
[0.492s] Level 1:colcon.colcon_core.shell:create_environment_hook('dumme_msgs', 'ld_library_path_lib')
[0.492s] INFO:colcon.colcon_core.shell:Creating environment hook '/home/asambhav/Storage/dumme_sim/install/dumme_msgs/share/dumme_msgs/hook/ld_library_path_lib.ps1'
[0.493s] INFO:colcon.colcon_core.shell:Creating environment descriptor '/home/asambhav/Storage/dumme_sim/install/dumme_msgs/share/dumme_msgs/hook/ld_library_path_lib.dsv'
[0.493s] INFO:colcon.colcon_core.shell:Creating environment hook '/home/asambhav/Storage/dumme_sim/install/dumme_msgs/share/dumme_msgs/hook/ld_library_path_lib.sh'
[0.493s] Level 1:colcon.colcon_core.environment:checking '/home/asambhav/Storage/dumme_sim/install/dumme_msgs/bin'
[0.493s] Level 1:colcon.colcon_core.environment:checking '/home/asambhav/Storage/dumme_sim/install/dumme_msgs/lib/pkgconfig/dumme_msgs.pc'
[0.494s] Level 1:colcon.colcon_core.environment:checking '/home/asambhav/Storage/dumme_sim/install/dumme_msgs/lib/python3.10/site-packages'
[0.494s] Level 1:colcon.colcon_core.environment:checking '/home/asambhav/Storage/dumme_sim/install/dumme_msgs/bin'
[0.494s] INFO:colcon.colcon_core.shell:Creating package script '/home/asambhav/Storage/dumme_sim/install/dumme_msgs/share/dumme_msgs/package.ps1'
[0.495s] INFO:colcon.colcon_core.shell:Creating package descriptor '/home/asambhav/Storage/dumme_sim/install/dumme_msgs/share/dumme_msgs/package.dsv'
[0.496s] INFO:colcon.colcon_core.shell:Creating package script '/home/asambhav/Storage/dumme_sim/install/dumme_msgs/share/dumme_msgs/package.sh'
[0.496s] INFO:colcon.colcon_core.shell:Creating package script '/home/asambhav/Storage/dumme_sim/install/dumme_msgs/share/dumme_msgs/package.bash'
[0.496s] INFO:colcon.colcon_core.shell:Creating package script '/home/asambhav/Storage/dumme_sim/install/dumme_msgs/share/dumme_msgs/package.zsh'
[0.497s] Level 1:colcon.colcon_core.environment:create_file_with_runtime_dependencies(/home/asambhav/Storage/dumme_sim/install/dumme_msgs/share/colcon-core/packages/dumme_msgs)
[0.497s] Level 1:colcon.colcon_core.environment:create_environment_scripts_only(dumme_msgs)
[0.497s] Level 1:colcon.colcon_core.environment:checking '/home/asambhav/Storage/dumme_sim/install/dumme_msgs' for CMake module files
[0.498s] Level 1:colcon.colcon_core.environment:checking '/home/asambhav/Storage/dumme_sim/install/dumme_msgs' for CMake config files
[0.498s] Level 1:colcon.colcon_core.shell:create_environment_hook('dumme_msgs', 'cmake_prefix_path')
[0.499s] INFO:colcon.colcon_core.shell:Creating environment hook '/home/asambhav/Storage/dumme_sim/install/dumme_msgs/share/dumme_msgs/hook/cmake_prefix_path.ps1'
[0.499s] INFO:colcon.colcon_core.shell:Creating environment descriptor '/home/asambhav/Storage/dumme_sim/install/dumme_msgs/share/dumme_msgs/hook/cmake_prefix_path.dsv'
[0.499s] INFO:colcon.colcon_core.shell:Creating environment hook '/home/asambhav/Storage/dumme_sim/install/dumme_msgs/share/dumme_msgs/hook/cmake_prefix_path.sh'
[0.499s] Level 1:colcon.colcon_core.environment:checking '/home/asambhav/Storage/dumme_sim/install/dumme_msgs/lib'
[0.499s] Level 1:colcon.colcon_core.shell:create_environment_hook('dumme_msgs', 'ld_library_path_lib')
[0.500s] INFO:colcon.colcon_core.shell:Creating environment hook '/home/asambhav/Storage/dumme_sim/install/dumme_msgs/share/dumme_msgs/hook/ld_library_path_lib.ps1'
[0.500s] INFO:colcon.colcon_core.shell:Creating environment descriptor '/home/asambhav/Storage/dumme_sim/install/dumme_msgs/share/dumme_msgs/hook/ld_library_path_lib.dsv'
[0.500s] INFO:colcon.colcon_core.shell:Creating environment hook '/home/asambhav/Storage/dumme_sim/install/dumme_msgs/share/dumme_msgs/hook/ld_library_path_lib.sh'
[0.500s] Level 1:colcon.colcon_core.environment:checking '/home/asambhav/Storage/dumme_sim/install/dumme_msgs/bin'
[0.500s] Level 1:colcon.colcon_core.environment:checking '/home/asambhav/Storage/dumme_sim/install/dumme_msgs/lib/pkgconfig/dumme_msgs.pc'
[0.500s] Level 1:colcon.colcon_core.environment:checking '/home/asambhav/Storage/dumme_sim/install/dumme_msgs/lib/python3.10/site-packages'
[0.501s] Level 1:colcon.colcon_core.environment:checking '/home/asambhav/Storage/dumme_sim/install/dumme_msgs/bin'
[0.501s] INFO:colcon.colcon_core.shell:Creating package script '/home/asambhav/Storage/dumme_sim/install/dumme_msgs/share/dumme_msgs/package.ps1'
[0.501s] INFO:colcon.colcon_core.shell:Creating package descriptor '/home/asambhav/Storage/dumme_sim/install/dumme_msgs/share/dumme_msgs/package.dsv'
[0.501s] INFO:colcon.colcon_core.shell:Creating package script '/home/asambhav/Storage/dumme_sim/install/dumme_msgs/share/dumme_msgs/package.sh'
[0.502s] INFO:colcon.colcon_core.shell:Creating package script '/home/asambhav/Storage/dumme_sim/install/dumme_msgs/share/dumme_msgs/package.bash'
[0.502s] INFO:colcon.colcon_core.shell:Creating package script '/home/asambhav/Storage/dumme_sim/install/dumme_msgs/share/dumme_msgs/package.zsh'
[0.502s] Level 1:colcon.colcon_core.environment:create_file_with_runtime_dependencies(/home/asambhav/Storage/dumme_sim/install/dumme_msgs/share/colcon-core/packages/dumme_msgs)
[0.503s] INFO:colcon.colcon_ros.task.ament_cmake.build:Building ROS package in '/home/asambhav/Storage/dumme_sim/src/dumme_utils' with build type 'ament_cmake'
[0.503s] INFO:colcon.colcon_cmake.task.cmake.build:Building CMake package in '/home/asambhav/Storage/dumme_sim/src/dumme_utils'
[0.503s] INFO:colcon.colcon_core.shell:Skip shell extension 'powershell' for command environment: Not usable outside of PowerShell
[0.503s] DEBUG:colcon.colcon_core.shell:Skip shell extension 'dsv' for command environment
[0.511s] DEBUG:colcon.colcon_core.event_handler.log_command:Invoking command in '/home/asambhav/Storage/dumme_sim/build/dumme_utils': CMAKE_PREFIX_PATH=/home/asambhav/Storage/dumme_sim/install/dumme_msgs:/home/asambhav/Storage/dumme_sim/install/dumme_moveit:/home/asambhav/Storage/dumme_sim/install/dumme_utils:/home/asambhav/Storage/dumme_sim/install/dumme_description:/home/asambhav/e-yantra_ws/install/ur_simulation_gz:/home/asambhav/e-yantra_ws/install/ur_description:/home/asambhav/e-yantra_ws/install/ur5_control:/home/asambhav/e-yantra_ws/install/pymoveit2:/home/asambhav/e-yantra_ws/install/linkattacher_msgs:/home/asambhav/e-yantra_ws/install/eyantra_warehouse:/home/asambhav/e-yantra_ws/install/ebot_description:/home/asambhav/Storage/dumme_sim/install/dumme_controller:/home/asambhav/e-yantra_ws/install/task_1:/opt/ros/humble /usr/bin/cmake --build /home/asambhav/Storage/dumme_sim/build/dumme_utils -- -j18 -l18
[0.675s] DEBUG:colcon.colcon_core.task.python.build:Available setuptools commands: easy_install, install_scripts, egg_info, compile_catalog, install_headers, clean, build_ext, build_clib, editable_wheel, rotate, init_catalog, saveopts, update_catalog, install_lib, sdist, install_data, extract_messages, install, alias, bdist_dumb, build, bdist_wheel, install_egg_info, dist_info, bdist, build_scripts, setopt, build_py, develop, bdist_rpm, check, symlink_data, bdist_egg
[0.679s] DEBUG:colcon.colcon_core.event_handler.log_command:Invoking command in '/home/asambhav/Storage/dumme_sim/src/dumme_controller': CMAKE_PREFIX_PATH=/home/asambhav/Storage/dumme_sim/install/dumme_description:/home/asambhav/Storage/dumme_sim/install/dumme_moveit:/home/asambhav/Storage/dumme_sim/install/dumme_utils:/home/asambhav/Storage/dumme_sim/install/dumme_msgs:/home/asambhav/e-yantra_ws/install/ur_simulation_gz:/home/asambhav/e-yantra_ws/install/ur_description:/home/asambhav/e-yantra_ws/install/ur5_control:/home/asambhav/e-yantra_ws/install/pymoveit2:/home/asambhav/e-yantra_ws/install/linkattacher_msgs:/home/asambhav/e-yantra_ws/install/eyantra_warehouse:/home/asambhav/e-yantra_ws/install/ebot_description PYTHONPATH=/home/asambhav/Storage/dumme_sim/build/dumme_controller/prefix_override:/usr/lib/python3/dist-packages/colcon_core/task/python/colcon_distutils_commands:/home/asambhav/Storage/dumme_sim/install/dumme_controller/lib/python3.10/site-packages:${PYTHONPATH} /usr/bin/python3 -W ignore:setup.py install is deprecated -W ignore:easy_install command is deprecated setup.py egg_info --egg-base ../../build/dumme_controller build --build-base /home/asambhav/Storage/dumme_sim/build/dumme_controller/build install --record /home/asambhav/Storage/dumme_sim/build/dumme_controller/install.log --install-scripts $base/lib/dumme_controller --single-version-externally-managed install_data
[0.814s] DEBUG:colcon.colcon_core.event_handler.log_command:Invoked command in '/home/asambhav/Storage/dumme_sim/build/dumme_utils' returned '0': CMAKE_PREFIX_PATH=/home/asambhav/Storage/dumme_sim/install/dumme_msgs:/home/asambhav/Storage/dumme_sim/install/dumme_moveit:/home/asambhav/Storage/dumme_sim/install/dumme_utils:/home/asambhav/Storage/dumme_sim/install/dumme_description:/home/asambhav/e-yantra_ws/install/ur_simulation_gz:/home/asambhav/e-yantra_ws/install/ur_description:/home/asambhav/e-yantra_ws/install/ur5_control:/home/asambhav/e-yantra_ws/install/pymoveit2:/home/asambhav/e-yantra_ws/install/linkattacher_msgs:/home/asambhav/e-yantra_ws/install/eyantra_warehouse:/home/asambhav/e-yantra_ws/install/ebot_description:/home/asambhav/Storage/dumme_sim/install/dumme_controller:/home/asambhav/e-yantra_ws/install/task_1:/opt/ros/humble /usr/bin/cmake --build /home/asambhav/Storage/dumme_sim/build/dumme_utils -- -j18 -l18
[0.815s] DEBUG:colcon.colcon_core.event_handler.log_command:Invoking command in '/home/asambhav/Storage/dumme_sim/build/dumme_utils': CMAKE_PREFIX_PATH=/home/asambhav/Storage/dumme_sim/install/dumme_msgs:/home/asambhav/Storage/dumme_sim/install/dumme_moveit:/home/asambhav/Storage/dumme_sim/install/dumme_utils:/home/asambhav/Storage/dumme_sim/install/dumme_description:/home/asambhav/e-yantra_ws/install/ur_simulation_gz:/home/asambhav/e-yantra_ws/install/ur_description:/home/asambhav/e-yantra_ws/install/ur5_control:/home/asambhav/e-yantra_ws/install/pymoveit2:/home/asambhav/e-yantra_ws/install/linkattacher_msgs:/home/asambhav/e-yantra_ws/install/eyantra_warehouse:/home/asambhav/e-yantra_ws/install/ebot_description:/home/asambhav/Storage/dumme_sim/install/dumme_controller:/home/asambhav/e-yantra_ws/install/task_1:/opt/ros/humble /usr/bin/cmake --install /home/asambhav/Storage/dumme_sim/build/dumme_utils
[0.852s] Level 1:colcon.colcon_core.environment:create_environment_scripts_only(dumme_utils)
[0.853s] Level 1:colcon.colcon_core.environment:checking '/home/asambhav/Storage/dumme_sim/install/dumme_utils' for CMake module files
[0.853s] DEBUG:colcon.colcon_core.event_handler.log_command:Invoked command in '/home/asambhav/Storage/dumme_sim/build/dumme_utils' returned '0': CMAKE_PREFIX_PATH=/home/asambhav/Storage/dumme_sim/install/dumme_msgs:/home/asambhav/Storage/dumme_sim/install/dumme_moveit:/home/asambhav/Storage/dumme_sim/install/dumme_utils:/home/asambhav/Storage/dumme_sim/install/dumme_description:/home/asambhav/e-yantra_ws/install/ur_simulation_gz:/home/asambhav/e-yantra_ws/install/ur_description:/home/asambhav/e-yantra_ws/install/ur5_control:/home/asambhav/e-yantra_ws/install/pymoveit2:/home/asambhav/e-yantra_ws/install/linkattacher_msgs:/home/asambhav/e-yantra_ws/install/eyantra_warehouse:/home/asambhav/e-yantra_ws/install/ebot_description:/home/asambhav/Storage/dumme_sim/install/dumme_controller:/home/asambhav/e-yantra_ws/install/task_1:/opt/ros/humble /usr/bin/cmake --install /home/asambhav/Storage/dumme_sim/build/dumme_utils
[0.853s] Level 1:colcon.colcon_core.environment:checking '/home/asambhav/Storage/dumme_sim/install/dumme_utils' for CMake config files
[0.853s] Level 1:colcon.colcon_core.shell:create_environment_hook('dumme_utils', 'cmake_prefix_path')
[0.853s] INFO:colcon.colcon_core.shell:Creating environment hook '/home/asambhav/Storage/dumme_sim/install/dumme_utils/share/dumme_utils/hook/cmake_prefix_path.ps1'
[0.854s] INFO:colcon.colcon_core.shell:Creating environment descriptor '/home/asambhav/Storage/dumme_sim/install/dumme_utils/share/dumme_utils/hook/cmake_prefix_path.dsv'
[0.854s] INFO:colcon.colcon_core.shell:Creating environment hook '/home/asambhav/Storage/dumme_sim/install/dumme_utils/share/dumme_utils/hook/cmake_prefix_path.sh'
[0.854s] Level 1:colcon.colcon_core.environment:checking '/home/asambhav/Storage/dumme_sim/install/dumme_utils/lib'
[0.854s] Level 1:colcon.colcon_core.environment:checking '/home/asambhav/Storage/dumme_sim/install/dumme_utils/bin'
[0.854s] Level 1:colcon.colcon_core.environment:checking '/home/asambhav/Storage/dumme_sim/install/dumme_utils/lib/pkgconfig/dumme_utils.pc'
[0.854s] Level 1:colcon.colcon_core.environment:checking '/home/asambhav/Storage/dumme_sim/install/dumme_utils/lib/python3.10/site-packages'
[0.854s] Level 1:colcon.colcon_core.environment:checking '/home/asambhav/Storage/dumme_sim/install/dumme_utils/bin'
[0.855s] INFO:colcon.colcon_core.shell:Creating package script '/home/asambhav/Storage/dumme_sim/install/dumme_utils/share/dumme_utils/package.ps1'
[0.855s] INFO:colcon.colcon_core.shell:Creating package descriptor '/home/asambhav/Storage/dumme_sim/install/dumme_utils/share/dumme_utils/package.dsv'
[0.855s] INFO:colcon.colcon_core.shell:Creating package script '/home/asambhav/Storage/dumme_sim/install/dumme_utils/share/dumme_utils/package.sh'
[0.855s] INFO:colcon.colcon_core.shell:Creating package script '/home/asambhav/Storage/dumme_sim/install/dumme_utils/share/dumme_utils/package.bash'
[0.856s] INFO:colcon.colcon_core.shell:Creating package script '/home/asambhav/Storage/dumme_sim/install/dumme_utils/share/dumme_utils/package.zsh'
[0.856s] Level 1:colcon.colcon_core.environment:create_file_with_runtime_dependencies(/home/asambhav/Storage/dumme_sim/install/dumme_utils/share/colcon-core/packages/dumme_utils)
[0.856s] Level 1:colcon.colcon_core.environment:create_environment_scripts_only(dumme_utils)
[0.856s] Level 1:colcon.colcon_core.environment:checking '/home/asambhav/Storage/dumme_sim/install/dumme_utils' for CMake module files
[0.856s] Level 1:colcon.colcon_core.environment:checking '/home/asambhav/Storage/dumme_sim/install/dumme_utils' for CMake config files
[0.856s] Level 1:colcon.colcon_core.shell:create_environment_hook('dumme_utils', 'cmake_prefix_path')
[0.857s] INFO:colcon.colcon_core.shell:Creating environment hook '/home/asambhav/Storage/dumme_sim/install/dumme_utils/share/dumme_utils/hook/cmake_prefix_path.ps1'
[0.857s] INFO:colcon.colcon_core.shell:Creating environment descriptor '/home/asambhav/Storage/dumme_sim/install/dumme_utils/share/dumme_utils/hook/cmake_prefix_path.dsv'
[0.857s] INFO:colcon.colcon_core.shell:Creating environment hook '/home/asambhav/Storage/dumme_sim/install/dumme_utils/share/dumme_utils/hook/cmake_prefix_path.sh'
[0.857s] Level 1:colcon.colcon_core.environment:checking '/home/asambhav/Storage/dumme_sim/install/dumme_utils/lib'
[0.857s] Level 1:colcon.colcon_core.environment:checking '/home/asambhav/Storage/dumme_sim/install/dumme_utils/bin'
[0.857s] Level 1:colcon.colcon_core.environment:checking '/home/asambhav/Storage/dumme_sim/install/dumme_utils/lib/pkgconfig/dumme_utils.pc'
[0.857s] Level 1:colcon.colcon_core.environment:checking '/home/asambhav/Storage/dumme_sim/install/dumme_utils/lib/python3.10/site-packages'
[0.858s] Level 1:colcon.colcon_core.environment:checking '/home/asambhav/Storage/dumme_sim/install/dumme_utils/bin'
[0.858s] INFO:colcon.colcon_core.shell:Creating package script '/home/asambhav/Storage/dumme_sim/install/dumme_utils/share/dumme_utils/package.ps1'
[0.858s] INFO:colcon.colcon_core.shell:Creating package descriptor '/home/asambhav/Storage/dumme_sim/install/dumme_utils/share/dumme_utils/package.dsv'
[0.858s] INFO:colcon.colcon_core.shell:Creating package script '/home/asambhav/Storage/dumme_sim/install/dumme_utils/share/dumme_utils/package.sh'
[0.859s] INFO:colcon.colcon_core.shell:Creating package script '/home/asambhav/Storage/dumme_sim/install/dumme_utils/share/dumme_utils/package.bash'
[0.859s] INFO:colcon.colcon_core.shell:Creating package script '/home/asambhav/Storage/dumme_sim/install/dumme_utils/share/dumme_utils/package.zsh'
[0.859s] Level 1:colcon.colcon_core.environment:create_file_with_runtime_dependencies(/home/asambhav/Storage/dumme_sim/install/dumme_utils/share/colcon-core/packages/dumme_utils)
[0.950s] Level 1:colcon.colcon_core.environment:checking '/home/asambhav/Storage/dumme_sim/install/dumme_controller' for CMake module files
[0.951s] DEBUG:colcon.colcon_core.event_handler.log_command:Invoked command in '/home/asambhav/Storage/dumme_sim/src/dumme_controller' returned '0': CMAKE_PREFIX_PATH=/home/asambhav/Storage/dumme_sim/install/dumme_description:/home/asambhav/Storage/dumme_sim/install/dumme_moveit:/home/asambhav/Storage/dumme_sim/install/dumme_utils:/home/asambhav/Storage/dumme_sim/install/dumme_msgs:/home/asambhav/e-yantra_ws/install/ur_simulation_gz:/home/asambhav/e-yantra_ws/install/ur_description:/home/asambhav/e-yantra_ws/install/ur5_control:/home/asambhav/e-yantra_ws/install/pymoveit2:/home/asambhav/e-yantra_ws/install/linkattacher_msgs:/home/asambhav/e-yantra_ws/install/eyantra_warehouse:/home/asambhav/e-yantra_ws/install/ebot_description PYTHONPATH=/home/asambhav/Storage/dumme_sim/build/dumme_controller/prefix_override:/usr/lib/python3/dist-packages/colcon_core/task/python/colcon_distutils_commands:/home/asambhav/Storage/dumme_sim/install/dumme_controller/lib/python3.10/site-packages:${PYTHONPATH} /usr/bin/python3 -W ignore:setup.py install is deprecated -W ignore:easy_install command is deprecated setup.py egg_info --egg-base ../../build/dumme_controller build --build-base /home/asambhav/Storage/dumme_sim/build/dumme_controller/build install --record /home/asambhav/Storage/dumme_sim/build/dumme_controller/install.log --install-scripts $base/lib/dumme_controller --single-version-externally-managed install_data
[0.952s] Level 1:colcon.colcon_core.environment:checking '/home/asambhav/Storage/dumme_sim/install/dumme_controller' for CMake config files
[0.953s] Level 1:colcon.colcon_core.environment:checking '/home/asambhav/Storage/dumme_sim/install/dumme_controller/lib'
[0.953s] Level 1:colcon.colcon_core.environment:checking '/home/asambhav/Storage/dumme_sim/install/dumme_controller/bin'
[0.953s] Level 1:colcon.colcon_core.environment:checking '/home/asambhav/Storage/dumme_sim/install/dumme_controller/lib/pkgconfig/dumme_controller.pc'
[0.953s] Level 1:colcon.colcon_core.environment:checking '/home/asambhav/Storage/dumme_sim/install/dumme_controller/lib/python3.10/site-packages'
[0.953s] Level 1:colcon.colcon_core.shell:create_environment_hook('dumme_controller', 'pythonpath')
[0.954s] INFO:colcon.colcon_core.shell:Creating environment hook '/home/asambhav/Storage/dumme_sim/install/dumme_controller/share/dumme_controller/hook/pythonpath.ps1'
[0.954s] INFO:colcon.colcon_core.shell:Creating environment descriptor '/home/asambhav/Storage/dumme_sim/install/dumme_controller/share/dumme_controller/hook/pythonpath.dsv'
[0.954s] INFO:colcon.colcon_core.shell:Creating environment hook '/home/asambhav/Storage/dumme_sim/install/dumme_controller/share/dumme_controller/hook/pythonpath.sh'
[0.955s] Level 1:colcon.colcon_core.environment:checking '/home/asambhav/Storage/dumme_sim/install/dumme_controller/bin'
[0.955s] Level 1:colcon.colcon_core.environment:create_environment_scripts_only(dumme_controller)
[0.955s] INFO:colcon.colcon_core.shell:Creating package script '/home/asambhav/Storage/dumme_sim/install/dumme_controller/share/dumme_controller/package.ps1'
[0.956s] INFO:colcon.colcon_core.shell:Creating package descriptor '/home/asambhav/Storage/dumme_sim/install/dumme_controller/share/dumme_controller/package.dsv'
[0.956s] INFO:colcon.colcon_core.shell:Creating package script '/home/asambhav/Storage/dumme_sim/install/dumme_controller/share/dumme_controller/package.sh'
[0.957s] INFO:colcon.colcon_core.shell:Creating package script '/home/asambhav/Storage/dumme_sim/install/dumme_controller/share/dumme_controller/package.bash'
[0.957s] INFO:colcon.colcon_core.shell:Creating package script '/home/asambhav/Storage/dumme_sim/install/dumme_controller/share/dumme_controller/package.zsh'
[0.957s] Level 1:colcon.colcon_core.environment:create_file_with_runtime_dependencies(/home/asambhav/Storage/dumme_sim/install/dumme_controller/share/colcon-core/packages/dumme_controller)
[0.958s] DEBUG:colcon.colcon_parallel_executor.executor.parallel:closing loop
[0.958s] DEBUG:colcon.colcon_parallel_executor.executor.parallel:loop closed
[0.958s] DEBUG:colcon.colcon_parallel_executor.executor.parallel:run_until_complete finished with '0'
[0.958s] DEBUG:colcon.colcon_core.event_reactor:joining thread
[0.962s] INFO:colcon.colcon_core.plugin_system:Skipping extension 'colcon_notification.desktop_notification.terminal_notifier': Not used on non-Darwin systems
[0.962s] INFO:colcon.colcon_core.plugin_system:Skipping extension 'colcon_notification.desktop_notification.win32': Not used on non-Windows systems
[0.963s] INFO:colcon.colcon_notification.desktop_notification:Sending desktop notification using 'notify2'
[0.978s] DEBUG:colcon.colcon_core.event_reactor:joined thread
[0.978s] INFO:colcon.colcon_core.shell:Creating prefix script '/home/asambhav/Storage/dumme_sim/install/local_setup.ps1'
[0.979s] INFO:colcon.colcon_core.shell:Creating prefix util module '/home/asambhav/Storage/dumme_sim/install/_local_setup_util_ps1.py'
[0.980s] INFO:colcon.colcon_core.shell:Creating prefix chain script '/home/asambhav/Storage/dumme_sim/install/setup.ps1'
[0.981s] INFO:colcon.colcon_core.shell:Creating prefix script '/home/asambhav/Storage/dumme_sim/install/local_setup.sh'
[0.982s] INFO:colcon.colcon_core.shell:Creating prefix util module '/home/asambhav/Storage/dumme_sim/install/_local_setup_util_sh.py'
[0.982s] INFO:colcon.colcon_core.shell:Creating prefix chain script '/home/asambhav/Storage/dumme_sim/install/setup.sh'
[0.983s] INFO:colcon.colcon_core.shell:Creating prefix script '/home/asambhav/Storage/dumme_sim/install/local_setup.bash'
[0.983s] INFO:colcon.colcon_core.shell:Creating prefix chain script '/home/asambhav/Storage/dumme_sim/install/setup.bash'
[0.984s] INFO:colcon.colcon_core.shell:Creating prefix script '/home/asambhav/Storage/dumme_sim/install/local_setup.zsh'
[0.984s] INFO:colcon.colcon_core.shell:Creating prefix chain script '/home/asambhav/Storage/dumme_sim/install/setup.zsh'
