[0.140s] Invoking command in '/home/asambhav/Storage/dumme_sim/build/dumme_moveit': CMAKE_PREFIX_PATH=/home/asambhav/Storage/dumme_sim/install/dumme_description:/home/asambhav/Storage/dumme_sim/install/dumme_moveit:/home/asambhav/Storage/dumme_sim/install/dumme_utils:/home/asambhav/Storage/dumme_sim/install/dumme_msgs:/home/asambhav/e-yantra_ws/install/ur_simulation_gz:/home/asambhav/e-yantra_ws/install/ur_description:/home/asambhav/e-yantra_ws/install/ur5_control:/home/asambhav/e-yantra_ws/install/pymoveit2:/home/asambhav/e-yantra_ws/install/linkattacher_msgs:/home/asambhav/e-yantra_ws/install/eyantra_warehouse:/home/asambhav/e-yantra_ws/install/ebot_description:/home/asambhav/Storage/dumme_sim/install/dumme_controller:/home/asambhav/e-yantra_ws/install/task_1:/opt/ros/humble /usr/bin/cmake --build /home/asambhav/Storage/dumme_sim/build/dumme_moveit -- -j18 -l18
[0.177s] Invoked command in '/home/asambhav/Storage/dumme_sim/build/dumme_moveit' returned '0': CMAKE_PREFIX_PATH=/home/asambhav/Storage/dumme_sim/install/dumme_description:/home/asambhav/Storage/dumme_sim/install/dumme_moveit:/home/asambhav/Storage/dumme_sim/install/dumme_utils:/home/asambhav/Storage/dumme_sim/install/dumme_msgs:/home/asambhav/e-yantra_ws/install/ur_simulation_gz:/home/asambhav/e-yantra_ws/install/ur_description:/home/asambhav/e-yantra_ws/install/ur5_control:/home/asambhav/e-yantra_ws/install/pymoveit2:/home/asambhav/e-yantra_ws/install/linkattacher_msgs:/home/asambhav/e-yantra_ws/install/eyantra_warehouse:/home/asambhav/e-yantra_ws/install/ebot_description:/home/asambhav/Storage/dumme_sim/install/dumme_controller:/home/asambhav/e-yantra_ws/install/task_1:/opt/ros/humble /usr/bin/cmake --build /home/asambhav/Storage/dumme_sim/build/dumme_moveit -- -j18 -l18
[0.178s] Invoking command in '/home/asambhav/Storage/dumme_sim/build/dumme_moveit': CMAKE_PREFIX_PATH=/home/asambhav/Storage/dumme_sim/install/dumme_description:/home/asambhav/Storage/dumme_sim/install/dumme_moveit:/home/asambhav/Storage/dumme_sim/install/dumme_utils:/home/asambhav/Storage/dumme_sim/install/dumme_msgs:/home/asambhav/e-yantra_ws/install/ur_simulation_gz:/home/asambhav/e-yantra_ws/install/ur_description:/home/asambhav/e-yantra_ws/install/ur5_control:/home/asambhav/e-yantra_ws/install/pymoveit2:/home/asambhav/e-yantra_ws/install/linkattacher_msgs:/home/asambhav/e-yantra_ws/install/eyantra_warehouse:/home/asambhav/e-yantra_ws/install/ebot_description:/home/asambhav/Storage/dumme_sim/install/dumme_controller:/home/asambhav/e-yantra_ws/install/task_1:/opt/ros/humble /usr/bin/cmake --install /home/asambhav/Storage/dumme_sim/build/dumme_moveit
[0.185s] -- Install configuration: ""
[0.185s] -- Up-to-date: /home/asambhav/Storage/dumme_sim/install/dumme_moveit/share/dumme_moveit/launch
[0.185s] -- Up-to-date: /home/asambhav/Storage/dumme_sim/install/dumme_moveit/share/dumme_moveit/launch/moveit.launch.py
[0.186s] -- Up-to-date: /home/asambhav/Storage/dumme_sim/install/dumme_moveit/share/dumme_moveit/config
[0.186s] -- Up-to-date: /home/asambhav/Storage/dumme_sim/install/dumme_moveit/share/dumme_moveit/config/kinematics.yaml
[0.186s] -- Up-to-date: /home/asambhav/Storage/dumme_sim/install/dumme_moveit/share/dumme_moveit/config/joint_limits.yaml
[0.186s] -- Up-to-date: /home/asambhav/Storage/dumme_sim/install/dumme_moveit/share/dumme_moveit/config/moveit.rviz
[0.186s] -- Up-to-date: /home/asambhav/Storage/dumme_sim/install/dumme_moveit/share/dumme_moveit/config/planning_python_api.yaml
[0.186s] -- Up-to-date: /home/asambhav/Storage/dumme_sim/install/dumme_moveit/share/dumme_moveit/config/moveit_controllers.yaml
[0.186s] -- Up-to-date: /home/asambhav/Storage/dumme_sim/install/dumme_moveit/share/dumme_moveit/config/dumme.srdf
[0.186s] -- Up-to-date: /home/asambhav/Storage/dumme_sim/install/dumme_moveit/share/dumme_moveit/config/initial_positions.yaml
[0.186s] -- Up-to-date: /home/asambhav/Storage/dumme_sim/install/dumme_moveit/share/dumme_moveit/config/pilz_cartesian_limits.yaml
[0.186s] -- Up-to-date: /home/asambhav/Storage/dumme_sim/install/dumme_moveit/share/ament_index/resource_index/package_run_dependencies/dumme_moveit
[0.186s] -- Up-to-date: /home/asambhav/Storage/dumme_sim/install/dumme_moveit/share/ament_index/resource_index/parent_prefix_path/dumme_moveit
[0.186s] -- Up-to-date: /home/asambhav/Storage/dumme_sim/install/dumme_moveit/share/dumme_moveit/environment/ament_prefix_path.sh
[0.186s] -- Up-to-date: /home/asambhav/Storage/dumme_sim/install/dumme_moveit/share/dumme_moveit/environment/ament_prefix_path.dsv
[0.186s] -- Up-to-date: /home/asambhav/Storage/dumme_sim/install/dumme_moveit/share/dumme_moveit/environment/path.sh
[0.186s] -- Up-to-date: /home/asambhav/Storage/dumme_sim/install/dumme_moveit/share/dumme_moveit/environment/path.dsv
[0.187s] -- Up-to-date: /home/asambhav/Storage/dumme_sim/install/dumme_moveit/share/dumme_moveit/local_setup.bash
[0.187s] -- Up-to-date: /home/asambhav/Storage/dumme_sim/install/dumme_moveit/share/dumme_moveit/local_setup.sh
[0.187s] -- Up-to-date: /home/asambhav/Storage/dumme_sim/install/dumme_moveit/share/dumme_moveit/local_setup.zsh
[0.187s] -- Up-to-date: /home/asambhav/Storage/dumme_sim/install/dumme_moveit/share/dumme_moveit/local_setup.dsv
[0.187s] -- Installing: /home/asambhav/Storage/dumme_sim/install/dumme_moveit/share/dumme_moveit/package.dsv
[0.187s] -- Up-to-date: /home/asambhav/Storage/dumme_sim/install/dumme_moveit/share/ament_index/resource_index/packages/dumme_moveit
[0.187s] -- Up-to-date: /home/asambhav/Storage/dumme_sim/install/dumme_moveit/share/dumme_moveit/cmake/dumme_moveitConfig.cmake
[0.187s] -- Up-to-date: /home/asambhav/Storage/dumme_sim/install/dumme_moveit/share/dumme_moveit/cmake/dumme_moveitConfig-version.cmake
[0.187s] -- Up-to-date: /home/asambhav/Storage/dumme_sim/install/dumme_moveit/share/dumme_moveit/package.xml
[0.189s] Invoked command in '/home/asambhav/Storage/dumme_sim/build/dumme_moveit' returned '0': CMAKE_PREFIX_PATH=/home/asambhav/Storage/dumme_sim/install/dumme_description:/home/asambhav/Storage/dumme_sim/install/dumme_moveit:/home/asambhav/Storage/dumme_sim/install/dumme_utils:/home/asambhav/Storage/dumme_sim/install/dumme_msgs:/home/asambhav/e-yantra_ws/install/ur_simulation_gz:/home/asambhav/e-yantra_ws/install/ur_description:/home/asambhav/e-yantra_ws/install/ur5_control:/home/asambhav/e-yantra_ws/install/pymoveit2:/home/asambhav/e-yantra_ws/install/linkattacher_msgs:/home/asambhav/e-yantra_ws/install/eyantra_warehouse:/home/asambhav/e-yantra_ws/install/ebot_description:/home/asambhav/Storage/dumme_sim/install/dumme_controller:/home/asambhav/e-yantra_ws/install/task_1:/opt/ros/humble /usr/bin/cmake --install /home/asambhav/Storage/dumme_sim/build/dumme_moveit
