[0.067s] DEBUG:colcon:Command line arguments: ['/usr/bin/colcon', 'build']
[0.067s] DEBUG:colcon:Parsed command line arguments: Namespace(log_base=None, log_level=None, verb_name='build', build_base='build', install_base='install', merge_install=False, symlink_install=False, test_result_base=None, continue_on_error=False, executor='parallel', parallel_workers=18, event_handlers=None, ignore_user_meta=False, metas=['./colcon.meta'], base_paths=['.'], packages_ignore=None, packages_ignore_regex=None, paths=None, packages_up_to=None, packages_up_to_regex=None, packages_above=None, packages_above_and_dependencies=None, packages_above_depth=None, packages_select_by_dep=None, packages_skip_by_dep=None, packages_skip_up_to=None, packages_select_build_failed=False, packages_skip_build_finished=False, packages_select_test_failures=False, packages_skip_test_passed=False, packages_select=None, packages_skip=None, packages_select_regex=None, packages_skip_regex=None, packages_start=None, packages_end=None, allow_overriding=[], cmake_args=None, cmake_target=None, cmake_target_skip_unavailable=False, cmake_clean_cache=False, cmake_clean_first=False, cmake_force_configure=False, ament_cmake_args=None, catkin_cmake_args=None, catkin_skip_building_tests=False, mixin_files=None, mixin=None, verb_parser=<colcon_mixin.mixin.mixin_argument.MixinArgumentDecorator object at 0x7233fe5992d0>, verb_extension=<colcon_core.verb.build.BuildVerb object at 0x7233fe521e10>, main=<bound method BuildVerb.main of <colcon_core.verb.build.BuildVerb object at 0x7233fe521e10>>, mixin_verb=('build',))
[0.091s] Level 1:colcon.colcon_core.package_discovery:discover_packages(colcon_meta) check parameters
[0.091s] Level 1:colcon.colcon_core.package_discovery:discover_packages(recursive) check parameters
[0.092s] Level 1:colcon.colcon_core.package_discovery:discover_packages(ignore) check parameters
[0.092s] Level 1:colcon.colcon_core.package_discovery:discover_packages(path) check parameters
[0.092s] Level 1:colcon.colcon_core.package_discovery:discover_packages(colcon_meta) discover
[0.092s] Level 1:colcon.colcon_core.package_discovery:discover_packages(recursive) discover
[0.092s] INFO:colcon.colcon_core.package_discovery:Crawling recursively for packages in '/home/asambhav/Storage/dumme_sim'
[0.092s] Level 1:colcon.colcon_core.package_identification:_identify(.) by extensions ['ignore', 'ignore_ament_install']
[0.092s] Level 1:colcon.colcon_core.package_identification:_identify(.) by extension 'ignore'
[0.092s] Level 1:colcon.colcon_core.package_identification:_identify(.) by extension 'ignore_ament_install'
[0.092s] Level 1:colcon.colcon_core.package_identification:_identify(.) by extensions ['colcon_pkg']
[0.092s] Level 1:colcon.colcon_core.package_identification:_identify(.) by extension 'colcon_pkg'
[0.092s] Level 1:colcon.colcon_core.package_identification:_identify(.) by extensions ['colcon_meta']
[0.092s] Level 1:colcon.colcon_core.package_identification:_identify(.) by extension 'colcon_meta'
[0.092s] Level 1:colcon.colcon_core.package_identification:_identify(.) by extensions ['ros']
[0.092s] Level 1:colcon.colcon_core.package_identification:_identify(.) by extension 'ros'
[0.101s] Level 1:colcon.colcon_core.package_identification:_identify(.) by extensions ['cmake', 'python']
[0.101s] Level 1:colcon.colcon_core.package_identification:_identify(.) by extension 'cmake'
[0.101s] Level 1:colcon.colcon_core.package_identification:_identify(.) by extension 'python'
[0.101s] Level 1:colcon.colcon_core.package_identification:_identify(.) by extensions ['python_setup_py']
[0.101s] Level 1:colcon.colcon_core.package_identification:_identify(.) by extension 'python_setup_py'
[0.101s] Level 1:colcon.colcon_core.package_identification:_identify(build) by extensions ['ignore', 'ignore_ament_install']
[0.101s] Level 1:colcon.colcon_core.package_identification:_identify(build) by extension 'ignore'
[0.101s] Level 1:colcon.colcon_core.package_identification:_identify(build) ignored
[0.101s] Level 1:colcon.colcon_core.package_identification:_identify(install) by extensions ['ignore', 'ignore_ament_install']
[0.101s] Level 1:colcon.colcon_core.package_identification:_identify(install) by extension 'ignore'
[0.101s] Level 1:colcon.colcon_core.package_identification:_identify(install) ignored
[0.101s] Level 1:colcon.colcon_core.package_identification:_identify(log) by extensions ['ignore', 'ignore_ament_install']
[0.102s] Level 1:colcon.colcon_core.package_identification:_identify(log) by extension 'ignore'
[0.102s] Level 1:colcon.colcon_core.package_identification:_identify(log) ignored
[0.102s] Level 1:colcon.colcon_core.package_identification:_identify(src) by extensions ['ignore', 'ignore_ament_install']
[0.102s] Level 1:colcon.colcon_core.package_identification:_identify(src) by extension 'ignore'
[0.102s] Level 1:colcon.colcon_core.package_identification:_identify(src) by extension 'ignore_ament_install'
[0.102s] Level 1:colcon.colcon_core.package_identification:_identify(src) by extensions ['colcon_pkg']
[0.102s] Level 1:colcon.colcon_core.package_identification:_identify(src) by extension 'colcon_pkg'
[0.102s] Level 1:colcon.colcon_core.package_identification:_identify(src) by extensions ['colcon_meta']
[0.102s] Level 1:colcon.colcon_core.package_identification:_identify(src) by extension 'colcon_meta'
[0.102s] Level 1:colcon.colcon_core.package_identification:_identify(src) by extensions ['ros']
[0.102s] Level 1:colcon.colcon_core.package_identification:_identify(src) by extension 'ros'
[0.102s] Level 1:colcon.colcon_core.package_identification:_identify(src) by extensions ['cmake', 'python']
[0.102s] Level 1:colcon.colcon_core.package_identification:_identify(src) by extension 'cmake'
[0.102s] Level 1:colcon.colcon_core.package_identification:_identify(src) by extension 'python'
[0.102s] Level 1:colcon.colcon_core.package_identification:_identify(src) by extensions ['python_setup_py']
[0.102s] Level 1:colcon.colcon_core.package_identification:_identify(src) by extension 'python_setup_py'
[0.102s] Level 1:colcon.colcon_core.package_identification:_identify(src/dumme_controller) by extensions ['ignore', 'ignore_ament_install']
[0.102s] Level 1:colcon.colcon_core.package_identification:_identify(src/dumme_controller) by extension 'ignore'
[0.102s] Level 1:colcon.colcon_core.package_identification:_identify(src/dumme_controller) by extension 'ignore_ament_install'
[0.102s] Level 1:colcon.colcon_core.package_identification:_identify(src/dumme_controller) by extensions ['colcon_pkg']
[0.102s] Level 1:colcon.colcon_core.package_identification:_identify(src/dumme_controller) by extension 'colcon_pkg'
[0.102s] Level 1:colcon.colcon_core.package_identification:_identify(src/dumme_controller) by extensions ['colcon_meta']
[0.102s] Level 1:colcon.colcon_core.package_identification:_identify(src/dumme_controller) by extension 'colcon_meta'
[0.102s] Level 1:colcon.colcon_core.package_identification:_identify(src/dumme_controller) by extensions ['ros']
[0.102s] Level 1:colcon.colcon_core.package_identification:_identify(src/dumme_controller) by extension 'ros'
[0.104s] DEBUG:colcon.colcon_core.package_identification:Package 'src/dumme_controller' with type 'ros.ament_python' and name 'dumme_controller'
[0.104s] Level 1:colcon.colcon_core.package_identification:_identify(src/dumme_description) by extensions ['ignore', 'ignore_ament_install']
[0.104s] Level 1:colcon.colcon_core.package_identification:_identify(src/dumme_description) by extension 'ignore'
[0.104s] Level 1:colcon.colcon_core.package_identification:_identify(src/dumme_description) by extension 'ignore_ament_install'
[0.104s] Level 1:colcon.colcon_core.package_identification:_identify(src/dumme_description) by extensions ['colcon_pkg']
[0.104s] Level 1:colcon.colcon_core.package_identification:_identify(src/dumme_description) by extension 'colcon_pkg'
[0.104s] Level 1:colcon.colcon_core.package_identification:_identify(src/dumme_description) by extensions ['colcon_meta']
[0.104s] Level 1:colcon.colcon_core.package_identification:_identify(src/dumme_description) by extension 'colcon_meta'
[0.105s] Level 1:colcon.colcon_core.package_identification:_identify(src/dumme_description) by extensions ['ros']
[0.105s] Level 1:colcon.colcon_core.package_identification:_identify(src/dumme_description) by extension 'ros'
[0.106s] DEBUG:colcon.colcon_core.package_identification:Package 'src/dumme_description' with type 'ros.ament_cmake' and name 'dumme_description'
[0.106s] Level 1:colcon.colcon_core.package_identification:_identify(src/dumme_moveit) by extensions ['ignore', 'ignore_ament_install']
[0.106s] Level 1:colcon.colcon_core.package_identification:_identify(src/dumme_moveit) by extension 'ignore'
[0.106s] Level 1:colcon.colcon_core.package_identification:_identify(src/dumme_moveit) by extension 'ignore_ament_install'
[0.106s] Level 1:colcon.colcon_core.package_identification:_identify(src/dumme_moveit) by extensions ['colcon_pkg']
[0.106s] Level 1:colcon.colcon_core.package_identification:_identify(src/dumme_moveit) by extension 'colcon_pkg'
[0.106s] Level 1:colcon.colcon_core.package_identification:_identify(src/dumme_moveit) by extensions ['colcon_meta']
[0.106s] Level 1:colcon.colcon_core.package_identification:_identify(src/dumme_moveit) by extension 'colcon_meta'
[0.106s] Level 1:colcon.colcon_core.package_identification:_identify(src/dumme_moveit) by extensions ['ros']
[0.106s] Level 1:colcon.colcon_core.package_identification:_identify(src/dumme_moveit) by extension 'ros'
[0.107s] DEBUG:colcon.colcon_core.package_identification:Package 'src/dumme_moveit' with type 'ros.ament_cmake' and name 'dumme_moveit'
[0.107s] Level 1:colcon.colcon_core.package_identification:_identify(src/dumme_msgs) by extensions ['ignore', 'ignore_ament_install']
[0.107s] Level 1:colcon.colcon_core.package_identification:_identify(src/dumme_msgs) by extension 'ignore'
[0.107s] Level 1:colcon.colcon_core.package_identification:_identify(src/dumme_msgs) by extension 'ignore_ament_install'
[0.107s] Level 1:colcon.colcon_core.package_identification:_identify(src/dumme_msgs) by extensions ['colcon_pkg']
[0.107s] Level 1:colcon.colcon_core.package_identification:_identify(src/dumme_msgs) by extension 'colcon_pkg'
[0.107s] Level 1:colcon.colcon_core.package_identification:_identify(src/dumme_msgs) by extensions ['colcon_meta']
[0.107s] Level 1:colcon.colcon_core.package_identification:_identify(src/dumme_msgs) by extension 'colcon_meta'
[0.107s] Level 1:colcon.colcon_core.package_identification:_identify(src/dumme_msgs) by extensions ['ros']
[0.107s] Level 1:colcon.colcon_core.package_identification:_identify(src/dumme_msgs) by extension 'ros'
[0.107s] DEBUG:colcon.colcon_core.package_identification:Package 'src/dumme_msgs' with type 'ros.ament_cmake' and name 'dumme_msgs'
[0.107s] Level 1:colcon.colcon_core.package_identification:_identify(src/dumme_utils) by extensions ['ignore', 'ignore_ament_install']
[0.107s] Level 1:colcon.colcon_core.package_identification:_identify(src/dumme_utils) by extension 'ignore'
[0.108s] Level 1:colcon.colcon_core.package_identification:_identify(src/dumme_utils) by extension 'ignore_ament_install'
[0.108s] Level 1:colcon.colcon_core.package_identification:_identify(src/dumme_utils) by extensions ['colcon_pkg']
[0.108s] Level 1:colcon.colcon_core.package_identification:_identify(src/dumme_utils) by extension 'colcon_pkg'
[0.108s] Level 1:colcon.colcon_core.package_identification:_identify(src/dumme_utils) by extensions ['colcon_meta']
[0.108s] Level 1:colcon.colcon_core.package_identification:_identify(src/dumme_utils) by extension 'colcon_meta'
[0.108s] Level 1:colcon.colcon_core.package_identification:_identify(src/dumme_utils) by extensions ['ros']
[0.108s] Level 1:colcon.colcon_core.package_identification:_identify(src/dumme_utils) by extension 'ros'
[0.109s] DEBUG:colcon.colcon_core.package_identification:Package 'src/dumme_utils' with type 'ros.ament_cmake' and name 'dumme_utils'
[0.109s] Level 1:colcon.colcon_core.package_discovery:discover_packages(recursive) using defaults
[0.109s] Level 1:colcon.colcon_core.package_discovery:discover_packages(ignore) discover
[0.109s] Level 1:colcon.colcon_core.package_discovery:discover_packages(ignore) using defaults
[0.109s] Level 1:colcon.colcon_core.package_discovery:discover_packages(path) discover
[0.109s] Level 1:colcon.colcon_core.package_discovery:discover_packages(path) using defaults
[0.124s] Level 1:colcon.colcon_core.package_discovery:discover_packages(prefix_path) check parameters
[0.124s] Level 1:colcon.colcon_core.package_discovery:discover_packages(prefix_path) discover
[0.125s] DEBUG:colcon.colcon_installed_package_information.package_discovery:Found 5 installed packages in /home/asambhav/Storage/dumme_sim/install
[0.125s] DEBUG:colcon.colcon_installed_package_information.package_discovery:Found 9 installed packages in /home/asambhav/e-yantra_ws/install
[0.126s] DEBUG:colcon.colcon_installed_package_information.package_discovery:Found 409 installed packages in /opt/ros/humble
[0.128s] Level 1:colcon.colcon_core.package_discovery:discover_packages(prefix_path) using defaults
[0.162s] Level 5:colcon.colcon_core.verb:set package 'dumme_description' build argument 'cmake_args' from command line to 'None'
[0.162s] Level 5:colcon.colcon_core.verb:set package 'dumme_description' build argument 'cmake_target' from command line to 'None'
[0.162s] Level 5:colcon.colcon_core.verb:set package 'dumme_description' build argument 'cmake_target_skip_unavailable' from command line to 'False'
[0.162s] Level 5:colcon.colcon_core.verb:set package 'dumme_description' build argument 'cmake_clean_cache' from command line to 'False'
[0.162s] Level 5:colcon.colcon_core.verb:set package 'dumme_description' build argument 'cmake_clean_first' from command line to 'False'
[0.162s] Level 5:colcon.colcon_core.verb:set package 'dumme_description' build argument 'cmake_force_configure' from command line to 'False'
[0.162s] Level 5:colcon.colcon_core.verb:set package 'dumme_description' build argument 'ament_cmake_args' from command line to 'None'
[0.162s] Level 5:colcon.colcon_core.verb:set package 'dumme_description' build argument 'catkin_cmake_args' from command line to 'None'
[0.162s] Level 5:colcon.colcon_core.verb:set package 'dumme_description' build argument 'catkin_skip_building_tests' from command line to 'False'
[0.162s] DEBUG:colcon.colcon_core.verb:Building package 'dumme_description' with the following arguments: {'ament_cmake_args': None, 'build_base': '/home/asambhav/Storage/dumme_sim/build/dumme_description', 'catkin_cmake_args': None, 'catkin_skip_building_tests': False, 'cmake_args': None, 'cmake_clean_cache': False, 'cmake_clean_first': False, 'cmake_force_configure': False, 'cmake_target': None, 'cmake_target_skip_unavailable': False, 'install_base': '/home/asambhav/Storage/dumme_sim/install/dumme_description', 'merge_install': False, 'path': '/home/asambhav/Storage/dumme_sim/src/dumme_description', 'symlink_install': False, 'test_result_base': None}
[0.162s] Level 5:colcon.colcon_core.verb:set package 'dumme_msgs' build argument 'cmake_args' from command line to 'None'
[0.163s] Level 5:colcon.colcon_core.verb:set package 'dumme_msgs' build argument 'cmake_target' from command line to 'None'
[0.163s] Level 5:colcon.colcon_core.verb:set package 'dumme_msgs' build argument 'cmake_target_skip_unavailable' from command line to 'False'
[0.163s] Level 5:colcon.colcon_core.verb:set package 'dumme_msgs' build argument 'cmake_clean_cache' from command line to 'False'
[0.163s] Level 5:colcon.colcon_core.verb:set package 'dumme_msgs' build argument 'cmake_clean_first' from command line to 'False'
[0.163s] Level 5:colcon.colcon_core.verb:set package 'dumme_msgs' build argument 'cmake_force_configure' from command line to 'False'
[0.163s] Level 5:colcon.colcon_core.verb:set package 'dumme_msgs' build argument 'ament_cmake_args' from command line to 'None'
[0.163s] Level 5:colcon.colcon_core.verb:set package 'dumme_msgs' build argument 'catkin_cmake_args' from command line to 'None'
[0.163s] Level 5:colcon.colcon_core.verb:set package 'dumme_msgs' build argument 'catkin_skip_building_tests' from command line to 'False'
[0.163s] DEBUG:colcon.colcon_core.verb:Building package 'dumme_msgs' with the following arguments: {'ament_cmake_args': None, 'build_base': '/home/asambhav/Storage/dumme_sim/build/dumme_msgs', 'catkin_cmake_args': None, 'catkin_skip_building_tests': False, 'cmake_args': None, 'cmake_clean_cache': False, 'cmake_clean_first': False, 'cmake_force_configure': False, 'cmake_target': None, 'cmake_target_skip_unavailable': False, 'install_base': '/home/asambhav/Storage/dumme_sim/install/dumme_msgs', 'merge_install': False, 'path': '/home/asambhav/Storage/dumme_sim/src/dumme_msgs', 'symlink_install': False, 'test_result_base': None}
[0.163s] Level 5:colcon.colcon_core.verb:set package 'dumme_controller' build argument 'cmake_args' from command line to 'None'
[0.163s] Level 5:colcon.colcon_core.verb:set package 'dumme_controller' build argument 'cmake_target' from command line to 'None'
[0.163s] Level 5:colcon.colcon_core.verb:set package 'dumme_controller' build argument 'cmake_target_skip_unavailable' from command line to 'False'
[0.163s] Level 5:colcon.colcon_core.verb:set package 'dumme_controller' build argument 'cmake_clean_cache' from command line to 'False'
[0.163s] Level 5:colcon.colcon_core.verb:set package 'dumme_controller' build argument 'cmake_clean_first' from command line to 'False'
[0.163s] Level 5:colcon.colcon_core.verb:set package 'dumme_controller' build argument 'cmake_force_configure' from command line to 'False'
[0.163s] Level 5:colcon.colcon_core.verb:set package 'dumme_controller' build argument 'ament_cmake_args' from command line to 'None'
[0.163s] Level 5:colcon.colcon_core.verb:set package 'dumme_controller' build argument 'catkin_cmake_args' from command line to 'None'
[0.163s] Level 5:colcon.colcon_core.verb:set package 'dumme_controller' build argument 'catkin_skip_building_tests' from command line to 'False'
[0.163s] DEBUG:colcon.colcon_core.verb:Building package 'dumme_controller' with the following arguments: {'ament_cmake_args': None, 'build_base': '/home/asambhav/Storage/dumme_sim/build/dumme_controller', 'catkin_cmake_args': None, 'catkin_skip_building_tests': False, 'cmake_args': None, 'cmake_clean_cache': False, 'cmake_clean_first': False, 'cmake_force_configure': False, 'cmake_target': None, 'cmake_target_skip_unavailable': False, 'install_base': '/home/asambhav/Storage/dumme_sim/install/dumme_controller', 'merge_install': False, 'path': '/home/asambhav/Storage/dumme_sim/src/dumme_controller', 'symlink_install': False, 'test_result_base': None}
[0.163s] Level 5:colcon.colcon_core.verb:set package 'dumme_moveit' build argument 'cmake_args' from command line to 'None'
[0.163s] Level 5:colcon.colcon_core.verb:set package 'dumme_moveit' build argument 'cmake_target' from command line to 'None'
[0.163s] Level 5:colcon.colcon_core.verb:set package 'dumme_moveit' build argument 'cmake_target_skip_unavailable' from command line to 'False'
[0.163s] Level 5:colcon.colcon_core.verb:set package 'dumme_moveit' build argument 'cmake_clean_cache' from command line to 'False'
[0.163s] Level 5:colcon.colcon_core.verb:set package 'dumme_moveit' build argument 'cmake_clean_first' from command line to 'False'
[0.163s] Level 5:colcon.colcon_core.verb:set package 'dumme_moveit' build argument 'cmake_force_configure' from command line to 'False'
[0.163s] Level 5:colcon.colcon_core.verb:set package 'dumme_moveit' build argument 'ament_cmake_args' from command line to 'None'
[0.163s] Level 5:colcon.colcon_core.verb:set package 'dumme_moveit' build argument 'catkin_cmake_args' from command line to 'None'
[0.163s] Level 5:colcon.colcon_core.verb:set package 'dumme_moveit' build argument 'catkin_skip_building_tests' from command line to 'False'
[0.163s] DEBUG:colcon.colcon_core.verb:Building package 'dumme_moveit' with the following arguments: {'ament_cmake_args': None, 'build_base': '/home/asambhav/Storage/dumme_sim/build/dumme_moveit', 'catkin_cmake_args': None, 'catkin_skip_building_tests': False, 'cmake_args': None, 'cmake_clean_cache': False, 'cmake_clean_first': False, 'cmake_force_configure': False, 'cmake_target': None, 'cmake_target_skip_unavailable': False, 'install_base': '/home/asambhav/Storage/dumme_sim/install/dumme_moveit', 'merge_install': False, 'path': '/home/asambhav/Storage/dumme_sim/src/dumme_moveit', 'symlink_install': False, 'test_result_base': None}
[0.164s] Level 5:colcon.colcon_core.verb:set package 'dumme_utils' build argument 'cmake_args' from command line to 'None'
[0.164s] Level 5:colcon.colcon_core.verb:set package 'dumme_utils' build argument 'cmake_target' from command line to 'None'
[0.164s] Level 5:colcon.colcon_core.verb:set package 'dumme_utils' build argument 'cmake_target_skip_unavailable' from command line to 'False'
[0.164s] Level 5:colcon.colcon_core.verb:set package 'dumme_utils' build argument 'cmake_clean_cache' from command line to 'False'
[0.164s] Level 5:colcon.colcon_core.verb:set package 'dumme_utils' build argument 'cmake_clean_first' from command line to 'False'
[0.164s] Level 5:colcon.colcon_core.verb:set package 'dumme_utils' build argument 'cmake_force_configure' from command line to 'False'
[0.164s] Level 5:colcon.colcon_core.verb:set package 'dumme_utils' build argument 'ament_cmake_args' from command line to 'None'
[0.164s] Level 5:colcon.colcon_core.verb:set package 'dumme_utils' build argument 'catkin_cmake_args' from command line to 'None'
[0.164s] Level 5:colcon.colcon_core.verb:set package 'dumme_utils' build argument 'catkin_skip_building_tests' from command line to 'False'
[0.164s] DEBUG:colcon.colcon_core.verb:Building package 'dumme_utils' with the following arguments: {'ament_cmake_args': None, 'build_base': '/home/asambhav/Storage/dumme_sim/build/dumme_utils', 'catkin_cmake_args': None, 'catkin_skip_building_tests': False, 'cmake_args': None, 'cmake_clean_cache': False, 'cmake_clean_first': False, 'cmake_force_configure': False, 'cmake_target': None, 'cmake_target_skip_unavailable': False, 'install_base': '/home/asambhav/Storage/dumme_sim/install/dumme_utils', 'merge_install': False, 'path': '/home/asambhav/Storage/dumme_sim/src/dumme_utils', 'symlink_install': False, 'test_result_base': None}
[0.164s] INFO:colcon.colcon_core.executor:Executing jobs using 'parallel' executor
[0.165s] DEBUG:colcon.colcon_parallel_executor.executor.parallel:run_until_complete
[0.165s] INFO:colcon.colcon_ros.task.ament_cmake.build:Building ROS package in '/home/asambhav/Storage/dumme_sim/src/dumme_description' with build type 'ament_cmake'
[0.165s] INFO:colcon.colcon_cmake.task.cmake.build:Building CMake package in '/home/asambhav/Storage/dumme_sim/src/dumme_description'
[0.167s] INFO:colcon.colcon_core.plugin_system:Skipping extension 'colcon_core.shell.bat': Not used on non-Windows systems
[0.167s] INFO:colcon.colcon_core.shell:Skip shell extension 'powershell' for command environment: Not usable outside of PowerShell
[0.167s] DEBUG:colcon.colcon_core.shell:Skip shell extension 'dsv' for command environment
[0.170s] INFO:colcon.colcon_ros.task.ament_cmake.build:Building ROS package in '/home/asambhav/Storage/dumme_sim/src/dumme_msgs' with build type 'ament_cmake'
[0.170s] INFO:colcon.colcon_cmake.task.cmake.build:Building CMake package in '/home/asambhav/Storage/dumme_sim/src/dumme_msgs'
[0.170s] INFO:colcon.colcon_core.shell:Skip shell extension 'powershell' for command environment: Not usable outside of PowerShell
[0.170s] DEBUG:colcon.colcon_core.shell:Skip shell extension 'dsv' for command environment
[0.176s] DEBUG:colcon.colcon_core.event_handler.log_command:Invoking command in '/home/asambhav/Storage/dumme_sim/build/dumme_description': CMAKE_PREFIX_PATH=${CMAKE_PREFIX_PATH}:/home/asambhav/Storage/dumme_sim/install/dumme_controller:/home/asambhav/e-yantra_ws/install/task_1:/opt/ros/humble /usr/bin/cmake --build /home/asambhav/Storage/dumme_sim/build/dumme_description -- -j18 -l18
[0.178s] DEBUG:colcon.colcon_core.event_handler.log_command:Invoking command in '/home/asambhav/Storage/dumme_sim/build/dumme_msgs': CMAKE_PREFIX_PATH=${CMAKE_PREFIX_PATH}:/home/asambhav/Storage/dumme_sim/install/dumme_controller:/home/asambhav/e-yantra_ws/install/task_1:/opt/ros/humble /usr/bin/cmake --build /home/asambhav/Storage/dumme_sim/build/dumme_msgs -- -j18 -l18
[0.208s] DEBUG:colcon.colcon_core.event_handler.log_command:Invoked command in '/home/asambhav/Storage/dumme_sim/build/dumme_description' returned '0': CMAKE_PREFIX_PATH=${CMAKE_PREFIX_PATH}:/home/asambhav/Storage/dumme_sim/install/dumme_controller:/home/asambhav/e-yantra_ws/install/task_1:/opt/ros/humble /usr/bin/cmake --build /home/asambhav/Storage/dumme_sim/build/dumme_description -- -j18 -l18
[0.215s] DEBUG:colcon.colcon_core.event_handler.log_command:Invoking command in '/home/asambhav/Storage/dumme_sim/build/dumme_description': CMAKE_PREFIX_PATH=${CMAKE_PREFIX_PATH}:/home/asambhav/Storage/dumme_sim/install/dumme_controller:/home/asambhav/e-yantra_ws/install/task_1:/opt/ros/humble /usr/bin/cmake --install /home/asambhav/Storage/dumme_sim/build/dumme_description
[0.221s] Level 1:colcon.colcon_core.environment:create_environment_scripts_only(dumme_description)
[0.225s] Level 1:colcon.colcon_core.environment:checking '/home/asambhav/Storage/dumme_sim/install/dumme_description' for CMake module files
[0.225s] Level 1:colcon.colcon_core.environment:checking '/home/asambhav/Storage/dumme_sim/install/dumme_description' for CMake config files
[0.225s] Level 1:colcon.colcon_core.shell:create_environment_hook('dumme_description', 'cmake_prefix_path')
[0.226s] INFO:colcon.colcon_core.shell:Creating environment hook '/home/asambhav/Storage/dumme_sim/install/dumme_description/share/dumme_description/hook/cmake_prefix_path.ps1'
[0.227s] INFO:colcon.colcon_core.shell:Creating environment descriptor '/home/asambhav/Storage/dumme_sim/install/dumme_description/share/dumme_description/hook/cmake_prefix_path.dsv'
[0.228s] INFO:colcon.colcon_core.shell:Creating environment hook '/home/asambhav/Storage/dumme_sim/install/dumme_description/share/dumme_description/hook/cmake_prefix_path.sh'
[0.229s] DEBUG:colcon.colcon_core.event_handler.log_command:Invoked command in '/home/asambhav/Storage/dumme_sim/build/dumme_description' returned '0': CMAKE_PREFIX_PATH=${CMAKE_PREFIX_PATH}:/home/asambhav/Storage/dumme_sim/install/dumme_controller:/home/asambhav/e-yantra_ws/install/task_1:/opt/ros/humble /usr/bin/cmake --install /home/asambhav/Storage/dumme_sim/build/dumme_description
[0.230s] Level 1:colcon.colcon_core.environment:checking '/home/asambhav/Storage/dumme_sim/install/dumme_description/bin'
[0.230s] Level 1:colcon.colcon_core.environment:checking '/home/asambhav/Storage/dumme_sim/install/dumme_description/lib/pkgconfig/dumme_description.pc'
[0.230s] Level 1:colcon.colcon_core.environment:checking '/home/asambhav/Storage/dumme_sim/install/dumme_description/lib/python3.10/site-packages'
[0.230s] Level 1:colcon.colcon_core.environment:checking '/home/asambhav/Storage/dumme_sim/install/dumme_description/bin'
[0.231s] INFO:colcon.colcon_core.shell:Creating package script '/home/asambhav/Storage/dumme_sim/install/dumme_description/share/dumme_description/package.ps1'
[0.233s] INFO:colcon.colcon_core.shell:Creating package descriptor '/home/asambhav/Storage/dumme_sim/install/dumme_description/share/dumme_description/package.dsv'
[0.234s] INFO:colcon.colcon_core.shell:Creating package script '/home/asambhav/Storage/dumme_sim/install/dumme_description/share/dumme_description/package.sh'
[0.234s] INFO:colcon.colcon_core.shell:Creating package script '/home/asambhav/Storage/dumme_sim/install/dumme_description/share/dumme_description/package.bash'
[0.235s] INFO:colcon.colcon_core.shell:Creating package script '/home/asambhav/Storage/dumme_sim/install/dumme_description/share/dumme_description/package.zsh'
[0.236s] Level 1:colcon.colcon_core.environment:create_file_with_runtime_dependencies(/home/asambhav/Storage/dumme_sim/install/dumme_description/share/colcon-core/packages/dumme_description)
[0.237s] Level 1:colcon.colcon_core.environment:create_environment_scripts_only(dumme_description)
[0.237s] Level 1:colcon.colcon_core.environment:checking '/home/asambhav/Storage/dumme_sim/install/dumme_description' for CMake module files
[0.238s] Level 1:colcon.colcon_core.environment:checking '/home/asambhav/Storage/dumme_sim/install/dumme_description' for CMake config files
[0.238s] Level 1:colcon.colcon_core.shell:create_environment_hook('dumme_description', 'cmake_prefix_path')
[0.238s] INFO:colcon.colcon_core.shell:Creating environment hook '/home/asambhav/Storage/dumme_sim/install/dumme_description/share/dumme_description/hook/cmake_prefix_path.ps1'
[0.239s] INFO:colcon.colcon_core.shell:Creating environment descriptor '/home/asambhav/Storage/dumme_sim/install/dumme_description/share/dumme_description/hook/cmake_prefix_path.dsv'
[0.239s] INFO:colcon.colcon_core.shell:Creating environment hook '/home/asambhav/Storage/dumme_sim/install/dumme_description/share/dumme_description/hook/cmake_prefix_path.sh'
[0.240s] Level 1:colcon.colcon_core.environment:checking '/home/asambhav/Storage/dumme_sim/install/dumme_description/bin'
[0.240s] Level 1:colcon.colcon_core.environment:checking '/home/asambhav/Storage/dumme_sim/install/dumme_description/lib/pkgconfig/dumme_description.pc'
[0.240s] Level 1:colcon.colcon_core.environment:checking '/home/asambhav/Storage/dumme_sim/install/dumme_description/lib/python3.10/site-packages'
[0.240s] Level 1:colcon.colcon_core.environment:checking '/home/asambhav/Storage/dumme_sim/install/dumme_description/bin'
[0.241s] INFO:colcon.colcon_core.shell:Creating package script '/home/asambhav/Storage/dumme_sim/install/dumme_description/share/dumme_description/package.ps1'
[0.242s] INFO:colcon.colcon_core.shell:Creating package descriptor '/home/asambhav/Storage/dumme_sim/install/dumme_description/share/dumme_description/package.dsv'
[0.242s] INFO:colcon.colcon_core.shell:Creating package script '/home/asambhav/Storage/dumme_sim/install/dumme_description/share/dumme_description/package.sh'
[0.242s] INFO:colcon.colcon_core.shell:Creating package script '/home/asambhav/Storage/dumme_sim/install/dumme_description/share/dumme_description/package.bash'
[0.243s] INFO:colcon.colcon_core.shell:Creating package script '/home/asambhav/Storage/dumme_sim/install/dumme_description/share/dumme_description/package.zsh'
[0.243s] Level 1:colcon.colcon_core.environment:create_file_with_runtime_dependencies(/home/asambhav/Storage/dumme_sim/install/dumme_description/share/colcon-core/packages/dumme_description)
[0.243s] INFO:colcon.colcon_ros.task.ament_python.build:Building ROS package in '/home/asambhav/Storage/dumme_sim/src/dumme_controller' with build type 'ament_python'
[0.244s] Level 1:colcon.colcon_core.shell:create_environment_hook('dumme_controller', 'ament_prefix_path')
[0.244s] INFO:colcon.colcon_core.shell:Creating environment hook '/home/asambhav/Storage/dumme_sim/install/dumme_controller/share/dumme_controller/hook/ament_prefix_path.ps1'
[0.244s] INFO:colcon.colcon_core.shell:Creating environment descriptor '/home/asambhav/Storage/dumme_sim/install/dumme_controller/share/dumme_controller/hook/ament_prefix_path.dsv'
[0.244s] INFO:colcon.colcon_core.shell:Creating environment hook '/home/asambhav/Storage/dumme_sim/install/dumme_controller/share/dumme_controller/hook/ament_prefix_path.sh'
[0.245s] INFO:colcon.colcon_core.shell:Skip shell extension 'powershell' for command environment: Not usable outside of PowerShell
[0.245s] DEBUG:colcon.colcon_core.shell:Skip shell extension 'dsv' for command environment
[0.247s] INFO:colcon.colcon_ros.task.ament_cmake.build:Building ROS package in '/home/asambhav/Storage/dumme_sim/src/dumme_moveit' with build type 'ament_cmake'
[0.247s] INFO:colcon.colcon_cmake.task.cmake.build:Building CMake package in '/home/asambhav/Storage/dumme_sim/src/dumme_moveit'
[0.248s] INFO:colcon.colcon_core.shell:Skip shell extension 'powershell' for command environment: Not usable outside of PowerShell
[0.248s] DEBUG:colcon.colcon_core.shell:Skip shell extension 'dsv' for command environment
[0.380s] INFO:colcon.colcon_core.task.python.build:Building Python package in '/home/asambhav/Storage/dumme_sim/src/dumme_controller'
[0.380s] INFO:colcon.colcon_core.shell:Skip shell extension 'powershell' for command environment: Not usable outside of PowerShell
[0.380s] DEBUG:colcon.colcon_core.shell:Skip shell extension 'dsv' for command environment
[0.388s] DEBUG:colcon.colcon_core.event_handler.log_command:Invoking command in '/home/asambhav/Storage/dumme_sim/build/dumme_moveit': CMAKE_PREFIX_PATH=/home/asambhav/Storage/dumme_sim/install/dumme_description:/home/asambhav/Storage/dumme_sim/install/dumme_moveit:/home/asambhav/Storage/dumme_sim/install/dumme_utils:/home/asambhav/Storage/dumme_sim/install/dumme_msgs:/home/asambhav/e-yantra_ws/install/ur_simulation_gz:/home/asambhav/e-yantra_ws/install/ur_description:/home/asambhav/e-yantra_ws/install/ur5_control:/home/asambhav/e-yantra_ws/install/pymoveit2:/home/asambhav/e-yantra_ws/install/linkattacher_msgs:/home/asambhav/e-yantra_ws/install/eyantra_warehouse:/home/asambhav/e-yantra_ws/install/ebot_description:/home/asambhav/Storage/dumme_sim/install/dumme_controller:/home/asambhav/e-yantra_ws/install/task_1:/opt/ros/humble /usr/bin/cmake --build /home/asambhav/Storage/dumme_sim/build/dumme_moveit -- -j18 -l18
[0.425s] DEBUG:colcon.colcon_core.event_handler.log_command:Invoked command in '/home/asambhav/Storage/dumme_sim/build/dumme_moveit' returned '0': CMAKE_PREFIX_PATH=/home/asambhav/Storage/dumme_sim/install/dumme_description:/home/asambhav/Storage/dumme_sim/install/dumme_moveit:/home/asambhav/Storage/dumme_sim/install/dumme_utils:/home/asambhav/Storage/dumme_sim/install/dumme_msgs:/home/asambhav/e-yantra_ws/install/ur_simulation_gz:/home/asambhav/e-yantra_ws/install/ur_description:/home/asambhav/e-yantra_ws/install/ur5_control:/home/asambhav/e-yantra_ws/install/pymoveit2:/home/asambhav/e-yantra_ws/install/linkattacher_msgs:/home/asambhav/e-yantra_ws/install/eyantra_warehouse:/home/asambhav/e-yantra_ws/install/ebot_description:/home/asambhav/Storage/dumme_sim/install/dumme_controller:/home/asambhav/e-yantra_ws/install/task_1:/opt/ros/humble /usr/bin/cmake --build /home/asambhav/Storage/dumme_sim/build/dumme_moveit -- -j18 -l18
[0.426s] DEBUG:colcon.colcon_core.event_handler.log_command:Invoking command in '/home/asambhav/Storage/dumme_sim/build/dumme_moveit': CMAKE_PREFIX_PATH=/home/asambhav/Storage/dumme_sim/install/dumme_description:/home/asambhav/Storage/dumme_sim/install/dumme_moveit:/home/asambhav/Storage/dumme_sim/install/dumme_utils:/home/asambhav/Storage/dumme_sim/install/dumme_msgs:/home/asambhav/e-yantra_ws/install/ur_simulation_gz:/home/asambhav/e-yantra_ws/install/ur_description:/home/asambhav/e-yantra_ws/install/ur5_control:/home/asambhav/e-yantra_ws/install/pymoveit2:/home/asambhav/e-yantra_ws/install/linkattacher_msgs:/home/asambhav/e-yantra_ws/install/eyantra_warehouse:/home/asambhav/e-yantra_ws/install/ebot_description:/home/asambhav/Storage/dumme_sim/install/dumme_controller:/home/asambhav/e-yantra_ws/install/task_1:/opt/ros/humble /usr/bin/cmake --install /home/asambhav/Storage/dumme_sim/build/dumme_moveit
[0.435s] Level 1:colcon.colcon_core.environment:create_environment_scripts_only(dumme_moveit)
[0.436s] Level 1:colcon.colcon_core.environment:checking '/home/asambhav/Storage/dumme_sim/install/dumme_moveit' for CMake module files
[0.436s] DEBUG:colcon.colcon_core.event_handler.log_command:Invoked command in '/home/asambhav/Storage/dumme_sim/build/dumme_moveit' returned '0': CMAKE_PREFIX_PATH=/home/asambhav/Storage/dumme_sim/install/dumme_description:/home/asambhav/Storage/dumme_sim/install/dumme_moveit:/home/asambhav/Storage/dumme_sim/install/dumme_utils:/home/asambhav/Storage/dumme_sim/install/dumme_msgs:/home/asambhav/e-yantra_ws/install/ur_simulation_gz:/home/asambhav/e-yantra_ws/install/ur_description:/home/asambhav/e-yantra_ws/install/ur5_control:/home/asambhav/e-yantra_ws/install/pymoveit2:/home/asambhav/e-yantra_ws/install/linkattacher_msgs:/home/asambhav/e-yantra_ws/install/eyantra_warehouse:/home/asambhav/e-yantra_ws/install/ebot_description:/home/asambhav/Storage/dumme_sim/install/dumme_controller:/home/asambhav/e-yantra_ws/install/task_1:/opt/ros/humble /usr/bin/cmake --install /home/asambhav/Storage/dumme_sim/build/dumme_moveit
[0.437s] Level 1:colcon.colcon_core.environment:checking '/home/asambhav/Storage/dumme_sim/install/dumme_moveit' for CMake config files
[0.437s] Level 1:colcon.colcon_core.shell:create_environment_hook('dumme_moveit', 'cmake_prefix_path')
[0.437s] INFO:colcon.colcon_core.shell:Creating environment hook '/home/asambhav/Storage/dumme_sim/install/dumme_moveit/share/dumme_moveit/hook/cmake_prefix_path.ps1'
[0.438s] INFO:colcon.colcon_core.shell:Creating environment descriptor '/home/asambhav/Storage/dumme_sim/install/dumme_moveit/share/dumme_moveit/hook/cmake_prefix_path.dsv'
[0.438s] INFO:colcon.colcon_core.shell:Creating environment hook '/home/asambhav/Storage/dumme_sim/install/dumme_moveit/share/dumme_moveit/hook/cmake_prefix_path.sh'
[0.438s] Level 1:colcon.colcon_core.environment:checking '/home/asambhav/Storage/dumme_sim/install/dumme_moveit/bin'
[0.439s] Level 1:colcon.colcon_core.environment:checking '/home/asambhav/Storage/dumme_sim/install/dumme_moveit/lib/pkgconfig/dumme_moveit.pc'
[0.439s] Level 1:colcon.colcon_core.environment:checking '/home/asambhav/Storage/dumme_sim/install/dumme_moveit/lib/python3.10/site-packages'
[0.439s] Level 1:colcon.colcon_core.environment:checking '/home/asambhav/Storage/dumme_sim/install/dumme_moveit/bin'
[0.439s] INFO:colcon.colcon_core.shell:Creating package script '/home/asambhav/Storage/dumme_sim/install/dumme_moveit/share/dumme_moveit/package.ps1'
[0.440s] INFO:colcon.colcon_core.shell:Creating package descriptor '/home/asambhav/Storage/dumme_sim/install/dumme_moveit/share/dumme_moveit/package.dsv'
[0.440s] INFO:colcon.colcon_core.shell:Creating package script '/home/asambhav/Storage/dumme_sim/install/dumme_moveit/share/dumme_moveit/package.sh'
[0.441s] INFO:colcon.colcon_core.shell:Creating package script '/home/asambhav/Storage/dumme_sim/install/dumme_moveit/share/dumme_moveit/package.bash'
[0.441s] INFO:colcon.colcon_core.shell:Creating package script '/home/asambhav/Storage/dumme_sim/install/dumme_moveit/share/dumme_moveit/package.zsh'
[0.441s] Level 1:colcon.colcon_core.environment:create_file_with_runtime_dependencies(/home/asambhav/Storage/dumme_sim/install/dumme_moveit/share/colcon-core/packages/dumme_moveit)
[0.442s] Level 1:colcon.colcon_core.environment:create_environment_scripts_only(dumme_moveit)
[0.442s] Level 1:colcon.colcon_core.environment:checking '/home/asambhav/Storage/dumme_sim/install/dumme_moveit' for CMake module files
[0.442s] Level 1:colcon.colcon_core.environment:checking '/home/asambhav/Storage/dumme_sim/install/dumme_moveit' for CMake config files
[0.443s] Level 1:colcon.colcon_core.shell:create_environment_hook('dumme_moveit', 'cmake_prefix_path')
[0.443s] INFO:colcon.colcon_core.shell:Creating environment hook '/home/asambhav/Storage/dumme_sim/install/dumme_moveit/share/dumme_moveit/hook/cmake_prefix_path.ps1'
[0.443s] INFO:colcon.colcon_core.shell:Creating environment descriptor '/home/asambhav/Storage/dumme_sim/install/dumme_moveit/share/dumme_moveit/hook/cmake_prefix_path.dsv'
[0.443s] INFO:colcon.colcon_core.shell:Creating environment hook '/home/asambhav/Storage/dumme_sim/install/dumme_moveit/share/dumme_moveit/hook/cmake_prefix_path.sh'
[0.444s] Level 1:colcon.colcon_core.environment:checking '/home/asambhav/Storage/dumme_sim/install/dumme_moveit/bin'
[0.444s] Level 1:colcon.colcon_core.environment:checking '/home/asambhav/Storage/dumme_sim/install/dumme_moveit/lib/pkgconfig/dumme_moveit.pc'
[0.444s] Level 1:colcon.colcon_core.environment:checking '/home/asambhav/Storage/dumme_sim/install/dumme_moveit/lib/python3.10/site-packages'
[0.444s] Level 1:colcon.colcon_core.environment:checking '/home/asambhav/Storage/dumme_sim/install/dumme_moveit/bin'
[0.445s] INFO:colcon.colcon_core.shell:Creating package script '/home/asambhav/Storage/dumme_sim/install/dumme_moveit/share/dumme_moveit/package.ps1'
[0.445s] INFO:colcon.colcon_core.shell:Creating package descriptor '/home/asambhav/Storage/dumme_sim/install/dumme_moveit/share/dumme_moveit/package.dsv'
[0.446s] INFO:colcon.colcon_core.shell:Creating package script '/home/asambhav/Storage/dumme_sim/install/dumme_moveit/share/dumme_moveit/package.sh'
[0.446s] INFO:colcon.colcon_core.shell:Creating package script '/home/asambhav/Storage/dumme_sim/install/dumme_moveit/share/dumme_moveit/package.bash'
[0.446s] INFO:colcon.colcon_core.shell:Creating package script '/home/asambhav/Storage/dumme_sim/install/dumme_moveit/share/dumme_moveit/package.zsh'
[0.447s] Level 1:colcon.colcon_core.environment:create_file_with_runtime_dependencies(/home/asambhav/Storage/dumme_sim/install/dumme_moveit/share/colcon-core/packages/dumme_moveit)
[0.459s] DEBUG:colcon.colcon_core.event_handler.log_command:Invoked command in '/home/asambhav/Storage/dumme_sim/build/dumme_msgs' returned '0': CMAKE_PREFIX_PATH=${CMAKE_PREFIX_PATH}:/home/asambhav/Storage/dumme_sim/install/dumme_controller:/home/asambhav/e-yantra_ws/install/task_1:/opt/ros/humble /usr/bin/cmake --build /home/asambhav/Storage/dumme_sim/build/dumme_msgs -- -j18 -l18
[0.462s] DEBUG:colcon.colcon_core.event_handler.log_command:Invoking command in '/home/asambhav/Storage/dumme_sim/build/dumme_msgs': CMAKE_PREFIX_PATH=${CMAKE_PREFIX_PATH}:/home/asambhav/Storage/dumme_sim/install/dumme_controller:/home/asambhav/e-yantra_ws/install/task_1:/opt/ros/humble /usr/bin/cmake --install /home/asambhav/Storage/dumme_sim/build/dumme_msgs
[0.510s] Level 1:colcon.colcon_core.environment:create_environment_scripts_only(dumme_msgs)
[0.511s] DEBUG:colcon.colcon_core.event_handler.log_command:Invoked command in '/home/asambhav/Storage/dumme_sim/build/dumme_msgs' returned '0': CMAKE_PREFIX_PATH=${CMAKE_PREFIX_PATH}:/home/asambhav/Storage/dumme_sim/install/dumme_controller:/home/asambhav/e-yantra_ws/install/task_1:/opt/ros/humble /usr/bin/cmake --install /home/asambhav/Storage/dumme_sim/build/dumme_msgs
[0.511s] Level 1:colcon.colcon_core.environment:checking '/home/asambhav/Storage/dumme_sim/install/dumme_msgs' for CMake module files
[0.512s] Level 1:colcon.colcon_core.environment:checking '/home/asambhav/Storage/dumme_sim/install/dumme_msgs' for CMake config files
[0.512s] Level 1:colcon.colcon_core.shell:create_environment_hook('dumme_msgs', 'cmake_prefix_path')
[0.513s] INFO:colcon.colcon_core.shell:Creating environment hook '/home/asambhav/Storage/dumme_sim/install/dumme_msgs/share/dumme_msgs/hook/cmake_prefix_path.ps1'
[0.513s] INFO:colcon.colcon_core.shell:Creating environment descriptor '/home/asambhav/Storage/dumme_sim/install/dumme_msgs/share/dumme_msgs/hook/cmake_prefix_path.dsv'
[0.514s] INFO:colcon.colcon_core.shell:Creating environment hook '/home/asambhav/Storage/dumme_sim/install/dumme_msgs/share/dumme_msgs/hook/cmake_prefix_path.sh'
[0.514s] Level 1:colcon.colcon_core.environment:checking '/home/asambhav/Storage/dumme_sim/install/dumme_msgs/lib'
[0.514s] Level 1:colcon.colcon_core.shell:create_environment_hook('dumme_msgs', 'ld_library_path_lib')
[0.515s] INFO:colcon.colcon_core.shell:Creating environment hook '/home/asambhav/Storage/dumme_sim/install/dumme_msgs/share/dumme_msgs/hook/ld_library_path_lib.ps1'
[0.515s] INFO:colcon.colcon_core.shell:Creating environment descriptor '/home/asambhav/Storage/dumme_sim/install/dumme_msgs/share/dumme_msgs/hook/ld_library_path_lib.dsv'
[0.515s] INFO:colcon.colcon_core.shell:Creating environment hook '/home/asambhav/Storage/dumme_sim/install/dumme_msgs/share/dumme_msgs/hook/ld_library_path_lib.sh'
[0.516s] Level 1:colcon.colcon_core.environment:checking '/home/asambhav/Storage/dumme_sim/install/dumme_msgs/bin'
[0.516s] Level 1:colcon.colcon_core.environment:checking '/home/asambhav/Storage/dumme_sim/install/dumme_msgs/lib/pkgconfig/dumme_msgs.pc'
[0.516s] Level 1:colcon.colcon_core.environment:checking '/home/asambhav/Storage/dumme_sim/install/dumme_msgs/lib/python3.10/site-packages'
[0.516s] Level 1:colcon.colcon_core.environment:checking '/home/asambhav/Storage/dumme_sim/install/dumme_msgs/bin'
[0.517s] INFO:colcon.colcon_core.shell:Creating package script '/home/asambhav/Storage/dumme_sim/install/dumme_msgs/share/dumme_msgs/package.ps1'
[0.517s] INFO:colcon.colcon_core.shell:Creating package descriptor '/home/asambhav/Storage/dumme_sim/install/dumme_msgs/share/dumme_msgs/package.dsv'
[0.518s] INFO:colcon.colcon_core.shell:Creating package script '/home/asambhav/Storage/dumme_sim/install/dumme_msgs/share/dumme_msgs/package.sh'
[0.518s] INFO:colcon.colcon_core.shell:Creating package script '/home/asambhav/Storage/dumme_sim/install/dumme_msgs/share/dumme_msgs/package.bash'
[0.518s] INFO:colcon.colcon_core.shell:Creating package script '/home/asambhav/Storage/dumme_sim/install/dumme_msgs/share/dumme_msgs/package.zsh'
[0.519s] Level 1:colcon.colcon_core.environment:create_file_with_runtime_dependencies(/home/asambhav/Storage/dumme_sim/install/dumme_msgs/share/colcon-core/packages/dumme_msgs)
[0.519s] Level 1:colcon.colcon_core.environment:create_environment_scripts_only(dumme_msgs)
[0.519s] Level 1:colcon.colcon_core.environment:checking '/home/asambhav/Storage/dumme_sim/install/dumme_msgs' for CMake module files
[0.520s] Level 1:colcon.colcon_core.environment:checking '/home/asambhav/Storage/dumme_sim/install/dumme_msgs' for CMake config files
[0.520s] Level 1:colcon.colcon_core.shell:create_environment_hook('dumme_msgs', 'cmake_prefix_path')
[0.521s] INFO:colcon.colcon_core.shell:Creating environment hook '/home/asambhav/Storage/dumme_sim/install/dumme_msgs/share/dumme_msgs/hook/cmake_prefix_path.ps1'
[0.521s] INFO:colcon.colcon_core.shell:Creating environment descriptor '/home/asambhav/Storage/dumme_sim/install/dumme_msgs/share/dumme_msgs/hook/cmake_prefix_path.dsv'
[0.521s] INFO:colcon.colcon_core.shell:Creating environment hook '/home/asambhav/Storage/dumme_sim/install/dumme_msgs/share/dumme_msgs/hook/cmake_prefix_path.sh'
[0.522s] Level 1:colcon.colcon_core.environment:checking '/home/asambhav/Storage/dumme_sim/install/dumme_msgs/lib'
[0.522s] Level 1:colcon.colcon_core.shell:create_environment_hook('dumme_msgs', 'ld_library_path_lib')
[0.522s] INFO:colcon.colcon_core.shell:Creating environment hook '/home/asambhav/Storage/dumme_sim/install/dumme_msgs/share/dumme_msgs/hook/ld_library_path_lib.ps1'
[0.522s] INFO:colcon.colcon_core.shell:Creating environment descriptor '/home/asambhav/Storage/dumme_sim/install/dumme_msgs/share/dumme_msgs/hook/ld_library_path_lib.dsv'
[0.523s] INFO:colcon.colcon_core.shell:Creating environment hook '/home/asambhav/Storage/dumme_sim/install/dumme_msgs/share/dumme_msgs/hook/ld_library_path_lib.sh'
[0.523s] Level 1:colcon.colcon_core.environment:checking '/home/asambhav/Storage/dumme_sim/install/dumme_msgs/bin'
[0.523s] Level 1:colcon.colcon_core.environment:checking '/home/asambhav/Storage/dumme_sim/install/dumme_msgs/lib/pkgconfig/dumme_msgs.pc'
[0.523s] Level 1:colcon.colcon_core.environment:checking '/home/asambhav/Storage/dumme_sim/install/dumme_msgs/lib/python3.10/site-packages'
[0.524s] Level 1:colcon.colcon_core.environment:checking '/home/asambhav/Storage/dumme_sim/install/dumme_msgs/bin'
[0.524s] INFO:colcon.colcon_core.shell:Creating package script '/home/asambhav/Storage/dumme_sim/install/dumme_msgs/share/dumme_msgs/package.ps1'
[0.524s] INFO:colcon.colcon_core.shell:Creating package descriptor '/home/asambhav/Storage/dumme_sim/install/dumme_msgs/share/dumme_msgs/package.dsv'
[0.525s] INFO:colcon.colcon_core.shell:Creating package script '/home/asambhav/Storage/dumme_sim/install/dumme_msgs/share/dumme_msgs/package.sh'
[0.525s] INFO:colcon.colcon_core.shell:Creating package script '/home/asambhav/Storage/dumme_sim/install/dumme_msgs/share/dumme_msgs/package.bash'
[0.526s] INFO:colcon.colcon_core.shell:Creating package script '/home/asambhav/Storage/dumme_sim/install/dumme_msgs/share/dumme_msgs/package.zsh'
[0.526s] Level 1:colcon.colcon_core.environment:create_file_with_runtime_dependencies(/home/asambhav/Storage/dumme_sim/install/dumme_msgs/share/colcon-core/packages/dumme_msgs)
[0.526s] INFO:colcon.colcon_ros.task.ament_cmake.build:Building ROS package in '/home/asambhav/Storage/dumme_sim/src/dumme_utils' with build type 'ament_cmake'
[0.526s] INFO:colcon.colcon_cmake.task.cmake.build:Building CMake package in '/home/asambhav/Storage/dumme_sim/src/dumme_utils'
[0.526s] INFO:colcon.colcon_core.shell:Skip shell extension 'powershell' for command environment: Not usable outside of PowerShell
[0.526s] DEBUG:colcon.colcon_core.shell:Skip shell extension 'dsv' for command environment
[0.536s] DEBUG:colcon.colcon_core.event_handler.log_command:Invoking command in '/home/asambhav/Storage/dumme_sim/build/dumme_utils': CMAKE_PREFIX_PATH=/home/asambhav/Storage/dumme_sim/install/dumme_msgs:/home/asambhav/Storage/dumme_sim/install/dumme_moveit:/home/asambhav/Storage/dumme_sim/install/dumme_utils:/home/asambhav/Storage/dumme_sim/install/dumme_description:/home/asambhav/e-yantra_ws/install/ur_simulation_gz:/home/asambhav/e-yantra_ws/install/ur_description:/home/asambhav/e-yantra_ws/install/ur5_control:/home/asambhav/e-yantra_ws/install/pymoveit2:/home/asambhav/e-yantra_ws/install/linkattacher_msgs:/home/asambhav/e-yantra_ws/install/eyantra_warehouse:/home/asambhav/e-yantra_ws/install/ebot_description:/home/asambhav/Storage/dumme_sim/install/dumme_controller:/home/asambhav/e-yantra_ws/install/task_1:/opt/ros/humble /usr/bin/cmake --build /home/asambhav/Storage/dumme_sim/build/dumme_utils -- -j18 -l18
[0.679s] DEBUG:colcon.colcon_core.task.python.build:Available setuptools commands: sdist, install, easy_install, bdist_dumb, build_clib, build_py, bdist_egg, check, bdist_rpm, dist_info, build_ext, symlink_data, clean, install_scripts, setopt, compile_catalog, install_headers, rotate, init_catalog, editable_wheel, update_catalog, build_scripts, saveopts, develop, install_egg_info, install_lib, bdist, bdist_wheel, alias, install_data, build, egg_info, extract_messages
[0.681s] DEBUG:colcon.colcon_core.event_handler.log_command:Invoking command in '/home/asambhav/Storage/dumme_sim/src/dumme_controller': CMAKE_PREFIX_PATH=/home/asambhav/Storage/dumme_sim/install/dumme_description:/home/asambhav/Storage/dumme_sim/install/dumme_moveit:/home/asambhav/Storage/dumme_sim/install/dumme_utils:/home/asambhav/Storage/dumme_sim/install/dumme_msgs:/home/asambhav/e-yantra_ws/install/ur_simulation_gz:/home/asambhav/e-yantra_ws/install/ur_description:/home/asambhav/e-yantra_ws/install/ur5_control:/home/asambhav/e-yantra_ws/install/pymoveit2:/home/asambhav/e-yantra_ws/install/linkattacher_msgs:/home/asambhav/e-yantra_ws/install/eyantra_warehouse:/home/asambhav/e-yantra_ws/install/ebot_description PYTHONPATH=/home/asambhav/Storage/dumme_sim/build/dumme_controller/prefix_override:/usr/lib/python3/dist-packages/colcon_core/task/python/colcon_distutils_commands:/home/asambhav/Storage/dumme_sim/install/dumme_controller/lib/python3.10/site-packages:${PYTHONPATH} /usr/bin/python3 -W ignore:setup.py install is deprecated -W ignore:easy_install command is deprecated setup.py egg_info --egg-base ../../build/dumme_controller build --build-base /home/asambhav/Storage/dumme_sim/build/dumme_controller/build install --record /home/asambhav/Storage/dumme_sim/build/dumme_controller/install.log --install-scripts $base/lib/dumme_controller --single-version-externally-managed install_data
[0.822s] DEBUG:colcon.colcon_core.event_handler.log_command:Invoked command in '/home/asambhav/Storage/dumme_sim/build/dumme_utils' returned '0': CMAKE_PREFIX_PATH=/home/asambhav/Storage/dumme_sim/install/dumme_msgs:/home/asambhav/Storage/dumme_sim/install/dumme_moveit:/home/asambhav/Storage/dumme_sim/install/dumme_utils:/home/asambhav/Storage/dumme_sim/install/dumme_description:/home/asambhav/e-yantra_ws/install/ur_simulation_gz:/home/asambhav/e-yantra_ws/install/ur_description:/home/asambhav/e-yantra_ws/install/ur5_control:/home/asambhav/e-yantra_ws/install/pymoveit2:/home/asambhav/e-yantra_ws/install/linkattacher_msgs:/home/asambhav/e-yantra_ws/install/eyantra_warehouse:/home/asambhav/e-yantra_ws/install/ebot_description:/home/asambhav/Storage/dumme_sim/install/dumme_controller:/home/asambhav/e-yantra_ws/install/task_1:/opt/ros/humble /usr/bin/cmake --build /home/asambhav/Storage/dumme_sim/build/dumme_utils -- -j18 -l18
[0.824s] DEBUG:colcon.colcon_core.event_handler.log_command:Invoking command in '/home/asambhav/Storage/dumme_sim/build/dumme_utils': CMAKE_PREFIX_PATH=/home/asambhav/Storage/dumme_sim/install/dumme_msgs:/home/asambhav/Storage/dumme_sim/install/dumme_moveit:/home/asambhav/Storage/dumme_sim/install/dumme_utils:/home/asambhav/Storage/dumme_sim/install/dumme_description:/home/asambhav/e-yantra_ws/install/ur_simulation_gz:/home/asambhav/e-yantra_ws/install/ur_description:/home/asambhav/e-yantra_ws/install/ur5_control:/home/asambhav/e-yantra_ws/install/pymoveit2:/home/asambhav/e-yantra_ws/install/linkattacher_msgs:/home/asambhav/e-yantra_ws/install/eyantra_warehouse:/home/asambhav/e-yantra_ws/install/ebot_description:/home/asambhav/Storage/dumme_sim/install/dumme_controller:/home/asambhav/e-yantra_ws/install/task_1:/opt/ros/humble /usr/bin/cmake --install /home/asambhav/Storage/dumme_sim/build/dumme_utils
[0.860s] Level 1:colcon.colcon_core.environment:create_environment_scripts_only(dumme_utils)
[0.860s] Level 1:colcon.colcon_core.environment:checking '/home/asambhav/Storage/dumme_sim/install/dumme_utils' for CMake module files
[0.861s] DEBUG:colcon.colcon_core.event_handler.log_command:Invoked command in '/home/asambhav/Storage/dumme_sim/build/dumme_utils' returned '0': CMAKE_PREFIX_PATH=/home/asambhav/Storage/dumme_sim/install/dumme_msgs:/home/asambhav/Storage/dumme_sim/install/dumme_moveit:/home/asambhav/Storage/dumme_sim/install/dumme_utils:/home/asambhav/Storage/dumme_sim/install/dumme_description:/home/asambhav/e-yantra_ws/install/ur_simulation_gz:/home/asambhav/e-yantra_ws/install/ur_description:/home/asambhav/e-yantra_ws/install/ur5_control:/home/asambhav/e-yantra_ws/install/pymoveit2:/home/asambhav/e-yantra_ws/install/linkattacher_msgs:/home/asambhav/e-yantra_ws/install/eyantra_warehouse:/home/asambhav/e-yantra_ws/install/ebot_description:/home/asambhav/Storage/dumme_sim/install/dumme_controller:/home/asambhav/e-yantra_ws/install/task_1:/opt/ros/humble /usr/bin/cmake --install /home/asambhav/Storage/dumme_sim/build/dumme_utils
[0.861s] Level 1:colcon.colcon_core.environment:checking '/home/asambhav/Storage/dumme_sim/install/dumme_utils' for CMake config files
[0.861s] Level 1:colcon.colcon_core.shell:create_environment_hook('dumme_utils', 'cmake_prefix_path')
[0.862s] INFO:colcon.colcon_core.shell:Creating environment hook '/home/asambhav/Storage/dumme_sim/install/dumme_utils/share/dumme_utils/hook/cmake_prefix_path.ps1'
[0.862s] INFO:colcon.colcon_core.shell:Creating environment descriptor '/home/asambhav/Storage/dumme_sim/install/dumme_utils/share/dumme_utils/hook/cmake_prefix_path.dsv'
[0.862s] INFO:colcon.colcon_core.shell:Creating environment hook '/home/asambhav/Storage/dumme_sim/install/dumme_utils/share/dumme_utils/hook/cmake_prefix_path.sh'
[0.863s] Level 1:colcon.colcon_core.environment:checking '/home/asambhav/Storage/dumme_sim/install/dumme_utils/lib'
[0.863s] Level 1:colcon.colcon_core.environment:checking '/home/asambhav/Storage/dumme_sim/install/dumme_utils/bin'
[0.863s] Level 1:colcon.colcon_core.environment:checking '/home/asambhav/Storage/dumme_sim/install/dumme_utils/lib/pkgconfig/dumme_utils.pc'
[0.863s] Level 1:colcon.colcon_core.environment:checking '/home/asambhav/Storage/dumme_sim/install/dumme_utils/lib/python3.10/site-packages'
[0.864s] Level 1:colcon.colcon_core.environment:checking '/home/asambhav/Storage/dumme_sim/install/dumme_utils/bin'
[0.864s] INFO:colcon.colcon_core.shell:Creating package script '/home/asambhav/Storage/dumme_sim/install/dumme_utils/share/dumme_utils/package.ps1'
[0.865s] INFO:colcon.colcon_core.shell:Creating package descriptor '/home/asambhav/Storage/dumme_sim/install/dumme_utils/share/dumme_utils/package.dsv'
[0.865s] INFO:colcon.colcon_core.shell:Creating package script '/home/asambhav/Storage/dumme_sim/install/dumme_utils/share/dumme_utils/package.sh'
[0.865s] INFO:colcon.colcon_core.shell:Creating package script '/home/asambhav/Storage/dumme_sim/install/dumme_utils/share/dumme_utils/package.bash'
[0.866s] INFO:colcon.colcon_core.shell:Creating package script '/home/asambhav/Storage/dumme_sim/install/dumme_utils/share/dumme_utils/package.zsh'
[0.866s] Level 1:colcon.colcon_core.environment:create_file_with_runtime_dependencies(/home/asambhav/Storage/dumme_sim/install/dumme_utils/share/colcon-core/packages/dumme_utils)
[0.867s] Level 1:colcon.colcon_core.environment:create_environment_scripts_only(dumme_utils)
[0.867s] Level 1:colcon.colcon_core.environment:checking '/home/asambhav/Storage/dumme_sim/install/dumme_utils' for CMake module files
[0.867s] Level 1:colcon.colcon_core.environment:checking '/home/asambhav/Storage/dumme_sim/install/dumme_utils' for CMake config files
[0.868s] Level 1:colcon.colcon_core.shell:create_environment_hook('dumme_utils', 'cmake_prefix_path')
[0.868s] INFO:colcon.colcon_core.shell:Creating environment hook '/home/asambhav/Storage/dumme_sim/install/dumme_utils/share/dumme_utils/hook/cmake_prefix_path.ps1'
[0.868s] INFO:colcon.colcon_core.shell:Creating environment descriptor '/home/asambhav/Storage/dumme_sim/install/dumme_utils/share/dumme_utils/hook/cmake_prefix_path.dsv'
[0.869s] INFO:colcon.colcon_core.shell:Creating environment hook '/home/asambhav/Storage/dumme_sim/install/dumme_utils/share/dumme_utils/hook/cmake_prefix_path.sh'
[0.869s] Level 1:colcon.colcon_core.environment:checking '/home/asambhav/Storage/dumme_sim/install/dumme_utils/lib'
[0.869s] Level 1:colcon.colcon_core.environment:checking '/home/asambhav/Storage/dumme_sim/install/dumme_utils/bin'
[0.869s] Level 1:colcon.colcon_core.environment:checking '/home/asambhav/Storage/dumme_sim/install/dumme_utils/lib/pkgconfig/dumme_utils.pc'
[0.869s] Level 1:colcon.colcon_core.environment:checking '/home/asambhav/Storage/dumme_sim/install/dumme_utils/lib/python3.10/site-packages'
[0.870s] Level 1:colcon.colcon_core.environment:checking '/home/asambhav/Storage/dumme_sim/install/dumme_utils/bin'
[0.870s] INFO:colcon.colcon_core.shell:Creating package script '/home/asambhav/Storage/dumme_sim/install/dumme_utils/share/dumme_utils/package.ps1'
[0.871s] INFO:colcon.colcon_core.shell:Creating package descriptor '/home/asambhav/Storage/dumme_sim/install/dumme_utils/share/dumme_utils/package.dsv'
[0.871s] INFO:colcon.colcon_core.shell:Creating package script '/home/asambhav/Storage/dumme_sim/install/dumme_utils/share/dumme_utils/package.sh'
[0.872s] INFO:colcon.colcon_core.shell:Creating package script '/home/asambhav/Storage/dumme_sim/install/dumme_utils/share/dumme_utils/package.bash'
[0.872s] INFO:colcon.colcon_core.shell:Creating package script '/home/asambhav/Storage/dumme_sim/install/dumme_utils/share/dumme_utils/package.zsh'
[0.872s] Level 1:colcon.colcon_core.environment:create_file_with_runtime_dependencies(/home/asambhav/Storage/dumme_sim/install/dumme_utils/share/colcon-core/packages/dumme_utils)
[0.934s] Level 1:colcon.colcon_core.environment:checking '/home/asambhav/Storage/dumme_sim/install/dumme_controller' for CMake module files
[0.934s] DEBUG:colcon.colcon_core.event_handler.log_command:Invoked command in '/home/asambhav/Storage/dumme_sim/src/dumme_controller' returned '0': CMAKE_PREFIX_PATH=/home/asambhav/Storage/dumme_sim/install/dumme_description:/home/asambhav/Storage/dumme_sim/install/dumme_moveit:/home/asambhav/Storage/dumme_sim/install/dumme_utils:/home/asambhav/Storage/dumme_sim/install/dumme_msgs:/home/asambhav/e-yantra_ws/install/ur_simulation_gz:/home/asambhav/e-yantra_ws/install/ur_description:/home/asambhav/e-yantra_ws/install/ur5_control:/home/asambhav/e-yantra_ws/install/pymoveit2:/home/asambhav/e-yantra_ws/install/linkattacher_msgs:/home/asambhav/e-yantra_ws/install/eyantra_warehouse:/home/asambhav/e-yantra_ws/install/ebot_description PYTHONPATH=/home/asambhav/Storage/dumme_sim/build/dumme_controller/prefix_override:/usr/lib/python3/dist-packages/colcon_core/task/python/colcon_distutils_commands:/home/asambhav/Storage/dumme_sim/install/dumme_controller/lib/python3.10/site-packages:${PYTHONPATH} /usr/bin/python3 -W ignore:setup.py install is deprecated -W ignore:easy_install command is deprecated setup.py egg_info --egg-base ../../build/dumme_controller build --build-base /home/asambhav/Storage/dumme_sim/build/dumme_controller/build install --record /home/asambhav/Storage/dumme_sim/build/dumme_controller/install.log --install-scripts $base/lib/dumme_controller --single-version-externally-managed install_data
[0.934s] Level 1:colcon.colcon_core.environment:checking '/home/asambhav/Storage/dumme_sim/install/dumme_controller' for CMake config files
[0.935s] Level 1:colcon.colcon_core.environment:checking '/home/asambhav/Storage/dumme_sim/install/dumme_controller/lib'
[0.935s] Level 1:colcon.colcon_core.environment:checking '/home/asambhav/Storage/dumme_sim/install/dumme_controller/bin'
[0.935s] Level 1:colcon.colcon_core.environment:checking '/home/asambhav/Storage/dumme_sim/install/dumme_controller/lib/pkgconfig/dumme_controller.pc'
[0.935s] Level 1:colcon.colcon_core.environment:checking '/home/asambhav/Storage/dumme_sim/install/dumme_controller/lib/python3.10/site-packages'
[0.935s] Level 1:colcon.colcon_core.shell:create_environment_hook('dumme_controller', 'pythonpath')
[0.935s] INFO:colcon.colcon_core.shell:Creating environment hook '/home/asambhav/Storage/dumme_sim/install/dumme_controller/share/dumme_controller/hook/pythonpath.ps1'
[0.936s] INFO:colcon.colcon_core.shell:Creating environment descriptor '/home/asambhav/Storage/dumme_sim/install/dumme_controller/share/dumme_controller/hook/pythonpath.dsv'
[0.936s] INFO:colcon.colcon_core.shell:Creating environment hook '/home/asambhav/Storage/dumme_sim/install/dumme_controller/share/dumme_controller/hook/pythonpath.sh'
[0.936s] Level 1:colcon.colcon_core.environment:checking '/home/asambhav/Storage/dumme_sim/install/dumme_controller/bin'
[0.936s] Level 1:colcon.colcon_core.environment:create_environment_scripts_only(dumme_controller)
[0.936s] INFO:colcon.colcon_core.shell:Creating package script '/home/asambhav/Storage/dumme_sim/install/dumme_controller/share/dumme_controller/package.ps1'
[0.937s] INFO:colcon.colcon_core.shell:Creating package descriptor '/home/asambhav/Storage/dumme_sim/install/dumme_controller/share/dumme_controller/package.dsv'
[0.937s] INFO:colcon.colcon_core.shell:Creating package script '/home/asambhav/Storage/dumme_sim/install/dumme_controller/share/dumme_controller/package.sh'
[0.937s] INFO:colcon.colcon_core.shell:Creating package script '/home/asambhav/Storage/dumme_sim/install/dumme_controller/share/dumme_controller/package.bash'
[0.937s] INFO:colcon.colcon_core.shell:Creating package script '/home/asambhav/Storage/dumme_sim/install/dumme_controller/share/dumme_controller/package.zsh'
[0.938s] Level 1:colcon.colcon_core.environment:create_file_with_runtime_dependencies(/home/asambhav/Storage/dumme_sim/install/dumme_controller/share/colcon-core/packages/dumme_controller)
[0.938s] DEBUG:colcon.colcon_parallel_executor.executor.parallel:closing loop
[0.938s] DEBUG:colcon.colcon_parallel_executor.executor.parallel:loop closed
[0.938s] DEBUG:colcon.colcon_parallel_executor.executor.parallel:run_until_complete finished with '0'
[0.938s] DEBUG:colcon.colcon_core.event_reactor:joining thread
[0.942s] INFO:colcon.colcon_core.plugin_system:Skipping extension 'colcon_notification.desktop_notification.terminal_notifier': Not used on non-Darwin systems
[0.942s] INFO:colcon.colcon_core.plugin_system:Skipping extension 'colcon_notification.desktop_notification.win32': Not used on non-Windows systems
[0.942s] INFO:colcon.colcon_notification.desktop_notification:Sending desktop notification using 'notify2'
[0.953s] DEBUG:colcon.colcon_core.event_reactor:joined thread
[0.953s] INFO:colcon.colcon_core.shell:Creating prefix script '/home/asambhav/Storage/dumme_sim/install/local_setup.ps1'
[0.954s] INFO:colcon.colcon_core.shell:Creating prefix util module '/home/asambhav/Storage/dumme_sim/install/_local_setup_util_ps1.py'
[0.955s] INFO:colcon.colcon_core.shell:Creating prefix chain script '/home/asambhav/Storage/dumme_sim/install/setup.ps1'
[0.956s] INFO:colcon.colcon_core.shell:Creating prefix script '/home/asambhav/Storage/dumme_sim/install/local_setup.sh'
[0.956s] INFO:colcon.colcon_core.shell:Creating prefix util module '/home/asambhav/Storage/dumme_sim/install/_local_setup_util_sh.py'
[0.956s] INFO:colcon.colcon_core.shell:Creating prefix chain script '/home/asambhav/Storage/dumme_sim/install/setup.sh'
[0.957s] INFO:colcon.colcon_core.shell:Creating prefix script '/home/asambhav/Storage/dumme_sim/install/local_setup.bash'
[0.957s] INFO:colcon.colcon_core.shell:Creating prefix chain script '/home/asambhav/Storage/dumme_sim/install/setup.bash'
[0.958s] INFO:colcon.colcon_core.shell:Creating prefix script '/home/asambhav/Storage/dumme_sim/install/local_setup.zsh'
[0.958s] INFO:colcon.colcon_core.shell:Creating prefix chain script '/home/asambhav/Storage/dumme_sim/install/setup.zsh'
