[  0%] Built target ament_cmake_python_copy_dumme_utils
[100%] Built target angle_conversion
running egg_info
writing dumme_utils.egg-info/PKG-INFO
writing dependency_links to dumme_utils.egg-info/dependency_links.txt
writing top-level names to dumme_utils.egg-info/top_level.txt
reading manifest file 'dumme_utils.egg-info/SOURCES.txt'
writing manifest file 'dumme_utils.egg-info/SOURCES.txt'
[100%] Built target ament_cmake_python_build_dumme_utils_egg
-- Install configuration: ""
-- Up-to-date: /home/asambhav/Storage/dumme_sim/install/dumme_utils/share/dumme_utils/environment/pythonpath.sh
-- Up-to-date: /home/asambhav/Storage/dumme_sim/install/dumme_utils/share/dumme_utils/environment/pythonpath.dsv
-- Up-to-date: /home/asambhav/Storage/dumme_sim/install/dumme_utils/local/lib/python3.10/dist-packages/dumme_utils-0.0.1-py3.10.egg-info
-- Installing: /home/asambhav/Storage/dumme_sim/install/dumme_utils/local/lib/python3.10/dist-packages/dumme_utils-0.0.1-py3.10.egg-info/SOURCES.txt
-- Installing: /home/asambhav/Storage/dumme_sim/install/dumme_utils/local/lib/python3.10/dist-packages/dumme_utils-0.0.1-py3.10.egg-info/dependency_links.txt
-- Installing: /home/asambhav/Storage/dumme_sim/install/dumme_utils/local/lib/python3.10/dist-packages/dumme_utils-0.0.1-py3.10.egg-info/PKG-INFO
-- Installing: /home/asambhav/Storage/dumme_sim/install/dumme_utils/local/lib/python3.10/dist-packages/dumme_utils-0.0.1-py3.10.egg-info/top_level.txt
-- Up-to-date: /home/asambhav/Storage/dumme_sim/install/dumme_utils/local/lib/python3.10/dist-packages/dumme_utils
-- Up-to-date: /home/asambhav/Storage/dumme_sim/install/dumme_utils/local/lib/python3.10/dist-packages/dumme_utils/angle_conversion.py
-- Up-to-date: /home/asambhav/Storage/dumme_sim/install/dumme_utils/local/lib/python3.10/dist-packages/dumme_utils/__init__.py
Listing '/home/asambhav/Storage/dumme_sim/install/dumme_utils/local/lib/python3.10/dist-packages/dumme_utils'...
-- Up-to-date: /home/asambhav/Storage/dumme_sim/install/dumme_utils/lib/dumme_utils/angle_conversion
-- Up-to-date: /home/asambhav/Storage/dumme_sim/install/dumme_utils/lib/dumme_utils/angle_conversion.py
-- Up-to-date: /home/asambhav/Storage/dumme_sim/install/dumme_utils/share/ament_index/resource_index/package_run_dependencies/dumme_utils
-- Up-to-date: /home/asambhav/Storage/dumme_sim/install/dumme_utils/share/ament_index/resource_index/parent_prefix_path/dumme_utils
-- Up-to-date: /home/asambhav/Storage/dumme_sim/install/dumme_utils/share/dumme_utils/environment/ament_prefix_path.sh
-- Up-to-date: /home/asambhav/Storage/dumme_sim/install/dumme_utils/share/dumme_utils/environment/ament_prefix_path.dsv
-- Up-to-date: /home/asambhav/Storage/dumme_sim/install/dumme_utils/share/dumme_utils/environment/path.sh
-- Up-to-date: /home/asambhav/Storage/dumme_sim/install/dumme_utils/share/dumme_utils/environment/path.dsv
-- Up-to-date: /home/asambhav/Storage/dumme_sim/install/dumme_utils/share/dumme_utils/local_setup.bash
-- Up-to-date: /home/asambhav/Storage/dumme_sim/install/dumme_utils/share/dumme_utils/local_setup.sh
-- Up-to-date: /home/asambhav/Storage/dumme_sim/install/dumme_utils/share/dumme_utils/local_setup.zsh
-- Up-to-date: /home/asambhav/Storage/dumme_sim/install/dumme_utils/share/dumme_utils/local_setup.dsv
-- Installing: /home/asambhav/Storage/dumme_sim/install/dumme_utils/share/dumme_utils/package.dsv
-- Up-to-date: /home/asambhav/Storage/dumme_sim/install/dumme_utils/share/ament_index/resource_index/packages/dumme_utils
-- Up-to-date: /home/asambhav/Storage/dumme_sim/install/dumme_utils/share/dumme_utils/cmake/dumme_utilsConfig.cmake
-- Up-to-date: /home/asambhav/Storage/dumme_sim/install/dumme_utils/share/dumme_utils/cmake/dumme_utilsConfig-version.cmake
-- Up-to-date: /home/asambhav/Storage/dumme_sim/install/dumme_utils/share/dumme_utils/package.xml
