[0.439s] Invoking command in '/home/asambhav/Storage/dumme_sim/dumme_controller': PYTHONPATH=/home/asambhav/Storage/dumme_sim/build/dumme_controller/prefix_override:/usr/lib/python3/dist-packages/colcon_core/task/python/colcon_distutils_commands:/home/asambhav/Storage/dumme_sim/install/dumme_controller/lib/python3.10/site-packages:${PYTHONPATH} /usr/bin/python3 -W ignore:setup.py install is deprecated -W ignore:easy_install command is deprecated setup.py egg_info --egg-base ../build/dumme_controller build --build-base /home/asambhav/Storage/dumme_sim/build/dumme_controller/build install --record /home/asambhav/Storage/dumme_sim/build/dumme_controller/install.log --single-version-externally-managed install_data
[0.592s] running egg_info
[0.601s] writing ../build/dumme_controller/dumme_controller.egg-info/PKG-INFO
[0.601s] writing dependency_links to ../build/dumme_controller/dumme_controller.egg-info/dependency_links.txt
[0.601s] writing requirements to ../build/dumme_controller/dumme_controller.egg-info/requires.txt
[0.602s] writing top-level names to ../build/dumme_controller/dumme_controller.egg-info/top_level.txt
[0.620s] reading manifest file '../build/dumme_controller/dumme_controller.egg-info/SOURCES.txt'
[0.621s] writing manifest file '../build/dumme_controller/dumme_controller.egg-info/SOURCES.txt'
[0.621s] running build
[0.621s] running build_py
[0.621s] copying dumme_controller/__init__.py -> /home/asambhav/Storage/dumme_sim/build/dumme_controller/build/lib/dumme_controller
[0.621s] running install
[0.624s] running install_lib
[0.634s] running install_data
[0.634s] copying resource/dumme_controller -> /home/asambhav/Storage/dumme_sim/install/dumme_controller/share/ament_index/resource_index/packages
[0.634s] copying package.xml -> /home/asambhav/Storage/dumme_sim/install/dumme_controller/share/dumme_controller
[0.634s] copying launch/controller.launch.py -> /home/asambhav/Storage/dumme_sim/install/dumme_controller/share/dumme_controller/launch
[0.634s] copying config/dumme_controllers.yaml -> /home/asambhav/Storage/dumme_sim/install/dumme_controller/share/dumme_controller/config
[0.634s] running install_egg_info
[0.644s] removing '/home/asambhav/Storage/dumme_sim/install/dumme_controller/lib/python3.10/site-packages/dumme_controller-0.0.1-py3.10.egg-info' (and everything under it)
[0.644s] Copying ../build/dumme_controller/dumme_controller.egg-info to /home/asambhav/Storage/dumme_sim/install/dumme_controller/lib/python3.10/site-packages/dumme_controller-0.0.1-py3.10.egg-info
[0.645s] running install_scripts
[0.664s] writing list of installed files to '/home/asambhav/Storage/dumme_sim/build/dumme_controller/install.log'
[0.680s] Invoked command in '/home/asambhav/Storage/dumme_sim/dumme_controller' returned '0': PYTHONPATH=/home/asambhav/Storage/dumme_sim/build/dumme_controller/prefix_override:/usr/lib/python3/dist-packages/colcon_core/task/python/colcon_distutils_commands:/home/asambhav/Storage/dumme_sim/install/dumme_controller/lib/python3.10/site-packages:${PYTHONPATH} /usr/bin/python3 -W ignore:setup.py install is deprecated -W ignore:easy_install command is deprecated setup.py egg_info --egg-base ../build/dumme_controller build --build-base /home/asambhav/Storage/dumme_sim/build/dumme_controller/build install --record /home/asambhav/Storage/dumme_sim/build/dumme_controller/install.log --single-version-externally-managed install_data
