[0.469s] Invoking command in '/home/asambhav/Storage/dumme_sim/dumme_controller': PYTHONPATH=/home/asambhav/Storage/dumme_sim/build/dumme_controller/prefix_override:/usr/lib/python3/dist-packages/colcon_core/task/python/colcon_distutils_commands:/home/asambhav/Storage/dumme_sim/install/dumme_controller/lib/python3.10/site-packages:${PYTHONPATH} /usr/bin/python3 -W ignore:setup.py install is deprecated -W ignore:easy_install command is deprecated setup.py egg_info --egg-base ../build/dumme_controller build --build-base /home/asambhav/Storage/dumme_sim/build/dumme_controller/build install --record /home/asambhav/Storage/dumme_sim/build/dumme_controller/install.log --single-version-externally-managed install_data
[0.616s] running egg_info
[0.625s] creating ../build/dumme_controller/dumme_controller.egg-info
[0.625s] writing ../build/dumme_controller/dumme_controller.egg-info/PKG-INFO
[0.626s] writing dependency_links to ../build/dumme_controller/dumme_controller.egg-info/dependency_links.txt
[0.626s] writing requirements to ../build/dumme_controller/dumme_controller.egg-info/requires.txt
[0.626s] writing top-level names to ../build/dumme_controller/dumme_controller.egg-info/top_level.txt
[0.626s] writing manifest file '../build/dumme_controller/dumme_controller.egg-info/SOURCES.txt'
[0.645s] reading manifest file '../build/dumme_controller/dumme_controller.egg-info/SOURCES.txt'
[0.645s] writing manifest file '../build/dumme_controller/dumme_controller.egg-info/SOURCES.txt'
[0.646s] running build
[0.646s] running build_py
[0.646s] creating /home/asambhav/Storage/dumme_sim/build/dumme_controller/build/lib/dumme_controller
[0.646s] copying dumme_controller/__init__.py -> /home/asambhav/Storage/dumme_sim/build/dumme_controller/build/lib/dumme_controller
[0.646s] running install
[0.648s] running install_lib
[0.658s] creating /home/asambhav/Storage/dumme_sim/install/dumme_controller/lib/python3.10/site-packages/dumme_controller
[0.658s] copying /home/asambhav/Storage/dumme_sim/build/dumme_controller/build/lib/dumme_controller/__init__.py -> /home/asambhav/Storage/dumme_sim/install/dumme_controller/lib/python3.10/site-packages/dumme_controller
[0.659s] byte-compiling /home/asambhav/Storage/dumme_sim/install/dumme_controller/lib/python3.10/site-packages/dumme_controller/__init__.py to __init__.cpython-310.pyc
[0.659s] running install_data
[0.659s] creating /home/asambhav/Storage/dumme_sim/install/dumme_controller/share/ament_index/resource_index/packages
[0.660s] copying resource/dumme_controller -> /home/asambhav/Storage/dumme_sim/install/dumme_controller/share/ament_index/resource_index/packages
[0.660s] copying package.xml -> /home/asambhav/Storage/dumme_sim/install/dumme_controller/share/dumme_controller
[0.660s] creating /home/asambhav/Storage/dumme_sim/install/dumme_controller/share/dumme_controller/launch
[0.660s] copying launch/controller.launch.py -> /home/asambhav/Storage/dumme_sim/install/dumme_controller/share/dumme_controller/launch
[0.660s] creating /home/asambhav/Storage/dumme_sim/install/dumme_controller/share/dumme_controller/config
[0.660s] copying config/dumme_controllers.yaml -> /home/asambhav/Storage/dumme_sim/install/dumme_controller/share/dumme_controller/config
[0.661s] running install_egg_info
[0.669s] Copying ../build/dumme_controller/dumme_controller.egg-info to /home/asambhav/Storage/dumme_sim/install/dumme_controller/lib/python3.10/site-packages/dumme_controller-0.0.1-py3.10.egg-info
[0.670s] running install_scripts
[0.689s] writing list of installed files to '/home/asambhav/Storage/dumme_sim/build/dumme_controller/install.log'
[0.704s] Invoked command in '/home/asambhav/Storage/dumme_sim/dumme_controller' returned '0': PYTHONPATH=/home/asambhav/Storage/dumme_sim/build/dumme_controller/prefix_override:/usr/lib/python3/dist-packages/colcon_core/task/python/colcon_distutils_commands:/home/asambhav/Storage/dumme_sim/install/dumme_controller/lib/python3.10/site-packages:${PYTHONPATH} /usr/bin/python3 -W ignore:setup.py install is deprecated -W ignore:easy_install command is deprecated setup.py egg_info --egg-base ../build/dumme_controller build --build-base /home/asambhav/Storage/dumme_sim/build/dumme_controller/build install --record /home/asambhav/Storage/dumme_sim/build/dumme_controller/install.log --single-version-externally-managed install_data
