[  2%] Built target dumme_msgs__rs
[  5%] Built target dumme_msgs__cpp
[ 15%] Built target dumme_msgs__rosidl_generator_c
[ 15%] Built target ament_cmake_python_copy_dumme_msgs
[ 25%] Built target dumme_msgs__rosidl_typesupport_introspection_c
[ 35%] Built target dumme_msgs__rosidl_typesupport_fastrtps_cpp
[ 45%] Built target dumme_msgs__rosidl_typesupport_c
[ 55%] Built target dumme_msgs__rosidl_typesupport_introspection_cpp
[ 65%] Built target dumme_msgs__rosidl_typesupport_fastrtps_c
[ 75%] Built target dumme_msgs__rosidl_typesupport_cpp
[ 75%] Built target dumme_msgs
[ 77%] Built target dumme_msgs__py
[ 85%] Built target dumme_msgs__rosidl_generator_py
[ 90%] Built target dumme_msgs__rosidl_typesupport_c__pyext
[100%] Built target dumme_msgs__rosidl_typesupport_fastrtps_c__pyext
[100%] Built target dumme_msgs__rosidl_typesupport_introspection_c__pyext
running egg_info
writing dumme_msgs.egg-info/PKG-INFO
writing dependency_links to dumme_msgs.egg-info/dependency_links.txt
writing top-level names to dumme_msgs.egg-info/top_level.txt
reading manifest file 'dumme_msgs.egg-info/SOURCES.txt'
writing manifest file 'dumme_msgs.egg-info/SOURCES.txt'
[100%] Built target ament_cmake_python_build_dumme_msgs_egg
-- Install configuration: ""
-- Up-to-date: /home/asambhav/Storage/dumme_sim/install/dumme_msgs/share/ament_index/resource_index/rosidl_interfaces/dumme_msgs
-- Up-to-date: /home/asambhav/Storage/dumme_sim/install/dumme_msgs/include/dumme_msgs/dumme_msgs
-- Up-to-date: /home/asambhav/Storage/dumme_sim/install/dumme_msgs/include/dumme_msgs/dumme_msgs/msg
-- Up-to-date: /home/asambhav/Storage/dumme_sim/install/dumme_msgs/include/dumme_msgs/dumme_msgs/msg/rosidl_generator_c__visibility_control.h
-- Up-to-date: /home/asambhav/Storage/dumme_sim/install/dumme_msgs/include/dumme_msgs/dumme_msgs/srv
-- Up-to-date: /home/asambhav/Storage/dumme_sim/install/dumme_msgs/include/dumme_msgs/dumme_msgs/srv/detail
-- Up-to-date: /home/asambhav/Storage/dumme_sim/install/dumme_msgs/include/dumme_msgs/dumme_msgs/srv/detail/euler_to_quaternion__type_support.h
-- Up-to-date: /home/asambhav/Storage/dumme_sim/install/dumme_msgs/include/dumme_msgs/dumme_msgs/srv/detail/euler_to_quaternion__struct.h
-- Up-to-date: /home/asambhav/Storage/dumme_sim/install/dumme_msgs/include/dumme_msgs/dumme_msgs/srv/detail/euler_to_quaternion__functions.h
-- Up-to-date: /home/asambhav/Storage/dumme_sim/install/dumme_msgs/include/dumme_msgs/dumme_msgs/srv/detail/quaternion_to_euler__functions.c
-- Up-to-date: /home/asambhav/Storage/dumme_sim/install/dumme_msgs/include/dumme_msgs/dumme_msgs/srv/detail/quaternion_to_euler__functions.h
-- Up-to-date: /home/asambhav/Storage/dumme_sim/install/dumme_msgs/include/dumme_msgs/dumme_msgs/srv/detail/euler_to_quaternion__functions.c
-- Up-to-date: /home/asambhav/Storage/dumme_sim/install/dumme_msgs/include/dumme_msgs/dumme_msgs/srv/detail/quaternion_to_euler__struct.h
-- Up-to-date: /home/asambhav/Storage/dumme_sim/install/dumme_msgs/include/dumme_msgs/dumme_msgs/srv/detail/quaternion_to_euler__type_support.h
-- Up-to-date: /home/asambhav/Storage/dumme_sim/install/dumme_msgs/include/dumme_msgs/dumme_msgs/srv/quaternion_to_euler.h
-- Up-to-date: /home/asambhav/Storage/dumme_sim/install/dumme_msgs/include/dumme_msgs/dumme_msgs/srv/euler_to_quaternion.h
-- Up-to-date: /home/asambhav/Storage/dumme_sim/install/dumme_msgs/share/dumme_msgs/environment/library_path.sh
-- Up-to-date: /home/asambhav/Storage/dumme_sim/install/dumme_msgs/share/dumme_msgs/environment/library_path.dsv
-- Up-to-date: /home/asambhav/Storage/dumme_sim/install/dumme_msgs/lib/libdumme_msgs__rosidl_generator_c.so
-- Up-to-date: /home/asambhav/Storage/dumme_sim/install/dumme_msgs/include/dumme_msgs/dumme_msgs
-- Up-to-date: /home/asambhav/Storage/dumme_sim/install/dumme_msgs/include/dumme_msgs/dumme_msgs/msg
-- Up-to-date: /home/asambhav/Storage/dumme_sim/install/dumme_msgs/include/dumme_msgs/dumme_msgs/msg/rosidl_typesupport_fastrtps_c__visibility_control.h
-- Up-to-date: /home/asambhav/Storage/dumme_sim/install/dumme_msgs/include/dumme_msgs/dumme_msgs/srv
-- Up-to-date: /home/asambhav/Storage/dumme_sim/install/dumme_msgs/include/dumme_msgs/dumme_msgs/srv/detail
-- Up-to-date: /home/asambhav/Storage/dumme_sim/install/dumme_msgs/include/dumme_msgs/dumme_msgs/srv/detail/euler_to_quaternion__rosidl_typesupport_fastrtps_c.h
-- Up-to-date: /home/asambhav/Storage/dumme_sim/install/dumme_msgs/include/dumme_msgs/dumme_msgs/srv/detail/quaternion_to_euler__rosidl_typesupport_fastrtps_c.h
-- Up-to-date: /home/asambhav/Storage/dumme_sim/install/dumme_msgs/lib/libdumme_msgs__rosidl_typesupport_fastrtps_c.so
-- Up-to-date: /home/asambhav/Storage/dumme_sim/install/dumme_msgs/include/dumme_msgs/dumme_msgs
-- Up-to-date: /home/asambhav/Storage/dumme_sim/install/dumme_msgs/include/dumme_msgs/dumme_msgs/msg
-- Up-to-date: /home/asambhav/Storage/dumme_sim/install/dumme_msgs/include/dumme_msgs/dumme_msgs/msg/rosidl_generator_cpp__visibility_control.hpp
-- Up-to-date: /home/asambhav/Storage/dumme_sim/install/dumme_msgs/include/dumme_msgs/dumme_msgs/srv
-- Up-to-date: /home/asambhav/Storage/dumme_sim/install/dumme_msgs/include/dumme_msgs/dumme_msgs/srv/quaternion_to_euler.hpp
-- Up-to-date: /home/asambhav/Storage/dumme_sim/install/dumme_msgs/include/dumme_msgs/dumme_msgs/srv/detail
-- Up-to-date: /home/asambhav/Storage/dumme_sim/install/dumme_msgs/include/dumme_msgs/dumme_msgs/srv/detail/euler_to_quaternion__type_support.hpp
-- Up-to-date: /home/asambhav/Storage/dumme_sim/install/dumme_msgs/include/dumme_msgs/dumme_msgs/srv/detail/quaternion_to_euler__traits.hpp
-- Up-to-date: /home/asambhav/Storage/dumme_sim/install/dumme_msgs/include/dumme_msgs/dumme_msgs/srv/detail/quaternion_to_euler__builder.hpp
-- Up-to-date: /home/asambhav/Storage/dumme_sim/install/dumme_msgs/include/dumme_msgs/dumme_msgs/srv/detail/quaternion_to_euler__struct.hpp
-- Up-to-date: /home/asambhav/Storage/dumme_sim/install/dumme_msgs/include/dumme_msgs/dumme_msgs/srv/detail/quaternion_to_euler__type_support.hpp
-- Up-to-date: /home/asambhav/Storage/dumme_sim/install/dumme_msgs/include/dumme_msgs/dumme_msgs/srv/detail/euler_to_quaternion__traits.hpp
-- Up-to-date: /home/asambhav/Storage/dumme_sim/install/dumme_msgs/include/dumme_msgs/dumme_msgs/srv/detail/euler_to_quaternion__struct.hpp
-- Up-to-date: /home/asambhav/Storage/dumme_sim/install/dumme_msgs/include/dumme_msgs/dumme_msgs/srv/detail/euler_to_quaternion__builder.hpp
-- Up-to-date: /home/asambhav/Storage/dumme_sim/install/dumme_msgs/include/dumme_msgs/dumme_msgs/srv/euler_to_quaternion.hpp
-- Up-to-date: /home/asambhav/Storage/dumme_sim/install/dumme_msgs/include/dumme_msgs/dumme_msgs
-- Up-to-date: /home/asambhav/Storage/dumme_sim/install/dumme_msgs/include/dumme_msgs/dumme_msgs/msg
-- Up-to-date: /home/asambhav/Storage/dumme_sim/install/dumme_msgs/include/dumme_msgs/dumme_msgs/msg/rosidl_typesupport_fastrtps_cpp__visibility_control.h
-- Up-to-date: /home/asambhav/Storage/dumme_sim/install/dumme_msgs/include/dumme_msgs/dumme_msgs/srv
-- Up-to-date: /home/asambhav/Storage/dumme_sim/install/dumme_msgs/include/dumme_msgs/dumme_msgs/srv/detail
-- Up-to-date: /home/asambhav/Storage/dumme_sim/install/dumme_msgs/include/dumme_msgs/dumme_msgs/srv/detail/quaternion_to_euler__rosidl_typesupport_fastrtps_cpp.hpp
-- Up-to-date: /home/asambhav/Storage/dumme_sim/install/dumme_msgs/include/dumme_msgs/dumme_msgs/srv/detail/euler_to_quaternion__rosidl_typesupport_fastrtps_cpp.hpp
-- Up-to-date: /home/asambhav/Storage/dumme_sim/install/dumme_msgs/include/dumme_msgs/dumme_msgs/srv/detail/dds_fastrtps
-- Up-to-date: /home/asambhav/Storage/dumme_sim/install/dumme_msgs/lib/libdumme_msgs__rosidl_typesupport_fastrtps_cpp.so
-- Up-to-date: /home/asambhav/Storage/dumme_sim/install/dumme_msgs/include/dumme_msgs/dumme_msgs
-- Up-to-date: /home/asambhav/Storage/dumme_sim/install/dumme_msgs/include/dumme_msgs/dumme_msgs/msg
-- Up-to-date: /home/asambhav/Storage/dumme_sim/install/dumme_msgs/include/dumme_msgs/dumme_msgs/msg/rosidl_typesupport_introspection_c__visibility_control.h
-- Up-to-date: /home/asambhav/Storage/dumme_sim/install/dumme_msgs/include/dumme_msgs/dumme_msgs/srv
-- Up-to-date: /home/asambhav/Storage/dumme_sim/install/dumme_msgs/include/dumme_msgs/dumme_msgs/srv/detail
-- Up-to-date: /home/asambhav/Storage/dumme_sim/install/dumme_msgs/include/dumme_msgs/dumme_msgs/srv/detail/euler_to_quaternion__type_support.c
-- Up-to-date: /home/asambhav/Storage/dumme_sim/install/dumme_msgs/include/dumme_msgs/dumme_msgs/srv/detail/quaternion_to_euler__type_support.c
-- Up-to-date: /home/asambhav/Storage/dumme_sim/install/dumme_msgs/include/dumme_msgs/dumme_msgs/srv/detail/quaternion_to_euler__rosidl_typesupport_introspection_c.h
-- Up-to-date: /home/asambhav/Storage/dumme_sim/install/dumme_msgs/include/dumme_msgs/dumme_msgs/srv/detail/euler_to_quaternion__rosidl_typesupport_introspection_c.h
-- Up-to-date: /home/asambhav/Storage/dumme_sim/install/dumme_msgs/lib/libdumme_msgs__rosidl_typesupport_introspection_c.so
-- Up-to-date: /home/asambhav/Storage/dumme_sim/install/dumme_msgs/lib/libdumme_msgs__rosidl_typesupport_c.so
-- Up-to-date: /home/asambhav/Storage/dumme_sim/install/dumme_msgs/include/dumme_msgs/dumme_msgs
-- Up-to-date: /home/asambhav/Storage/dumme_sim/install/dumme_msgs/include/dumme_msgs/dumme_msgs/srv
-- Up-to-date: /home/asambhav/Storage/dumme_sim/install/dumme_msgs/include/dumme_msgs/dumme_msgs/srv/detail
-- Up-to-date: /home/asambhav/Storage/dumme_sim/install/dumme_msgs/include/dumme_msgs/dumme_msgs/srv/detail/euler_to_quaternion__rosidl_typesupport_introspection_cpp.hpp
-- Up-to-date: /home/asambhav/Storage/dumme_sim/install/dumme_msgs/include/dumme_msgs/dumme_msgs/srv/detail/quaternion_to_euler__type_support.cpp
-- Up-to-date: /home/asambhav/Storage/dumme_sim/install/dumme_msgs/include/dumme_msgs/dumme_msgs/srv/detail/quaternion_to_euler__rosidl_typesupport_introspection_cpp.hpp
-- Up-to-date: /home/asambhav/Storage/dumme_sim/install/dumme_msgs/include/dumme_msgs/dumme_msgs/srv/detail/euler_to_quaternion__type_support.cpp
-- Up-to-date: /home/asambhav/Storage/dumme_sim/install/dumme_msgs/lib/libdumme_msgs__rosidl_typesupport_introspection_cpp.so
-- Up-to-date: /home/asambhav/Storage/dumme_sim/install/dumme_msgs/lib/libdumme_msgs__rosidl_typesupport_cpp.so
-- Up-to-date: /home/asambhav/Storage/dumme_sim/install/dumme_msgs/share/dumme_msgs/environment/pythonpath.sh
-- Up-to-date: /home/asambhav/Storage/dumme_sim/install/dumme_msgs/share/dumme_msgs/environment/pythonpath.dsv
-- Up-to-date: /home/asambhav/Storage/dumme_sim/install/dumme_msgs/local/lib/python3.10/dist-packages/dumme_msgs-0.0.1-py3.10.egg-info
-- Installing: /home/asambhav/Storage/dumme_sim/install/dumme_msgs/local/lib/python3.10/dist-packages/dumme_msgs-0.0.1-py3.10.egg-info/SOURCES.txt
-- Installing: /home/asambhav/Storage/dumme_sim/install/dumme_msgs/local/lib/python3.10/dist-packages/dumme_msgs-0.0.1-py3.10.egg-info/dependency_links.txt
-- Installing: /home/asambhav/Storage/dumme_sim/install/dumme_msgs/local/lib/python3.10/dist-packages/dumme_msgs-0.0.1-py3.10.egg-info/PKG-INFO
-- Installing: /home/asambhav/Storage/dumme_sim/install/dumme_msgs/local/lib/python3.10/dist-packages/dumme_msgs-0.0.1-py3.10.egg-info/top_level.txt
-- Up-to-date: /home/asambhav/Storage/dumme_sim/install/dumme_msgs/local/lib/python3.10/dist-packages/dumme_msgs
-- Up-to-date: /home/asambhav/Storage/dumme_sim/install/dumme_msgs/local/lib/python3.10/dist-packages/dumme_msgs/dumme_msgs_s__rosidl_typesupport_introspection_c.cpython-310-x86_64-linux-gnu.so
-- Up-to-date: /home/asambhav/Storage/dumme_sim/install/dumme_msgs/local/lib/python3.10/dist-packages/dumme_msgs/libdumme_msgs__rosidl_generator_py.so
-- Up-to-date: /home/asambhav/Storage/dumme_sim/install/dumme_msgs/local/lib/python3.10/dist-packages/dumme_msgs/_dumme_msgs_s.ep.rosidl_typesupport_fastrtps_c.c
-- Up-to-date: /home/asambhav/Storage/dumme_sim/install/dumme_msgs/local/lib/python3.10/dist-packages/dumme_msgs/srv
-- Up-to-date: /home/asambhav/Storage/dumme_sim/install/dumme_msgs/local/lib/python3.10/dist-packages/dumme_msgs/srv/_euler_to_quaternion.py
-- Up-to-date: /home/asambhav/Storage/dumme_sim/install/dumme_msgs/local/lib/python3.10/dist-packages/dumme_msgs/srv/_quaternion_to_euler_s.c
-- Up-to-date: /home/asambhav/Storage/dumme_sim/install/dumme_msgs/local/lib/python3.10/dist-packages/dumme_msgs/srv/_quaternion_to_euler.py
-- Up-to-date: /home/asambhav/Storage/dumme_sim/install/dumme_msgs/local/lib/python3.10/dist-packages/dumme_msgs/srv/_euler_to_quaternion_s.c
-- Up-to-date: /home/asambhav/Storage/dumme_sim/install/dumme_msgs/local/lib/python3.10/dist-packages/dumme_msgs/srv/__init__.py
-- Up-to-date: /home/asambhav/Storage/dumme_sim/install/dumme_msgs/local/lib/python3.10/dist-packages/dumme_msgs/dumme_msgs_s__rosidl_typesupport_fastrtps_c.cpython-310-x86_64-linux-gnu.so
-- Up-to-date: /home/asambhav/Storage/dumme_sim/install/dumme_msgs/local/lib/python3.10/dist-packages/dumme_msgs/_dumme_msgs_s.ep.rosidl_typesupport_c.c
-- Up-to-date: /home/asambhav/Storage/dumme_sim/install/dumme_msgs/local/lib/python3.10/dist-packages/dumme_msgs/_dumme_msgs_s.ep.rosidl_typesupport_introspection_c.c
-- Up-to-date: /home/asambhav/Storage/dumme_sim/install/dumme_msgs/local/lib/python3.10/dist-packages/dumme_msgs/__init__.py
-- Up-to-date: /home/asambhav/Storage/dumme_sim/install/dumme_msgs/local/lib/python3.10/dist-packages/dumme_msgs/dumme_msgs_s__rosidl_typesupport_c.cpython-310-x86_64-linux-gnu.so
Listing '/home/asambhav/Storage/dumme_sim/install/dumme_msgs/local/lib/python3.10/dist-packages/dumme_msgs'...
Listing '/home/asambhav/Storage/dumme_sim/install/dumme_msgs/local/lib/python3.10/dist-packages/dumme_msgs/srv'...
-- Up-to-date: /home/asambhav/Storage/dumme_sim/install/dumme_msgs/local/lib/python3.10/dist-packages/dumme_msgs/dumme_msgs_s__rosidl_typesupport_fastrtps_c.cpython-310-x86_64-linux-gnu.so
-- Up-to-date: /home/asambhav/Storage/dumme_sim/install/dumme_msgs/local/lib/python3.10/dist-packages/dumme_msgs/dumme_msgs_s__rosidl_typesupport_introspection_c.cpython-310-x86_64-linux-gnu.so
-- Up-to-date: /home/asambhav/Storage/dumme_sim/install/dumme_msgs/local/lib/python3.10/dist-packages/dumme_msgs/dumme_msgs_s__rosidl_typesupport_c.cpython-310-x86_64-linux-gnu.so
-- Up-to-date: /home/asambhav/Storage/dumme_sim/install/dumme_msgs/lib/libdumme_msgs__rosidl_generator_py.so
-- Up-to-date: /home/asambhav/Storage/dumme_sim/install/dumme_msgs/share/ament_index/resource_index/rust_packages/dumme_msgs
-- Up-to-date: /home/asambhav/Storage/dumme_sim/install/dumme_msgs/share/dumme_msgs/rust
-- Up-to-date: /home/asambhav/Storage/dumme_sim/install/dumme_msgs/share/dumme_msgs/rust/src
-- Up-to-date: /home/asambhav/Storage/dumme_sim/install/dumme_msgs/share/dumme_msgs/rust/src/srv
-- Up-to-date: /home/asambhav/Storage/dumme_sim/install/dumme_msgs/share/dumme_msgs/rust/src/srv/rmw.rs
-- Up-to-date: /home/asambhav/Storage/dumme_sim/install/dumme_msgs/share/dumme_msgs/rust/src/lib.rs
-- Up-to-date: /home/asambhav/Storage/dumme_sim/install/dumme_msgs/share/dumme_msgs/rust/src/srv.rs
-- Up-to-date: /home/asambhav/Storage/dumme_sim/install/dumme_msgs/share/dumme_msgs/rust/build.rs
-- Up-to-date: /home/asambhav/Storage/dumme_sim/install/dumme_msgs/share/dumme_msgs/rust/Cargo.toml
-- Up-to-date: /home/asambhav/Storage/dumme_sim/install/dumme_msgs/share/dumme_msgs/srv/EulerToQuaternion.idl
-- Up-to-date: /home/asambhav/Storage/dumme_sim/install/dumme_msgs/share/dumme_msgs/srv/QuaternionToEuler.idl
-- Up-to-date: /home/asambhav/Storage/dumme_sim/install/dumme_msgs/share/dumme_msgs/srv/EulerToQuaternion.srv
-- Up-to-date: /home/asambhav/Storage/dumme_sim/install/dumme_msgs/share/dumme_msgs/srv/EulerToQuaternion_Request.msg
-- Up-to-date: /home/asambhav/Storage/dumme_sim/install/dumme_msgs/share/dumme_msgs/srv/EulerToQuaternion_Response.msg
-- Up-to-date: /home/asambhav/Storage/dumme_sim/install/dumme_msgs/share/dumme_msgs/srv/QuaternionToEuler.srv
-- Up-to-date: /home/asambhav/Storage/dumme_sim/install/dumme_msgs/share/dumme_msgs/srv/QuaternionToEuler_Request.msg
-- Up-to-date: /home/asambhav/Storage/dumme_sim/install/dumme_msgs/share/dumme_msgs/srv/QuaternionToEuler_Response.msg
-- Up-to-date: /home/asambhav/Storage/dumme_sim/install/dumme_msgs/share/ament_index/resource_index/package_run_dependencies/dumme_msgs
-- Up-to-date: /home/asambhav/Storage/dumme_sim/install/dumme_msgs/share/ament_index/resource_index/parent_prefix_path/dumme_msgs
-- Up-to-date: /home/asambhav/Storage/dumme_sim/install/dumme_msgs/share/dumme_msgs/environment/ament_prefix_path.sh
-- Up-to-date: /home/asambhav/Storage/dumme_sim/install/dumme_msgs/share/dumme_msgs/environment/ament_prefix_path.dsv
-- Up-to-date: /home/asambhav/Storage/dumme_sim/install/dumme_msgs/share/dumme_msgs/environment/path.sh
-- Up-to-date: /home/asambhav/Storage/dumme_sim/install/dumme_msgs/share/dumme_msgs/environment/path.dsv
-- Up-to-date: /home/asambhav/Storage/dumme_sim/install/dumme_msgs/share/dumme_msgs/local_setup.bash
-- Up-to-date: /home/asambhav/Storage/dumme_sim/install/dumme_msgs/share/dumme_msgs/local_setup.sh
-- Up-to-date: /home/asambhav/Storage/dumme_sim/install/dumme_msgs/share/dumme_msgs/local_setup.zsh
-- Up-to-date: /home/asambhav/Storage/dumme_sim/install/dumme_msgs/share/dumme_msgs/local_setup.dsv
-- Installing: /home/asambhav/Storage/dumme_sim/install/dumme_msgs/share/dumme_msgs/package.dsv
-- Up-to-date: /home/asambhav/Storage/dumme_sim/install/dumme_msgs/share/ament_index/resource_index/packages/dumme_msgs
-- Up-to-date: /home/asambhav/Storage/dumme_sim/install/dumme_msgs/share/dumme_msgs/cmake/export_dumme_msgs__rosidl_generator_cExport.cmake
-- Up-to-date: /home/asambhav/Storage/dumme_sim/install/dumme_msgs/share/dumme_msgs/cmake/export_dumme_msgs__rosidl_generator_cExport-noconfig.cmake
-- Up-to-date: /home/asambhav/Storage/dumme_sim/install/dumme_msgs/share/dumme_msgs/cmake/export_dumme_msgs__rosidl_typesupport_fastrtps_cExport.cmake
-- Up-to-date: /home/asambhav/Storage/dumme_sim/install/dumme_msgs/share/dumme_msgs/cmake/export_dumme_msgs__rosidl_typesupport_fastrtps_cExport-noconfig.cmake
-- Up-to-date: /home/asambhav/Storage/dumme_sim/install/dumme_msgs/share/dumme_msgs/cmake/export_dumme_msgs__rosidl_generator_cppExport.cmake
-- Up-to-date: /home/asambhav/Storage/dumme_sim/install/dumme_msgs/share/dumme_msgs/cmake/export_dumme_msgs__rosidl_typesupport_fastrtps_cppExport.cmake
-- Up-to-date: /home/asambhav/Storage/dumme_sim/install/dumme_msgs/share/dumme_msgs/cmake/export_dumme_msgs__rosidl_typesupport_fastrtps_cppExport-noconfig.cmake
-- Up-to-date: /home/asambhav/Storage/dumme_sim/install/dumme_msgs/share/dumme_msgs/cmake/dumme_msgs__rosidl_typesupport_introspection_cExport.cmake
-- Up-to-date: /home/asambhav/Storage/dumme_sim/install/dumme_msgs/share/dumme_msgs/cmake/dumme_msgs__rosidl_typesupport_introspection_cExport-noconfig.cmake
-- Up-to-date: /home/asambhav/Storage/dumme_sim/install/dumme_msgs/share/dumme_msgs/cmake/dumme_msgs__rosidl_typesupport_cExport.cmake
-- Up-to-date: /home/asambhav/Storage/dumme_sim/install/dumme_msgs/share/dumme_msgs/cmake/dumme_msgs__rosidl_typesupport_cExport-noconfig.cmake
-- Up-to-date: /home/asambhav/Storage/dumme_sim/install/dumme_msgs/share/dumme_msgs/cmake/dumme_msgs__rosidl_typesupport_introspection_cppExport.cmake
-- Up-to-date: /home/asambhav/Storage/dumme_sim/install/dumme_msgs/share/dumme_msgs/cmake/dumme_msgs__rosidl_typesupport_introspection_cppExport-noconfig.cmake
-- Up-to-date: /home/asambhav/Storage/dumme_sim/install/dumme_msgs/share/dumme_msgs/cmake/dumme_msgs__rosidl_typesupport_cppExport.cmake
-- Up-to-date: /home/asambhav/Storage/dumme_sim/install/dumme_msgs/share/dumme_msgs/cmake/dumme_msgs__rosidl_typesupport_cppExport-noconfig.cmake
-- Up-to-date: /home/asambhav/Storage/dumme_sim/install/dumme_msgs/share/dumme_msgs/cmake/export_dumme_msgs__rosidl_generator_pyExport.cmake
-- Up-to-date: /home/asambhav/Storage/dumme_sim/install/dumme_msgs/share/dumme_msgs/cmake/export_dumme_msgs__rosidl_generator_pyExport-noconfig.cmake
-- Up-to-date: /home/asambhav/Storage/dumme_sim/install/dumme_msgs/share/dumme_msgs/cmake/rosidl_cmake-extras.cmake
-- Up-to-date: /home/asambhav/Storage/dumme_sim/install/dumme_msgs/share/dumme_msgs/cmake/ament_cmake_export_include_directories-extras.cmake
-- Up-to-date: /home/asambhav/Storage/dumme_sim/install/dumme_msgs/share/dumme_msgs/cmake/ament_cmake_export_libraries-extras.cmake
-- Up-to-date: /home/asambhav/Storage/dumme_sim/install/dumme_msgs/share/dumme_msgs/cmake/ament_cmake_export_targets-extras.cmake
-- Up-to-date: /home/asambhav/Storage/dumme_sim/install/dumme_msgs/share/dumme_msgs/cmake/rosidl_cmake_export_typesupport_targets-extras.cmake
-- Up-to-date: /home/asambhav/Storage/dumme_sim/install/dumme_msgs/share/dumme_msgs/cmake/ament_cmake_export_dependencies-extras.cmake
-- Up-to-date: /home/asambhav/Storage/dumme_sim/install/dumme_msgs/share/dumme_msgs/cmake/rosidl_cmake_export_typesupport_libraries-extras.cmake
-- Up-to-date: /home/asambhav/Storage/dumme_sim/install/dumme_msgs/share/dumme_msgs/cmake/rosidl_cmake_aggregate_target-extras.cmake
-- Up-to-date: /home/asambhav/Storage/dumme_sim/install/dumme_msgs/share/dumme_msgs/cmake/dumme_msgsConfig.cmake
-- Up-to-date: /home/asambhav/Storage/dumme_sim/install/dumme_msgs/share/dumme_msgs/cmake/dumme_msgsConfig-version.cmake
-- Up-to-date: /home/asambhav/Storage/dumme_sim/install/dumme_msgs/share/dumme_msgs/package.xml
