[0.008s] Invoking command in '/home/asambhav/Storage/dumme_sim/build/dumme_msgs': CMAKE_PREFIX_PATH=${CMAKE_PREFIX_PATH}:/home/asambhav/Storage/dumme_sim/install/dumme_controller:/home/asambhav/e-yantra_ws/install/task_1:/opt/ros/humble /usr/bin/cmake --build /home/asambhav/Storage/dumme_sim/build/dumme_msgs -- -j18 -l18
[0.046s] [  2%] Built target dumme_msgs__rs
[0.048s] [  5%] Built target dumme_msgs__cpp
[0.050s] [ 15%] Built target dumme_msgs__rosidl_generator_c
[0.059s] [ 15%] Built target ament_cmake_python_copy_dumme_msgs
[0.064s] [ 25%] Built target dumme_msgs__rosidl_typesupport_introspection_c
[0.064s] [ 35%] Built target dumme_msgs__rosidl_typesupport_fastrtps_cpp
[0.066s] [ 45%] Built target dumme_msgs__rosidl_typesupport_c
[0.067s] [ 55%] Built target dumme_msgs__rosidl_typesupport_introspection_cpp
[0.068s] [ 65%] Built target dumme_msgs__rosidl_typesupport_fastrtps_c
[0.068s] [ 75%] Built target dumme_msgs__rosidl_typesupport_cpp
[0.085s] [ 75%] Built target dumme_msgs
[0.109s] [ 77%] Built target dumme_msgs__py
[0.130s] [ 85%] Built target dumme_msgs__rosidl_generator_py
[0.151s] [ 90%] Built target dumme_msgs__rosidl_typesupport_c__pyext
[0.151s] [100%] Built target dumme_msgs__rosidl_typesupport_fastrtps_c__pyext
[0.151s] [100%] Built target dumme_msgs__rosidl_typesupport_introspection_c__pyext
[0.198s] running egg_info
[0.208s] writing dumme_msgs.egg-info/PKG-INFO
[0.208s] writing dependency_links to dumme_msgs.egg-info/dependency_links.txt
[0.209s] writing top-level names to dumme_msgs.egg-info/top_level.txt
[0.238s] reading manifest file 'dumme_msgs.egg-info/SOURCES.txt'
[0.241s] writing manifest file 'dumme_msgs.egg-info/SOURCES.txt'
[0.261s] [100%] Built target ament_cmake_python_build_dumme_msgs_egg
[0.272s] Invoked command in '/home/asambhav/Storage/dumme_sim/build/dumme_msgs' returned '0': CMAKE_PREFIX_PATH=${CMAKE_PREFIX_PATH}:/home/asambhav/Storage/dumme_sim/install/dumme_controller:/home/asambhav/e-yantra_ws/install/task_1:/opt/ros/humble /usr/bin/cmake --build /home/asambhav/Storage/dumme_sim/build/dumme_msgs -- -j18 -l18
[0.274s] Invoking command in '/home/asambhav/Storage/dumme_sim/build/dumme_msgs': CMAKE_PREFIX_PATH=${CMAKE_PREFIX_PATH}:/home/asambhav/Storage/dumme_sim/install/dumme_controller:/home/asambhav/e-yantra_ws/install/task_1:/opt/ros/humble /usr/bin/cmake --install /home/asambhav/Storage/dumme_sim/build/dumme_msgs
[0.281s] -- Install configuration: ""
[0.282s] -- Up-to-date: /home/asambhav/Storage/dumme_sim/install/dumme_msgs/share/ament_index/resource_index/rosidl_interfaces/dumme_msgs
[0.282s] -- Up-to-date: /home/asambhav/Storage/dumme_sim/install/dumme_msgs/include/dumme_msgs/dumme_msgs
[0.282s] -- Up-to-date: /home/asambhav/Storage/dumme_sim/install/dumme_msgs/include/dumme_msgs/dumme_msgs/msg
[0.282s] -- Up-to-date: /home/asambhav/Storage/dumme_sim/install/dumme_msgs/include/dumme_msgs/dumme_msgs/msg/rosidl_generator_c__visibility_control.h
[0.282s] -- Up-to-date: /home/asambhav/Storage/dumme_sim/install/dumme_msgs/include/dumme_msgs/dumme_msgs/srv
[0.282s] -- Up-to-date: /home/asambhav/Storage/dumme_sim/install/dumme_msgs/include/dumme_msgs/dumme_msgs/srv/detail
[0.282s] -- Up-to-date: /home/asambhav/Storage/dumme_sim/install/dumme_msgs/include/dumme_msgs/dumme_msgs/srv/detail/euler_to_quaternion__type_support.h
[0.282s] -- Up-to-date: /home/asambhav/Storage/dumme_sim/install/dumme_msgs/include/dumme_msgs/dumme_msgs/srv/detail/euler_to_quaternion__struct.h
[0.282s] -- Up-to-date: /home/asambhav/Storage/dumme_sim/install/dumme_msgs/include/dumme_msgs/dumme_msgs/srv/detail/euler_to_quaternion__functions.h
[0.282s] -- Up-to-date: /home/asambhav/Storage/dumme_sim/install/dumme_msgs/include/dumme_msgs/dumme_msgs/srv/detail/quaternion_to_euler__functions.c
[0.282s] -- Up-to-date: /home/asambhav/Storage/dumme_sim/install/dumme_msgs/include/dumme_msgs/dumme_msgs/srv/detail/quaternion_to_euler__functions.h
[0.282s] -- Up-to-date: /home/asambhav/Storage/dumme_sim/install/dumme_msgs/include/dumme_msgs/dumme_msgs/srv/detail/euler_to_quaternion__functions.c
[0.283s] -- Up-to-date: /home/asambhav/Storage/dumme_sim/install/dumme_msgs/include/dumme_msgs/dumme_msgs/srv/detail/quaternion_to_euler__struct.h
[0.283s] -- Up-to-date: /home/asambhav/Storage/dumme_sim/install/dumme_msgs/include/dumme_msgs/dumme_msgs/srv/detail/quaternion_to_euler__type_support.h
[0.283s] -- Up-to-date: /home/asambhav/Storage/dumme_sim/install/dumme_msgs/include/dumme_msgs/dumme_msgs/srv/quaternion_to_euler.h
[0.283s] -- Up-to-date: /home/asambhav/Storage/dumme_sim/install/dumme_msgs/include/dumme_msgs/dumme_msgs/srv/euler_to_quaternion.h
[0.283s] -- Up-to-date: /home/asambhav/Storage/dumme_sim/install/dumme_msgs/share/dumme_msgs/environment/library_path.sh
[0.283s] -- Up-to-date: /home/asambhav/Storage/dumme_sim/install/dumme_msgs/share/dumme_msgs/environment/library_path.dsv
[0.283s] -- Up-to-date: /home/asambhav/Storage/dumme_sim/install/dumme_msgs/lib/libdumme_msgs__rosidl_generator_c.so
[0.283s] -- Up-to-date: /home/asambhav/Storage/dumme_sim/install/dumme_msgs/include/dumme_msgs/dumme_msgs
[0.283s] -- Up-to-date: /home/asambhav/Storage/dumme_sim/install/dumme_msgs/include/dumme_msgs/dumme_msgs/msg
[0.283s] -- Up-to-date: /home/asambhav/Storage/dumme_sim/install/dumme_msgs/include/dumme_msgs/dumme_msgs/msg/rosidl_typesupport_fastrtps_c__visibility_control.h
[0.283s] -- Up-to-date: /home/asambhav/Storage/dumme_sim/install/dumme_msgs/include/dumme_msgs/dumme_msgs/srv
[0.283s] -- Up-to-date: /home/asambhav/Storage/dumme_sim/install/dumme_msgs/include/dumme_msgs/dumme_msgs/srv/detail
[0.284s] -- Up-to-date: /home/asambhav/Storage/dumme_sim/install/dumme_msgs/include/dumme_msgs/dumme_msgs/srv/detail/euler_to_quaternion__rosidl_typesupport_fastrtps_c.h
[0.284s] -- Up-to-date: /home/asambhav/Storage/dumme_sim/install/dumme_msgs/include/dumme_msgs/dumme_msgs/srv/detail/quaternion_to_euler__rosidl_typesupport_fastrtps_c.h
[0.284s] -- Up-to-date: /home/asambhav/Storage/dumme_sim/install/dumme_msgs/lib/libdumme_msgs__rosidl_typesupport_fastrtps_c.so
[0.284s] -- Up-to-date: /home/asambhav/Storage/dumme_sim/install/dumme_msgs/include/dumme_msgs/dumme_msgs
[0.284s] -- Up-to-date: /home/asambhav/Storage/dumme_sim/install/dumme_msgs/include/dumme_msgs/dumme_msgs/msg
[0.284s] -- Up-to-date: /home/asambhav/Storage/dumme_sim/install/dumme_msgs/include/dumme_msgs/dumme_msgs/msg/rosidl_generator_cpp__visibility_control.hpp
[0.284s] -- Up-to-date: /home/asambhav/Storage/dumme_sim/install/dumme_msgs/include/dumme_msgs/dumme_msgs/srv
[0.284s] -- Up-to-date: /home/asambhav/Storage/dumme_sim/install/dumme_msgs/include/dumme_msgs/dumme_msgs/srv/quaternion_to_euler.hpp
[0.284s] -- Up-to-date: /home/asambhav/Storage/dumme_sim/install/dumme_msgs/include/dumme_msgs/dumme_msgs/srv/detail
[0.284s] -- Up-to-date: /home/asambhav/Storage/dumme_sim/install/dumme_msgs/include/dumme_msgs/dumme_msgs/srv/detail/euler_to_quaternion__type_support.hpp
[0.284s] -- Up-to-date: /home/asambhav/Storage/dumme_sim/install/dumme_msgs/include/dumme_msgs/dumme_msgs/srv/detail/quaternion_to_euler__traits.hpp
[0.284s] -- Up-to-date: /home/asambhav/Storage/dumme_sim/install/dumme_msgs/include/dumme_msgs/dumme_msgs/srv/detail/quaternion_to_euler__builder.hpp
[0.284s] -- Up-to-date: /home/asambhav/Storage/dumme_sim/install/dumme_msgs/include/dumme_msgs/dumme_msgs/srv/detail/quaternion_to_euler__struct.hpp
[0.284s] -- Up-to-date: /home/asambhav/Storage/dumme_sim/install/dumme_msgs/include/dumme_msgs/dumme_msgs/srv/detail/quaternion_to_euler__type_support.hpp
[0.285s] -- Up-to-date: /home/asambhav/Storage/dumme_sim/install/dumme_msgs/include/dumme_msgs/dumme_msgs/srv/detail/euler_to_quaternion__traits.hpp
[0.285s] -- Up-to-date: /home/asambhav/Storage/dumme_sim/install/dumme_msgs/include/dumme_msgs/dumme_msgs/srv/detail/euler_to_quaternion__struct.hpp
[0.285s] -- Up-to-date: /home/asambhav/Storage/dumme_sim/install/dumme_msgs/include/dumme_msgs/dumme_msgs/srv/detail/euler_to_quaternion__builder.hpp
[0.285s] -- Up-to-date: /home/asambhav/Storage/dumme_sim/install/dumme_msgs/include/dumme_msgs/dumme_msgs/srv/euler_to_quaternion.hpp
[0.285s] -- Up-to-date: /home/asambhav/Storage/dumme_sim/install/dumme_msgs/include/dumme_msgs/dumme_msgs
[0.285s] -- Up-to-date: /home/asambhav/Storage/dumme_sim/install/dumme_msgs/include/dumme_msgs/dumme_msgs/msg
[0.285s] -- Up-to-date: /home/asambhav/Storage/dumme_sim/install/dumme_msgs/include/dumme_msgs/dumme_msgs/msg/rosidl_typesupport_fastrtps_cpp__visibility_control.h
[0.285s] -- Up-to-date: /home/asambhav/Storage/dumme_sim/install/dumme_msgs/include/dumme_msgs/dumme_msgs/srv
[0.285s] -- Up-to-date: /home/asambhav/Storage/dumme_sim/install/dumme_msgs/include/dumme_msgs/dumme_msgs/srv/detail
[0.285s] -- Up-to-date: /home/asambhav/Storage/dumme_sim/install/dumme_msgs/include/dumme_msgs/dumme_msgs/srv/detail/quaternion_to_euler__rosidl_typesupport_fastrtps_cpp.hpp
[0.285s] -- Up-to-date: /home/asambhav/Storage/dumme_sim/install/dumme_msgs/include/dumme_msgs/dumme_msgs/srv/detail/euler_to_quaternion__rosidl_typesupport_fastrtps_cpp.hpp
[0.285s] -- Up-to-date: /home/asambhav/Storage/dumme_sim/install/dumme_msgs/include/dumme_msgs/dumme_msgs/srv/detail/dds_fastrtps
[0.285s] -- Up-to-date: /home/asambhav/Storage/dumme_sim/install/dumme_msgs/lib/libdumme_msgs__rosidl_typesupport_fastrtps_cpp.so
[0.285s] -- Up-to-date: /home/asambhav/Storage/dumme_sim/install/dumme_msgs/include/dumme_msgs/dumme_msgs
[0.285s] -- Up-to-date: /home/asambhav/Storage/dumme_sim/install/dumme_msgs/include/dumme_msgs/dumme_msgs/msg
[0.285s] -- Up-to-date: /home/asambhav/Storage/dumme_sim/install/dumme_msgs/include/dumme_msgs/dumme_msgs/msg/rosidl_typesupport_introspection_c__visibility_control.h
[0.286s] -- Up-to-date: /home/asambhav/Storage/dumme_sim/install/dumme_msgs/include/dumme_msgs/dumme_msgs/srv
[0.286s] -- Up-to-date: /home/asambhav/Storage/dumme_sim/install/dumme_msgs/include/dumme_msgs/dumme_msgs/srv/detail
[0.286s] -- Up-to-date: /home/asambhav/Storage/dumme_sim/install/dumme_msgs/include/dumme_msgs/dumme_msgs/srv/detail/euler_to_quaternion__type_support.c
[0.286s] -- Up-to-date: /home/asambhav/Storage/dumme_sim/install/dumme_msgs/include/dumme_msgs/dumme_msgs/srv/detail/quaternion_to_euler__type_support.c
[0.286s] -- Up-to-date: /home/asambhav/Storage/dumme_sim/install/dumme_msgs/include/dumme_msgs/dumme_msgs/srv/detail/quaternion_to_euler__rosidl_typesupport_introspection_c.h
[0.286s] -- Up-to-date: /home/asambhav/Storage/dumme_sim/install/dumme_msgs/include/dumme_msgs/dumme_msgs/srv/detail/euler_to_quaternion__rosidl_typesupport_introspection_c.h
[0.286s] -- Up-to-date: /home/asambhav/Storage/dumme_sim/install/dumme_msgs/lib/libdumme_msgs__rosidl_typesupport_introspection_c.so
[0.286s] -- Up-to-date: /home/asambhav/Storage/dumme_sim/install/dumme_msgs/lib/libdumme_msgs__rosidl_typesupport_c.so
[0.286s] -- Up-to-date: /home/asambhav/Storage/dumme_sim/install/dumme_msgs/include/dumme_msgs/dumme_msgs
[0.286s] -- Up-to-date: /home/asambhav/Storage/dumme_sim/install/dumme_msgs/include/dumme_msgs/dumme_msgs/srv
[0.286s] -- Up-to-date: /home/asambhav/Storage/dumme_sim/install/dumme_msgs/include/dumme_msgs/dumme_msgs/srv/detail
[0.286s] -- Up-to-date: /home/asambhav/Storage/dumme_sim/install/dumme_msgs/include/dumme_msgs/dumme_msgs/srv/detail/euler_to_quaternion__rosidl_typesupport_introspection_cpp.hpp
[0.286s] -- Up-to-date: /home/asambhav/Storage/dumme_sim/install/dumme_msgs/include/dumme_msgs/dumme_msgs/srv/detail/quaternion_to_euler__type_support.cpp
[0.286s] -- Up-to-date: /home/asambhav/Storage/dumme_sim/install/dumme_msgs/include/dumme_msgs/dumme_msgs/srv/detail/quaternion_to_euler__rosidl_typesupport_introspection_cpp.hpp
[0.286s] -- Up-to-date: /home/asambhav/Storage/dumme_sim/install/dumme_msgs/include/dumme_msgs/dumme_msgs/srv/detail/euler_to_quaternion__type_support.cpp
[0.286s] -- Up-to-date: /home/asambhav/Storage/dumme_sim/install/dumme_msgs/lib/libdumme_msgs__rosidl_typesupport_introspection_cpp.so
[0.286s] -- Up-to-date: /home/asambhav/Storage/dumme_sim/install/dumme_msgs/lib/libdumme_msgs__rosidl_typesupport_cpp.so
[0.286s] -- Up-to-date: /home/asambhav/Storage/dumme_sim/install/dumme_msgs/share/dumme_msgs/environment/pythonpath.sh
[0.287s] -- Up-to-date: /home/asambhav/Storage/dumme_sim/install/dumme_msgs/share/dumme_msgs/environment/pythonpath.dsv
[0.287s] -- Up-to-date: /home/asambhav/Storage/dumme_sim/install/dumme_msgs/local/lib/python3.10/dist-packages/dumme_msgs-0.0.1-py3.10.egg-info
[0.287s] -- Installing: /home/asambhav/Storage/dumme_sim/install/dumme_msgs/local/lib/python3.10/dist-packages/dumme_msgs-0.0.1-py3.10.egg-info/SOURCES.txt
[0.287s] -- Installing: /home/asambhav/Storage/dumme_sim/install/dumme_msgs/local/lib/python3.10/dist-packages/dumme_msgs-0.0.1-py3.10.egg-info/dependency_links.txt
[0.287s] -- Installing: /home/asambhav/Storage/dumme_sim/install/dumme_msgs/local/lib/python3.10/dist-packages/dumme_msgs-0.0.1-py3.10.egg-info/PKG-INFO
[0.287s] -- Installing: /home/asambhav/Storage/dumme_sim/install/dumme_msgs/local/lib/python3.10/dist-packages/dumme_msgs-0.0.1-py3.10.egg-info/top_level.txt
[0.287s] -- Up-to-date: /home/asambhav/Storage/dumme_sim/install/dumme_msgs/local/lib/python3.10/dist-packages/dumme_msgs
[0.287s] -- Up-to-date: /home/asambhav/Storage/dumme_sim/install/dumme_msgs/local/lib/python3.10/dist-packages/dumme_msgs/dumme_msgs_s__rosidl_typesupport_introspection_c.cpython-310-x86_64-linux-gnu.so
[0.287s] -- Up-to-date: /home/asambhav/Storage/dumme_sim/install/dumme_msgs/local/lib/python3.10/dist-packages/dumme_msgs/libdumme_msgs__rosidl_generator_py.so
[0.287s] -- Up-to-date: /home/asambhav/Storage/dumme_sim/install/dumme_msgs/local/lib/python3.10/dist-packages/dumme_msgs/_dumme_msgs_s.ep.rosidl_typesupport_fastrtps_c.c
[0.287s] -- Up-to-date: /home/asambhav/Storage/dumme_sim/install/dumme_msgs/local/lib/python3.10/dist-packages/dumme_msgs/srv
[0.287s] -- Up-to-date: /home/asambhav/Storage/dumme_sim/install/dumme_msgs/local/lib/python3.10/dist-packages/dumme_msgs/srv/_euler_to_quaternion.py
[0.287s] -- Up-to-date: /home/asambhav/Storage/dumme_sim/install/dumme_msgs/local/lib/python3.10/dist-packages/dumme_msgs/srv/_quaternion_to_euler_s.c
[0.287s] -- Up-to-date: /home/asambhav/Storage/dumme_sim/install/dumme_msgs/local/lib/python3.10/dist-packages/dumme_msgs/srv/_quaternion_to_euler.py
[0.287s] -- Up-to-date: /home/asambhav/Storage/dumme_sim/install/dumme_msgs/local/lib/python3.10/dist-packages/dumme_msgs/srv/_euler_to_quaternion_s.c
[0.287s] -- Up-to-date: /home/asambhav/Storage/dumme_sim/install/dumme_msgs/local/lib/python3.10/dist-packages/dumme_msgs/srv/__init__.py
[0.287s] -- Up-to-date: /home/asambhav/Storage/dumme_sim/install/dumme_msgs/local/lib/python3.10/dist-packages/dumme_msgs/dumme_msgs_s__rosidl_typesupport_fastrtps_c.cpython-310-x86_64-linux-gnu.so
[0.288s] -- Up-to-date: /home/asambhav/Storage/dumme_sim/install/dumme_msgs/local/lib/python3.10/dist-packages/dumme_msgs/_dumme_msgs_s.ep.rosidl_typesupport_c.c
[0.288s] -- Up-to-date: /home/asambhav/Storage/dumme_sim/install/dumme_msgs/local/lib/python3.10/dist-packages/dumme_msgs/_dumme_msgs_s.ep.rosidl_typesupport_introspection_c.c
[0.288s] -- Up-to-date: /home/asambhav/Storage/dumme_sim/install/dumme_msgs/local/lib/python3.10/dist-packages/dumme_msgs/__init__.py
[0.288s] -- Up-to-date: /home/asambhav/Storage/dumme_sim/install/dumme_msgs/local/lib/python3.10/dist-packages/dumme_msgs/dumme_msgs_s__rosidl_typesupport_c.cpython-310-x86_64-linux-gnu.so
[0.312s] Listing '/home/asambhav/Storage/dumme_sim/install/dumme_msgs/local/lib/python3.10/dist-packages/dumme_msgs'...
[0.312s] Listing '/home/asambhav/Storage/dumme_sim/install/dumme_msgs/local/lib/python3.10/dist-packages/dumme_msgs/srv'...
[0.317s] -- Up-to-date: /home/asambhav/Storage/dumme_sim/install/dumme_msgs/local/lib/python3.10/dist-packages/dumme_msgs/dumme_msgs_s__rosidl_typesupport_fastrtps_c.cpython-310-x86_64-linux-gnu.so
[0.318s] -- Up-to-date: /home/asambhav/Storage/dumme_sim/install/dumme_msgs/local/lib/python3.10/dist-packages/dumme_msgs/dumme_msgs_s__rosidl_typesupport_introspection_c.cpython-310-x86_64-linux-gnu.so
[0.318s] -- Up-to-date: /home/asambhav/Storage/dumme_sim/install/dumme_msgs/local/lib/python3.10/dist-packages/dumme_msgs/dumme_msgs_s__rosidl_typesupport_c.cpython-310-x86_64-linux-gnu.so
[0.318s] -- Up-to-date: /home/asambhav/Storage/dumme_sim/install/dumme_msgs/lib/libdumme_msgs__rosidl_generator_py.so
[0.318s] -- Up-to-date: /home/asambhav/Storage/dumme_sim/install/dumme_msgs/share/ament_index/resource_index/rust_packages/dumme_msgs
[0.318s] -- Up-to-date: /home/asambhav/Storage/dumme_sim/install/dumme_msgs/share/dumme_msgs/rust
[0.318s] -- Up-to-date: /home/asambhav/Storage/dumme_sim/install/dumme_msgs/share/dumme_msgs/rust/src
[0.318s] -- Up-to-date: /home/asambhav/Storage/dumme_sim/install/dumme_msgs/share/dumme_msgs/rust/src/srv
[0.318s] -- Up-to-date: /home/asambhav/Storage/dumme_sim/install/dumme_msgs/share/dumme_msgs/rust/src/srv/rmw.rs
[0.318s] -- Up-to-date: /home/asambhav/Storage/dumme_sim/install/dumme_msgs/share/dumme_msgs/rust/src/lib.rs
[0.319s] -- Up-to-date: /home/asambhav/Storage/dumme_sim/install/dumme_msgs/share/dumme_msgs/rust/src/srv.rs
[0.319s] -- Up-to-date: /home/asambhav/Storage/dumme_sim/install/dumme_msgs/share/dumme_msgs/rust/build.rs
[0.319s] -- Up-to-date: /home/asambhav/Storage/dumme_sim/install/dumme_msgs/share/dumme_msgs/rust/Cargo.toml
[0.319s] -- Up-to-date: /home/asambhav/Storage/dumme_sim/install/dumme_msgs/share/dumme_msgs/srv/EulerToQuaternion.idl
[0.319s] -- Up-to-date: /home/asambhav/Storage/dumme_sim/install/dumme_msgs/share/dumme_msgs/srv/QuaternionToEuler.idl
[0.319s] -- Up-to-date: /home/asambhav/Storage/dumme_sim/install/dumme_msgs/share/dumme_msgs/srv/EulerToQuaternion.srv
[0.319s] -- Up-to-date: /home/asambhav/Storage/dumme_sim/install/dumme_msgs/share/dumme_msgs/srv/EulerToQuaternion_Request.msg
[0.319s] -- Up-to-date: /home/asambhav/Storage/dumme_sim/install/dumme_msgs/share/dumme_msgs/srv/EulerToQuaternion_Response.msg
[0.319s] -- Up-to-date: /home/asambhav/Storage/dumme_sim/install/dumme_msgs/share/dumme_msgs/srv/QuaternionToEuler.srv
[0.319s] -- Up-to-date: /home/asambhav/Storage/dumme_sim/install/dumme_msgs/share/dumme_msgs/srv/QuaternionToEuler_Request.msg
[0.319s] -- Up-to-date: /home/asambhav/Storage/dumme_sim/install/dumme_msgs/share/dumme_msgs/srv/QuaternionToEuler_Response.msg
[0.319s] -- Up-to-date: /home/asambhav/Storage/dumme_sim/install/dumme_msgs/share/ament_index/resource_index/package_run_dependencies/dumme_msgs
[0.319s] -- Up-to-date: /home/asambhav/Storage/dumme_sim/install/dumme_msgs/share/ament_index/resource_index/parent_prefix_path/dumme_msgs
[0.319s] -- Up-to-date: /home/asambhav/Storage/dumme_sim/install/dumme_msgs/share/dumme_msgs/environment/ament_prefix_path.sh
[0.319s] -- Up-to-date: /home/asambhav/Storage/dumme_sim/install/dumme_msgs/share/dumme_msgs/environment/ament_prefix_path.dsv
[0.319s] -- Up-to-date: /home/asambhav/Storage/dumme_sim/install/dumme_msgs/share/dumme_msgs/environment/path.sh
[0.319s] -- Up-to-date: /home/asambhav/Storage/dumme_sim/install/dumme_msgs/share/dumme_msgs/environment/path.dsv
[0.319s] -- Up-to-date: /home/asambhav/Storage/dumme_sim/install/dumme_msgs/share/dumme_msgs/local_setup.bash
[0.319s] -- Up-to-date: /home/asambhav/Storage/dumme_sim/install/dumme_msgs/share/dumme_msgs/local_setup.sh
[0.319s] -- Up-to-date: /home/asambhav/Storage/dumme_sim/install/dumme_msgs/share/dumme_msgs/local_setup.zsh
[0.319s] -- Up-to-date: /home/asambhav/Storage/dumme_sim/install/dumme_msgs/share/dumme_msgs/local_setup.dsv
[0.319s] -- Installing: /home/asambhav/Storage/dumme_sim/install/dumme_msgs/share/dumme_msgs/package.dsv
[0.319s] -- Up-to-date: /home/asambhav/Storage/dumme_sim/install/dumme_msgs/share/ament_index/resource_index/packages/dumme_msgs
[0.319s] -- Up-to-date: /home/asambhav/Storage/dumme_sim/install/dumme_msgs/share/dumme_msgs/cmake/export_dumme_msgs__rosidl_generator_cExport.cmake
[0.319s] -- Up-to-date: /home/asambhav/Storage/dumme_sim/install/dumme_msgs/share/dumme_msgs/cmake/export_dumme_msgs__rosidl_generator_cExport-noconfig.cmake
[0.319s] -- Up-to-date: /home/asambhav/Storage/dumme_sim/install/dumme_msgs/share/dumme_msgs/cmake/export_dumme_msgs__rosidl_typesupport_fastrtps_cExport.cmake
[0.319s] -- Up-to-date: /home/asambhav/Storage/dumme_sim/install/dumme_msgs/share/dumme_msgs/cmake/export_dumme_msgs__rosidl_typesupport_fastrtps_cExport-noconfig.cmake
[0.320s] -- Up-to-date: /home/asambhav/Storage/dumme_sim/install/dumme_msgs/share/dumme_msgs/cmake/export_dumme_msgs__rosidl_generator_cppExport.cmake
[0.320s] -- Up-to-date: /home/asambhav/Storage/dumme_sim/install/dumme_msgs/share/dumme_msgs/cmake/export_dumme_msgs__rosidl_typesupport_fastrtps_cppExport.cmake
[0.320s] -- Up-to-date: /home/asambhav/Storage/dumme_sim/install/dumme_msgs/share/dumme_msgs/cmake/export_dumme_msgs__rosidl_typesupport_fastrtps_cppExport-noconfig.cmake
[0.320s] -- Up-to-date: /home/asambhav/Storage/dumme_sim/install/dumme_msgs/share/dumme_msgs/cmake/dumme_msgs__rosidl_typesupport_introspection_cExport.cmake
[0.320s] -- Up-to-date: /home/asambhav/Storage/dumme_sim/install/dumme_msgs/share/dumme_msgs/cmake/dumme_msgs__rosidl_typesupport_introspection_cExport-noconfig.cmake
[0.320s] -- Up-to-date: /home/asambhav/Storage/dumme_sim/install/dumme_msgs/share/dumme_msgs/cmake/dumme_msgs__rosidl_typesupport_cExport.cmake
[0.320s] -- Up-to-date: /home/asambhav/Storage/dumme_sim/install/dumme_msgs/share/dumme_msgs/cmake/dumme_msgs__rosidl_typesupport_cExport-noconfig.cmake
[0.320s] -- Up-to-date: /home/asambhav/Storage/dumme_sim/install/dumme_msgs/share/dumme_msgs/cmake/dumme_msgs__rosidl_typesupport_introspection_cppExport.cmake
[0.320s] -- Up-to-date: /home/asambhav/Storage/dumme_sim/install/dumme_msgs/share/dumme_msgs/cmake/dumme_msgs__rosidl_typesupport_introspection_cppExport-noconfig.cmake
[0.320s] -- Up-to-date: /home/asambhav/Storage/dumme_sim/install/dumme_msgs/share/dumme_msgs/cmake/dumme_msgs__rosidl_typesupport_cppExport.cmake
[0.320s] -- Up-to-date: /home/asambhav/Storage/dumme_sim/install/dumme_msgs/share/dumme_msgs/cmake/dumme_msgs__rosidl_typesupport_cppExport-noconfig.cmake
[0.320s] -- Up-to-date: /home/asambhav/Storage/dumme_sim/install/dumme_msgs/share/dumme_msgs/cmake/export_dumme_msgs__rosidl_generator_pyExport.cmake
[0.320s] -- Up-to-date: /home/asambhav/Storage/dumme_sim/install/dumme_msgs/share/dumme_msgs/cmake/export_dumme_msgs__rosidl_generator_pyExport-noconfig.cmake
[0.320s] -- Up-to-date: /home/asambhav/Storage/dumme_sim/install/dumme_msgs/share/dumme_msgs/cmake/rosidl_cmake-extras.cmake
[0.320s] -- Up-to-date: /home/asambhav/Storage/dumme_sim/install/dumme_msgs/share/dumme_msgs/cmake/ament_cmake_export_include_directories-extras.cmake
[0.320s] -- Up-to-date: /home/asambhav/Storage/dumme_sim/install/dumme_msgs/share/dumme_msgs/cmake/ament_cmake_export_libraries-extras.cmake
[0.320s] -- Up-to-date: /home/asambhav/Storage/dumme_sim/install/dumme_msgs/share/dumme_msgs/cmake/ament_cmake_export_targets-extras.cmake
[0.320s] -- Up-to-date: /home/asambhav/Storage/dumme_sim/install/dumme_msgs/share/dumme_msgs/cmake/rosidl_cmake_export_typesupport_targets-extras.cmake
[0.321s] -- Up-to-date: /home/asambhav/Storage/dumme_sim/install/dumme_msgs/share/dumme_msgs/cmake/ament_cmake_export_dependencies-extras.cmake
[0.321s] -- Up-to-date: /home/asambhav/Storage/dumme_sim/install/dumme_msgs/share/dumme_msgs/cmake/rosidl_cmake_export_typesupport_libraries-extras.cmake
[0.321s] -- Up-to-date: /home/asambhav/Storage/dumme_sim/install/dumme_msgs/share/dumme_msgs/cmake/rosidl_cmake_aggregate_target-extras.cmake
[0.321s] -- Up-to-date: /home/asambhav/Storage/dumme_sim/install/dumme_msgs/share/dumme_msgs/cmake/dumme_msgsConfig.cmake
[0.321s] -- Up-to-date: /home/asambhav/Storage/dumme_sim/install/dumme_msgs/share/dumme_msgs/cmake/dumme_msgsConfig-version.cmake
[0.321s] -- Up-to-date: /home/asambhav/Storage/dumme_sim/install/dumme_msgs/share/dumme_msgs/package.xml
[0.323s] Invoked command in '/home/asambhav/Storage/dumme_sim/build/dumme_msgs' returned '0': CMAKE_PREFIX_PATH=${CMAKE_PREFIX_PATH}:/home/asambhav/Storage/dumme_sim/install/dumme_controller:/home/asambhav/e-yantra_ws/install/task_1:/opt/ros/humble /usr/bin/cmake --install /home/asambhav/Storage/dumme_sim/build/dumme_msgs
