[0.018s] Invoking command in '/home/asambhav/Storage/dumme_sim/build/dumme_description': CMAKE_PREFIX_PATH=${CMAKE_PREFIX_PATH}:/home/asambhav/Storage/dumme_sim/install/dumme_controller:/home/asambhav/e-yantra_ws/install/task_1:/opt/ros/humble /usr/bin/cmake /home/asambhav/Storage/dumme_sim/src/dumme_description -DCMAKE_INSTALL_PREFIX=/home/asambhav/Storage/dumme_sim/install/dumme_description
[0.065s] -- The C compiler identification is GNU 11.4.0
[0.106s] -- The CXX compiler identification is GNU 11.4.0
[0.113s] -- Detecting C compiler ABI info
[0.158s] -- Detecting C compiler ABI info - done
[0.164s] -- Check for working C compiler: /usr/lib/ccache/cc - skipped
[0.165s] -- Detecting C compile features
[0.165s] -- Detecting C compile features - done
[0.166s] -- Detecting CXX compiler ABI info
[0.220s] -- Detecting CXX compiler ABI info - done
[0.224s] -- Check for working CXX compiler: /usr/lib/ccache/c++ - skipped
[0.225s] -- Detecting CXX compile features
[0.225s] -- Detecting CXX compile features - done
[0.226s] -- Found ament_cmake: 1.3.14 (/opt/ros/humble/share/ament_cmake/cmake)
[0.489s] -- Found Python3: /usr/bin/python3 (found version "3.10.12") found components: Interpreter 
[0.567s] -- Found ament_lint_auto: 0.12.15 (/opt/ros/humble/share/ament_lint_auto/cmake)
[0.621s] -- Added test 'flake8' to check Python code syntax and style conventions
[0.622s] -- Added test 'lint_cmake' to check CMake code style
[0.622s] -- Added test 'pep257' to check Python code against some of the docstring style conventions in PEP 257
[0.623s] -- Added test 'xmllint' to check XML markup files
[0.624s] -- Configuring done
[0.626s] -- Generating done
[0.627s] -- Build files have been written to: /home/asambhav/Storage/dumme_sim/build/dumme_description
[0.632s] Invoked command in '/home/asambhav/Storage/dumme_sim/build/dumme_description' returned '0': CMAKE_PREFIX_PATH=${CMAKE_PREFIX_PATH}:/home/asambhav/Storage/dumme_sim/install/dumme_controller:/home/asambhav/e-yantra_ws/install/task_1:/opt/ros/humble /usr/bin/cmake /home/asambhav/Storage/dumme_sim/src/dumme_description -DCMAKE_INSTALL_PREFIX=/home/asambhav/Storage/dumme_sim/install/dumme_description
[0.634s] Invoking command in '/home/asambhav/Storage/dumme_sim/build/dumme_description': CMAKE_PREFIX_PATH=${CMAKE_PREFIX_PATH}:/home/asambhav/Storage/dumme_sim/install/dumme_controller:/home/asambhav/e-yantra_ws/install/task_1:/opt/ros/humble /usr/bin/cmake --build /home/asambhav/Storage/dumme_sim/build/dumme_description -- -j18 -l18
[0.666s] Invoked command in '/home/asambhav/Storage/dumme_sim/build/dumme_description' returned '0': CMAKE_PREFIX_PATH=${CMAKE_PREFIX_PATH}:/home/asambhav/Storage/dumme_sim/install/dumme_controller:/home/asambhav/e-yantra_ws/install/task_1:/opt/ros/humble /usr/bin/cmake --build /home/asambhav/Storage/dumme_sim/build/dumme_description -- -j18 -l18
[0.676s] Invoking command in '/home/asambhav/Storage/dumme_sim/build/dumme_description': CMAKE_PREFIX_PATH=${CMAKE_PREFIX_PATH}:/home/asambhav/Storage/dumme_sim/install/dumme_controller:/home/asambhav/e-yantra_ws/install/task_1:/opt/ros/humble /usr/bin/cmake --install /home/asambhav/Storage/dumme_sim/build/dumme_description
[0.682s] -- Install configuration: ""
[0.682s] -- Installing: /home/asambhav/Storage/dumme_sim/install/dumme_description/share/dumme_description/launch
[0.682s] -- Installing: /home/asambhav/Storage/dumme_sim/install/dumme_description/share/dumme_description/launch/gazebo.launch.py
[0.682s] -- Installing: /home/asambhav/Storage/dumme_sim/install/dumme_description/share/dumme_description/launch/display.launch.py
[0.682s] -- Installing: /home/asambhav/Storage/dumme_sim/install/dumme_description/share/dumme_description/meshes
[0.682s] -- Installing: /home/asambhav/Storage/dumme_sim/install/dumme_description/share/dumme_description/meshes/wrist.STL
[0.682s] -- Installing: /home/asambhav/Storage/dumme_sim/install/dumme_description/share/dumme_description/meshes/shoulder.STL
[0.683s] -- Installing: /home/asambhav/Storage/dumme_sim/install/dumme_description/share/dumme_description/meshes/shoulder_rotation_plate.STL
[0.683s] -- Installing: /home/asambhav/Storage/dumme_sim/install/dumme_description/share/dumme_description/meshes/base.STL
[0.683s] -- Installing: /home/asambhav/Storage/dumme_sim/install/dumme_description/share/dumme_description/meshes/elbow.STL
[0.683s] -- Installing: /home/asambhav/Storage/dumme_sim/install/dumme_description/share/dumme_description/urdf
[0.683s] -- Installing: /home/asambhav/Storage/dumme_sim/install/dumme_description/share/dumme_description/urdf/dumme_description.urdf.xacro
[0.684s] -- Installing: /home/asambhav/Storage/dumme_sim/install/dumme_description/share/dumme_description/urdf/dumme_gazebo.xacro
[0.684s] -- Installing: /home/asambhav/Storage/dumme_sim/install/dumme_description/share/dumme_description/urdf/dumme_ros2_control.xacro
[0.684s] -- Installing: /home/asambhav/Storage/dumme_sim/install/dumme_description/share/dumme_description/rviz
[0.684s] -- Installing: /home/asambhav/Storage/dumme_sim/install/dumme_description/share/ament_index/resource_index/package_run_dependencies/dumme_description
[0.684s] -- Installing: /home/asambhav/Storage/dumme_sim/install/dumme_description/share/ament_index/resource_index/parent_prefix_path/dumme_description
[0.684s] -- Installing: /home/asambhav/Storage/dumme_sim/install/dumme_description/share/dumme_description/environment/ament_prefix_path.sh
[0.684s] -- Installing: /home/asambhav/Storage/dumme_sim/install/dumme_description/share/dumme_description/environment/ament_prefix_path.dsv
[0.684s] -- Installing: /home/asambhav/Storage/dumme_sim/install/dumme_description/share/dumme_description/environment/path.sh
[0.684s] -- Installing: /home/asambhav/Storage/dumme_sim/install/dumme_description/share/dumme_description/environment/path.dsv
[0.684s] -- Installing: /home/asambhav/Storage/dumme_sim/install/dumme_description/share/dumme_description/local_setup.bash
[0.684s] -- Installing: /home/asambhav/Storage/dumme_sim/install/dumme_description/share/dumme_description/local_setup.sh
[0.684s] -- Installing: /home/asambhav/Storage/dumme_sim/install/dumme_description/share/dumme_description/local_setup.zsh
[0.684s] -- Installing: /home/asambhav/Storage/dumme_sim/install/dumme_description/share/dumme_description/local_setup.dsv
[0.684s] -- Installing: /home/asambhav/Storage/dumme_sim/install/dumme_description/share/dumme_description/package.dsv
[0.684s] -- Installing: /home/asambhav/Storage/dumme_sim/install/dumme_description/share/ament_index/resource_index/packages/dumme_description
[0.684s] -- Installing: /home/asambhav/Storage/dumme_sim/install/dumme_description/share/dumme_description/cmake/dumme_descriptionConfig.cmake
[0.684s] -- Installing: /home/asambhav/Storage/dumme_sim/install/dumme_description/share/dumme_description/cmake/dumme_descriptionConfig-version.cmake
[0.684s] -- Installing: /home/asambhav/Storage/dumme_sim/install/dumme_description/share/dumme_description/package.xml
[0.686s] Invoked command in '/home/asambhav/Storage/dumme_sim/build/dumme_description' returned '0': CMAKE_PREFIX_PATH=${CMAKE_PREFIX_PATH}:/home/asambhav/Storage/dumme_sim/install/dumme_controller:/home/asambhav/e-yantra_ws/install/task_1:/opt/ros/humble /usr/bin/cmake --install /home/asambhav/Storage/dumme_sim/build/dumme_description
