[0.011s] Invoking command in '/home/asambhav/Storage/dumme_sim/build/dumme_description': CMAKE_PREFIX_PATH=${CMAKE_PREFIX_PATH}:/home/asambhav/e-yantra_ws/install/task_1:/opt/ros/humble /usr/bin/cmake /home/asambhav/Storage/dumme_sim/src/dumme_description -DCMAKE_INSTALL_PREFIX=/home/asambhav/Storage/dumme_sim/install/dumme_description
[0.099s] -- The C compiler identification is GNU 11.4.0
[0.171s] -- The CXX compiler identification is GNU 11.4.0
[0.181s] -- Detecting C compiler ABI info
[0.238s] -- Detecting C compiler ABI info - done
[0.245s] -- Check for working C compiler: /usr/lib/ccache/cc - skipped
[0.245s] -- Detecting C compile features
[0.245s] -- Detecting C compile features - done
[0.248s] -- Detecting CXX compiler ABI info
[0.299s] -- Detecting CXX compiler ABI info - done
[0.306s] -- Check for working CXX compiler: /usr/lib/ccache/c++ - skipped
[0.306s] -- Detecting CXX compile features
[0.306s] -- Detecting CXX compile features - done
[0.319s] -- Found ament_cmake: 1.3.14 (/opt/ros/humble/share/ament_cmake/cmake)
[0.579s] -- Found Python3: /usr/bin/python3 (found version "3.10.12") found components: Interpreter 
[0.669s] -- Found ament_lint_auto: 0.12.15 (/opt/ros/humble/share/ament_lint_auto/cmake)
[0.730s] -- Added test 'lint_cmake' to check CMake code style
[0.731s] -- Added test 'xmllint' to check XML markup files
[0.732s] -- Configuring done
[0.734s] -- Generating done
[0.735s] -- Build files have been written to: /home/asambhav/Storage/dumme_sim/build/dumme_description
[0.738s] Invoked command in '/home/asambhav/Storage/dumme_sim/build/dumme_description' returned '0': CMAKE_PREFIX_PATH=${CMAKE_PREFIX_PATH}:/home/asambhav/e-yantra_ws/install/task_1:/opt/ros/humble /usr/bin/cmake /home/asambhav/Storage/dumme_sim/src/dumme_description -DCMAKE_INSTALL_PREFIX=/home/asambhav/Storage/dumme_sim/install/dumme_description
[0.741s] Invoking command in '/home/asambhav/Storage/dumme_sim/build/dumme_description': CMAKE_PREFIX_PATH=${CMAKE_PREFIX_PATH}:/home/asambhav/e-yantra_ws/install/task_1:/opt/ros/humble /usr/bin/cmake --build /home/asambhav/Storage/dumme_sim/build/dumme_description -- -j18 -l18
[0.775s] Invoked command in '/home/asambhav/Storage/dumme_sim/build/dumme_description' returned '0': CMAKE_PREFIX_PATH=${CMAKE_PREFIX_PATH}:/home/asambhav/e-yantra_ws/install/task_1:/opt/ros/humble /usr/bin/cmake --build /home/asambhav/Storage/dumme_sim/build/dumme_description -- -j18 -l18
[0.783s] Invoking command in '/home/asambhav/Storage/dumme_sim/build/dumme_description': CMAKE_PREFIX_PATH=${CMAKE_PREFIX_PATH}:/home/asambhav/e-yantra_ws/install/task_1:/opt/ros/humble /usr/bin/cmake --install /home/asambhav/Storage/dumme_sim/build/dumme_description
[0.789s] -- Install configuration: ""
[0.789s] -- Installing: /home/asambhav/Storage/dumme_sim/install/dumme_description/share/dumme_description/launch
[0.789s] -- Installing: /home/asambhav/Storage/dumme_sim/install/dumme_description/share/dumme_description/meshes
[0.789s] -- Installing: /home/asambhav/Storage/dumme_sim/install/dumme_description/share/dumme_description/meshes/wrist.STL
[0.789s] -- Installing: /home/asambhav/Storage/dumme_sim/install/dumme_description/share/dumme_description/meshes/shoulder.STL
[0.789s] -- Installing: /home/asambhav/Storage/dumme_sim/install/dumme_description/share/dumme_description/meshes/shoulder_rotation_plate.STL
[0.790s] -- Installing: /home/asambhav/Storage/dumme_sim/install/dumme_description/share/dumme_description/meshes/base.STL
[0.790s] -- Installing: /home/asambhav/Storage/dumme_sim/install/dumme_description/share/dumme_description/meshes/elbow.STL
[0.790s] -- Installing: /home/asambhav/Storage/dumme_sim/install/dumme_description/share/dumme_description/urdf
[0.790s] -- Installing: /home/asambhav/Storage/dumme_sim/install/dumme_description/share/dumme_description/urdf/dumme_description.urdf.xacro
[0.790s] -- Installing: /home/asambhav/Storage/dumme_sim/install/dumme_description/share/dumme_description/rviz
[0.791s] -- Installing: /home/asambhav/Storage/dumme_sim/install/dumme_description/share/ament_index/resource_index/package_run_dependencies/dumme_description
[0.791s] -- Installing: /home/asambhav/Storage/dumme_sim/install/dumme_description/share/ament_index/resource_index/parent_prefix_path/dumme_description
[0.791s] -- Installing: /home/asambhav/Storage/dumme_sim/install/dumme_description/share/dumme_description/environment/ament_prefix_path.sh
[0.791s] -- Installing: /home/asambhav/Storage/dumme_sim/install/dumme_description/share/dumme_description/environment/ament_prefix_path.dsv
[0.791s] -- Installing: /home/asambhav/Storage/dumme_sim/install/dumme_description/share/dumme_description/environment/path.sh
[0.791s] -- Installing: /home/asambhav/Storage/dumme_sim/install/dumme_description/share/dumme_description/environment/path.dsv
[0.791s] -- Installing: /home/asambhav/Storage/dumme_sim/install/dumme_description/share/dumme_description/local_setup.bash
[0.791s] -- Installing: /home/asambhav/Storage/dumme_sim/install/dumme_description/share/dumme_description/local_setup.sh
[0.791s] -- Installing: /home/asambhav/Storage/dumme_sim/install/dumme_description/share/dumme_description/local_setup.zsh
[0.791s] -- Installing: /home/asambhav/Storage/dumme_sim/install/dumme_description/share/dumme_description/local_setup.dsv
[0.791s] -- Installing: /home/asambhav/Storage/dumme_sim/install/dumme_description/share/dumme_description/package.dsv
[0.791s] -- Installing: /home/asambhav/Storage/dumme_sim/install/dumme_description/share/ament_index/resource_index/packages/dumme_description
[0.791s] -- Installing: /home/asambhav/Storage/dumme_sim/install/dumme_description/share/dumme_description/cmake/dumme_descriptionConfig.cmake
[0.791s] -- Installing: /home/asambhav/Storage/dumme_sim/install/dumme_description/share/dumme_description/cmake/dumme_descriptionConfig-version.cmake
[0.791s] -- Installing: /home/asambhav/Storage/dumme_sim/install/dumme_description/share/dumme_description/package.xml
[0.793s] Invoked command in '/home/asambhav/Storage/dumme_sim/build/dumme_description' returned '0': CMAKE_PREFIX_PATH=${CMAKE_PREFIX_PATH}:/home/asambhav/e-yantra_ws/install/task_1:/opt/ros/humble /usr/bin/cmake --install /home/asambhav/Storage/dumme_sim/build/dumme_description
