[0.153s] Invoking command in '/home/asambhav/Storage/dumme_sim/build/dumme_moveit': CMAKE_PREFIX_PATH=/home/asambhav/Storage/dumme_sim/install/dumme_description:/home/asambhav/Storage/dumme_sim/install/dumme_utils:/home/asambhav/Storage/dumme_sim/install/dumme_msgs:/home/asambhav/e-yantra_ws/install/ur_simulation_gz:/home/asambhav/e-yantra_ws/install/ur_description:/home/asambhav/e-yantra_ws/install/ur5_control:/home/asambhav/e-yantra_ws/install/pymoveit2:/home/asambhav/e-yantra_ws/install/linkattacher_msgs:/home/asambhav/e-yantra_ws/install/eyantra_warehouse:/home/asambhav/e-yantra_ws/install/ebot_description:/home/asambhav/Storage/dumme_sim/install/dumme_controller:/home/asambhav/e-yantra_ws/install/task_1:/opt/ros/humble /usr/bin/cmake /home/asambhav/Storage/dumme_sim/src/dumme_moveit -DCMAKE_INSTALL_PREFIX=/home/asambhav/Storage/dumme_sim/install/dumme_moveit
[0.199s] -- The C compiler identification is GNU 11.4.0
[0.253s] -- The CXX compiler identification is GNU 11.4.0
[0.262s] -- Detecting C compiler ABI info
[0.315s] -- Detecting C compiler ABI info - done
[0.322s] -- Check for working C compiler: /usr/lib/ccache/cc - skipped
[0.322s] -- Detecting C compile features
[0.323s] -- Detecting C compile features - done
[0.326s] -- Detecting CXX compiler ABI info
[0.381s] -- Detecting CXX compiler ABI info - done
[0.386s] -- Check for working CXX compiler: /usr/lib/ccache/c++ - skipped
[0.386s] -- Detecting CXX compile features
[0.386s] -- Detecting CXX compile features - done
[0.388s] -- Found ament_cmake: 1.3.14 (/opt/ros/humble/share/ament_cmake/cmake)
[0.642s] -- Found Python3: /usr/bin/python3 (found version "3.10.12") found components: Interpreter 
[0.711s] -- Found ament_lint_auto: 0.12.15 (/opt/ros/humble/share/ament_lint_auto/cmake)
[0.778s] -- Added test 'copyright' to check source files copyright and LICENSE
[0.779s] -- Added test 'flake8' to check Python code syntax and style conventions
[0.780s] -- Added test 'lint_cmake' to check CMake code style
[0.780s] -- Added test 'pep257' to check Python code against some of the docstring style conventions in PEP 257
[0.781s] -- Added test 'xmllint' to check XML markup files
[0.782s] -- Configuring done
[0.783s] -- Generating done
[0.784s] -- Build files have been written to: /home/asambhav/Storage/dumme_sim/build/dumme_moveit
[0.788s] Invoked command in '/home/asambhav/Storage/dumme_sim/build/dumme_moveit' returned '0': CMAKE_PREFIX_PATH=/home/asambhav/Storage/dumme_sim/install/dumme_description:/home/asambhav/Storage/dumme_sim/install/dumme_utils:/home/asambhav/Storage/dumme_sim/install/dumme_msgs:/home/asambhav/e-yantra_ws/install/ur_simulation_gz:/home/asambhav/e-yantra_ws/install/ur_description:/home/asambhav/e-yantra_ws/install/ur5_control:/home/asambhav/e-yantra_ws/install/pymoveit2:/home/asambhav/e-yantra_ws/install/linkattacher_msgs:/home/asambhav/e-yantra_ws/install/eyantra_warehouse:/home/asambhav/e-yantra_ws/install/ebot_description:/home/asambhav/Storage/dumme_sim/install/dumme_controller:/home/asambhav/e-yantra_ws/install/task_1:/opt/ros/humble /usr/bin/cmake /home/asambhav/Storage/dumme_sim/src/dumme_moveit -DCMAKE_INSTALL_PREFIX=/home/asambhav/Storage/dumme_sim/install/dumme_moveit
[0.788s] Invoking command in '/home/asambhav/Storage/dumme_sim/build/dumme_moveit': CMAKE_PREFIX_PATH=/home/asambhav/Storage/dumme_sim/install/dumme_description:/home/asambhav/Storage/dumme_sim/install/dumme_utils:/home/asambhav/Storage/dumme_sim/install/dumme_msgs:/home/asambhav/e-yantra_ws/install/ur_simulation_gz:/home/asambhav/e-yantra_ws/install/ur_description:/home/asambhav/e-yantra_ws/install/ur5_control:/home/asambhav/e-yantra_ws/install/pymoveit2:/home/asambhav/e-yantra_ws/install/linkattacher_msgs:/home/asambhav/e-yantra_ws/install/eyantra_warehouse:/home/asambhav/e-yantra_ws/install/ebot_description:/home/asambhav/Storage/dumme_sim/install/dumme_controller:/home/asambhav/e-yantra_ws/install/task_1:/opt/ros/humble /usr/bin/cmake --build /home/asambhav/Storage/dumme_sim/build/dumme_moveit -- -j18 -l18
[0.822s] Invoked command in '/home/asambhav/Storage/dumme_sim/build/dumme_moveit' returned '0': CMAKE_PREFIX_PATH=/home/asambhav/Storage/dumme_sim/install/dumme_description:/home/asambhav/Storage/dumme_sim/install/dumme_utils:/home/asambhav/Storage/dumme_sim/install/dumme_msgs:/home/asambhav/e-yantra_ws/install/ur_simulation_gz:/home/asambhav/e-yantra_ws/install/ur_description:/home/asambhav/e-yantra_ws/install/ur5_control:/home/asambhav/e-yantra_ws/install/pymoveit2:/home/asambhav/e-yantra_ws/install/linkattacher_msgs:/home/asambhav/e-yantra_ws/install/eyantra_warehouse:/home/asambhav/e-yantra_ws/install/ebot_description:/home/asambhav/Storage/dumme_sim/install/dumme_controller:/home/asambhav/e-yantra_ws/install/task_1:/opt/ros/humble /usr/bin/cmake --build /home/asambhav/Storage/dumme_sim/build/dumme_moveit -- -j18 -l18
[0.824s] Invoking command in '/home/asambhav/Storage/dumme_sim/build/dumme_moveit': CMAKE_PREFIX_PATH=/home/asambhav/Storage/dumme_sim/install/dumme_description:/home/asambhav/Storage/dumme_sim/install/dumme_utils:/home/asambhav/Storage/dumme_sim/install/dumme_msgs:/home/asambhav/e-yantra_ws/install/ur_simulation_gz:/home/asambhav/e-yantra_ws/install/ur_description:/home/asambhav/e-yantra_ws/install/ur5_control:/home/asambhav/e-yantra_ws/install/pymoveit2:/home/asambhav/e-yantra_ws/install/linkattacher_msgs:/home/asambhav/e-yantra_ws/install/eyantra_warehouse:/home/asambhav/e-yantra_ws/install/ebot_description:/home/asambhav/Storage/dumme_sim/install/dumme_controller:/home/asambhav/e-yantra_ws/install/task_1:/opt/ros/humble /usr/bin/cmake --install /home/asambhav/Storage/dumme_sim/build/dumme_moveit
[0.833s] -- Install configuration: ""
[0.833s] -- Installing: /home/asambhav/Storage/dumme_sim/install/dumme_moveit/share/dumme_moveit/launch
[0.833s] -- Installing: /home/asambhav/Storage/dumme_sim/install/dumme_moveit/share/dumme_moveit/launch/moveit.launch.py
[0.833s] -- Installing: /home/asambhav/Storage/dumme_sim/install/dumme_moveit/share/dumme_moveit/config
[0.833s] -- Installing: /home/asambhav/Storage/dumme_sim/install/dumme_moveit/share/dumme_moveit/config/kinematics.yaml
[0.834s] -- Installing: /home/asambhav/Storage/dumme_sim/install/dumme_moveit/share/dumme_moveit/config/joint_limits.yaml
[0.834s] -- Installing: /home/asambhav/Storage/dumme_sim/install/dumme_moveit/share/dumme_moveit/config/moveit.rviz
[0.834s] -- Installing: /home/asambhav/Storage/dumme_sim/install/dumme_moveit/share/dumme_moveit/config/planning_python_api.yaml
[0.834s] -- Installing: /home/asambhav/Storage/dumme_sim/install/dumme_moveit/share/dumme_moveit/config/moveit_controllers.yaml
[0.834s] -- Installing: /home/asambhav/Storage/dumme_sim/install/dumme_moveit/share/dumme_moveit/config/dumme.srdf
[0.834s] -- Installing: /home/asambhav/Storage/dumme_sim/install/dumme_moveit/share/dumme_moveit/config/initial_positions.yaml
[0.834s] -- Installing: /home/asambhav/Storage/dumme_sim/install/dumme_moveit/share/dumme_moveit/config/pilz_cartesian_limits.yaml
[0.834s] -- Installing: /home/asambhav/Storage/dumme_sim/install/dumme_moveit/share/ament_index/resource_index/package_run_dependencies/dumme_moveit
[0.834s] -- Installing: /home/asambhav/Storage/dumme_sim/install/dumme_moveit/share/ament_index/resource_index/parent_prefix_path/dumme_moveit
[0.834s] -- Installing: /home/asambhav/Storage/dumme_sim/install/dumme_moveit/share/dumme_moveit/environment/ament_prefix_path.sh
[0.834s] -- Installing: /home/asambhav/Storage/dumme_sim/install/dumme_moveit/share/dumme_moveit/environment/ament_prefix_path.dsv
[0.835s] -- Installing: /home/asambhav/Storage/dumme_sim/install/dumme_moveit/share/dumme_moveit/environment/path.sh
[0.835s] -- Installing: /home/asambhav/Storage/dumme_sim/install/dumme_moveit/share/dumme_moveit/environment/path.dsv
[0.835s] -- Installing: /home/asambhav/Storage/dumme_sim/install/dumme_moveit/share/dumme_moveit/local_setup.bash
[0.835s] -- Installing: /home/asambhav/Storage/dumme_sim/install/dumme_moveit/share/dumme_moveit/local_setup.sh
[0.835s] -- Installing: /home/asambhav/Storage/dumme_sim/install/dumme_moveit/share/dumme_moveit/local_setup.zsh
[0.835s] -- Installing: /home/asambhav/Storage/dumme_sim/install/dumme_moveit/share/dumme_moveit/local_setup.dsv
[0.835s] -- Installing: /home/asambhav/Storage/dumme_sim/install/dumme_moveit/share/dumme_moveit/package.dsv
[0.835s] -- Installing: /home/asambhav/Storage/dumme_sim/install/dumme_moveit/share/ament_index/resource_index/packages/dumme_moveit
[0.835s] -- Installing: /home/asambhav/Storage/dumme_sim/install/dumme_moveit/share/dumme_moveit/cmake/dumme_moveitConfig.cmake
[0.835s] -- Installing: /home/asambhav/Storage/dumme_sim/install/dumme_moveit/share/dumme_moveit/cmake/dumme_moveitConfig-version.cmake
[0.836s] -- Installing: /home/asambhav/Storage/dumme_sim/install/dumme_moveit/share/dumme_moveit/package.xml
[0.838s] Invoked command in '/home/asambhav/Storage/dumme_sim/build/dumme_moveit' returned '0': CMAKE_PREFIX_PATH=/home/asambhav/Storage/dumme_sim/install/dumme_description:/home/asambhav/Storage/dumme_sim/install/dumme_utils:/home/asambhav/Storage/dumme_sim/install/dumme_msgs:/home/asambhav/e-yantra_ws/install/ur_simulation_gz:/home/asambhav/e-yantra_ws/install/ur_description:/home/asambhav/e-yantra_ws/install/ur5_control:/home/asambhav/e-yantra_ws/install/pymoveit2:/home/asambhav/e-yantra_ws/install/linkattacher_msgs:/home/asambhav/e-yantra_ws/install/eyantra_warehouse:/home/asambhav/e-yantra_ws/install/ebot_description:/home/asambhav/Storage/dumme_sim/install/dumme_controller:/home/asambhav/e-yantra_ws/install/task_1:/opt/ros/humble /usr/bin/cmake --install /home/asambhav/Storage/dumme_sim/build/dumme_moveit
