[0.072s] DEBUG:colcon:Command line arguments: ['/usr/bin/colcon', 'build']
[0.072s] DEBUG:colcon:Parsed command line arguments: Namespace(log_base=None, log_level=None, verb_name='build', build_base='build', install_base='install', merge_install=False, symlink_install=False, test_result_base=None, continue_on_error=False, executor='parallel', parallel_workers=18, event_handlers=None, ignore_user_meta=False, metas=['./colcon.meta'], base_paths=['.'], packages_ignore=None, packages_ignore_regex=None, paths=None, packages_up_to=None, packages_up_to_regex=None, packages_above=None, packages_above_and_dependencies=None, packages_above_depth=None, packages_select_by_dep=None, packages_skip_by_dep=None, packages_skip_up_to=None, packages_select_build_failed=False, packages_skip_build_finished=False, packages_select_test_failures=False, packages_skip_test_passed=False, packages_select=None, packages_skip=None, packages_select_regex=None, packages_skip_regex=None, packages_start=None, packages_end=None, allow_overriding=[], cmake_args=None, cmake_target=None, cmake_target_skip_unavailable=False, cmake_clean_cache=False, cmake_clean_first=False, cmake_force_configure=False, ament_cmake_args=None, catkin_cmake_args=None, catkin_skip_building_tests=False, mixin_files=None, mixin=None, verb_parser=<colcon_mixin.mixin.mixin_argument.MixinArgumentDecorator object at 0x79969fa8d2d0>, verb_extension=<colcon_core.verb.build.BuildVerb object at 0x79969fa15e10>, main=<bound method BuildVerb.main of <colcon_core.verb.build.BuildVerb object at 0x79969fa15e10>>, mixin_verb=('build',))
[0.097s] Level 1:colcon.colcon_core.package_discovery:discover_packages(colcon_meta) check parameters
[0.097s] Level 1:colcon.colcon_core.package_discovery:discover_packages(recursive) check parameters
[0.097s] Level 1:colcon.colcon_core.package_discovery:discover_packages(ignore) check parameters
[0.097s] Level 1:colcon.colcon_core.package_discovery:discover_packages(path) check parameters
[0.097s] Level 1:colcon.colcon_core.package_discovery:discover_packages(colcon_meta) discover
[0.097s] Level 1:colcon.colcon_core.package_discovery:discover_packages(recursive) discover
[0.097s] INFO:colcon.colcon_core.package_discovery:Crawling recursively for packages in '/home/asambhav/Storage/dumme_sim'
[0.097s] Level 1:colcon.colcon_core.package_identification:_identify(.) by extensions ['ignore', 'ignore_ament_install']
[0.098s] Level 1:colcon.colcon_core.package_identification:_identify(.) by extension 'ignore'
[0.098s] Level 1:colcon.colcon_core.package_identification:_identify(.) by extension 'ignore_ament_install'
[0.098s] Level 1:colcon.colcon_core.package_identification:_identify(.) by extensions ['colcon_pkg']
[0.098s] Level 1:colcon.colcon_core.package_identification:_identify(.) by extension 'colcon_pkg'
[0.098s] Level 1:colcon.colcon_core.package_identification:_identify(.) by extensions ['colcon_meta']
[0.098s] Level 1:colcon.colcon_core.package_identification:_identify(.) by extension 'colcon_meta'
[0.098s] Level 1:colcon.colcon_core.package_identification:_identify(.) by extensions ['ros']
[0.098s] Level 1:colcon.colcon_core.package_identification:_identify(.) by extension 'ros'
[0.106s] Level 1:colcon.colcon_core.package_identification:_identify(.) by extensions ['cmake', 'python']
[0.107s] Level 1:colcon.colcon_core.package_identification:_identify(.) by extension 'cmake'
[0.107s] Level 1:colcon.colcon_core.package_identification:_identify(.) by extension 'python'
[0.107s] Level 1:colcon.colcon_core.package_identification:_identify(.) by extensions ['python_setup_py']
[0.107s] Level 1:colcon.colcon_core.package_identification:_identify(.) by extension 'python_setup_py'
[0.107s] Level 1:colcon.colcon_core.package_identification:_identify(build) by extensions ['ignore', 'ignore_ament_install']
[0.107s] Level 1:colcon.colcon_core.package_identification:_identify(build) by extension 'ignore'
[0.107s] Level 1:colcon.colcon_core.package_identification:_identify(build) ignored
[0.107s] Level 1:colcon.colcon_core.package_identification:_identify(install) by extensions ['ignore', 'ignore_ament_install']
[0.107s] Level 1:colcon.colcon_core.package_identification:_identify(install) by extension 'ignore'
[0.107s] Level 1:colcon.colcon_core.package_identification:_identify(install) ignored
[0.107s] Level 1:colcon.colcon_core.package_identification:_identify(log) by extensions ['ignore', 'ignore_ament_install']
[0.107s] Level 1:colcon.colcon_core.package_identification:_identify(log) by extension 'ignore'
[0.107s] Level 1:colcon.colcon_core.package_identification:_identify(log) ignored
[0.107s] Level 1:colcon.colcon_core.package_identification:_identify(src) by extensions ['ignore', 'ignore_ament_install']
[0.107s] Level 1:colcon.colcon_core.package_identification:_identify(src) by extension 'ignore'
[0.107s] Level 1:colcon.colcon_core.package_identification:_identify(src) by extension 'ignore_ament_install'
[0.107s] Level 1:colcon.colcon_core.package_identification:_identify(src) by extensions ['colcon_pkg']
[0.107s] Level 1:colcon.colcon_core.package_identification:_identify(src) by extension 'colcon_pkg'
[0.107s] Level 1:colcon.colcon_core.package_identification:_identify(src) by extensions ['colcon_meta']
[0.107s] Level 1:colcon.colcon_core.package_identification:_identify(src) by extension 'colcon_meta'
[0.107s] Level 1:colcon.colcon_core.package_identification:_identify(src) by extensions ['ros']
[0.107s] Level 1:colcon.colcon_core.package_identification:_identify(src) by extension 'ros'
[0.107s] Level 1:colcon.colcon_core.package_identification:_identify(src) by extensions ['cmake', 'python']
[0.107s] Level 1:colcon.colcon_core.package_identification:_identify(src) by extension 'cmake'
[0.107s] Level 1:colcon.colcon_core.package_identification:_identify(src) by extension 'python'
[0.107s] Level 1:colcon.colcon_core.package_identification:_identify(src) by extensions ['python_setup_py']
[0.107s] Level 1:colcon.colcon_core.package_identification:_identify(src) by extension 'python_setup_py'
[0.107s] Level 1:colcon.colcon_core.package_identification:_identify(src/dumme_controller) by extensions ['ignore', 'ignore_ament_install']
[0.107s] Level 1:colcon.colcon_core.package_identification:_identify(src/dumme_controller) by extension 'ignore'
[0.107s] Level 1:colcon.colcon_core.package_identification:_identify(src/dumme_controller) by extension 'ignore_ament_install'
[0.107s] Level 1:colcon.colcon_core.package_identification:_identify(src/dumme_controller) by extensions ['colcon_pkg']
[0.107s] Level 1:colcon.colcon_core.package_identification:_identify(src/dumme_controller) by extension 'colcon_pkg'
[0.108s] Level 1:colcon.colcon_core.package_identification:_identify(src/dumme_controller) by extensions ['colcon_meta']
[0.108s] Level 1:colcon.colcon_core.package_identification:_identify(src/dumme_controller) by extension 'colcon_meta'
[0.108s] Level 1:colcon.colcon_core.package_identification:_identify(src/dumme_controller) by extensions ['ros']
[0.108s] Level 1:colcon.colcon_core.package_identification:_identify(src/dumme_controller) by extension 'ros'
[0.110s] DEBUG:colcon.colcon_core.package_identification:Package 'src/dumme_controller' with type 'ros.ament_python' and name 'dumme_controller'
[0.110s] Level 1:colcon.colcon_core.package_identification:_identify(src/dumme_description) by extensions ['ignore', 'ignore_ament_install']
[0.110s] Level 1:colcon.colcon_core.package_identification:_identify(src/dumme_description) by extension 'ignore'
[0.110s] Level 1:colcon.colcon_core.package_identification:_identify(src/dumme_description) by extension 'ignore_ament_install'
[0.110s] Level 1:colcon.colcon_core.package_identification:_identify(src/dumme_description) by extensions ['colcon_pkg']
[0.110s] Level 1:colcon.colcon_core.package_identification:_identify(src/dumme_description) by extension 'colcon_pkg'
[0.110s] Level 1:colcon.colcon_core.package_identification:_identify(src/dumme_description) by extensions ['colcon_meta']
[0.110s] Level 1:colcon.colcon_core.package_identification:_identify(src/dumme_description) by extension 'colcon_meta'
[0.110s] Level 1:colcon.colcon_core.package_identification:_identify(src/dumme_description) by extensions ['ros']
[0.111s] Level 1:colcon.colcon_core.package_identification:_identify(src/dumme_description) by extension 'ros'
[0.113s] DEBUG:colcon.colcon_core.package_identification:Package 'src/dumme_description' with type 'ros.ament_cmake' and name 'dumme_description'
[0.113s] Level 1:colcon.colcon_core.package_identification:_identify(src/dumme_moveit) by extensions ['ignore', 'ignore_ament_install']
[0.113s] Level 1:colcon.colcon_core.package_identification:_identify(src/dumme_moveit) by extension 'ignore'
[0.113s] Level 1:colcon.colcon_core.package_identification:_identify(src/dumme_moveit) by extension 'ignore_ament_install'
[0.113s] Level 1:colcon.colcon_core.package_identification:_identify(src/dumme_moveit) by extensions ['colcon_pkg']
[0.113s] Level 1:colcon.colcon_core.package_identification:_identify(src/dumme_moveit) by extension 'colcon_pkg'
[0.113s] Level 1:colcon.colcon_core.package_identification:_identify(src/dumme_moveit) by extensions ['colcon_meta']
[0.113s] Level 1:colcon.colcon_core.package_identification:_identify(src/dumme_moveit) by extension 'colcon_meta'
[0.113s] Level 1:colcon.colcon_core.package_identification:_identify(src/dumme_moveit) by extensions ['ros']
[0.113s] Level 1:colcon.colcon_core.package_identification:_identify(src/dumme_moveit) by extension 'ros'
[0.113s] DEBUG:colcon.colcon_core.package_identification:Package 'src/dumme_moveit' with type 'ros.ament_cmake' and name 'dumme_moveit'
[0.113s] Level 1:colcon.colcon_core.package_identification:_identify(src/dumme_msgs) by extensions ['ignore', 'ignore_ament_install']
[0.113s] Level 1:colcon.colcon_core.package_identification:_identify(src/dumme_msgs) by extension 'ignore'
[0.113s] Level 1:colcon.colcon_core.package_identification:_identify(src/dumme_msgs) by extension 'ignore_ament_install'
[0.114s] Level 1:colcon.colcon_core.package_identification:_identify(src/dumme_msgs) by extensions ['colcon_pkg']
[0.114s] Level 1:colcon.colcon_core.package_identification:_identify(src/dumme_msgs) by extension 'colcon_pkg'
[0.114s] Level 1:colcon.colcon_core.package_identification:_identify(src/dumme_msgs) by extensions ['colcon_meta']
[0.114s] Level 1:colcon.colcon_core.package_identification:_identify(src/dumme_msgs) by extension 'colcon_meta'
[0.114s] Level 1:colcon.colcon_core.package_identification:_identify(src/dumme_msgs) by extensions ['ros']
[0.114s] Level 1:colcon.colcon_core.package_identification:_identify(src/dumme_msgs) by extension 'ros'
[0.114s] DEBUG:colcon.colcon_core.package_identification:Package 'src/dumme_msgs' with type 'ros.ament_cmake' and name 'dumme_msgs'
[0.114s] Level 1:colcon.colcon_core.package_identification:_identify(src/dumme_utils) by extensions ['ignore', 'ignore_ament_install']
[0.114s] Level 1:colcon.colcon_core.package_identification:_identify(src/dumme_utils) by extension 'ignore'
[0.114s] Level 1:colcon.colcon_core.package_identification:_identify(src/dumme_utils) by extension 'ignore_ament_install'
[0.114s] Level 1:colcon.colcon_core.package_identification:_identify(src/dumme_utils) by extensions ['colcon_pkg']
[0.114s] Level 1:colcon.colcon_core.package_identification:_identify(src/dumme_utils) by extension 'colcon_pkg'
[0.114s] Level 1:colcon.colcon_core.package_identification:_identify(src/dumme_utils) by extensions ['colcon_meta']
[0.114s] Level 1:colcon.colcon_core.package_identification:_identify(src/dumme_utils) by extension 'colcon_meta'
[0.114s] Level 1:colcon.colcon_core.package_identification:_identify(src/dumme_utils) by extensions ['ros']
[0.114s] Level 1:colcon.colcon_core.package_identification:_identify(src/dumme_utils) by extension 'ros'
[0.115s] DEBUG:colcon.colcon_core.package_identification:Package 'src/dumme_utils' with type 'ros.ament_cmake' and name 'dumme_utils'
[0.115s] Level 1:colcon.colcon_core.package_discovery:discover_packages(recursive) using defaults
[0.115s] Level 1:colcon.colcon_core.package_discovery:discover_packages(ignore) discover
[0.115s] Level 1:colcon.colcon_core.package_discovery:discover_packages(ignore) using defaults
[0.115s] Level 1:colcon.colcon_core.package_discovery:discover_packages(path) discover
[0.115s] Level 1:colcon.colcon_core.package_discovery:discover_packages(path) using defaults
[0.130s] Level 1:colcon.colcon_core.package_discovery:discover_packages(prefix_path) check parameters
[0.130s] Level 1:colcon.colcon_core.package_discovery:discover_packages(prefix_path) discover
[0.131s] DEBUG:colcon.colcon_installed_package_information.package_discovery:Found 5 installed packages in /home/asambhav/Storage/dumme_sim/install
[0.131s] DEBUG:colcon.colcon_installed_package_information.package_discovery:Found 9 installed packages in /home/asambhav/e-yantra_ws/install
[0.133s] DEBUG:colcon.colcon_installed_package_information.package_discovery:Found 409 installed packages in /opt/ros/humble
[0.134s] Level 1:colcon.colcon_core.package_discovery:discover_packages(prefix_path) using defaults
[0.199s] Level 5:colcon.colcon_core.verb:set package 'dumme_description' build argument 'cmake_args' from command line to 'None'
[0.199s] Level 5:colcon.colcon_core.verb:set package 'dumme_description' build argument 'cmake_target' from command line to 'None'
[0.199s] Level 5:colcon.colcon_core.verb:set package 'dumme_description' build argument 'cmake_target_skip_unavailable' from command line to 'False'
[0.199s] Level 5:colcon.colcon_core.verb:set package 'dumme_description' build argument 'cmake_clean_cache' from command line to 'False'
[0.199s] Level 5:colcon.colcon_core.verb:set package 'dumme_description' build argument 'cmake_clean_first' from command line to 'False'
[0.199s] Level 5:colcon.colcon_core.verb:set package 'dumme_description' build argument 'cmake_force_configure' from command line to 'False'
[0.199s] Level 5:colcon.colcon_core.verb:set package 'dumme_description' build argument 'ament_cmake_args' from command line to 'None'
[0.199s] Level 5:colcon.colcon_core.verb:set package 'dumme_description' build argument 'catkin_cmake_args' from command line to 'None'
[0.199s] Level 5:colcon.colcon_core.verb:set package 'dumme_description' build argument 'catkin_skip_building_tests' from command line to 'False'
[0.199s] DEBUG:colcon.colcon_core.verb:Building package 'dumme_description' with the following arguments: {'ament_cmake_args': None, 'build_base': '/home/asambhav/Storage/dumme_sim/build/dumme_description', 'catkin_cmake_args': None, 'catkin_skip_building_tests': False, 'cmake_args': None, 'cmake_clean_cache': False, 'cmake_clean_first': False, 'cmake_force_configure': False, 'cmake_target': None, 'cmake_target_skip_unavailable': False, 'install_base': '/home/asambhav/Storage/dumme_sim/install/dumme_description', 'merge_install': False, 'path': '/home/asambhav/Storage/dumme_sim/src/dumme_description', 'symlink_install': False, 'test_result_base': None}
[0.200s] Level 5:colcon.colcon_core.verb:set package 'dumme_msgs' build argument 'cmake_args' from command line to 'None'
[0.200s] Level 5:colcon.colcon_core.verb:set package 'dumme_msgs' build argument 'cmake_target' from command line to 'None'
[0.200s] Level 5:colcon.colcon_core.verb:set package 'dumme_msgs' build argument 'cmake_target_skip_unavailable' from command line to 'False'
[0.200s] Level 5:colcon.colcon_core.verb:set package 'dumme_msgs' build argument 'cmake_clean_cache' from command line to 'False'
[0.200s] Level 5:colcon.colcon_core.verb:set package 'dumme_msgs' build argument 'cmake_clean_first' from command line to 'False'
[0.200s] Level 5:colcon.colcon_core.verb:set package 'dumme_msgs' build argument 'cmake_force_configure' from command line to 'False'
[0.200s] Level 5:colcon.colcon_core.verb:set package 'dumme_msgs' build argument 'ament_cmake_args' from command line to 'None'
[0.200s] Level 5:colcon.colcon_core.verb:set package 'dumme_msgs' build argument 'catkin_cmake_args' from command line to 'None'
[0.200s] Level 5:colcon.colcon_core.verb:set package 'dumme_msgs' build argument 'catkin_skip_building_tests' from command line to 'False'
[0.200s] DEBUG:colcon.colcon_core.verb:Building package 'dumme_msgs' with the following arguments: {'ament_cmake_args': None, 'build_base': '/home/asambhav/Storage/dumme_sim/build/dumme_msgs', 'catkin_cmake_args': None, 'catkin_skip_building_tests': False, 'cmake_args': None, 'cmake_clean_cache': False, 'cmake_clean_first': False, 'cmake_force_configure': False, 'cmake_target': None, 'cmake_target_skip_unavailable': False, 'install_base': '/home/asambhav/Storage/dumme_sim/install/dumme_msgs', 'merge_install': False, 'path': '/home/asambhav/Storage/dumme_sim/src/dumme_msgs', 'symlink_install': False, 'test_result_base': None}
[0.200s] Level 5:colcon.colcon_core.verb:set package 'dumme_controller' build argument 'cmake_args' from command line to 'None'
[0.200s] Level 5:colcon.colcon_core.verb:set package 'dumme_controller' build argument 'cmake_target' from command line to 'None'
[0.200s] Level 5:colcon.colcon_core.verb:set package 'dumme_controller' build argument 'cmake_target_skip_unavailable' from command line to 'False'
[0.200s] Level 5:colcon.colcon_core.verb:set package 'dumme_controller' build argument 'cmake_clean_cache' from command line to 'False'
[0.200s] Level 5:colcon.colcon_core.verb:set package 'dumme_controller' build argument 'cmake_clean_first' from command line to 'False'
[0.200s] Level 5:colcon.colcon_core.verb:set package 'dumme_controller' build argument 'cmake_force_configure' from command line to 'False'
[0.200s] Level 5:colcon.colcon_core.verb:set package 'dumme_controller' build argument 'ament_cmake_args' from command line to 'None'
[0.200s] Level 5:colcon.colcon_core.verb:set package 'dumme_controller' build argument 'catkin_cmake_args' from command line to 'None'
[0.200s] Level 5:colcon.colcon_core.verb:set package 'dumme_controller' build argument 'catkin_skip_building_tests' from command line to 'False'
[0.200s] DEBUG:colcon.colcon_core.verb:Building package 'dumme_controller' with the following arguments: {'ament_cmake_args': None, 'build_base': '/home/asambhav/Storage/dumme_sim/build/dumme_controller', 'catkin_cmake_args': None, 'catkin_skip_building_tests': False, 'cmake_args': None, 'cmake_clean_cache': False, 'cmake_clean_first': False, 'cmake_force_configure': False, 'cmake_target': None, 'cmake_target_skip_unavailable': False, 'install_base': '/home/asambhav/Storage/dumme_sim/install/dumme_controller', 'merge_install': False, 'path': '/home/asambhav/Storage/dumme_sim/src/dumme_controller', 'symlink_install': False, 'test_result_base': None}
[0.200s] Level 5:colcon.colcon_core.verb:set package 'dumme_moveit' build argument 'cmake_args' from command line to 'None'
[0.200s] Level 5:colcon.colcon_core.verb:set package 'dumme_moveit' build argument 'cmake_target' from command line to 'None'
[0.200s] Level 5:colcon.colcon_core.verb:set package 'dumme_moveit' build argument 'cmake_target_skip_unavailable' from command line to 'False'
[0.200s] Level 5:colcon.colcon_core.verb:set package 'dumme_moveit' build argument 'cmake_clean_cache' from command line to 'False'
[0.200s] Level 5:colcon.colcon_core.verb:set package 'dumme_moveit' build argument 'cmake_clean_first' from command line to 'False'
[0.200s] Level 5:colcon.colcon_core.verb:set package 'dumme_moveit' build argument 'cmake_force_configure' from command line to 'False'
[0.200s] Level 5:colcon.colcon_core.verb:set package 'dumme_moveit' build argument 'ament_cmake_args' from command line to 'None'
[0.200s] Level 5:colcon.colcon_core.verb:set package 'dumme_moveit' build argument 'catkin_cmake_args' from command line to 'None'
[0.200s] Level 5:colcon.colcon_core.verb:set package 'dumme_moveit' build argument 'catkin_skip_building_tests' from command line to 'False'
[0.200s] DEBUG:colcon.colcon_core.verb:Building package 'dumme_moveit' with the following arguments: {'ament_cmake_args': None, 'build_base': '/home/asambhav/Storage/dumme_sim/build/dumme_moveit', 'catkin_cmake_args': None, 'catkin_skip_building_tests': False, 'cmake_args': None, 'cmake_clean_cache': False, 'cmake_clean_first': False, 'cmake_force_configure': False, 'cmake_target': None, 'cmake_target_skip_unavailable': False, 'install_base': '/home/asambhav/Storage/dumme_sim/install/dumme_moveit', 'merge_install': False, 'path': '/home/asambhav/Storage/dumme_sim/src/dumme_moveit', 'symlink_install': False, 'test_result_base': None}
[0.201s] Level 5:colcon.colcon_core.verb:set package 'dumme_utils' build argument 'cmake_args' from command line to 'None'
[0.201s] Level 5:colcon.colcon_core.verb:set package 'dumme_utils' build argument 'cmake_target' from command line to 'None'
[0.201s] Level 5:colcon.colcon_core.verb:set package 'dumme_utils' build argument 'cmake_target_skip_unavailable' from command line to 'False'
[0.201s] Level 5:colcon.colcon_core.verb:set package 'dumme_utils' build argument 'cmake_clean_cache' from command line to 'False'
[0.201s] Level 5:colcon.colcon_core.verb:set package 'dumme_utils' build argument 'cmake_clean_first' from command line to 'False'
[0.201s] Level 5:colcon.colcon_core.verb:set package 'dumme_utils' build argument 'cmake_force_configure' from command line to 'False'
[0.201s] Level 5:colcon.colcon_core.verb:set package 'dumme_utils' build argument 'ament_cmake_args' from command line to 'None'
[0.201s] Level 5:colcon.colcon_core.verb:set package 'dumme_utils' build argument 'catkin_cmake_args' from command line to 'None'
[0.201s] Level 5:colcon.colcon_core.verb:set package 'dumme_utils' build argument 'catkin_skip_building_tests' from command line to 'False'
[0.201s] DEBUG:colcon.colcon_core.verb:Building package 'dumme_utils' with the following arguments: {'ament_cmake_args': None, 'build_base': '/home/asambhav/Storage/dumme_sim/build/dumme_utils', 'catkin_cmake_args': None, 'catkin_skip_building_tests': False, 'cmake_args': None, 'cmake_clean_cache': False, 'cmake_clean_first': False, 'cmake_force_configure': False, 'cmake_target': None, 'cmake_target_skip_unavailable': False, 'install_base': '/home/asambhav/Storage/dumme_sim/install/dumme_utils', 'merge_install': False, 'path': '/home/asambhav/Storage/dumme_sim/src/dumme_utils', 'symlink_install': False, 'test_result_base': None}
[0.201s] INFO:colcon.colcon_core.executor:Executing jobs using 'parallel' executor
[0.202s] DEBUG:colcon.colcon_parallel_executor.executor.parallel:run_until_complete
[0.202s] INFO:colcon.colcon_ros.task.ament_cmake.build:Building ROS package in '/home/asambhav/Storage/dumme_sim/src/dumme_description' with build type 'ament_cmake'
[0.202s] INFO:colcon.colcon_cmake.task.cmake.build:Building CMake package in '/home/asambhav/Storage/dumme_sim/src/dumme_description'
[0.203s] INFO:colcon.colcon_core.plugin_system:Skipping extension 'colcon_core.shell.bat': Not used on non-Windows systems
[0.203s] INFO:colcon.colcon_core.shell:Skip shell extension 'powershell' for command environment: Not usable outside of PowerShell
[0.203s] DEBUG:colcon.colcon_core.shell:Skip shell extension 'dsv' for command environment
[0.206s] INFO:colcon.colcon_ros.task.ament_cmake.build:Building ROS package in '/home/asambhav/Storage/dumme_sim/src/dumme_msgs' with build type 'ament_cmake'
[0.206s] INFO:colcon.colcon_cmake.task.cmake.build:Building CMake package in '/home/asambhav/Storage/dumme_sim/src/dumme_msgs'
[0.207s] INFO:colcon.colcon_core.shell:Skip shell extension 'powershell' for command environment: Not usable outside of PowerShell
[0.207s] DEBUG:colcon.colcon_core.shell:Skip shell extension 'dsv' for command environment
[0.214s] DEBUG:colcon.colcon_core.event_handler.log_command:Invoking command in '/home/asambhav/Storage/dumme_sim/build/dumme_description': CMAKE_PREFIX_PATH=${CMAKE_PREFIX_PATH}:/home/asambhav/Storage/dumme_sim/install/dumme_controller:/home/asambhav/e-yantra_ws/install/task_1:/opt/ros/humble /usr/bin/cmake --build /home/asambhav/Storage/dumme_sim/build/dumme_description -- -j18 -l18
[0.216s] DEBUG:colcon.colcon_core.event_handler.log_command:Invoking command in '/home/asambhav/Storage/dumme_sim/build/dumme_msgs': CMAKE_PREFIX_PATH=${CMAKE_PREFIX_PATH}:/home/asambhav/Storage/dumme_sim/install/dumme_controller:/home/asambhav/e-yantra_ws/install/task_1:/opt/ros/humble /usr/bin/cmake --build /home/asambhav/Storage/dumme_sim/build/dumme_msgs -- -j18 -l18
[0.247s] DEBUG:colcon.colcon_core.event_handler.log_command:Invoked command in '/home/asambhav/Storage/dumme_sim/build/dumme_description' returned '0': CMAKE_PREFIX_PATH=${CMAKE_PREFIX_PATH}:/home/asambhav/Storage/dumme_sim/install/dumme_controller:/home/asambhav/e-yantra_ws/install/task_1:/opt/ros/humble /usr/bin/cmake --build /home/asambhav/Storage/dumme_sim/build/dumme_description -- -j18 -l18
[0.254s] DEBUG:colcon.colcon_core.event_handler.log_command:Invoking command in '/home/asambhav/Storage/dumme_sim/build/dumme_description': CMAKE_PREFIX_PATH=${CMAKE_PREFIX_PATH}:/home/asambhav/Storage/dumme_sim/install/dumme_controller:/home/asambhav/e-yantra_ws/install/task_1:/opt/ros/humble /usr/bin/cmake --install /home/asambhav/Storage/dumme_sim/build/dumme_description
[0.264s] Level 1:colcon.colcon_core.environment:create_environment_scripts_only(dumme_description)
[0.267s] DEBUG:colcon.colcon_core.event_handler.log_command:Invoked command in '/home/asambhav/Storage/dumme_sim/build/dumme_description' returned '0': CMAKE_PREFIX_PATH=${CMAKE_PREFIX_PATH}:/home/asambhav/Storage/dumme_sim/install/dumme_controller:/home/asambhav/e-yantra_ws/install/task_1:/opt/ros/humble /usr/bin/cmake --install /home/asambhav/Storage/dumme_sim/build/dumme_description
[0.270s] Level 1:colcon.colcon_core.environment:checking '/home/asambhav/Storage/dumme_sim/install/dumme_description' for CMake module files
[0.270s] Level 1:colcon.colcon_core.environment:checking '/home/asambhav/Storage/dumme_sim/install/dumme_description' for CMake config files
[0.271s] Level 1:colcon.colcon_core.shell:create_environment_hook('dumme_description', 'cmake_prefix_path')
[0.271s] INFO:colcon.colcon_core.shell:Creating environment hook '/home/asambhav/Storage/dumme_sim/install/dumme_description/share/dumme_description/hook/cmake_prefix_path.ps1'
[0.272s] INFO:colcon.colcon_core.shell:Creating environment descriptor '/home/asambhav/Storage/dumme_sim/install/dumme_description/share/dumme_description/hook/cmake_prefix_path.dsv'
[0.272s] INFO:colcon.colcon_core.shell:Creating environment hook '/home/asambhav/Storage/dumme_sim/install/dumme_description/share/dumme_description/hook/cmake_prefix_path.sh'
[0.274s] Level 1:colcon.colcon_core.environment:checking '/home/asambhav/Storage/dumme_sim/install/dumme_description/bin'
[0.274s] Level 1:colcon.colcon_core.environment:checking '/home/asambhav/Storage/dumme_sim/install/dumme_description/lib/pkgconfig/dumme_description.pc'
[0.274s] Level 1:colcon.colcon_core.environment:checking '/home/asambhav/Storage/dumme_sim/install/dumme_description/lib/python3.10/site-packages'
[0.274s] Level 1:colcon.colcon_core.environment:checking '/home/asambhav/Storage/dumme_sim/install/dumme_description/bin'
[0.275s] INFO:colcon.colcon_core.shell:Creating package script '/home/asambhav/Storage/dumme_sim/install/dumme_description/share/dumme_description/package.ps1'
[0.277s] INFO:colcon.colcon_core.shell:Creating package descriptor '/home/asambhav/Storage/dumme_sim/install/dumme_description/share/dumme_description/package.dsv'
[0.278s] INFO:colcon.colcon_core.shell:Creating package script '/home/asambhav/Storage/dumme_sim/install/dumme_description/share/dumme_description/package.sh'
[0.279s] INFO:colcon.colcon_core.shell:Creating package script '/home/asambhav/Storage/dumme_sim/install/dumme_description/share/dumme_description/package.bash'
[0.279s] INFO:colcon.colcon_core.shell:Creating package script '/home/asambhav/Storage/dumme_sim/install/dumme_description/share/dumme_description/package.zsh'
[0.280s] Level 1:colcon.colcon_core.environment:create_file_with_runtime_dependencies(/home/asambhav/Storage/dumme_sim/install/dumme_description/share/colcon-core/packages/dumme_description)
[0.281s] Level 1:colcon.colcon_core.environment:create_environment_scripts_only(dumme_description)
[0.281s] Level 1:colcon.colcon_core.environment:checking '/home/asambhav/Storage/dumme_sim/install/dumme_description' for CMake module files
[0.281s] Level 1:colcon.colcon_core.environment:checking '/home/asambhav/Storage/dumme_sim/install/dumme_description' for CMake config files
[0.282s] Level 1:colcon.colcon_core.shell:create_environment_hook('dumme_description', 'cmake_prefix_path')
[0.282s] INFO:colcon.colcon_core.shell:Creating environment hook '/home/asambhav/Storage/dumme_sim/install/dumme_description/share/dumme_description/hook/cmake_prefix_path.ps1'
[0.282s] INFO:colcon.colcon_core.shell:Creating environment descriptor '/home/asambhav/Storage/dumme_sim/install/dumme_description/share/dumme_description/hook/cmake_prefix_path.dsv'
[0.283s] INFO:colcon.colcon_core.shell:Creating environment hook '/home/asambhav/Storage/dumme_sim/install/dumme_description/share/dumme_description/hook/cmake_prefix_path.sh'
[0.283s] Level 1:colcon.colcon_core.environment:checking '/home/asambhav/Storage/dumme_sim/install/dumme_description/bin'
[0.283s] Level 1:colcon.colcon_core.environment:checking '/home/asambhav/Storage/dumme_sim/install/dumme_description/lib/pkgconfig/dumme_description.pc'
[0.284s] Level 1:colcon.colcon_core.environment:checking '/home/asambhav/Storage/dumme_sim/install/dumme_description/lib/python3.10/site-packages'
[0.284s] Level 1:colcon.colcon_core.environment:checking '/home/asambhav/Storage/dumme_sim/install/dumme_description/bin'
[0.284s] INFO:colcon.colcon_core.shell:Creating package script '/home/asambhav/Storage/dumme_sim/install/dumme_description/share/dumme_description/package.ps1'
[0.285s] INFO:colcon.colcon_core.shell:Creating package descriptor '/home/asambhav/Storage/dumme_sim/install/dumme_description/share/dumme_description/package.dsv'
[0.285s] INFO:colcon.colcon_core.shell:Creating package script '/home/asambhav/Storage/dumme_sim/install/dumme_description/share/dumme_description/package.sh'
[0.286s] INFO:colcon.colcon_core.shell:Creating package script '/home/asambhav/Storage/dumme_sim/install/dumme_description/share/dumme_description/package.bash'
[0.286s] INFO:colcon.colcon_core.shell:Creating package script '/home/asambhav/Storage/dumme_sim/install/dumme_description/share/dumme_description/package.zsh'
[0.287s] Level 1:colcon.colcon_core.environment:create_file_with_runtime_dependencies(/home/asambhav/Storage/dumme_sim/install/dumme_description/share/colcon-core/packages/dumme_description)
[0.287s] INFO:colcon.colcon_ros.task.ament_python.build:Building ROS package in '/home/asambhav/Storage/dumme_sim/src/dumme_controller' with build type 'ament_python'
[0.287s] Level 1:colcon.colcon_core.shell:create_environment_hook('dumme_controller', 'ament_prefix_path')
[0.288s] INFO:colcon.colcon_core.shell:Creating environment hook '/home/asambhav/Storage/dumme_sim/install/dumme_controller/share/dumme_controller/hook/ament_prefix_path.ps1'
[0.288s] INFO:colcon.colcon_core.shell:Creating environment descriptor '/home/asambhav/Storage/dumme_sim/install/dumme_controller/share/dumme_controller/hook/ament_prefix_path.dsv'
[0.289s] INFO:colcon.colcon_core.shell:Creating environment hook '/home/asambhav/Storage/dumme_sim/install/dumme_controller/share/dumme_controller/hook/ament_prefix_path.sh'
[0.289s] INFO:colcon.colcon_core.shell:Skip shell extension 'powershell' for command environment: Not usable outside of PowerShell
[0.289s] DEBUG:colcon.colcon_core.shell:Skip shell extension 'dsv' for command environment
[0.293s] INFO:colcon.colcon_ros.task.ament_cmake.build:Building ROS package in '/home/asambhav/Storage/dumme_sim/src/dumme_moveit' with build type 'ament_cmake'
[0.293s] INFO:colcon.colcon_cmake.task.cmake.build:Building CMake package in '/home/asambhav/Storage/dumme_sim/src/dumme_moveit'
[0.293s] INFO:colcon.colcon_core.shell:Skip shell extension 'powershell' for command environment: Not usable outside of PowerShell
[0.293s] DEBUG:colcon.colcon_core.shell:Skip shell extension 'dsv' for command environment
[0.458s] INFO:colcon.colcon_core.task.python.build:Building Python package in '/home/asambhav/Storage/dumme_sim/src/dumme_controller'
[0.458s] INFO:colcon.colcon_core.shell:Skip shell extension 'powershell' for command environment: Not usable outside of PowerShell
[0.458s] DEBUG:colcon.colcon_core.shell:Skip shell extension 'dsv' for command environment
[0.465s] DEBUG:colcon.colcon_core.event_handler.log_command:Invoking command in '/home/asambhav/Storage/dumme_sim/build/dumme_moveit': CMAKE_PREFIX_PATH=/home/asambhav/Storage/dumme_sim/install/dumme_description:/home/asambhav/Storage/dumme_sim/install/dumme_moveit:/home/asambhav/Storage/dumme_sim/install/dumme_utils:/home/asambhav/Storage/dumme_sim/install/dumme_msgs:/home/asambhav/e-yantra_ws/install/ur_simulation_gz:/home/asambhav/e-yantra_ws/install/ur_description:/home/asambhav/e-yantra_ws/install/ur5_control:/home/asambhav/e-yantra_ws/install/pymoveit2:/home/asambhav/e-yantra_ws/install/linkattacher_msgs:/home/asambhav/e-yantra_ws/install/eyantra_warehouse:/home/asambhav/e-yantra_ws/install/ebot_description:/home/asambhav/Storage/dumme_sim/install/dumme_controller:/home/asambhav/e-yantra_ws/install/task_1:/opt/ros/humble /usr/bin/cmake --build /home/asambhav/Storage/dumme_sim/build/dumme_moveit -- -j18 -l18
[0.501s] DEBUG:colcon.colcon_core.event_handler.log_command:Invoked command in '/home/asambhav/Storage/dumme_sim/build/dumme_msgs' returned '0': CMAKE_PREFIX_PATH=${CMAKE_PREFIX_PATH}:/home/asambhav/Storage/dumme_sim/install/dumme_controller:/home/asambhav/e-yantra_ws/install/task_1:/opt/ros/humble /usr/bin/cmake --build /home/asambhav/Storage/dumme_sim/build/dumme_msgs -- -j18 -l18
[0.503s] DEBUG:colcon.colcon_core.event_handler.log_command:Invoking command in '/home/asambhav/Storage/dumme_sim/build/dumme_msgs': CMAKE_PREFIX_PATH=${CMAKE_PREFIX_PATH}:/home/asambhav/Storage/dumme_sim/install/dumme_controller:/home/asambhav/e-yantra_ws/install/task_1:/opt/ros/humble /usr/bin/cmake --install /home/asambhav/Storage/dumme_sim/build/dumme_msgs
[0.504s] DEBUG:colcon.colcon_core.event_handler.log_command:Invoked command in '/home/asambhav/Storage/dumme_sim/build/dumme_moveit' returned '0': CMAKE_PREFIX_PATH=/home/asambhav/Storage/dumme_sim/install/dumme_description:/home/asambhav/Storage/dumme_sim/install/dumme_moveit:/home/asambhav/Storage/dumme_sim/install/dumme_utils:/home/asambhav/Storage/dumme_sim/install/dumme_msgs:/home/asambhav/e-yantra_ws/install/ur_simulation_gz:/home/asambhav/e-yantra_ws/install/ur_description:/home/asambhav/e-yantra_ws/install/ur5_control:/home/asambhav/e-yantra_ws/install/pymoveit2:/home/asambhav/e-yantra_ws/install/linkattacher_msgs:/home/asambhav/e-yantra_ws/install/eyantra_warehouse:/home/asambhav/e-yantra_ws/install/ebot_description:/home/asambhav/Storage/dumme_sim/install/dumme_controller:/home/asambhav/e-yantra_ws/install/task_1:/opt/ros/humble /usr/bin/cmake --build /home/asambhav/Storage/dumme_sim/build/dumme_moveit -- -j18 -l18
[0.504s] DEBUG:colcon.colcon_core.event_handler.log_command:Invoking command in '/home/asambhav/Storage/dumme_sim/build/dumme_moveit': CMAKE_PREFIX_PATH=/home/asambhav/Storage/dumme_sim/install/dumme_description:/home/asambhav/Storage/dumme_sim/install/dumme_moveit:/home/asambhav/Storage/dumme_sim/install/dumme_utils:/home/asambhav/Storage/dumme_sim/install/dumme_msgs:/home/asambhav/e-yantra_ws/install/ur_simulation_gz:/home/asambhav/e-yantra_ws/install/ur_description:/home/asambhav/e-yantra_ws/install/ur5_control:/home/asambhav/e-yantra_ws/install/pymoveit2:/home/asambhav/e-yantra_ws/install/linkattacher_msgs:/home/asambhav/e-yantra_ws/install/eyantra_warehouse:/home/asambhav/e-yantra_ws/install/ebot_description:/home/asambhav/Storage/dumme_sim/install/dumme_controller:/home/asambhav/e-yantra_ws/install/task_1:/opt/ros/humble /usr/bin/cmake --install /home/asambhav/Storage/dumme_sim/build/dumme_moveit
[0.515s] Level 1:colcon.colcon_core.environment:create_environment_scripts_only(dumme_moveit)
[0.516s] Level 1:colcon.colcon_core.environment:checking '/home/asambhav/Storage/dumme_sim/install/dumme_moveit' for CMake module files
[0.517s] DEBUG:colcon.colcon_core.event_handler.log_command:Invoked command in '/home/asambhav/Storage/dumme_sim/build/dumme_moveit' returned '0': CMAKE_PREFIX_PATH=/home/asambhav/Storage/dumme_sim/install/dumme_description:/home/asambhav/Storage/dumme_sim/install/dumme_moveit:/home/asambhav/Storage/dumme_sim/install/dumme_utils:/home/asambhav/Storage/dumme_sim/install/dumme_msgs:/home/asambhav/e-yantra_ws/install/ur_simulation_gz:/home/asambhav/e-yantra_ws/install/ur_description:/home/asambhav/e-yantra_ws/install/ur5_control:/home/asambhav/e-yantra_ws/install/pymoveit2:/home/asambhav/e-yantra_ws/install/linkattacher_msgs:/home/asambhav/e-yantra_ws/install/eyantra_warehouse:/home/asambhav/e-yantra_ws/install/ebot_description:/home/asambhav/Storage/dumme_sim/install/dumme_controller:/home/asambhav/e-yantra_ws/install/task_1:/opt/ros/humble /usr/bin/cmake --install /home/asambhav/Storage/dumme_sim/build/dumme_moveit
[0.517s] Level 1:colcon.colcon_core.environment:checking '/home/asambhav/Storage/dumme_sim/install/dumme_moveit' for CMake config files
[0.518s] Level 1:colcon.colcon_core.shell:create_environment_hook('dumme_moveit', 'cmake_prefix_path')
[0.518s] INFO:colcon.colcon_core.shell:Creating environment hook '/home/asambhav/Storage/dumme_sim/install/dumme_moveit/share/dumme_moveit/hook/cmake_prefix_path.ps1'
[0.518s] INFO:colcon.colcon_core.shell:Creating environment descriptor '/home/asambhav/Storage/dumme_sim/install/dumme_moveit/share/dumme_moveit/hook/cmake_prefix_path.dsv'
[0.519s] INFO:colcon.colcon_core.shell:Creating environment hook '/home/asambhav/Storage/dumme_sim/install/dumme_moveit/share/dumme_moveit/hook/cmake_prefix_path.sh'
[0.519s] Level 1:colcon.colcon_core.environment:checking '/home/asambhav/Storage/dumme_sim/install/dumme_moveit/bin'
[0.519s] Level 1:colcon.colcon_core.environment:checking '/home/asambhav/Storage/dumme_sim/install/dumme_moveit/lib/pkgconfig/dumme_moveit.pc'
[0.520s] Level 1:colcon.colcon_core.environment:checking '/home/asambhav/Storage/dumme_sim/install/dumme_moveit/lib/python3.10/site-packages'
[0.520s] Level 1:colcon.colcon_core.environment:checking '/home/asambhav/Storage/dumme_sim/install/dumme_moveit/bin'
[0.520s] INFO:colcon.colcon_core.shell:Creating package script '/home/asambhav/Storage/dumme_sim/install/dumme_moveit/share/dumme_moveit/package.ps1'
[0.521s] INFO:colcon.colcon_core.shell:Creating package descriptor '/home/asambhav/Storage/dumme_sim/install/dumme_moveit/share/dumme_moveit/package.dsv'
[0.521s] INFO:colcon.colcon_core.shell:Creating package script '/home/asambhav/Storage/dumme_sim/install/dumme_moveit/share/dumme_moveit/package.sh'
[0.522s] INFO:colcon.colcon_core.shell:Creating package script '/home/asambhav/Storage/dumme_sim/install/dumme_moveit/share/dumme_moveit/package.bash'
[0.522s] INFO:colcon.colcon_core.shell:Creating package script '/home/asambhav/Storage/dumme_sim/install/dumme_moveit/share/dumme_moveit/package.zsh'
[0.522s] Level 1:colcon.colcon_core.environment:create_file_with_runtime_dependencies(/home/asambhav/Storage/dumme_sim/install/dumme_moveit/share/colcon-core/packages/dumme_moveit)
[0.523s] Level 1:colcon.colcon_core.environment:create_environment_scripts_only(dumme_moveit)
[0.523s] Level 1:colcon.colcon_core.environment:checking '/home/asambhav/Storage/dumme_sim/install/dumme_moveit' for CMake module files
[0.524s] Level 1:colcon.colcon_core.environment:checking '/home/asambhav/Storage/dumme_sim/install/dumme_moveit' for CMake config files
[0.524s] Level 1:colcon.colcon_core.shell:create_environment_hook('dumme_moveit', 'cmake_prefix_path')
[0.524s] INFO:colcon.colcon_core.shell:Creating environment hook '/home/asambhav/Storage/dumme_sim/install/dumme_moveit/share/dumme_moveit/hook/cmake_prefix_path.ps1'
[0.524s] INFO:colcon.colcon_core.shell:Creating environment descriptor '/home/asambhav/Storage/dumme_sim/install/dumme_moveit/share/dumme_moveit/hook/cmake_prefix_path.dsv'
[0.525s] INFO:colcon.colcon_core.shell:Creating environment hook '/home/asambhav/Storage/dumme_sim/install/dumme_moveit/share/dumme_moveit/hook/cmake_prefix_path.sh'
[0.525s] Level 1:colcon.colcon_core.environment:checking '/home/asambhav/Storage/dumme_sim/install/dumme_moveit/bin'
[0.525s] Level 1:colcon.colcon_core.environment:checking '/home/asambhav/Storage/dumme_sim/install/dumme_moveit/lib/pkgconfig/dumme_moveit.pc'
[0.526s] Level 1:colcon.colcon_core.environment:checking '/home/asambhav/Storage/dumme_sim/install/dumme_moveit/lib/python3.10/site-packages'
[0.526s] Level 1:colcon.colcon_core.environment:checking '/home/asambhav/Storage/dumme_sim/install/dumme_moveit/bin'
[0.526s] INFO:colcon.colcon_core.shell:Creating package script '/home/asambhav/Storage/dumme_sim/install/dumme_moveit/share/dumme_moveit/package.ps1'
[0.527s] INFO:colcon.colcon_core.shell:Creating package descriptor '/home/asambhav/Storage/dumme_sim/install/dumme_moveit/share/dumme_moveit/package.dsv'
[0.527s] INFO:colcon.colcon_core.shell:Creating package script '/home/asambhav/Storage/dumme_sim/install/dumme_moveit/share/dumme_moveit/package.sh'
[0.528s] INFO:colcon.colcon_core.shell:Creating package script '/home/asambhav/Storage/dumme_sim/install/dumme_moveit/share/dumme_moveit/package.bash'
[0.528s] INFO:colcon.colcon_core.shell:Creating package script '/home/asambhav/Storage/dumme_sim/install/dumme_moveit/share/dumme_moveit/package.zsh'
[0.528s] Level 1:colcon.colcon_core.environment:create_file_with_runtime_dependencies(/home/asambhav/Storage/dumme_sim/install/dumme_moveit/share/colcon-core/packages/dumme_moveit)
[0.552s] Level 1:colcon.colcon_core.environment:create_environment_scripts_only(dumme_msgs)
[0.552s] DEBUG:colcon.colcon_core.event_handler.log_command:Invoked command in '/home/asambhav/Storage/dumme_sim/build/dumme_msgs' returned '0': CMAKE_PREFIX_PATH=${CMAKE_PREFIX_PATH}:/home/asambhav/Storage/dumme_sim/install/dumme_controller:/home/asambhav/e-yantra_ws/install/task_1:/opt/ros/humble /usr/bin/cmake --install /home/asambhav/Storage/dumme_sim/build/dumme_msgs
[0.552s] Level 1:colcon.colcon_core.environment:checking '/home/asambhav/Storage/dumme_sim/install/dumme_msgs' for CMake module files
[0.552s] Level 1:colcon.colcon_core.environment:checking '/home/asambhav/Storage/dumme_sim/install/dumme_msgs' for CMake config files
[0.553s] Level 1:colcon.colcon_core.shell:create_environment_hook('dumme_msgs', 'cmake_prefix_path')
[0.553s] INFO:colcon.colcon_core.shell:Creating environment hook '/home/asambhav/Storage/dumme_sim/install/dumme_msgs/share/dumme_msgs/hook/cmake_prefix_path.ps1'
[0.553s] INFO:colcon.colcon_core.shell:Creating environment descriptor '/home/asambhav/Storage/dumme_sim/install/dumme_msgs/share/dumme_msgs/hook/cmake_prefix_path.dsv'
[0.553s] INFO:colcon.colcon_core.shell:Creating environment hook '/home/asambhav/Storage/dumme_sim/install/dumme_msgs/share/dumme_msgs/hook/cmake_prefix_path.sh'
[0.554s] Level 1:colcon.colcon_core.environment:checking '/home/asambhav/Storage/dumme_sim/install/dumme_msgs/lib'
[0.554s] Level 1:colcon.colcon_core.shell:create_environment_hook('dumme_msgs', 'ld_library_path_lib')
[0.554s] INFO:colcon.colcon_core.shell:Creating environment hook '/home/asambhav/Storage/dumme_sim/install/dumme_msgs/share/dumme_msgs/hook/ld_library_path_lib.ps1'
[0.554s] INFO:colcon.colcon_core.shell:Creating environment descriptor '/home/asambhav/Storage/dumme_sim/install/dumme_msgs/share/dumme_msgs/hook/ld_library_path_lib.dsv'
[0.554s] INFO:colcon.colcon_core.shell:Creating environment hook '/home/asambhav/Storage/dumme_sim/install/dumme_msgs/share/dumme_msgs/hook/ld_library_path_lib.sh'
[0.555s] Level 1:colcon.colcon_core.environment:checking '/home/asambhav/Storage/dumme_sim/install/dumme_msgs/bin'
[0.555s] Level 1:colcon.colcon_core.environment:checking '/home/asambhav/Storage/dumme_sim/install/dumme_msgs/lib/pkgconfig/dumme_msgs.pc'
[0.555s] Level 1:colcon.colcon_core.environment:checking '/home/asambhav/Storage/dumme_sim/install/dumme_msgs/lib/python3.10/site-packages'
[0.555s] Level 1:colcon.colcon_core.environment:checking '/home/asambhav/Storage/dumme_sim/install/dumme_msgs/bin'
[0.555s] INFO:colcon.colcon_core.shell:Creating package script '/home/asambhav/Storage/dumme_sim/install/dumme_msgs/share/dumme_msgs/package.ps1'
[0.556s] INFO:colcon.colcon_core.shell:Creating package descriptor '/home/asambhav/Storage/dumme_sim/install/dumme_msgs/share/dumme_msgs/package.dsv'
[0.556s] INFO:colcon.colcon_core.shell:Creating package script '/home/asambhav/Storage/dumme_sim/install/dumme_msgs/share/dumme_msgs/package.sh'
[0.556s] INFO:colcon.colcon_core.shell:Creating package script '/home/asambhav/Storage/dumme_sim/install/dumme_msgs/share/dumme_msgs/package.bash'
[0.556s] INFO:colcon.colcon_core.shell:Creating package script '/home/asambhav/Storage/dumme_sim/install/dumme_msgs/share/dumme_msgs/package.zsh'
[0.557s] Level 1:colcon.colcon_core.environment:create_file_with_runtime_dependencies(/home/asambhav/Storage/dumme_sim/install/dumme_msgs/share/colcon-core/packages/dumme_msgs)
[0.557s] Level 1:colcon.colcon_core.environment:create_environment_scripts_only(dumme_msgs)
[0.557s] Level 1:colcon.colcon_core.environment:checking '/home/asambhav/Storage/dumme_sim/install/dumme_msgs' for CMake module files
[0.557s] Level 1:colcon.colcon_core.environment:checking '/home/asambhav/Storage/dumme_sim/install/dumme_msgs' for CMake config files
[0.558s] Level 1:colcon.colcon_core.shell:create_environment_hook('dumme_msgs', 'cmake_prefix_path')
[0.558s] INFO:colcon.colcon_core.shell:Creating environment hook '/home/asambhav/Storage/dumme_sim/install/dumme_msgs/share/dumme_msgs/hook/cmake_prefix_path.ps1'
[0.558s] INFO:colcon.colcon_core.shell:Creating environment descriptor '/home/asambhav/Storage/dumme_sim/install/dumme_msgs/share/dumme_msgs/hook/cmake_prefix_path.dsv'
[0.558s] INFO:colcon.colcon_core.shell:Creating environment hook '/home/asambhav/Storage/dumme_sim/install/dumme_msgs/share/dumme_msgs/hook/cmake_prefix_path.sh'
[0.558s] Level 1:colcon.colcon_core.environment:checking '/home/asambhav/Storage/dumme_sim/install/dumme_msgs/lib'
[0.559s] Level 1:colcon.colcon_core.shell:create_environment_hook('dumme_msgs', 'ld_library_path_lib')
[0.559s] INFO:colcon.colcon_core.shell:Creating environment hook '/home/asambhav/Storage/dumme_sim/install/dumme_msgs/share/dumme_msgs/hook/ld_library_path_lib.ps1'
[0.559s] INFO:colcon.colcon_core.shell:Creating environment descriptor '/home/asambhav/Storage/dumme_sim/install/dumme_msgs/share/dumme_msgs/hook/ld_library_path_lib.dsv'
[0.559s] INFO:colcon.colcon_core.shell:Creating environment hook '/home/asambhav/Storage/dumme_sim/install/dumme_msgs/share/dumme_msgs/hook/ld_library_path_lib.sh'
[0.559s] Level 1:colcon.colcon_core.environment:checking '/home/asambhav/Storage/dumme_sim/install/dumme_msgs/bin'
[0.559s] Level 1:colcon.colcon_core.environment:checking '/home/asambhav/Storage/dumme_sim/install/dumme_msgs/lib/pkgconfig/dumme_msgs.pc'
[0.559s] Level 1:colcon.colcon_core.environment:checking '/home/asambhav/Storage/dumme_sim/install/dumme_msgs/lib/python3.10/site-packages'
[0.560s] Level 1:colcon.colcon_core.environment:checking '/home/asambhav/Storage/dumme_sim/install/dumme_msgs/bin'
[0.560s] INFO:colcon.colcon_core.shell:Creating package script '/home/asambhav/Storage/dumme_sim/install/dumme_msgs/share/dumme_msgs/package.ps1'
[0.560s] INFO:colcon.colcon_core.shell:Creating package descriptor '/home/asambhav/Storage/dumme_sim/install/dumme_msgs/share/dumme_msgs/package.dsv'
[0.561s] INFO:colcon.colcon_core.shell:Creating package script '/home/asambhav/Storage/dumme_sim/install/dumme_msgs/share/dumme_msgs/package.sh'
[0.561s] INFO:colcon.colcon_core.shell:Creating package script '/home/asambhav/Storage/dumme_sim/install/dumme_msgs/share/dumme_msgs/package.bash'
[0.561s] INFO:colcon.colcon_core.shell:Creating package script '/home/asambhav/Storage/dumme_sim/install/dumme_msgs/share/dumme_msgs/package.zsh'
[0.561s] Level 1:colcon.colcon_core.environment:create_file_with_runtime_dependencies(/home/asambhav/Storage/dumme_sim/install/dumme_msgs/share/colcon-core/packages/dumme_msgs)
[0.562s] INFO:colcon.colcon_ros.task.ament_cmake.build:Building ROS package in '/home/asambhav/Storage/dumme_sim/src/dumme_utils' with build type 'ament_cmake'
[0.562s] INFO:colcon.colcon_cmake.task.cmake.build:Building CMake package in '/home/asambhav/Storage/dumme_sim/src/dumme_utils'
[0.562s] INFO:colcon.colcon_core.shell:Skip shell extension 'powershell' for command environment: Not usable outside of PowerShell
[0.562s] DEBUG:colcon.colcon_core.shell:Skip shell extension 'dsv' for command environment
[0.572s] DEBUG:colcon.colcon_core.event_handler.log_command:Invoking command in '/home/asambhav/Storage/dumme_sim/build/dumme_utils': CMAKE_PREFIX_PATH=/home/asambhav/Storage/dumme_sim/install/dumme_msgs:/home/asambhav/Storage/dumme_sim/install/dumme_moveit:/home/asambhav/Storage/dumme_sim/install/dumme_utils:/home/asambhav/Storage/dumme_sim/install/dumme_description:/home/asambhav/e-yantra_ws/install/ur_simulation_gz:/home/asambhav/e-yantra_ws/install/ur_description:/home/asambhav/e-yantra_ws/install/ur5_control:/home/asambhav/e-yantra_ws/install/pymoveit2:/home/asambhav/e-yantra_ws/install/linkattacher_msgs:/home/asambhav/e-yantra_ws/install/eyantra_warehouse:/home/asambhav/e-yantra_ws/install/ebot_description:/home/asambhav/Storage/dumme_sim/install/dumme_controller:/home/asambhav/e-yantra_ws/install/task_1:/opt/ros/humble /usr/bin/cmake --build /home/asambhav/Storage/dumme_sim/build/dumme_utils -- -j18 -l18
[0.786s] DEBUG:colcon.colcon_core.task.python.build:Available setuptools commands: install, saveopts, install_lib, egg_info, compile_catalog, bdist_wheel, develop, bdist_rpm, build, install_scripts, extract_messages, build_scripts, bdist_dumb, build_ext, check, clean, editable_wheel, build_py, setopt, dist_info, rotate, build_clib, install_data, sdist, bdist, symlink_data, alias, bdist_egg, init_catalog, easy_install, install_headers, update_catalog, install_egg_info
[0.788s] DEBUG:colcon.colcon_core.event_handler.log_command:Invoking command in '/home/asambhav/Storage/dumme_sim/src/dumme_controller': CMAKE_PREFIX_PATH=/home/asambhav/Storage/dumme_sim/install/dumme_description:/home/asambhav/Storage/dumme_sim/install/dumme_moveit:/home/asambhav/Storage/dumme_sim/install/dumme_utils:/home/asambhav/Storage/dumme_sim/install/dumme_msgs:/home/asambhav/e-yantra_ws/install/ur_simulation_gz:/home/asambhav/e-yantra_ws/install/ur_description:/home/asambhav/e-yantra_ws/install/ur5_control:/home/asambhav/e-yantra_ws/install/pymoveit2:/home/asambhav/e-yantra_ws/install/linkattacher_msgs:/home/asambhav/e-yantra_ws/install/eyantra_warehouse:/home/asambhav/e-yantra_ws/install/ebot_description PYTHONPATH=/home/asambhav/Storage/dumme_sim/build/dumme_controller/prefix_override:/usr/lib/python3/dist-packages/colcon_core/task/python/colcon_distutils_commands:/home/asambhav/Storage/dumme_sim/install/dumme_controller/lib/python3.10/site-packages:${PYTHONPATH} /usr/bin/python3 -W ignore:setup.py install is deprecated -W ignore:easy_install command is deprecated setup.py egg_info --egg-base ../../build/dumme_controller build --build-base /home/asambhav/Storage/dumme_sim/build/dumme_controller/build install --record /home/asambhav/Storage/dumme_sim/build/dumme_controller/install.log --install-scripts $base/lib/dumme_controller --single-version-externally-managed install_data
[0.849s] DEBUG:colcon.colcon_core.event_handler.log_command:Invoked command in '/home/asambhav/Storage/dumme_sim/build/dumme_utils' returned '0': CMAKE_PREFIX_PATH=/home/asambhav/Storage/dumme_sim/install/dumme_msgs:/home/asambhav/Storage/dumme_sim/install/dumme_moveit:/home/asambhav/Storage/dumme_sim/install/dumme_utils:/home/asambhav/Storage/dumme_sim/install/dumme_description:/home/asambhav/e-yantra_ws/install/ur_simulation_gz:/home/asambhav/e-yantra_ws/install/ur_description:/home/asambhav/e-yantra_ws/install/ur5_control:/home/asambhav/e-yantra_ws/install/pymoveit2:/home/asambhav/e-yantra_ws/install/linkattacher_msgs:/home/asambhav/e-yantra_ws/install/eyantra_warehouse:/home/asambhav/e-yantra_ws/install/ebot_description:/home/asambhav/Storage/dumme_sim/install/dumme_controller:/home/asambhav/e-yantra_ws/install/task_1:/opt/ros/humble /usr/bin/cmake --build /home/asambhav/Storage/dumme_sim/build/dumme_utils -- -j18 -l18
[0.850s] DEBUG:colcon.colcon_core.event_handler.log_command:Invoking command in '/home/asambhav/Storage/dumme_sim/build/dumme_utils': CMAKE_PREFIX_PATH=/home/asambhav/Storage/dumme_sim/install/dumme_msgs:/home/asambhav/Storage/dumme_sim/install/dumme_moveit:/home/asambhav/Storage/dumme_sim/install/dumme_utils:/home/asambhav/Storage/dumme_sim/install/dumme_description:/home/asambhav/e-yantra_ws/install/ur_simulation_gz:/home/asambhav/e-yantra_ws/install/ur_description:/home/asambhav/e-yantra_ws/install/ur5_control:/home/asambhav/e-yantra_ws/install/pymoveit2:/home/asambhav/e-yantra_ws/install/linkattacher_msgs:/home/asambhav/e-yantra_ws/install/eyantra_warehouse:/home/asambhav/e-yantra_ws/install/ebot_description:/home/asambhav/Storage/dumme_sim/install/dumme_controller:/home/asambhav/e-yantra_ws/install/task_1:/opt/ros/humble /usr/bin/cmake --install /home/asambhav/Storage/dumme_sim/build/dumme_utils
[0.893s] Level 1:colcon.colcon_core.environment:create_environment_scripts_only(dumme_utils)
[0.893s] Level 1:colcon.colcon_core.environment:checking '/home/asambhav/Storage/dumme_sim/install/dumme_utils' for CMake module files
[0.894s] DEBUG:colcon.colcon_core.event_handler.log_command:Invoked command in '/home/asambhav/Storage/dumme_sim/build/dumme_utils' returned '0': CMAKE_PREFIX_PATH=/home/asambhav/Storage/dumme_sim/install/dumme_msgs:/home/asambhav/Storage/dumme_sim/install/dumme_moveit:/home/asambhav/Storage/dumme_sim/install/dumme_utils:/home/asambhav/Storage/dumme_sim/install/dumme_description:/home/asambhav/e-yantra_ws/install/ur_simulation_gz:/home/asambhav/e-yantra_ws/install/ur_description:/home/asambhav/e-yantra_ws/install/ur5_control:/home/asambhav/e-yantra_ws/install/pymoveit2:/home/asambhav/e-yantra_ws/install/linkattacher_msgs:/home/asambhav/e-yantra_ws/install/eyantra_warehouse:/home/asambhav/e-yantra_ws/install/ebot_description:/home/asambhav/Storage/dumme_sim/install/dumme_controller:/home/asambhav/e-yantra_ws/install/task_1:/opt/ros/humble /usr/bin/cmake --install /home/asambhav/Storage/dumme_sim/build/dumme_utils
[0.894s] Level 1:colcon.colcon_core.environment:checking '/home/asambhav/Storage/dumme_sim/install/dumme_utils' for CMake config files
[0.894s] Level 1:colcon.colcon_core.shell:create_environment_hook('dumme_utils', 'cmake_prefix_path')
[0.894s] INFO:colcon.colcon_core.shell:Creating environment hook '/home/asambhav/Storage/dumme_sim/install/dumme_utils/share/dumme_utils/hook/cmake_prefix_path.ps1'
[0.895s] INFO:colcon.colcon_core.shell:Creating environment descriptor '/home/asambhav/Storage/dumme_sim/install/dumme_utils/share/dumme_utils/hook/cmake_prefix_path.dsv'
[0.895s] INFO:colcon.colcon_core.shell:Creating environment hook '/home/asambhav/Storage/dumme_sim/install/dumme_utils/share/dumme_utils/hook/cmake_prefix_path.sh'
[0.896s] Level 1:colcon.colcon_core.environment:checking '/home/asambhav/Storage/dumme_sim/install/dumme_utils/lib'
[0.896s] Level 1:colcon.colcon_core.environment:checking '/home/asambhav/Storage/dumme_sim/install/dumme_utils/bin'
[0.896s] Level 1:colcon.colcon_core.environment:checking '/home/asambhav/Storage/dumme_sim/install/dumme_utils/lib/pkgconfig/dumme_utils.pc'
[0.896s] Level 1:colcon.colcon_core.environment:checking '/home/asambhav/Storage/dumme_sim/install/dumme_utils/lib/python3.10/site-packages'
[0.896s] Level 1:colcon.colcon_core.environment:checking '/home/asambhav/Storage/dumme_sim/install/dumme_utils/bin'
[0.897s] INFO:colcon.colcon_core.shell:Creating package script '/home/asambhav/Storage/dumme_sim/install/dumme_utils/share/dumme_utils/package.ps1'
[0.897s] INFO:colcon.colcon_core.shell:Creating package descriptor '/home/asambhav/Storage/dumme_sim/install/dumme_utils/share/dumme_utils/package.dsv'
[0.898s] INFO:colcon.colcon_core.shell:Creating package script '/home/asambhav/Storage/dumme_sim/install/dumme_utils/share/dumme_utils/package.sh'
[0.898s] INFO:colcon.colcon_core.shell:Creating package script '/home/asambhav/Storage/dumme_sim/install/dumme_utils/share/dumme_utils/package.bash'
[0.898s] INFO:colcon.colcon_core.shell:Creating package script '/home/asambhav/Storage/dumme_sim/install/dumme_utils/share/dumme_utils/package.zsh'
[0.898s] Level 1:colcon.colcon_core.environment:create_file_with_runtime_dependencies(/home/asambhav/Storage/dumme_sim/install/dumme_utils/share/colcon-core/packages/dumme_utils)
[0.899s] Level 1:colcon.colcon_core.environment:create_environment_scripts_only(dumme_utils)
[0.899s] Level 1:colcon.colcon_core.environment:checking '/home/asambhav/Storage/dumme_sim/install/dumme_utils' for CMake module files
[0.899s] Level 1:colcon.colcon_core.environment:checking '/home/asambhav/Storage/dumme_sim/install/dumme_utils' for CMake config files
[0.899s] Level 1:colcon.colcon_core.shell:create_environment_hook('dumme_utils', 'cmake_prefix_path')
[0.899s] INFO:colcon.colcon_core.shell:Creating environment hook '/home/asambhav/Storage/dumme_sim/install/dumme_utils/share/dumme_utils/hook/cmake_prefix_path.ps1'
[0.900s] INFO:colcon.colcon_core.shell:Creating environment descriptor '/home/asambhav/Storage/dumme_sim/install/dumme_utils/share/dumme_utils/hook/cmake_prefix_path.dsv'
[0.900s] INFO:colcon.colcon_core.shell:Creating environment hook '/home/asambhav/Storage/dumme_sim/install/dumme_utils/share/dumme_utils/hook/cmake_prefix_path.sh'
[0.900s] Level 1:colcon.colcon_core.environment:checking '/home/asambhav/Storage/dumme_sim/install/dumme_utils/lib'
[0.900s] Level 1:colcon.colcon_core.environment:checking '/home/asambhav/Storage/dumme_sim/install/dumme_utils/bin'
[0.900s] Level 1:colcon.colcon_core.environment:checking '/home/asambhav/Storage/dumme_sim/install/dumme_utils/lib/pkgconfig/dumme_utils.pc'
[0.900s] Level 1:colcon.colcon_core.environment:checking '/home/asambhav/Storage/dumme_sim/install/dumme_utils/lib/python3.10/site-packages'
[0.901s] Level 1:colcon.colcon_core.environment:checking '/home/asambhav/Storage/dumme_sim/install/dumme_utils/bin'
[0.901s] INFO:colcon.colcon_core.shell:Creating package script '/home/asambhav/Storage/dumme_sim/install/dumme_utils/share/dumme_utils/package.ps1'
[0.901s] INFO:colcon.colcon_core.shell:Creating package descriptor '/home/asambhav/Storage/dumme_sim/install/dumme_utils/share/dumme_utils/package.dsv'
[0.901s] INFO:colcon.colcon_core.shell:Creating package script '/home/asambhav/Storage/dumme_sim/install/dumme_utils/share/dumme_utils/package.sh'
[0.902s] INFO:colcon.colcon_core.shell:Creating package script '/home/asambhav/Storage/dumme_sim/install/dumme_utils/share/dumme_utils/package.bash'
[0.902s] INFO:colcon.colcon_core.shell:Creating package script '/home/asambhav/Storage/dumme_sim/install/dumme_utils/share/dumme_utils/package.zsh'
[0.902s] Level 1:colcon.colcon_core.environment:create_file_with_runtime_dependencies(/home/asambhav/Storage/dumme_sim/install/dumme_utils/share/colcon-core/packages/dumme_utils)
[1.051s] Level 1:colcon.colcon_core.environment:checking '/home/asambhav/Storage/dumme_sim/install/dumme_controller' for CMake module files
[1.051s] DEBUG:colcon.colcon_core.event_handler.log_command:Invoked command in '/home/asambhav/Storage/dumme_sim/src/dumme_controller' returned '0': CMAKE_PREFIX_PATH=/home/asambhav/Storage/dumme_sim/install/dumme_description:/home/asambhav/Storage/dumme_sim/install/dumme_moveit:/home/asambhav/Storage/dumme_sim/install/dumme_utils:/home/asambhav/Storage/dumme_sim/install/dumme_msgs:/home/asambhav/e-yantra_ws/install/ur_simulation_gz:/home/asambhav/e-yantra_ws/install/ur_description:/home/asambhav/e-yantra_ws/install/ur5_control:/home/asambhav/e-yantra_ws/install/pymoveit2:/home/asambhav/e-yantra_ws/install/linkattacher_msgs:/home/asambhav/e-yantra_ws/install/eyantra_warehouse:/home/asambhav/e-yantra_ws/install/ebot_description PYTHONPATH=/home/asambhav/Storage/dumme_sim/build/dumme_controller/prefix_override:/usr/lib/python3/dist-packages/colcon_core/task/python/colcon_distutils_commands:/home/asambhav/Storage/dumme_sim/install/dumme_controller/lib/python3.10/site-packages:${PYTHONPATH} /usr/bin/python3 -W ignore:setup.py install is deprecated -W ignore:easy_install command is deprecated setup.py egg_info --egg-base ../../build/dumme_controller build --build-base /home/asambhav/Storage/dumme_sim/build/dumme_controller/build install --record /home/asambhav/Storage/dumme_sim/build/dumme_controller/install.log --install-scripts $base/lib/dumme_controller --single-version-externally-managed install_data
[1.051s] Level 1:colcon.colcon_core.environment:checking '/home/asambhav/Storage/dumme_sim/install/dumme_controller' for CMake config files
[1.052s] Level 1:colcon.colcon_core.environment:checking '/home/asambhav/Storage/dumme_sim/install/dumme_controller/lib'
[1.052s] Level 1:colcon.colcon_core.environment:checking '/home/asambhav/Storage/dumme_sim/install/dumme_controller/bin'
[1.052s] Level 1:colcon.colcon_core.environment:checking '/home/asambhav/Storage/dumme_sim/install/dumme_controller/lib/pkgconfig/dumme_controller.pc'
[1.052s] Level 1:colcon.colcon_core.environment:checking '/home/asambhav/Storage/dumme_sim/install/dumme_controller/lib/python3.10/site-packages'
[1.052s] Level 1:colcon.colcon_core.shell:create_environment_hook('dumme_controller', 'pythonpath')
[1.053s] INFO:colcon.colcon_core.shell:Creating environment hook '/home/asambhav/Storage/dumme_sim/install/dumme_controller/share/dumme_controller/hook/pythonpath.ps1'
[1.053s] INFO:colcon.colcon_core.shell:Creating environment descriptor '/home/asambhav/Storage/dumme_sim/install/dumme_controller/share/dumme_controller/hook/pythonpath.dsv'
[1.053s] INFO:colcon.colcon_core.shell:Creating environment hook '/home/asambhav/Storage/dumme_sim/install/dumme_controller/share/dumme_controller/hook/pythonpath.sh'
[1.054s] Level 1:colcon.colcon_core.environment:checking '/home/asambhav/Storage/dumme_sim/install/dumme_controller/bin'
[1.054s] Level 1:colcon.colcon_core.environment:create_environment_scripts_only(dumme_controller)
[1.054s] INFO:colcon.colcon_core.shell:Creating package script '/home/asambhav/Storage/dumme_sim/install/dumme_controller/share/dumme_controller/package.ps1'
[1.055s] INFO:colcon.colcon_core.shell:Creating package descriptor '/home/asambhav/Storage/dumme_sim/install/dumme_controller/share/dumme_controller/package.dsv'
[1.055s] INFO:colcon.colcon_core.shell:Creating package script '/home/asambhav/Storage/dumme_sim/install/dumme_controller/share/dumme_controller/package.sh'
[1.056s] INFO:colcon.colcon_core.shell:Creating package script '/home/asambhav/Storage/dumme_sim/install/dumme_controller/share/dumme_controller/package.bash'
[1.056s] INFO:colcon.colcon_core.shell:Creating package script '/home/asambhav/Storage/dumme_sim/install/dumme_controller/share/dumme_controller/package.zsh'
[1.056s] Level 1:colcon.colcon_core.environment:create_file_with_runtime_dependencies(/home/asambhav/Storage/dumme_sim/install/dumme_controller/share/colcon-core/packages/dumme_controller)
[1.056s] DEBUG:colcon.colcon_parallel_executor.executor.parallel:closing loop
[1.057s] DEBUG:colcon.colcon_parallel_executor.executor.parallel:loop closed
[1.057s] DEBUG:colcon.colcon_parallel_executor.executor.parallel:run_until_complete finished with '0'
[1.057s] DEBUG:colcon.colcon_core.event_reactor:joining thread
[1.062s] INFO:colcon.colcon_core.plugin_system:Skipping extension 'colcon_notification.desktop_notification.terminal_notifier': Not used on non-Darwin systems
[1.062s] INFO:colcon.colcon_core.plugin_system:Skipping extension 'colcon_notification.desktop_notification.win32': Not used on non-Windows systems
[1.062s] INFO:colcon.colcon_notification.desktop_notification:Sending desktop notification using 'notify2'
[1.069s] DEBUG:colcon.colcon_core.event_reactor:joined thread
[1.070s] INFO:colcon.colcon_core.shell:Creating prefix script '/home/asambhav/Storage/dumme_sim/install/local_setup.ps1'
[1.071s] INFO:colcon.colcon_core.shell:Creating prefix util module '/home/asambhav/Storage/dumme_sim/install/_local_setup_util_ps1.py'
[1.072s] INFO:colcon.colcon_core.shell:Creating prefix chain script '/home/asambhav/Storage/dumme_sim/install/setup.ps1'
[1.073s] INFO:colcon.colcon_core.shell:Creating prefix script '/home/asambhav/Storage/dumme_sim/install/local_setup.sh'
[1.073s] INFO:colcon.colcon_core.shell:Creating prefix util module '/home/asambhav/Storage/dumme_sim/install/_local_setup_util_sh.py'
[1.073s] INFO:colcon.colcon_core.shell:Creating prefix chain script '/home/asambhav/Storage/dumme_sim/install/setup.sh'
[1.074s] INFO:colcon.colcon_core.shell:Creating prefix script '/home/asambhav/Storage/dumme_sim/install/local_setup.bash'
[1.075s] INFO:colcon.colcon_core.shell:Creating prefix chain script '/home/asambhav/Storage/dumme_sim/install/setup.bash'
[1.075s] INFO:colcon.colcon_core.shell:Creating prefix script '/home/asambhav/Storage/dumme_sim/install/local_setup.zsh'
[1.076s] INFO:colcon.colcon_core.shell:Creating prefix chain script '/home/asambhav/Storage/dumme_sim/install/setup.zsh'
