[0.478s] Invoking command in '/home/asambhav/Storage/dumme_sim/src/dumme_controller': PYTHONPATH=/home/asambhav/Storage/dumme_sim/build/dumme_controller/prefix_override:/usr/lib/python3/dist-packages/colcon_core/task/python/colcon_distutils_commands:/home/asambhav/Storage/dumme_sim/install/dumme_controller/lib/python3.10/site-packages:${PYTHONPATH} /usr/bin/python3 -W ignore:setup.py install is deprecated -W ignore:easy_install command is deprecated setup.py egg_info --egg-base ../../build/dumme_controller build --build-base /home/asambhav/Storage/dumme_sim/build/dumme_controller/build install --record /home/asambhav/Storage/dumme_sim/build/dumme_controller/install.log --install-scripts $base/lib/dumme_controller --single-version-externally-managed install_data
[0.636s] running egg_info
[0.646s] writing ../../build/dumme_controller/dumme_controller.egg-info/PKG-INFO
[0.647s] writing dependency_links to ../../build/dumme_controller/dumme_controller.egg-info/dependency_links.txt
[0.647s] writing entry points to ../../build/dumme_controller/dumme_controller.egg-info/entry_points.txt
[0.647s] writing requirements to ../../build/dumme_controller/dumme_controller.egg-info/requires.txt
[0.647s] writing top-level names to ../../build/dumme_controller/dumme_controller.egg-info/top_level.txt
[0.666s] reading manifest file '../../build/dumme_controller/dumme_controller.egg-info/SOURCES.txt'
[0.670s] writing manifest file '../../build/dumme_controller/dumme_controller.egg-info/SOURCES.txt'
[0.670s] running build
[0.670s] running build_py
[0.670s] copying dumme_controller/slider_control.py -> /home/asambhav/Storage/dumme_sim/build/dumme_controller/build/lib/dumme_controller
[0.670s] copying dumme_controller/__init__.py -> /home/asambhav/Storage/dumme_sim/build/dumme_controller/build/lib/dumme_controller
[0.671s] running install
[0.672s] running install_lib
[0.688s] running install_data
[0.688s] copying resource/dumme_controller -> /home/asambhav/Storage/dumme_sim/install/dumme_controller/share/ament_index/resource_index/packages
[0.688s] copying package.xml -> /home/asambhav/Storage/dumme_sim/install/dumme_controller/share/dumme_controller
[0.689s] copying launch/controller.launch.py -> /home/asambhav/Storage/dumme_sim/install/dumme_controller/share/dumme_controller/launch
[0.689s] copying launch/slider_controller.launch.py -> /home/asambhav/Storage/dumme_sim/install/dumme_controller/share/dumme_controller/launch
[0.689s] copying config/dumme_controllers.yaml -> /home/asambhav/Storage/dumme_sim/install/dumme_controller/share/dumme_controller/config
[0.690s] running install_egg_info
[0.700s] removing '/home/asambhav/Storage/dumme_sim/install/dumme_controller/lib/python3.10/site-packages/dumme_controller-0.0.1-py3.10.egg-info' (and everything under it)
[0.700s] Copying ../../build/dumme_controller/dumme_controller.egg-info to /home/asambhav/Storage/dumme_sim/install/dumme_controller/lib/python3.10/site-packages/dumme_controller-0.0.1-py3.10.egg-info
[0.701s] running install_scripts
[0.720s] Installing slider_control script to /home/asambhav/Storage/dumme_sim/install/dumme_controller/lib/dumme_controller
[0.721s] writing list of installed files to '/home/asambhav/Storage/dumme_sim/build/dumme_controller/install.log'
[0.737s] Invoked command in '/home/asambhav/Storage/dumme_sim/src/dumme_controller' returned '0': PYTHONPATH=/home/asambhav/Storage/dumme_sim/build/dumme_controller/prefix_override:/usr/lib/python3/dist-packages/colcon_core/task/python/colcon_distutils_commands:/home/asambhav/Storage/dumme_sim/install/dumme_controller/lib/python3.10/site-packages:${PYTHONPATH} /usr/bin/python3 -W ignore:setup.py install is deprecated -W ignore:easy_install command is deprecated setup.py egg_info --egg-base ../../build/dumme_controller build --build-base /home/asambhav/Storage/dumme_sim/build/dumme_controller/build install --record /home/asambhav/Storage/dumme_sim/build/dumme_controller/install.log --install-scripts $base/lib/dumme_controller --single-version-externally-managed install_data
