-- The C compiler identification is GNU 11.4.0
-- The CXX compiler identification is GNU 11.4.0
-- Detecting C compiler ABI info
-- Detecting C compiler ABI info - done
-- Check for working C compiler: /usr/lib/ccache/cc - skipped
-- Detecting C compile features
-- Detecting C compile features - done
-- Detecting CXX compiler ABI info
-- Detecting CXX compiler ABI info - done
-- Check for working CXX compiler: /usr/lib/ccache/c++ - skipped
-- Detecting CXX compile features
-- Detecting CXX compile features - done
-- Found ament_cmake: 1.3.14 (/opt/ros/humble/share/ament_cmake/cmake)
-- Found Python3: /usr/bin/python3 (found version "3.10.12") found components: Interpreter 
-- Found std_msgs: 4.9.1 (/opt/ros/humble/share/std_msgs/cmake)
-- Found rosidl_generator_c: 3.1.9 (/opt/ros/humble/share/rosidl_generator_c/cmake)
-- Found rosidl_adapter: 3.1.9 (/opt/ros/humble/share/rosidl_adapter/cmake)
-- Found rosidl_generator_cpp: 3.1.9 (/opt/ros/humble/share/rosidl_generator_cpp/cmake)
-- Using all available rosidl_typesupport_c: rosidl_typesupport_fastrtps_c;rosidl_typesupport_introspection_c
-- Using all available rosidl_typesupport_cpp: rosidl_typesupport_fastrtps_cpp;rosidl_typesupport_introspection_cpp
-- Found rosidl_default_generators: 1.2.1 (/opt/ros/humble/share/rosidl_default_generators/cmake)
-- Found ament_cmake_ros: 0.10.0 (/opt/ros/humble/share/ament_cmake_ros/cmake)
-- Using all available rosidl_typesupport_c: rosidl_typesupport_fastrtps_c;rosidl_typesupport_introspection_c
-- Using all available rosidl_typesupport_cpp: rosidl_typesupport_fastrtps_cpp;rosidl_typesupport_introspection_cpp
-- Found PythonInterp: /usr/bin/python3 (found suitable version "3.10.12", minimum required is "3.6") 
-- Found python_cmake_module: 0.10.0 (/opt/ros/humble/share/python_cmake_module/cmake)
-- Found PythonLibs: /usr/lib/x86_64-linux-gnu/libpython3.10.so (found suitable version "3.10.12", minimum required is "3.5") 
-- Using PYTHON_EXECUTABLE: /usr/bin/python3
-- Using PYTHON_INCLUDE_DIRS: /usr/include/python3.10
-- Using PYTHON_LIBRARIES: /usr/lib/x86_64-linux-gnu/libpython3.10.so
-- Found PythonExtra: .so  
-- Configuring done
-- Generating done
-- Build files have been written to: /home/asambhav/Storage/dumme_sim/build/dumme_msgs
[  2%] [34m[1mGenerating C code for ROS interfaces[0m
[  5%] [34m[1mGenerating Rust code for ROS interfaces[0m
[  7%] [34m[1mGenerating C++ code for ROS interfaces[0m
[  7%] Built target ament_cmake_python_copy_dumme_msgs
running egg_info
creating dumme_msgs.egg-info
writing dumme_msgs.egg-info/PKG-INFO
writing dependency_links to dumme_msgs.egg-info/dependency_links.txt
writing top-level names to dumme_msgs.egg-info/top_level.txt
writing manifest file 'dumme_msgs.egg-info/SOURCES.txt'
reading manifest file 'dumme_msgs.egg-info/SOURCES.txt'
writing manifest file 'dumme_msgs.egg-info/SOURCES.txt'
[  7%] Built target dumme_msgs__rs
[  7%] Built target ament_cmake_python_build_dumme_msgs_egg
[ 10%] [32mBuilding C object CMakeFiles/dumme_msgs__rosidl_generator_c.dir/rosidl_generator_c/dumme_msgs/srv/detail/euler_to_quaternion__functions.c.o[0m
[ 12%] [32mBuilding C object CMakeFiles/dumme_msgs__rosidl_generator_c.dir/rosidl_generator_c/dumme_msgs/srv/detail/quaternion_to_euler__functions.c.o[0m
[ 12%] Built target dumme_msgs__cpp
[ 15%] [34m[1mGenerating C++ introspection for ROS interfaces[0m
[ 20%] [34m[1mGenerating C++ type support dispatch for ROS interfaces[0m
[ 20%] [34m[1mGenerating C++ type support for eProsima Fast-RTPS[0m
[ 22%] [32m[1mLinking C shared library libdumme_msgs__rosidl_generator_c.so[0m
[ 22%] Built target dumme_msgs__rosidl_generator_c
[ 25%] [34m[1mGenerating C type support dispatch for ROS interfaces[0m
[ 30%] [34m[1mGenerating C introspection for ROS interfaces[0m
[ 30%] [34m[1mGenerating C type support for eProsima Fast-RTPS[0m
[ 32%] [32mBuilding CXX object CMakeFiles/dumme_msgs__rosidl_typesupport_cpp.dir/rosidl_typesupport_cpp/dumme_msgs/srv/euler_to_quaternion__type_support.cpp.o[0m
[ 35%] [32mBuilding CXX object CMakeFiles/dumme_msgs__rosidl_typesupport_cpp.dir/rosidl_typesupport_cpp/dumme_msgs/srv/quaternion_to_euler__type_support.cpp.o[0m
[ 37%] [32mBuilding CXX object CMakeFiles/dumme_msgs__rosidl_typesupport_fastrtps_cpp.dir/rosidl_typesupport_fastrtps_cpp/dumme_msgs/srv/detail/dds_fastrtps/quaternion_to_euler__type_support.cpp.o[0m
[ 40%] [32mBuilding CXX object CMakeFiles/dumme_msgs__rosidl_typesupport_fastrtps_cpp.dir/rosidl_typesupport_fastrtps_cpp/dumme_msgs/srv/detail/dds_fastrtps/euler_to_quaternion__type_support.cpp.o[0m
[ 42%] [32mBuilding CXX object CMakeFiles/dumme_msgs__rosidl_typesupport_introspection_cpp.dir/rosidl_typesupport_introspection_cpp/dumme_msgs/srv/detail/quaternion_to_euler__type_support.cpp.o[0m
[ 45%] [32mBuilding CXX object CMakeFiles/dumme_msgs__rosidl_typesupport_introspection_cpp.dir/rosidl_typesupport_introspection_cpp/dumme_msgs/srv/detail/euler_to_quaternion__type_support.cpp.o[0m
[ 47%] [32mBuilding CXX object CMakeFiles/dumme_msgs__rosidl_typesupport_fastrtps_c.dir/rosidl_typesupport_fastrtps_c/dumme_msgs/srv/detail/euler_to_quaternion__type_support_c.cpp.o[0m
[ 50%] [32mBuilding CXX object CMakeFiles/dumme_msgs__rosidl_typesupport_fastrtps_c.dir/rosidl_typesupport_fastrtps_c/dumme_msgs/srv/detail/quaternion_to_euler__type_support_c.cpp.o[0m
[ 55%] [32mBuilding C object CMakeFiles/dumme_msgs__rosidl_typesupport_introspection_c.dir/rosidl_typesupport_introspection_c/dumme_msgs/srv/detail/quaternion_to_euler__type_support.c.o[0m
[ 55%] [32mBuilding C object CMakeFiles/dumme_msgs__rosidl_typesupport_introspection_c.dir/rosidl_typesupport_introspection_c/dumme_msgs/srv/detail/euler_to_quaternion__type_support.c.o[0m
[ 57%] [32m[1mLinking C shared library libdumme_msgs__rosidl_typesupport_introspection_c.so[0m
[ 57%] Built target dumme_msgs__rosidl_typesupport_introspection_c
[ 62%] [32mBuilding CXX object CMakeFiles/dumme_msgs__rosidl_typesupport_c.dir/rosidl_typesupport_c/dumme_msgs/srv/euler_to_quaternion__type_support.cpp.o[0m
[ 62%] [32mBuilding CXX object CMakeFiles/dumme_msgs__rosidl_typesupport_c.dir/rosidl_typesupport_c/dumme_msgs/srv/quaternion_to_euler__type_support.cpp.o[0m
[ 65%] [32m[1mLinking CXX shared library libdumme_msgs__rosidl_typesupport_c.so[0m
[ 65%] Built target dumme_msgs__rosidl_typesupport_c
[ 67%] [32m[1mLinking CXX shared library libdumme_msgs__rosidl_typesupport_cpp.so[0m
[ 67%] Built target dumme_msgs__rosidl_typesupport_cpp
[ 70%] [32m[1mLinking CXX shared library libdumme_msgs__rosidl_typesupport_fastrtps_cpp.so[0m
[ 70%] Built target dumme_msgs__rosidl_typesupport_fastrtps_cpp
[ 72%] [32m[1mLinking CXX shared library libdumme_msgs__rosidl_typesupport_introspection_cpp.so[0m
[ 75%] [32m[1mLinking CXX shared library libdumme_msgs__rosidl_typesupport_fastrtps_c.so[0m
[ 75%] Built target dumme_msgs__rosidl_typesupport_introspection_cpp
[ 75%] Built target dumme_msgs__rosidl_typesupport_fastrtps_c
[ 75%] Built target dumme_msgs
[ 77%] [34m[1mGenerating Python code for ROS interfaces[0m
[ 77%] Built target dumme_msgs__py
[ 80%] [32mBuilding C object CMakeFiles/dumme_msgs__rosidl_generator_py.dir/rosidl_generator_py/dumme_msgs/srv/_euler_to_quaternion_s.c.o[0m
[ 82%] [32mBuilding C object CMakeFiles/dumme_msgs__rosidl_generator_py.dir/rosidl_generator_py/dumme_msgs/srv/_quaternion_to_euler_s.c.o[0m
[ 85%] [32m[1mLinking C shared library rosidl_generator_py/dumme_msgs/libdumme_msgs__rosidl_generator_py.so[0m
[ 85%] Built target dumme_msgs__rosidl_generator_py
[ 87%] [32mBuilding C object CMakeFiles/dumme_msgs__rosidl_typesupport_introspection_c__pyext.dir/rosidl_generator_py/dumme_msgs/_dumme_msgs_s.ep.rosidl_typesupport_introspection_c.c.o[0m
[ 90%] [32mBuilding C object CMakeFiles/dumme_msgs__rosidl_typesupport_fastrtps_c__pyext.dir/rosidl_generator_py/dumme_msgs/_dumme_msgs_s.ep.rosidl_typesupport_fastrtps_c.c.o[0m
[ 92%] [32mBuilding C object CMakeFiles/dumme_msgs__rosidl_typesupport_c__pyext.dir/rosidl_generator_py/dumme_msgs/_dumme_msgs_s.ep.rosidl_typesupport_c.c.o[0m
[ 95%] [32m[1mLinking C shared library rosidl_generator_py/dumme_msgs/dumme_msgs_s__rosidl_typesupport_c.cpython-310-x86_64-linux-gnu.so[0m
[ 97%] [32m[1mLinking C shared library rosidl_generator_py/dumme_msgs/dumme_msgs_s__rosidl_typesupport_introspection_c.cpython-310-x86_64-linux-gnu.so[0m
[100%] [32m[1mLinking C shared library rosidl_generator_py/dumme_msgs/dumme_msgs_s__rosidl_typesupport_fastrtps_c.cpython-310-x86_64-linux-gnu.so[0m
[100%] Built target dumme_msgs__rosidl_typesupport_c__pyext
[100%] Built target dumme_msgs__rosidl_typesupport_introspection_c__pyext
[100%] Built target dumme_msgs__rosidl_typesupport_fastrtps_c__pyext
-- Install configuration: ""
-- Installing: /home/asambhav/Storage/dumme_sim/install/dumme_msgs/share/ament_index/resource_index/rosidl_interfaces/dumme_msgs
-- Installing: /home/asambhav/Storage/dumme_sim/install/dumme_msgs/include/dumme_msgs/dumme_msgs
-- Installing: /home/asambhav/Storage/dumme_sim/install/dumme_msgs/include/dumme_msgs/dumme_msgs/msg
-- Installing: /home/asambhav/Storage/dumme_sim/install/dumme_msgs/include/dumme_msgs/dumme_msgs/msg/rosidl_generator_c__visibility_control.h
-- Installing: /home/asambhav/Storage/dumme_sim/install/dumme_msgs/include/dumme_msgs/dumme_msgs/srv
-- Installing: /home/asambhav/Storage/dumme_sim/install/dumme_msgs/include/dumme_msgs/dumme_msgs/srv/detail
-- Installing: /home/asambhav/Storage/dumme_sim/install/dumme_msgs/include/dumme_msgs/dumme_msgs/srv/detail/euler_to_quaternion__type_support.h
-- Installing: /home/asambhav/Storage/dumme_sim/install/dumme_msgs/include/dumme_msgs/dumme_msgs/srv/detail/euler_to_quaternion__struct.h
-- Installing: /home/asambhav/Storage/dumme_sim/install/dumme_msgs/include/dumme_msgs/dumme_msgs/srv/detail/euler_to_quaternion__functions.h
-- Installing: /home/asambhav/Storage/dumme_sim/install/dumme_msgs/include/dumme_msgs/dumme_msgs/srv/detail/quaternion_to_euler__functions.c
-- Installing: /home/asambhav/Storage/dumme_sim/install/dumme_msgs/include/dumme_msgs/dumme_msgs/srv/detail/quaternion_to_euler__functions.h
-- Installing: /home/asambhav/Storage/dumme_sim/install/dumme_msgs/include/dumme_msgs/dumme_msgs/srv/detail/euler_to_quaternion__functions.c
-- Installing: /home/asambhav/Storage/dumme_sim/install/dumme_msgs/include/dumme_msgs/dumme_msgs/srv/detail/quaternion_to_euler__struct.h
-- Installing: /home/asambhav/Storage/dumme_sim/install/dumme_msgs/include/dumme_msgs/dumme_msgs/srv/detail/quaternion_to_euler__type_support.h
-- Installing: /home/asambhav/Storage/dumme_sim/install/dumme_msgs/include/dumme_msgs/dumme_msgs/srv/quaternion_to_euler.h
-- Installing: /home/asambhav/Storage/dumme_sim/install/dumme_msgs/include/dumme_msgs/dumme_msgs/srv/euler_to_quaternion.h
-- Installing: /home/asambhav/Storage/dumme_sim/install/dumme_msgs/share/dumme_msgs/environment/library_path.sh
-- Installing: /home/asambhav/Storage/dumme_sim/install/dumme_msgs/share/dumme_msgs/environment/library_path.dsv
-- Installing: /home/asambhav/Storage/dumme_sim/install/dumme_msgs/lib/libdumme_msgs__rosidl_generator_c.so
-- Set runtime path of "/home/asambhav/Storage/dumme_sim/install/dumme_msgs/lib/libdumme_msgs__rosidl_generator_c.so" to ""
-- Up-to-date: /home/asambhav/Storage/dumme_sim/install/dumme_msgs/include/dumme_msgs/dumme_msgs
-- Up-to-date: /home/asambhav/Storage/dumme_sim/install/dumme_msgs/include/dumme_msgs/dumme_msgs/msg
-- Installing: /home/asambhav/Storage/dumme_sim/install/dumme_msgs/include/dumme_msgs/dumme_msgs/msg/rosidl_typesupport_fastrtps_c__visibility_control.h
-- Up-to-date: /home/asambhav/Storage/dumme_sim/install/dumme_msgs/include/dumme_msgs/dumme_msgs/srv
-- Up-to-date: /home/asambhav/Storage/dumme_sim/install/dumme_msgs/include/dumme_msgs/dumme_msgs/srv/detail
-- Installing: /home/asambhav/Storage/dumme_sim/install/dumme_msgs/include/dumme_msgs/dumme_msgs/srv/detail/euler_to_quaternion__rosidl_typesupport_fastrtps_c.h
-- Installing: /home/asambhav/Storage/dumme_sim/install/dumme_msgs/include/dumme_msgs/dumme_msgs/srv/detail/quaternion_to_euler__rosidl_typesupport_fastrtps_c.h
-- Installing: /home/asambhav/Storage/dumme_sim/install/dumme_msgs/lib/libdumme_msgs__rosidl_typesupport_fastrtps_c.so
-- Set runtime path of "/home/asambhav/Storage/dumme_sim/install/dumme_msgs/lib/libdumme_msgs__rosidl_typesupport_fastrtps_c.so" to ""
-- Up-to-date: /home/asambhav/Storage/dumme_sim/install/dumme_msgs/include/dumme_msgs/dumme_msgs
-- Up-to-date: /home/asambhav/Storage/dumme_sim/install/dumme_msgs/include/dumme_msgs/dumme_msgs/msg
-- Installing: /home/asambhav/Storage/dumme_sim/install/dumme_msgs/include/dumme_msgs/dumme_msgs/msg/rosidl_generator_cpp__visibility_control.hpp
-- Up-to-date: /home/asambhav/Storage/dumme_sim/install/dumme_msgs/include/dumme_msgs/dumme_msgs/srv
-- Installing: /home/asambhav/Storage/dumme_sim/install/dumme_msgs/include/dumme_msgs/dumme_msgs/srv/quaternion_to_euler.hpp
-- Up-to-date: /home/asambhav/Storage/dumme_sim/install/dumme_msgs/include/dumme_msgs/dumme_msgs/srv/detail
-- Installing: /home/asambhav/Storage/dumme_sim/install/dumme_msgs/include/dumme_msgs/dumme_msgs/srv/detail/euler_to_quaternion__type_support.hpp
-- Installing: /home/asambhav/Storage/dumme_sim/install/dumme_msgs/include/dumme_msgs/dumme_msgs/srv/detail/quaternion_to_euler__traits.hpp
-- Installing: /home/asambhav/Storage/dumme_sim/install/dumme_msgs/include/dumme_msgs/dumme_msgs/srv/detail/quaternion_to_euler__builder.hpp
-- Installing: /home/asambhav/Storage/dumme_sim/install/dumme_msgs/include/dumme_msgs/dumme_msgs/srv/detail/quaternion_to_euler__struct.hpp
-- Installing: /home/asambhav/Storage/dumme_sim/install/dumme_msgs/include/dumme_msgs/dumme_msgs/srv/detail/quaternion_to_euler__type_support.hpp
-- Installing: /home/asambhav/Storage/dumme_sim/install/dumme_msgs/include/dumme_msgs/dumme_msgs/srv/detail/euler_to_quaternion__traits.hpp
-- Installing: /home/asambhav/Storage/dumme_sim/install/dumme_msgs/include/dumme_msgs/dumme_msgs/srv/detail/euler_to_quaternion__struct.hpp
-- Installing: /home/asambhav/Storage/dumme_sim/install/dumme_msgs/include/dumme_msgs/dumme_msgs/srv/detail/euler_to_quaternion__builder.hpp
-- Installing: /home/asambhav/Storage/dumme_sim/install/dumme_msgs/include/dumme_msgs/dumme_msgs/srv/euler_to_quaternion.hpp
-- Up-to-date: /home/asambhav/Storage/dumme_sim/install/dumme_msgs/include/dumme_msgs/dumme_msgs
-- Up-to-date: /home/asambhav/Storage/dumme_sim/install/dumme_msgs/include/dumme_msgs/dumme_msgs/msg
-- Installing: /home/asambhav/Storage/dumme_sim/install/dumme_msgs/include/dumme_msgs/dumme_msgs/msg/rosidl_typesupport_fastrtps_cpp__visibility_control.h
-- Up-to-date: /home/asambhav/Storage/dumme_sim/install/dumme_msgs/include/dumme_msgs/dumme_msgs/srv
-- Up-to-date: /home/asambhav/Storage/dumme_sim/install/dumme_msgs/include/dumme_msgs/dumme_msgs/srv/detail
-- Installing: /home/asambhav/Storage/dumme_sim/install/dumme_msgs/include/dumme_msgs/dumme_msgs/srv/detail/quaternion_to_euler__rosidl_typesupport_fastrtps_cpp.hpp
-- Installing: /home/asambhav/Storage/dumme_sim/install/dumme_msgs/include/dumme_msgs/dumme_msgs/srv/detail/euler_to_quaternion__rosidl_typesupport_fastrtps_cpp.hpp
-- Installing: /home/asambhav/Storage/dumme_sim/install/dumme_msgs/include/dumme_msgs/dumme_msgs/srv/detail/dds_fastrtps
-- Installing: /home/asambhav/Storage/dumme_sim/install/dumme_msgs/lib/libdumme_msgs__rosidl_typesupport_fastrtps_cpp.so
-- Set runtime path of "/home/asambhav/Storage/dumme_sim/install/dumme_msgs/lib/libdumme_msgs__rosidl_typesupport_fastrtps_cpp.so" to ""
-- Up-to-date: /home/asambhav/Storage/dumme_sim/install/dumme_msgs/include/dumme_msgs/dumme_msgs
-- Up-to-date: /home/asambhav/Storage/dumme_sim/install/dumme_msgs/include/dumme_msgs/dumme_msgs/msg
-- Installing: /home/asambhav/Storage/dumme_sim/install/dumme_msgs/include/dumme_msgs/dumme_msgs/msg/rosidl_typesupport_introspection_c__visibility_control.h
-- Up-to-date: /home/asambhav/Storage/dumme_sim/install/dumme_msgs/include/dumme_msgs/dumme_msgs/srv
-- Up-to-date: /home/asambhav/Storage/dumme_sim/install/dumme_msgs/include/dumme_msgs/dumme_msgs/srv/detail
-- Installing: /home/asambhav/Storage/dumme_sim/install/dumme_msgs/include/dumme_msgs/dumme_msgs/srv/detail/euler_to_quaternion__type_support.c
-- Installing: /home/asambhav/Storage/dumme_sim/install/dumme_msgs/include/dumme_msgs/dumme_msgs/srv/detail/quaternion_to_euler__type_support.c
-- Installing: /home/asambhav/Storage/dumme_sim/install/dumme_msgs/include/dumme_msgs/dumme_msgs/srv/detail/quaternion_to_euler__rosidl_typesupport_introspection_c.h
-- Installing: /home/asambhav/Storage/dumme_sim/install/dumme_msgs/include/dumme_msgs/dumme_msgs/srv/detail/euler_to_quaternion__rosidl_typesupport_introspection_c.h
-- Installing: /home/asambhav/Storage/dumme_sim/install/dumme_msgs/lib/libdumme_msgs__rosidl_typesupport_introspection_c.so
-- Set runtime path of "/home/asambhav/Storage/dumme_sim/install/dumme_msgs/lib/libdumme_msgs__rosidl_typesupport_introspection_c.so" to ""
-- Installing: /home/asambhav/Storage/dumme_sim/install/dumme_msgs/lib/libdumme_msgs__rosidl_typesupport_c.so
-- Set runtime path of "/home/asambhav/Storage/dumme_sim/install/dumme_msgs/lib/libdumme_msgs__rosidl_typesupport_c.so" to ""
-- Up-to-date: /home/asambhav/Storage/dumme_sim/install/dumme_msgs/include/dumme_msgs/dumme_msgs
-- Up-to-date: /home/asambhav/Storage/dumme_sim/install/dumme_msgs/include/dumme_msgs/dumme_msgs/srv
-- Up-to-date: /home/asambhav/Storage/dumme_sim/install/dumme_msgs/include/dumme_msgs/dumme_msgs/srv/detail
-- Installing: /home/asambhav/Storage/dumme_sim/install/dumme_msgs/include/dumme_msgs/dumme_msgs/srv/detail/euler_to_quaternion__rosidl_typesupport_introspection_cpp.hpp
-- Installing: /home/asambhav/Storage/dumme_sim/install/dumme_msgs/include/dumme_msgs/dumme_msgs/srv/detail/quaternion_to_euler__type_support.cpp
-- Installing: /home/asambhav/Storage/dumme_sim/install/dumme_msgs/include/dumme_msgs/dumme_msgs/srv/detail/quaternion_to_euler__rosidl_typesupport_introspection_cpp.hpp
-- Installing: /home/asambhav/Storage/dumme_sim/install/dumme_msgs/include/dumme_msgs/dumme_msgs/srv/detail/euler_to_quaternion__type_support.cpp
-- Installing: /home/asambhav/Storage/dumme_sim/install/dumme_msgs/lib/libdumme_msgs__rosidl_typesupport_introspection_cpp.so
-- Set runtime path of "/home/asambhav/Storage/dumme_sim/install/dumme_msgs/lib/libdumme_msgs__rosidl_typesupport_introspection_cpp.so" to ""
-- Installing: /home/asambhav/Storage/dumme_sim/install/dumme_msgs/lib/libdumme_msgs__rosidl_typesupport_cpp.so
-- Set runtime path of "/home/asambhav/Storage/dumme_sim/install/dumme_msgs/lib/libdumme_msgs__rosidl_typesupport_cpp.so" to ""
-- Installing: /home/asambhav/Storage/dumme_sim/install/dumme_msgs/share/dumme_msgs/environment/pythonpath.sh
-- Installing: /home/asambhav/Storage/dumme_sim/install/dumme_msgs/share/dumme_msgs/environment/pythonpath.dsv
-- Installing: /home/asambhav/Storage/dumme_sim/install/dumme_msgs/local/lib/python3.10/dist-packages/dumme_msgs-0.0.1-py3.10.egg-info
-- Installing: /home/asambhav/Storage/dumme_sim/install/dumme_msgs/local/lib/python3.10/dist-packages/dumme_msgs-0.0.1-py3.10.egg-info/SOURCES.txt
-- Installing: /home/asambhav/Storage/dumme_sim/install/dumme_msgs/local/lib/python3.10/dist-packages/dumme_msgs-0.0.1-py3.10.egg-info/dependency_links.txt
-- Installing: /home/asambhav/Storage/dumme_sim/install/dumme_msgs/local/lib/python3.10/dist-packages/dumme_msgs-0.0.1-py3.10.egg-info/PKG-INFO
-- Installing: /home/asambhav/Storage/dumme_sim/install/dumme_msgs/local/lib/python3.10/dist-packages/dumme_msgs-0.0.1-py3.10.egg-info/top_level.txt
-- Installing: /home/asambhav/Storage/dumme_sim/install/dumme_msgs/local/lib/python3.10/dist-packages/dumme_msgs
-- Installing: /home/asambhav/Storage/dumme_sim/install/dumme_msgs/local/lib/python3.10/dist-packages/dumme_msgs/dumme_msgs_s__rosidl_typesupport_introspection_c.cpython-310-x86_64-linux-gnu.so
-- Installing: /home/asambhav/Storage/dumme_sim/install/dumme_msgs/local/lib/python3.10/dist-packages/dumme_msgs/libdumme_msgs__rosidl_generator_py.so
-- Installing: /home/asambhav/Storage/dumme_sim/install/dumme_msgs/local/lib/python3.10/dist-packages/dumme_msgs/_dumme_msgs_s.ep.rosidl_typesupport_fastrtps_c.c
-- Installing: /home/asambhav/Storage/dumme_sim/install/dumme_msgs/local/lib/python3.10/dist-packages/dumme_msgs/srv
-- Installing: /home/asambhav/Storage/dumme_sim/install/dumme_msgs/local/lib/python3.10/dist-packages/dumme_msgs/srv/_euler_to_quaternion.py
-- Installing: /home/asambhav/Storage/dumme_sim/install/dumme_msgs/local/lib/python3.10/dist-packages/dumme_msgs/srv/_quaternion_to_euler_s.c
-- Installing: /home/asambhav/Storage/dumme_sim/install/dumme_msgs/local/lib/python3.10/dist-packages/dumme_msgs/srv/_quaternion_to_euler.py
-- Installing: /home/asambhav/Storage/dumme_sim/install/dumme_msgs/local/lib/python3.10/dist-packages/dumme_msgs/srv/_euler_to_quaternion_s.c
-- Installing: /home/asambhav/Storage/dumme_sim/install/dumme_msgs/local/lib/python3.10/dist-packages/dumme_msgs/srv/__init__.py
-- Installing: /home/asambhav/Storage/dumme_sim/install/dumme_msgs/local/lib/python3.10/dist-packages/dumme_msgs/dumme_msgs_s__rosidl_typesupport_fastrtps_c.cpython-310-x86_64-linux-gnu.so
-- Installing: /home/asambhav/Storage/dumme_sim/install/dumme_msgs/local/lib/python3.10/dist-packages/dumme_msgs/_dumme_msgs_s.ep.rosidl_typesupport_c.c
-- Installing: /home/asambhav/Storage/dumme_sim/install/dumme_msgs/local/lib/python3.10/dist-packages/dumme_msgs/_dumme_msgs_s.ep.rosidl_typesupport_introspection_c.c
-- Installing: /home/asambhav/Storage/dumme_sim/install/dumme_msgs/local/lib/python3.10/dist-packages/dumme_msgs/__init__.py
-- Installing: /home/asambhav/Storage/dumme_sim/install/dumme_msgs/local/lib/python3.10/dist-packages/dumme_msgs/dumme_msgs_s__rosidl_typesupport_c.cpython-310-x86_64-linux-gnu.so
Listing '/home/asambhav/Storage/dumme_sim/install/dumme_msgs/local/lib/python3.10/dist-packages/dumme_msgs'...
Compiling '/home/asambhav/Storage/dumme_sim/install/dumme_msgs/local/lib/python3.10/dist-packages/dumme_msgs/__init__.py'...
Listing '/home/asambhav/Storage/dumme_sim/install/dumme_msgs/local/lib/python3.10/dist-packages/dumme_msgs/srv'...
Compiling '/home/asambhav/Storage/dumme_sim/install/dumme_msgs/local/lib/python3.10/dist-packages/dumme_msgs/srv/__init__.py'...
Compiling '/home/asambhav/Storage/dumme_sim/install/dumme_msgs/local/lib/python3.10/dist-packages/dumme_msgs/srv/_euler_to_quaternion.py'...
Compiling '/home/asambhav/Storage/dumme_sim/install/dumme_msgs/local/lib/python3.10/dist-packages/dumme_msgs/srv/_quaternion_to_euler.py'...
-- Installing: /home/asambhav/Storage/dumme_sim/install/dumme_msgs/local/lib/python3.10/dist-packages/dumme_msgs/dumme_msgs_s__rosidl_typesupport_fastrtps_c.cpython-310-x86_64-linux-gnu.so
-- Set runtime path of "/home/asambhav/Storage/dumme_sim/install/dumme_msgs/local/lib/python3.10/dist-packages/dumme_msgs/dumme_msgs_s__rosidl_typesupport_fastrtps_c.cpython-310-x86_64-linux-gnu.so" to ""
-- Installing: /home/asambhav/Storage/dumme_sim/install/dumme_msgs/local/lib/python3.10/dist-packages/dumme_msgs/dumme_msgs_s__rosidl_typesupport_introspection_c.cpython-310-x86_64-linux-gnu.so
-- Set runtime path of "/home/asambhav/Storage/dumme_sim/install/dumme_msgs/local/lib/python3.10/dist-packages/dumme_msgs/dumme_msgs_s__rosidl_typesupport_introspection_c.cpython-310-x86_64-linux-gnu.so" to ""
-- Installing: /home/asambhav/Storage/dumme_sim/install/dumme_msgs/local/lib/python3.10/dist-packages/dumme_msgs/dumme_msgs_s__rosidl_typesupport_c.cpython-310-x86_64-linux-gnu.so
-- Set runtime path of "/home/asambhav/Storage/dumme_sim/install/dumme_msgs/local/lib/python3.10/dist-packages/dumme_msgs/dumme_msgs_s__rosidl_typesupport_c.cpython-310-x86_64-linux-gnu.so" to ""
-- Installing: /home/asambhav/Storage/dumme_sim/install/dumme_msgs/lib/libdumme_msgs__rosidl_generator_py.so
-- Set runtime path of "/home/asambhav/Storage/dumme_sim/install/dumme_msgs/lib/libdumme_msgs__rosidl_generator_py.so" to ""
-- Installing: /home/asambhav/Storage/dumme_sim/install/dumme_msgs/share/ament_index/resource_index/rust_packages/dumme_msgs
-- Installing: /home/asambhav/Storage/dumme_sim/install/dumme_msgs/share/dumme_msgs/rust
-- Installing: /home/asambhav/Storage/dumme_sim/install/dumme_msgs/share/dumme_msgs/rust/src
-- Installing: /home/asambhav/Storage/dumme_sim/install/dumme_msgs/share/dumme_msgs/rust/src/srv
-- Installing: /home/asambhav/Storage/dumme_sim/install/dumme_msgs/share/dumme_msgs/rust/src/srv/rmw.rs
-- Installing: /home/asambhav/Storage/dumme_sim/install/dumme_msgs/share/dumme_msgs/rust/src/lib.rs
-- Installing: /home/asambhav/Storage/dumme_sim/install/dumme_msgs/share/dumme_msgs/rust/src/srv.rs
-- Installing: /home/asambhav/Storage/dumme_sim/install/dumme_msgs/share/dumme_msgs/rust/build.rs
-- Installing: /home/asambhav/Storage/dumme_sim/install/dumme_msgs/share/dumme_msgs/rust/Cargo.toml
-- Installing: /home/asambhav/Storage/dumme_sim/install/dumme_msgs/share/dumme_msgs/srv/EulerToQuaternion.idl
-- Installing: /home/asambhav/Storage/dumme_sim/install/dumme_msgs/share/dumme_msgs/srv/QuaternionToEuler.idl
-- Installing: /home/asambhav/Storage/dumme_sim/install/dumme_msgs/share/dumme_msgs/srv/EulerToQuaternion.srv
-- Installing: /home/asambhav/Storage/dumme_sim/install/dumme_msgs/share/dumme_msgs/srv/EulerToQuaternion_Request.msg
-- Installing: /home/asambhav/Storage/dumme_sim/install/dumme_msgs/share/dumme_msgs/srv/EulerToQuaternion_Response.msg
-- Installing: /home/asambhav/Storage/dumme_sim/install/dumme_msgs/share/dumme_msgs/srv/QuaternionToEuler.srv
-- Installing: /home/asambhav/Storage/dumme_sim/install/dumme_msgs/share/dumme_msgs/srv/QuaternionToEuler_Request.msg
-- Installing: /home/asambhav/Storage/dumme_sim/install/dumme_msgs/share/dumme_msgs/srv/QuaternionToEuler_Response.msg
-- Installing: /home/asambhav/Storage/dumme_sim/install/dumme_msgs/share/ament_index/resource_index/package_run_dependencies/dumme_msgs
-- Installing: /home/asambhav/Storage/dumme_sim/install/dumme_msgs/share/ament_index/resource_index/parent_prefix_path/dumme_msgs
-- Installing: /home/asambhav/Storage/dumme_sim/install/dumme_msgs/share/dumme_msgs/environment/ament_prefix_path.sh
-- Installing: /home/asambhav/Storage/dumme_sim/install/dumme_msgs/share/dumme_msgs/environment/ament_prefix_path.dsv
-- Installing: /home/asambhav/Storage/dumme_sim/install/dumme_msgs/share/dumme_msgs/environment/path.sh
-- Installing: /home/asambhav/Storage/dumme_sim/install/dumme_msgs/share/dumme_msgs/environment/path.dsv
-- Installing: /home/asambhav/Storage/dumme_sim/install/dumme_msgs/share/dumme_msgs/local_setup.bash
-- Installing: /home/asambhav/Storage/dumme_sim/install/dumme_msgs/share/dumme_msgs/local_setup.sh
-- Installing: /home/asambhav/Storage/dumme_sim/install/dumme_msgs/share/dumme_msgs/local_setup.zsh
-- Installing: /home/asambhav/Storage/dumme_sim/install/dumme_msgs/share/dumme_msgs/local_setup.dsv
-- Installing: /home/asambhav/Storage/dumme_sim/install/dumme_msgs/share/dumme_msgs/package.dsv
-- Installing: /home/asambhav/Storage/dumme_sim/install/dumme_msgs/share/ament_index/resource_index/packages/dumme_msgs
-- Installing: /home/asambhav/Storage/dumme_sim/install/dumme_msgs/share/dumme_msgs/cmake/export_dumme_msgs__rosidl_generator_cExport.cmake
-- Installing: /home/asambhav/Storage/dumme_sim/install/dumme_msgs/share/dumme_msgs/cmake/export_dumme_msgs__rosidl_generator_cExport-noconfig.cmake
-- Installing: /home/asambhav/Storage/dumme_sim/install/dumme_msgs/share/dumme_msgs/cmake/export_dumme_msgs__rosidl_typesupport_fastrtps_cExport.cmake
-- Installing: /home/asambhav/Storage/dumme_sim/install/dumme_msgs/share/dumme_msgs/cmake/export_dumme_msgs__rosidl_typesupport_fastrtps_cExport-noconfig.cmake
-- Installing: /home/asambhav/Storage/dumme_sim/install/dumme_msgs/share/dumme_msgs/cmake/export_dumme_msgs__rosidl_generator_cppExport.cmake
-- Installing: /home/asambhav/Storage/dumme_sim/install/dumme_msgs/share/dumme_msgs/cmake/export_dumme_msgs__rosidl_typesupport_fastrtps_cppExport.cmake
-- Installing: /home/asambhav/Storage/dumme_sim/install/dumme_msgs/share/dumme_msgs/cmake/export_dumme_msgs__rosidl_typesupport_fastrtps_cppExport-noconfig.cmake
-- Installing: /home/asambhav/Storage/dumme_sim/install/dumme_msgs/share/dumme_msgs/cmake/dumme_msgs__rosidl_typesupport_introspection_cExport.cmake
-- Installing: /home/asambhav/Storage/dumme_sim/install/dumme_msgs/share/dumme_msgs/cmake/dumme_msgs__rosidl_typesupport_introspection_cExport-noconfig.cmake
-- Installing: /home/asambhav/Storage/dumme_sim/install/dumme_msgs/share/dumme_msgs/cmake/dumme_msgs__rosidl_typesupport_cExport.cmake
-- Installing: /home/asambhav/Storage/dumme_sim/install/dumme_msgs/share/dumme_msgs/cmake/dumme_msgs__rosidl_typesupport_cExport-noconfig.cmake
-- Installing: /home/asambhav/Storage/dumme_sim/install/dumme_msgs/share/dumme_msgs/cmake/dumme_msgs__rosidl_typesupport_introspection_cppExport.cmake
-- Installing: /home/asambhav/Storage/dumme_sim/install/dumme_msgs/share/dumme_msgs/cmake/dumme_msgs__rosidl_typesupport_introspection_cppExport-noconfig.cmake
-- Installing: /home/asambhav/Storage/dumme_sim/install/dumme_msgs/share/dumme_msgs/cmake/dumme_msgs__rosidl_typesupport_cppExport.cmake
-- Installing: /home/asambhav/Storage/dumme_sim/install/dumme_msgs/share/dumme_msgs/cmake/dumme_msgs__rosidl_typesupport_cppExport-noconfig.cmake
-- Installing: /home/asambhav/Storage/dumme_sim/install/dumme_msgs/share/dumme_msgs/cmake/export_dumme_msgs__rosidl_generator_pyExport.cmake
-- Installing: /home/asambhav/Storage/dumme_sim/install/dumme_msgs/share/dumme_msgs/cmake/export_dumme_msgs__rosidl_generator_pyExport-noconfig.cmake
-- Installing: /home/asambhav/Storage/dumme_sim/install/dumme_msgs/share/dumme_msgs/cmake/rosidl_cmake-extras.cmake
-- Installing: /home/asambhav/Storage/dumme_sim/install/dumme_msgs/share/dumme_msgs/cmake/ament_cmake_export_include_directories-extras.cmake
-- Installing: /home/asambhav/Storage/dumme_sim/install/dumme_msgs/share/dumme_msgs/cmake/ament_cmake_export_libraries-extras.cmake
-- Installing: /home/asambhav/Storage/dumme_sim/install/dumme_msgs/share/dumme_msgs/cmake/ament_cmake_export_targets-extras.cmake
-- Installing: /home/asambhav/Storage/dumme_sim/install/dumme_msgs/share/dumme_msgs/cmake/rosidl_cmake_export_typesupport_targets-extras.cmake
-- Installing: /home/asambhav/Storage/dumme_sim/install/dumme_msgs/share/dumme_msgs/cmake/ament_cmake_export_dependencies-extras.cmake
-- Installing: /home/asambhav/Storage/dumme_sim/install/dumme_msgs/share/dumme_msgs/cmake/rosidl_cmake_export_typesupport_libraries-extras.cmake
-- Installing: /home/asambhav/Storage/dumme_sim/install/dumme_msgs/share/dumme_msgs/cmake/rosidl_cmake_aggregate_target-extras.cmake
-- Installing: /home/asambhav/Storage/dumme_sim/install/dumme_msgs/share/dumme_msgs/cmake/dumme_msgsConfig.cmake
-- Installing: /home/asambhav/Storage/dumme_sim/install/dumme_msgs/share/dumme_msgs/cmake/dumme_msgsConfig-version.cmake
-- Installing: /home/asambhav/Storage/dumme_sim/install/dumme_msgs/share/dumme_msgs/package.xml
