[0.008s] Invoking command in '/home/asambhav/Storage/dumme_sim/build/dumme_msgs': CMAKE_PREFIX_PATH=${CMAKE_PREFIX_PATH}:/home/asambhav/Storage/dumme_sim/install/dumme_controller:/home/asambhav/e-yantra_ws/install/task_1:/opt/ros/humble /usr/bin/cmake /home/asambhav/Storage/dumme_sim/src/dumme_msgs -DCMAKE_INSTALL_PREFIX=/home/asambhav/Storage/dumme_sim/install/dumme_msgs
[0.083s] -- The C compiler identification is GNU 11.4.0
[0.149s] -- The CXX compiler identification is GNU 11.4.0
[0.162s] -- Detecting C compiler ABI info
[0.211s] -- Detecting C compiler ABI info - done
[0.217s] -- Check for working C compiler: /usr/lib/ccache/cc - skipped
[0.217s] -- Detecting C compile features
[0.218s] -- Detecting C compile features - done
[0.220s] -- Detecting CXX compiler ABI info
[0.276s] -- Detecting CXX compiler ABI info - done
[0.280s] -- Check for working CXX compiler: /usr/lib/ccache/c++ - skipped
[0.280s] -- Detecting CXX compile features
[0.281s] -- Detecting CXX compile features - done
[0.285s] -- Found ament_cmake: 1.3.14 (/opt/ros/humble/share/ament_cmake/cmake)
[0.532s] -- Found Python3: /usr/bin/python3 (found version "3.10.12") found components: Interpreter 
[0.613s] -- Found std_msgs: 4.9.1 (/opt/ros/humble/share/std_msgs/cmake)
[0.648s] -- Found rosidl_generator_c: 3.1.9 (/opt/ros/humble/share/rosidl_generator_c/cmake)
[0.652s] -- Found rosidl_adapter: 3.1.9 (/opt/ros/humble/share/rosidl_adapter/cmake)
[0.661s] -- Found rosidl_generator_cpp: 3.1.9 (/opt/ros/humble/share/rosidl_generator_cpp/cmake)
[0.673s] -- Using all available rosidl_typesupport_c: rosidl_typesupport_fastrtps_c;rosidl_typesupport_introspection_c
[0.687s] -- Using all available rosidl_typesupport_cpp: rosidl_typesupport_fastrtps_cpp;rosidl_typesupport_introspection_cpp
[0.709s] -- Found rosidl_default_generators: 1.2.1 (/opt/ros/humble/share/rosidl_default_generators/cmake)
[0.909s] -- Found ament_cmake_ros: 0.10.0 (/opt/ros/humble/share/ament_cmake_ros/cmake)
[1.147s] -- Using all available rosidl_typesupport_c: rosidl_typesupport_fastrtps_c;rosidl_typesupport_introspection_c
[1.232s] -- Using all available rosidl_typesupport_cpp: rosidl_typesupport_fastrtps_cpp;rosidl_typesupport_introspection_cpp
[1.250s] -- Found PythonInterp: /usr/bin/python3 (found suitable version "3.10.12", minimum required is "3.6") 
[1.251s] -- Found python_cmake_module: 0.10.0 (/opt/ros/humble/share/python_cmake_module/cmake)
[1.273s] -- Found PythonLibs: /usr/lib/x86_64-linux-gnu/libpython3.10.so (found suitable version "3.10.12", minimum required is "3.5") 
[1.273s] -- Using PYTHON_EXECUTABLE: /usr/bin/python3
[1.274s] -- Using PYTHON_INCLUDE_DIRS: /usr/include/python3.10
[1.274s] -- Using PYTHON_LIBRARIES: /usr/lib/x86_64-linux-gnu/libpython3.10.so
[1.288s] -- Found PythonExtra: .so  
[1.361s] -- Configuring done
[1.376s] -- Generating done
[1.382s] -- Build files have been written to: /home/asambhav/Storage/dumme_sim/build/dumme_msgs
[1.388s] Invoked command in '/home/asambhav/Storage/dumme_sim/build/dumme_msgs' returned '0': CMAKE_PREFIX_PATH=${CMAKE_PREFIX_PATH}:/home/asambhav/Storage/dumme_sim/install/dumme_controller:/home/asambhav/e-yantra_ws/install/task_1:/opt/ros/humble /usr/bin/cmake /home/asambhav/Storage/dumme_sim/src/dumme_msgs -DCMAKE_INSTALL_PREFIX=/home/asambhav/Storage/dumme_sim/install/dumme_msgs
[1.392s] Invoking command in '/home/asambhav/Storage/dumme_sim/build/dumme_msgs': CMAKE_PREFIX_PATH=${CMAKE_PREFIX_PATH}:/home/asambhav/Storage/dumme_sim/install/dumme_controller:/home/asambhav/e-yantra_ws/install/task_1:/opt/ros/humble /usr/bin/cmake --build /home/asambhav/Storage/dumme_sim/build/dumme_msgs -- -j18 -l18
[1.424s] [  2%] [34m[1mGenerating C code for ROS interfaces[0m
[1.433s] [  5%] [34m[1mGenerating Rust code for ROS interfaces[0m
[1.433s] [  7%] [34m[1mGenerating C++ code for ROS interfaces[0m
[1.440s] [  7%] Built target ament_cmake_python_copy_dumme_msgs
[1.578s] running egg_info
[1.588s] creating dumme_msgs.egg-info
[1.589s] writing dumme_msgs.egg-info/PKG-INFO
[1.589s] writing dependency_links to dumme_msgs.egg-info/dependency_links.txt
[1.589s] writing top-level names to dumme_msgs.egg-info/top_level.txt
[1.589s] writing manifest file 'dumme_msgs.egg-info/SOURCES.txt'
[1.619s] reading manifest file 'dumme_msgs.egg-info/SOURCES.txt'
[1.620s] writing manifest file 'dumme_msgs.egg-info/SOURCES.txt'
[1.623s] [  7%] Built target dumme_msgs__rs
[1.640s] [  7%] Built target ament_cmake_python_build_dumme_msgs_egg
[1.676s] [ 10%] [32mBuilding C object CMakeFiles/dumme_msgs__rosidl_generator_c.dir/rosidl_generator_c/dumme_msgs/srv/detail/euler_to_quaternion__functions.c.o[0m
[1.676s] [ 12%] [32mBuilding C object CMakeFiles/dumme_msgs__rosidl_generator_c.dir/rosidl_generator_c/dumme_msgs/srv/detail/quaternion_to_euler__functions.c.o[0m
[1.698s] [ 12%] Built target dumme_msgs__cpp
[1.706s] [ 15%] [34m[1mGenerating C++ introspection for ROS interfaces[0m
[1.708s] [ 20%] [34m[1mGenerating C++ type support dispatch for ROS interfaces[0m
[1.708s] [ 20%] [34m[1mGenerating C++ type support for eProsima Fast-RTPS[0m
[1.763s] [ 22%] [32m[1mLinking C shared library libdumme_msgs__rosidl_generator_c.so[0m
[1.797s] [ 22%] Built target dumme_msgs__rosidl_generator_c
[1.807s] [ 25%] [34m[1mGenerating C type support dispatch for ROS interfaces[0m
[1.807s] [ 30%] [34m[1mGenerating C introspection for ROS interfaces[0m
[1.807s] [ 30%] [34m[1mGenerating C type support for eProsima Fast-RTPS[0m
[1.902s] [ 32%] [32mBuilding CXX object CMakeFiles/dumme_msgs__rosidl_typesupport_cpp.dir/rosidl_typesupport_cpp/dumme_msgs/srv/euler_to_quaternion__type_support.cpp.o[0m
[1.904s] [ 35%] [32mBuilding CXX object CMakeFiles/dumme_msgs__rosidl_typesupport_cpp.dir/rosidl_typesupport_cpp/dumme_msgs/srv/quaternion_to_euler__type_support.cpp.o[0m
[2.008s] [ 37%] [32mBuilding CXX object CMakeFiles/dumme_msgs__rosidl_typesupport_fastrtps_cpp.dir/rosidl_typesupport_fastrtps_cpp/dumme_msgs/srv/detail/dds_fastrtps/quaternion_to_euler__type_support.cpp.o[0m
[2.011s] [ 40%] [32mBuilding CXX object CMakeFiles/dumme_msgs__rosidl_typesupport_fastrtps_cpp.dir/rosidl_typesupport_fastrtps_cpp/dumme_msgs/srv/detail/dds_fastrtps/euler_to_quaternion__type_support.cpp.o[0m
[2.022s] [ 42%] [32mBuilding CXX object CMakeFiles/dumme_msgs__rosidl_typesupport_introspection_cpp.dir/rosidl_typesupport_introspection_cpp/dumme_msgs/srv/detail/quaternion_to_euler__type_support.cpp.o[0m
[2.025s] [ 45%] [32mBuilding CXX object CMakeFiles/dumme_msgs__rosidl_typesupport_introspection_cpp.dir/rosidl_typesupport_introspection_cpp/dumme_msgs/srv/detail/euler_to_quaternion__type_support.cpp.o[0m
[2.040s] [ 47%] [32mBuilding CXX object CMakeFiles/dumme_msgs__rosidl_typesupport_fastrtps_c.dir/rosidl_typesupport_fastrtps_c/dumme_msgs/srv/detail/euler_to_quaternion__type_support_c.cpp.o[0m
[2.041s] [ 50%] [32mBuilding CXX object CMakeFiles/dumme_msgs__rosidl_typesupport_fastrtps_c.dir/rosidl_typesupport_fastrtps_c/dumme_msgs/srv/detail/quaternion_to_euler__type_support_c.cpp.o[0m
[2.058s] [ 55%] [32mBuilding C object CMakeFiles/dumme_msgs__rosidl_typesupport_introspection_c.dir/rosidl_typesupport_introspection_c/dumme_msgs/srv/detail/quaternion_to_euler__type_support.c.o[0m
[2.058s] [ 55%] [32mBuilding C object CMakeFiles/dumme_msgs__rosidl_typesupport_introspection_c.dir/rosidl_typesupport_introspection_c/dumme_msgs/srv/detail/euler_to_quaternion__type_support.c.o[0m
[2.089s] [ 57%] [32m[1mLinking C shared library libdumme_msgs__rosidl_typesupport_introspection_c.so[0m
[2.113s] [ 57%] Built target dumme_msgs__rosidl_typesupport_introspection_c
[2.158s] [ 62%] [32mBuilding CXX object CMakeFiles/dumme_msgs__rosidl_typesupport_c.dir/rosidl_typesupport_c/dumme_msgs/srv/euler_to_quaternion__type_support.cpp.o[0m
[2.158s] [ 62%] [32mBuilding CXX object CMakeFiles/dumme_msgs__rosidl_typesupport_c.dir/rosidl_typesupport_c/dumme_msgs/srv/quaternion_to_euler__type_support.cpp.o[0m
[2.210s] [ 65%] [32m[1mLinking CXX shared library libdumme_msgs__rosidl_typesupport_c.so[0m
[2.256s] [ 65%] Built target dumme_msgs__rosidl_typesupport_c
[2.259s] [ 67%] [32m[1mLinking CXX shared library libdumme_msgs__rosidl_typesupport_cpp.so[0m
[2.302s] [ 67%] Built target dumme_msgs__rosidl_typesupport_cpp
[2.323s] [ 70%] [32m[1mLinking CXX shared library libdumme_msgs__rosidl_typesupport_fastrtps_cpp.so[0m
[2.377s] [ 70%] Built target dumme_msgs__rosidl_typesupport_fastrtps_cpp
[2.416s] [ 72%] [32m[1mLinking CXX shared library libdumme_msgs__rosidl_typesupport_introspection_cpp.so[0m
[2.424s] [ 75%] [32m[1mLinking CXX shared library libdumme_msgs__rosidl_typesupport_fastrtps_c.so[0m
[2.459s] [ 75%] Built target dumme_msgs__rosidl_typesupport_introspection_cpp
[2.478s] [ 75%] Built target dumme_msgs__rosidl_typesupport_fastrtps_c
[2.498s] [ 75%] Built target dumme_msgs
[2.512s] [ 77%] [34m[1mGenerating Python code for ROS interfaces[0m
[2.867s] [ 77%] Built target dumme_msgs__py
[2.883s] [ 80%] [32mBuilding C object CMakeFiles/dumme_msgs__rosidl_generator_py.dir/rosidl_generator_py/dumme_msgs/srv/_euler_to_quaternion_s.c.o[0m
[2.884s] [ 82%] [32mBuilding C object CMakeFiles/dumme_msgs__rosidl_generator_py.dir/rosidl_generator_py/dumme_msgs/srv/_quaternion_to_euler_s.c.o[0m
[3.011s] [ 85%] [32m[1mLinking C shared library rosidl_generator_py/dumme_msgs/libdumme_msgs__rosidl_generator_py.so[0m
[3.045s] [ 85%] Built target dumme_msgs__rosidl_generator_py
[3.062s] [ 87%] [32mBuilding C object CMakeFiles/dumme_msgs__rosidl_typesupport_introspection_c__pyext.dir/rosidl_generator_py/dumme_msgs/_dumme_msgs_s.ep.rosidl_typesupport_introspection_c.c.o[0m
[3.062s] [ 90%] [32mBuilding C object CMakeFiles/dumme_msgs__rosidl_typesupport_fastrtps_c__pyext.dir/rosidl_generator_py/dumme_msgs/_dumme_msgs_s.ep.rosidl_typesupport_fastrtps_c.c.o[0m
[3.062s] [ 92%] [32mBuilding C object CMakeFiles/dumme_msgs__rosidl_typesupport_c__pyext.dir/rosidl_generator_py/dumme_msgs/_dumme_msgs_s.ep.rosidl_typesupport_c.c.o[0m
[3.172s] [ 95%] [32m[1mLinking C shared library rosidl_generator_py/dumme_msgs/dumme_msgs_s__rosidl_typesupport_c.cpython-310-x86_64-linux-gnu.so[0m
[3.175s] [ 97%] [32m[1mLinking C shared library rosidl_generator_py/dumme_msgs/dumme_msgs_s__rosidl_typesupport_introspection_c.cpython-310-x86_64-linux-gnu.so[0m
[3.176s] [100%] [32m[1mLinking C shared library rosidl_generator_py/dumme_msgs/dumme_msgs_s__rosidl_typesupport_fastrtps_c.cpython-310-x86_64-linux-gnu.so[0m
[3.195s] [100%] Built target dumme_msgs__rosidl_typesupport_c__pyext
[3.200s] [100%] Built target dumme_msgs__rosidl_typesupport_introspection_c__pyext
[3.209s] [100%] Built target dumme_msgs__rosidl_typesupport_fastrtps_c__pyext
[3.217s] Invoked command in '/home/asambhav/Storage/dumme_sim/build/dumme_msgs' returned '0': CMAKE_PREFIX_PATH=${CMAKE_PREFIX_PATH}:/home/asambhav/Storage/dumme_sim/install/dumme_controller:/home/asambhav/e-yantra_ws/install/task_1:/opt/ros/humble /usr/bin/cmake --build /home/asambhav/Storage/dumme_sim/build/dumme_msgs -- -j18 -l18
[3.218s] Invoking command in '/home/asambhav/Storage/dumme_sim/build/dumme_msgs': CMAKE_PREFIX_PATH=${CMAKE_PREFIX_PATH}:/home/asambhav/Storage/dumme_sim/install/dumme_controller:/home/asambhav/e-yantra_ws/install/task_1:/opt/ros/humble /usr/bin/cmake --install /home/asambhav/Storage/dumme_sim/build/dumme_msgs
[3.226s] -- Install configuration: ""
[3.226s] -- Installing: /home/asambhav/Storage/dumme_sim/install/dumme_msgs/share/ament_index/resource_index/rosidl_interfaces/dumme_msgs
[3.226s] -- Installing: /home/asambhav/Storage/dumme_sim/install/dumme_msgs/include/dumme_msgs/dumme_msgs
[3.227s] -- Installing: /home/asambhav/Storage/dumme_sim/install/dumme_msgs/include/dumme_msgs/dumme_msgs/msg
[3.227s] -- Installing: /home/asambhav/Storage/dumme_sim/install/dumme_msgs/include/dumme_msgs/dumme_msgs/msg/rosidl_generator_c__visibility_control.h
[3.227s] -- Installing: /home/asambhav/Storage/dumme_sim/install/dumme_msgs/include/dumme_msgs/dumme_msgs/srv
[3.227s] -- Installing: /home/asambhav/Storage/dumme_sim/install/dumme_msgs/include/dumme_msgs/dumme_msgs/srv/detail
[3.227s] -- Installing: /home/asambhav/Storage/dumme_sim/install/dumme_msgs/include/dumme_msgs/dumme_msgs/srv/detail/euler_to_quaternion__type_support.h
[3.227s] -- Installing: /home/asambhav/Storage/dumme_sim/install/dumme_msgs/include/dumme_msgs/dumme_msgs/srv/detail/euler_to_quaternion__struct.h
[3.227s] -- Installing: /home/asambhav/Storage/dumme_sim/install/dumme_msgs/include/dumme_msgs/dumme_msgs/srv/detail/euler_to_quaternion__functions.h
[3.227s] -- Installing: /home/asambhav/Storage/dumme_sim/install/dumme_msgs/include/dumme_msgs/dumme_msgs/srv/detail/quaternion_to_euler__functions.c
[3.227s] -- Installing: /home/asambhav/Storage/dumme_sim/install/dumme_msgs/include/dumme_msgs/dumme_msgs/srv/detail/quaternion_to_euler__functions.h
[3.227s] -- Installing: /home/asambhav/Storage/dumme_sim/install/dumme_msgs/include/dumme_msgs/dumme_msgs/srv/detail/euler_to_quaternion__functions.c
[3.228s] -- Installing: /home/asambhav/Storage/dumme_sim/install/dumme_msgs/include/dumme_msgs/dumme_msgs/srv/detail/quaternion_to_euler__struct.h
[3.228s] -- Installing: /home/asambhav/Storage/dumme_sim/install/dumme_msgs/include/dumme_msgs/dumme_msgs/srv/detail/quaternion_to_euler__type_support.h
[3.228s] -- Installing: /home/asambhav/Storage/dumme_sim/install/dumme_msgs/include/dumme_msgs/dumme_msgs/srv/quaternion_to_euler.h
[3.228s] -- Installing: /home/asambhav/Storage/dumme_sim/install/dumme_msgs/include/dumme_msgs/dumme_msgs/srv/euler_to_quaternion.h
[3.228s] -- Installing: /home/asambhav/Storage/dumme_sim/install/dumme_msgs/share/dumme_msgs/environment/library_path.sh
[3.228s] -- Installing: /home/asambhav/Storage/dumme_sim/install/dumme_msgs/share/dumme_msgs/environment/library_path.dsv
[3.228s] -- Installing: /home/asambhav/Storage/dumme_sim/install/dumme_msgs/lib/libdumme_msgs__rosidl_generator_c.so
[3.229s] -- Set runtime path of "/home/asambhav/Storage/dumme_sim/install/dumme_msgs/lib/libdumme_msgs__rosidl_generator_c.so" to ""
[3.229s] -- Up-to-date: /home/asambhav/Storage/dumme_sim/install/dumme_msgs/include/dumme_msgs/dumme_msgs
[3.229s] -- Up-to-date: /home/asambhav/Storage/dumme_sim/install/dumme_msgs/include/dumme_msgs/dumme_msgs/msg
[3.229s] -- Installing: /home/asambhav/Storage/dumme_sim/install/dumme_msgs/include/dumme_msgs/dumme_msgs/msg/rosidl_typesupport_fastrtps_c__visibility_control.h
[3.229s] -- Up-to-date: /home/asambhav/Storage/dumme_sim/install/dumme_msgs/include/dumme_msgs/dumme_msgs/srv
[3.229s] -- Up-to-date: /home/asambhav/Storage/dumme_sim/install/dumme_msgs/include/dumme_msgs/dumme_msgs/srv/detail
[3.229s] -- Installing: /home/asambhav/Storage/dumme_sim/install/dumme_msgs/include/dumme_msgs/dumme_msgs/srv/detail/euler_to_quaternion__rosidl_typesupport_fastrtps_c.h
[3.229s] -- Installing: /home/asambhav/Storage/dumme_sim/install/dumme_msgs/include/dumme_msgs/dumme_msgs/srv/detail/quaternion_to_euler__rosidl_typesupport_fastrtps_c.h
[3.229s] -- Installing: /home/asambhav/Storage/dumme_sim/install/dumme_msgs/lib/libdumme_msgs__rosidl_typesupport_fastrtps_c.so
[3.230s] -- Set runtime path of "/home/asambhav/Storage/dumme_sim/install/dumme_msgs/lib/libdumme_msgs__rosidl_typesupport_fastrtps_c.so" to ""
[3.230s] -- Up-to-date: /home/asambhav/Storage/dumme_sim/install/dumme_msgs/include/dumme_msgs/dumme_msgs
[3.230s] -- Up-to-date: /home/asambhav/Storage/dumme_sim/install/dumme_msgs/include/dumme_msgs/dumme_msgs/msg
[3.230s] -- Installing: /home/asambhav/Storage/dumme_sim/install/dumme_msgs/include/dumme_msgs/dumme_msgs/msg/rosidl_generator_cpp__visibility_control.hpp
[3.230s] -- Up-to-date: /home/asambhav/Storage/dumme_sim/install/dumme_msgs/include/dumme_msgs/dumme_msgs/srv
[3.230s] -- Installing: /home/asambhav/Storage/dumme_sim/install/dumme_msgs/include/dumme_msgs/dumme_msgs/srv/quaternion_to_euler.hpp
[3.230s] -- Up-to-date: /home/asambhav/Storage/dumme_sim/install/dumme_msgs/include/dumme_msgs/dumme_msgs/srv/detail
[3.230s] -- Installing: /home/asambhav/Storage/dumme_sim/install/dumme_msgs/include/dumme_msgs/dumme_msgs/srv/detail/euler_to_quaternion__type_support.hpp
[3.230s] -- Installing: /home/asambhav/Storage/dumme_sim/install/dumme_msgs/include/dumme_msgs/dumme_msgs/srv/detail/quaternion_to_euler__traits.hpp
[3.230s] -- Installing: /home/asambhav/Storage/dumme_sim/install/dumme_msgs/include/dumme_msgs/dumme_msgs/srv/detail/quaternion_to_euler__builder.hpp
[3.230s] -- Installing: /home/asambhav/Storage/dumme_sim/install/dumme_msgs/include/dumme_msgs/dumme_msgs/srv/detail/quaternion_to_euler__struct.hpp
[3.230s] -- Installing: /home/asambhav/Storage/dumme_sim/install/dumme_msgs/include/dumme_msgs/dumme_msgs/srv/detail/quaternion_to_euler__type_support.hpp
[3.230s] -- Installing: /home/asambhav/Storage/dumme_sim/install/dumme_msgs/include/dumme_msgs/dumme_msgs/srv/detail/euler_to_quaternion__traits.hpp
[3.230s] -- Installing: /home/asambhav/Storage/dumme_sim/install/dumme_msgs/include/dumme_msgs/dumme_msgs/srv/detail/euler_to_quaternion__struct.hpp
[3.230s] -- Installing: /home/asambhav/Storage/dumme_sim/install/dumme_msgs/include/dumme_msgs/dumme_msgs/srv/detail/euler_to_quaternion__builder.hpp
[3.230s] -- Installing: /home/asambhav/Storage/dumme_sim/install/dumme_msgs/include/dumme_msgs/dumme_msgs/srv/euler_to_quaternion.hpp
[3.230s] -- Up-to-date: /home/asambhav/Storage/dumme_sim/install/dumme_msgs/include/dumme_msgs/dumme_msgs
[3.230s] -- Up-to-date: /home/asambhav/Storage/dumme_sim/install/dumme_msgs/include/dumme_msgs/dumme_msgs/msg
[3.231s] -- Installing: /home/asambhav/Storage/dumme_sim/install/dumme_msgs/include/dumme_msgs/dumme_msgs/msg/rosidl_typesupport_fastrtps_cpp__visibility_control.h
[3.231s] -- Up-to-date: /home/asambhav/Storage/dumme_sim/install/dumme_msgs/include/dumme_msgs/dumme_msgs/srv
[3.231s] -- Up-to-date: /home/asambhav/Storage/dumme_sim/install/dumme_msgs/include/dumme_msgs/dumme_msgs/srv/detail
[3.231s] -- Installing: /home/asambhav/Storage/dumme_sim/install/dumme_msgs/include/dumme_msgs/dumme_msgs/srv/detail/quaternion_to_euler__rosidl_typesupport_fastrtps_cpp.hpp
[3.231s] -- Installing: /home/asambhav/Storage/dumme_sim/install/dumme_msgs/include/dumme_msgs/dumme_msgs/srv/detail/euler_to_quaternion__rosidl_typesupport_fastrtps_cpp.hpp
[3.231s] -- Installing: /home/asambhav/Storage/dumme_sim/install/dumme_msgs/include/dumme_msgs/dumme_msgs/srv/detail/dds_fastrtps
[3.231s] -- Installing: /home/asambhav/Storage/dumme_sim/install/dumme_msgs/lib/libdumme_msgs__rosidl_typesupport_fastrtps_cpp.so
[3.231s] -- Set runtime path of "/home/asambhav/Storage/dumme_sim/install/dumme_msgs/lib/libdumme_msgs__rosidl_typesupport_fastrtps_cpp.so" to ""
[3.231s] -- Up-to-date: /home/asambhav/Storage/dumme_sim/install/dumme_msgs/include/dumme_msgs/dumme_msgs
[3.231s] -- Up-to-date: /home/asambhav/Storage/dumme_sim/install/dumme_msgs/include/dumme_msgs/dumme_msgs/msg
[3.231s] -- Installing: /home/asambhav/Storage/dumme_sim/install/dumme_msgs/include/dumme_msgs/dumme_msgs/msg/rosidl_typesupport_introspection_c__visibility_control.h
[3.231s] -- Up-to-date: /home/asambhav/Storage/dumme_sim/install/dumme_msgs/include/dumme_msgs/dumme_msgs/srv
[3.231s] -- Up-to-date: /home/asambhav/Storage/dumme_sim/install/dumme_msgs/include/dumme_msgs/dumme_msgs/srv/detail
[3.231s] -- Installing: /home/asambhav/Storage/dumme_sim/install/dumme_msgs/include/dumme_msgs/dumme_msgs/srv/detail/euler_to_quaternion__type_support.c
[3.231s] -- Installing: /home/asambhav/Storage/dumme_sim/install/dumme_msgs/include/dumme_msgs/dumme_msgs/srv/detail/quaternion_to_euler__type_support.c
[3.231s] -- Installing: /home/asambhav/Storage/dumme_sim/install/dumme_msgs/include/dumme_msgs/dumme_msgs/srv/detail/quaternion_to_euler__rosidl_typesupport_introspection_c.h
[3.231s] -- Installing: /home/asambhav/Storage/dumme_sim/install/dumme_msgs/include/dumme_msgs/dumme_msgs/srv/detail/euler_to_quaternion__rosidl_typesupport_introspection_c.h
[3.231s] -- Installing: /home/asambhav/Storage/dumme_sim/install/dumme_msgs/lib/libdumme_msgs__rosidl_typesupport_introspection_c.so
[3.232s] -- Set runtime path of "/home/asambhav/Storage/dumme_sim/install/dumme_msgs/lib/libdumme_msgs__rosidl_typesupport_introspection_c.so" to ""
[3.232s] -- Installing: /home/asambhav/Storage/dumme_sim/install/dumme_msgs/lib/libdumme_msgs__rosidl_typesupport_c.so
[3.232s] -- Set runtime path of "/home/asambhav/Storage/dumme_sim/install/dumme_msgs/lib/libdumme_msgs__rosidl_typesupport_c.so" to ""
[3.232s] -- Up-to-date: /home/asambhav/Storage/dumme_sim/install/dumme_msgs/include/dumme_msgs/dumme_msgs
[3.232s] -- Up-to-date: /home/asambhav/Storage/dumme_sim/install/dumme_msgs/include/dumme_msgs/dumme_msgs/srv
[3.232s] -- Up-to-date: /home/asambhav/Storage/dumme_sim/install/dumme_msgs/include/dumme_msgs/dumme_msgs/srv/detail
[3.232s] -- Installing: /home/asambhav/Storage/dumme_sim/install/dumme_msgs/include/dumme_msgs/dumme_msgs/srv/detail/euler_to_quaternion__rosidl_typesupport_introspection_cpp.hpp
[3.232s] -- Installing: /home/asambhav/Storage/dumme_sim/install/dumme_msgs/include/dumme_msgs/dumme_msgs/srv/detail/quaternion_to_euler__type_support.cpp
[3.232s] -- Installing: /home/asambhav/Storage/dumme_sim/install/dumme_msgs/include/dumme_msgs/dumme_msgs/srv/detail/quaternion_to_euler__rosidl_typesupport_introspection_cpp.hpp
[3.232s] -- Installing: /home/asambhav/Storage/dumme_sim/install/dumme_msgs/include/dumme_msgs/dumme_msgs/srv/detail/euler_to_quaternion__type_support.cpp
[3.232s] -- Installing: /home/asambhav/Storage/dumme_sim/install/dumme_msgs/lib/libdumme_msgs__rosidl_typesupport_introspection_cpp.so
[3.232s] -- Set runtime path of "/home/asambhav/Storage/dumme_sim/install/dumme_msgs/lib/libdumme_msgs__rosidl_typesupport_introspection_cpp.so" to ""
[3.232s] -- Installing: /home/asambhav/Storage/dumme_sim/install/dumme_msgs/lib/libdumme_msgs__rosidl_typesupport_cpp.so
[3.233s] -- Set runtime path of "/home/asambhav/Storage/dumme_sim/install/dumme_msgs/lib/libdumme_msgs__rosidl_typesupport_cpp.so" to ""
[3.233s] -- Installing: /home/asambhav/Storage/dumme_sim/install/dumme_msgs/share/dumme_msgs/environment/pythonpath.sh
[3.233s] -- Installing: /home/asambhav/Storage/dumme_sim/install/dumme_msgs/share/dumme_msgs/environment/pythonpath.dsv
[3.233s] -- Installing: /home/asambhav/Storage/dumme_sim/install/dumme_msgs/local/lib/python3.10/dist-packages/dumme_msgs-0.0.1-py3.10.egg-info
[3.233s] -- Installing: /home/asambhav/Storage/dumme_sim/install/dumme_msgs/local/lib/python3.10/dist-packages/dumme_msgs-0.0.1-py3.10.egg-info/SOURCES.txt
[3.233s] -- Installing: /home/asambhav/Storage/dumme_sim/install/dumme_msgs/local/lib/python3.10/dist-packages/dumme_msgs-0.0.1-py3.10.egg-info/dependency_links.txt
[3.233s] -- Installing: /home/asambhav/Storage/dumme_sim/install/dumme_msgs/local/lib/python3.10/dist-packages/dumme_msgs-0.0.1-py3.10.egg-info/PKG-INFO
[3.233s] -- Installing: /home/asambhav/Storage/dumme_sim/install/dumme_msgs/local/lib/python3.10/dist-packages/dumme_msgs-0.0.1-py3.10.egg-info/top_level.txt
[3.233s] -- Installing: /home/asambhav/Storage/dumme_sim/install/dumme_msgs/local/lib/python3.10/dist-packages/dumme_msgs
[3.233s] -- Installing: /home/asambhav/Storage/dumme_sim/install/dumme_msgs/local/lib/python3.10/dist-packages/dumme_msgs/dumme_msgs_s__rosidl_typesupport_introspection_c.cpython-310-x86_64-linux-gnu.so
[3.233s] -- Installing: /home/asambhav/Storage/dumme_sim/install/dumme_msgs/local/lib/python3.10/dist-packages/dumme_msgs/libdumme_msgs__rosidl_generator_py.so
[3.233s] -- Installing: /home/asambhav/Storage/dumme_sim/install/dumme_msgs/local/lib/python3.10/dist-packages/dumme_msgs/_dumme_msgs_s.ep.rosidl_typesupport_fastrtps_c.c
[3.233s] -- Installing: /home/asambhav/Storage/dumme_sim/install/dumme_msgs/local/lib/python3.10/dist-packages/dumme_msgs/srv
[3.233s] -- Installing: /home/asambhav/Storage/dumme_sim/install/dumme_msgs/local/lib/python3.10/dist-packages/dumme_msgs/srv/_euler_to_quaternion.py
[3.233s] -- Installing: /home/asambhav/Storage/dumme_sim/install/dumme_msgs/local/lib/python3.10/dist-packages/dumme_msgs/srv/_quaternion_to_euler_s.c
[3.234s] -- Installing: /home/asambhav/Storage/dumme_sim/install/dumme_msgs/local/lib/python3.10/dist-packages/dumme_msgs/srv/_quaternion_to_euler.py
[3.234s] -- Installing: /home/asambhav/Storage/dumme_sim/install/dumme_msgs/local/lib/python3.10/dist-packages/dumme_msgs/srv/_euler_to_quaternion_s.c
[3.234s] -- Installing: /home/asambhav/Storage/dumme_sim/install/dumme_msgs/local/lib/python3.10/dist-packages/dumme_msgs/srv/__init__.py
[3.234s] -- Installing: /home/asambhav/Storage/dumme_sim/install/dumme_msgs/local/lib/python3.10/dist-packages/dumme_msgs/dumme_msgs_s__rosidl_typesupport_fastrtps_c.cpython-310-x86_64-linux-gnu.so
[3.234s] -- Installing: /home/asambhav/Storage/dumme_sim/install/dumme_msgs/local/lib/python3.10/dist-packages/dumme_msgs/_dumme_msgs_s.ep.rosidl_typesupport_c.c
[3.234s] -- Installing: /home/asambhav/Storage/dumme_sim/install/dumme_msgs/local/lib/python3.10/dist-packages/dumme_msgs/_dumme_msgs_s.ep.rosidl_typesupport_introspection_c.c
[3.234s] -- Installing: /home/asambhav/Storage/dumme_sim/install/dumme_msgs/local/lib/python3.10/dist-packages/dumme_msgs/__init__.py
[3.234s] -- Installing: /home/asambhav/Storage/dumme_sim/install/dumme_msgs/local/lib/python3.10/dist-packages/dumme_msgs/dumme_msgs_s__rosidl_typesupport_c.cpython-310-x86_64-linux-gnu.so
[3.261s] Listing '/home/asambhav/Storage/dumme_sim/install/dumme_msgs/local/lib/python3.10/dist-packages/dumme_msgs'...
[3.261s] Compiling '/home/asambhav/Storage/dumme_sim/install/dumme_msgs/local/lib/python3.10/dist-packages/dumme_msgs/__init__.py'...
[3.261s] Listing '/home/asambhav/Storage/dumme_sim/install/dumme_msgs/local/lib/python3.10/dist-packages/dumme_msgs/srv'...
[3.261s] Compiling '/home/asambhav/Storage/dumme_sim/install/dumme_msgs/local/lib/python3.10/dist-packages/dumme_msgs/srv/__init__.py'...
[3.261s] Compiling '/home/asambhav/Storage/dumme_sim/install/dumme_msgs/local/lib/python3.10/dist-packages/dumme_msgs/srv/_euler_to_quaternion.py'...
[3.261s] Compiling '/home/asambhav/Storage/dumme_sim/install/dumme_msgs/local/lib/python3.10/dist-packages/dumme_msgs/srv/_quaternion_to_euler.py'...
[3.263s] -- Installing: /home/asambhav/Storage/dumme_sim/install/dumme_msgs/local/lib/python3.10/dist-packages/dumme_msgs/dumme_msgs_s__rosidl_typesupport_fastrtps_c.cpython-310-x86_64-linux-gnu.so
[3.264s] -- Set runtime path of "/home/asambhav/Storage/dumme_sim/install/dumme_msgs/local/lib/python3.10/dist-packages/dumme_msgs/dumme_msgs_s__rosidl_typesupport_fastrtps_c.cpython-310-x86_64-linux-gnu.so" to ""
[3.264s] -- Installing: /home/asambhav/Storage/dumme_sim/install/dumme_msgs/local/lib/python3.10/dist-packages/dumme_msgs/dumme_msgs_s__rosidl_typesupport_introspection_c.cpython-310-x86_64-linux-gnu.so
[3.264s] -- Set runtime path of "/home/asambhav/Storage/dumme_sim/install/dumme_msgs/local/lib/python3.10/dist-packages/dumme_msgs/dumme_msgs_s__rosidl_typesupport_introspection_c.cpython-310-x86_64-linux-gnu.so" to ""
[3.264s] -- Installing: /home/asambhav/Storage/dumme_sim/install/dumme_msgs/local/lib/python3.10/dist-packages/dumme_msgs/dumme_msgs_s__rosidl_typesupport_c.cpython-310-x86_64-linux-gnu.so
[3.264s] -- Set runtime path of "/home/asambhav/Storage/dumme_sim/install/dumme_msgs/local/lib/python3.10/dist-packages/dumme_msgs/dumme_msgs_s__rosidl_typesupport_c.cpython-310-x86_64-linux-gnu.so" to ""
[3.264s] -- Installing: /home/asambhav/Storage/dumme_sim/install/dumme_msgs/lib/libdumme_msgs__rosidl_generator_py.so
[3.264s] -- Set runtime path of "/home/asambhav/Storage/dumme_sim/install/dumme_msgs/lib/libdumme_msgs__rosidl_generator_py.so" to ""
[3.264s] -- Installing: /home/asambhav/Storage/dumme_sim/install/dumme_msgs/share/ament_index/resource_index/rust_packages/dumme_msgs
[3.264s] -- Installing: /home/asambhav/Storage/dumme_sim/install/dumme_msgs/share/dumme_msgs/rust
[3.264s] -- Installing: /home/asambhav/Storage/dumme_sim/install/dumme_msgs/share/dumme_msgs/rust/src
[3.264s] -- Installing: /home/asambhav/Storage/dumme_sim/install/dumme_msgs/share/dumme_msgs/rust/src/srv
[3.264s] -- Installing: /home/asambhav/Storage/dumme_sim/install/dumme_msgs/share/dumme_msgs/rust/src/srv/rmw.rs
[3.265s] -- Installing: /home/asambhav/Storage/dumme_sim/install/dumme_msgs/share/dumme_msgs/rust/src/lib.rs
[3.265s] -- Installing: /home/asambhav/Storage/dumme_sim/install/dumme_msgs/share/dumme_msgs/rust/src/srv.rs
[3.265s] -- Installing: /home/asambhav/Storage/dumme_sim/install/dumme_msgs/share/dumme_msgs/rust/build.rs
[3.265s] -- Installing: /home/asambhav/Storage/dumme_sim/install/dumme_msgs/share/dumme_msgs/rust/Cargo.toml
[3.265s] -- Installing: /home/asambhav/Storage/dumme_sim/install/dumme_msgs/share/dumme_msgs/srv/EulerToQuaternion.idl
[3.265s] -- Installing: /home/asambhav/Storage/dumme_sim/install/dumme_msgs/share/dumme_msgs/srv/QuaternionToEuler.idl
[3.265s] -- Installing: /home/asambhav/Storage/dumme_sim/install/dumme_msgs/share/dumme_msgs/srv/EulerToQuaternion.srv
[3.265s] -- Installing: /home/asambhav/Storage/dumme_sim/install/dumme_msgs/share/dumme_msgs/srv/EulerToQuaternion_Request.msg
[3.265s] -- Installing: /home/asambhav/Storage/dumme_sim/install/dumme_msgs/share/dumme_msgs/srv/EulerToQuaternion_Response.msg
[3.265s] -- Installing: /home/asambhav/Storage/dumme_sim/install/dumme_msgs/share/dumme_msgs/srv/QuaternionToEuler.srv
[3.265s] -- Installing: /home/asambhav/Storage/dumme_sim/install/dumme_msgs/share/dumme_msgs/srv/QuaternionToEuler_Request.msg
[3.265s] -- Installing: /home/asambhav/Storage/dumme_sim/install/dumme_msgs/share/dumme_msgs/srv/QuaternionToEuler_Response.msg
[3.265s] -- Installing: /home/asambhav/Storage/dumme_sim/install/dumme_msgs/share/ament_index/resource_index/package_run_dependencies/dumme_msgs
[3.265s] -- Installing: /home/asambhav/Storage/dumme_sim/install/dumme_msgs/share/ament_index/resource_index/parent_prefix_path/dumme_msgs
[3.265s] -- Installing: /home/asambhav/Storage/dumme_sim/install/dumme_msgs/share/dumme_msgs/environment/ament_prefix_path.sh
[3.265s] -- Installing: /home/asambhav/Storage/dumme_sim/install/dumme_msgs/share/dumme_msgs/environment/ament_prefix_path.dsv
[3.266s] -- Installing: /home/asambhav/Storage/dumme_sim/install/dumme_msgs/share/dumme_msgs/environment/path.sh
[3.266s] -- Installing: /home/asambhav/Storage/dumme_sim/install/dumme_msgs/share/dumme_msgs/environment/path.dsv
[3.266s] -- Installing: /home/asambhav/Storage/dumme_sim/install/dumme_msgs/share/dumme_msgs/local_setup.bash
[3.266s] -- Installing: /home/asambhav/Storage/dumme_sim/install/dumme_msgs/share/dumme_msgs/local_setup.sh
[3.266s] -- Installing: /home/asambhav/Storage/dumme_sim/install/dumme_msgs/share/dumme_msgs/local_setup.zsh
[3.266s] -- Installing: /home/asambhav/Storage/dumme_sim/install/dumme_msgs/share/dumme_msgs/local_setup.dsv
[3.266s] -- Installing: /home/asambhav/Storage/dumme_sim/install/dumme_msgs/share/dumme_msgs/package.dsv
[3.266s] -- Installing: /home/asambhav/Storage/dumme_sim/install/dumme_msgs/share/ament_index/resource_index/packages/dumme_msgs
[3.266s] -- Installing: /home/asambhav/Storage/dumme_sim/install/dumme_msgs/share/dumme_msgs/cmake/export_dumme_msgs__rosidl_generator_cExport.cmake
[3.266s] -- Installing: /home/asambhav/Storage/dumme_sim/install/dumme_msgs/share/dumme_msgs/cmake/export_dumme_msgs__rosidl_generator_cExport-noconfig.cmake
[3.266s] -- Installing: /home/asambhav/Storage/dumme_sim/install/dumme_msgs/share/dumme_msgs/cmake/export_dumme_msgs__rosidl_typesupport_fastrtps_cExport.cmake
[3.266s] -- Installing: /home/asambhav/Storage/dumme_sim/install/dumme_msgs/share/dumme_msgs/cmake/export_dumme_msgs__rosidl_typesupport_fastrtps_cExport-noconfig.cmake
[3.266s] -- Installing: /home/asambhav/Storage/dumme_sim/install/dumme_msgs/share/dumme_msgs/cmake/export_dumme_msgs__rosidl_generator_cppExport.cmake
[3.266s] -- Installing: /home/asambhav/Storage/dumme_sim/install/dumme_msgs/share/dumme_msgs/cmake/export_dumme_msgs__rosidl_typesupport_fastrtps_cppExport.cmake
[3.267s] -- Installing: /home/asambhav/Storage/dumme_sim/install/dumme_msgs/share/dumme_msgs/cmake/export_dumme_msgs__rosidl_typesupport_fastrtps_cppExport-noconfig.cmake
[3.267s] -- Installing: /home/asambhav/Storage/dumme_sim/install/dumme_msgs/share/dumme_msgs/cmake/dumme_msgs__rosidl_typesupport_introspection_cExport.cmake
[3.267s] -- Installing: /home/asambhav/Storage/dumme_sim/install/dumme_msgs/share/dumme_msgs/cmake/dumme_msgs__rosidl_typesupport_introspection_cExport-noconfig.cmake
[3.267s] -- Installing: /home/asambhav/Storage/dumme_sim/install/dumme_msgs/share/dumme_msgs/cmake/dumme_msgs__rosidl_typesupport_cExport.cmake
[3.267s] -- Installing: /home/asambhav/Storage/dumme_sim/install/dumme_msgs/share/dumme_msgs/cmake/dumme_msgs__rosidl_typesupport_cExport-noconfig.cmake
[3.267s] -- Installing: /home/asambhav/Storage/dumme_sim/install/dumme_msgs/share/dumme_msgs/cmake/dumme_msgs__rosidl_typesupport_introspection_cppExport.cmake
[3.267s] -- Installing: /home/asambhav/Storage/dumme_sim/install/dumme_msgs/share/dumme_msgs/cmake/dumme_msgs__rosidl_typesupport_introspection_cppExport-noconfig.cmake
[3.267s] -- Installing: /home/asambhav/Storage/dumme_sim/install/dumme_msgs/share/dumme_msgs/cmake/dumme_msgs__rosidl_typesupport_cppExport.cmake
[3.267s] -- Installing: /home/asambhav/Storage/dumme_sim/install/dumme_msgs/share/dumme_msgs/cmake/dumme_msgs__rosidl_typesupport_cppExport-noconfig.cmake
[3.267s] -- Installing: /home/asambhav/Storage/dumme_sim/install/dumme_msgs/share/dumme_msgs/cmake/export_dumme_msgs__rosidl_generator_pyExport.cmake
[3.267s] -- Installing: /home/asambhav/Storage/dumme_sim/install/dumme_msgs/share/dumme_msgs/cmake/export_dumme_msgs__rosidl_generator_pyExport-noconfig.cmake
[3.267s] -- Installing: /home/asambhav/Storage/dumme_sim/install/dumme_msgs/share/dumme_msgs/cmake/rosidl_cmake-extras.cmake
[3.267s] -- Installing: /home/asambhav/Storage/dumme_sim/install/dumme_msgs/share/dumme_msgs/cmake/ament_cmake_export_include_directories-extras.cmake
[3.267s] -- Installing: /home/asambhav/Storage/dumme_sim/install/dumme_msgs/share/dumme_msgs/cmake/ament_cmake_export_libraries-extras.cmake
[3.268s] -- Installing: /home/asambhav/Storage/dumme_sim/install/dumme_msgs/share/dumme_msgs/cmake/ament_cmake_export_targets-extras.cmake
[3.268s] -- Installing: /home/asambhav/Storage/dumme_sim/install/dumme_msgs/share/dumme_msgs/cmake/rosidl_cmake_export_typesupport_targets-extras.cmake
[3.268s] -- Installing: /home/asambhav/Storage/dumme_sim/install/dumme_msgs/share/dumme_msgs/cmake/ament_cmake_export_dependencies-extras.cmake
[3.268s] -- Installing: /home/asambhav/Storage/dumme_sim/install/dumme_msgs/share/dumme_msgs/cmake/rosidl_cmake_export_typesupport_libraries-extras.cmake
[3.268s] -- Installing: /home/asambhav/Storage/dumme_sim/install/dumme_msgs/share/dumme_msgs/cmake/rosidl_cmake_aggregate_target-extras.cmake
[3.268s] -- Installing: /home/asambhav/Storage/dumme_sim/install/dumme_msgs/share/dumme_msgs/cmake/dumme_msgsConfig.cmake
[3.268s] -- Installing: /home/asambhav/Storage/dumme_sim/install/dumme_msgs/share/dumme_msgs/cmake/dumme_msgsConfig-version.cmake
[3.268s] -- Installing: /home/asambhav/Storage/dumme_sim/install/dumme_msgs/share/dumme_msgs/package.xml
[3.270s] Invoked command in '/home/asambhav/Storage/dumme_sim/build/dumme_msgs' returned '0': CMAKE_PREFIX_PATH=${CMAKE_PREFIX_PATH}:/home/asambhav/Storage/dumme_sim/install/dumme_controller:/home/asambhav/e-yantra_ws/install/task_1:/opt/ros/humble /usr/bin/cmake --install /home/asambhav/Storage/dumme_sim/build/dumme_msgs
