[0.097s] DEBUG:colcon:Command line arguments: ['/usr/bin/colcon', 'build']
[0.097s] DEBUG:colcon:Parsed command line arguments: Namespace(log_base=None, log_level=None, verb_name='build', build_base='build', install_base='install', merge_install=False, symlink_install=False, test_result_base=None, continue_on_error=False, executor='parallel', parallel_workers=18, event_handlers=None, ignore_user_meta=False, metas=['./colcon.meta'], base_paths=['.'], packages_ignore=None, packages_ignore_regex=None, paths=None, packages_up_to=None, packages_up_to_regex=None, packages_above=None, packages_above_and_dependencies=None, packages_above_depth=None, packages_select_by_dep=None, packages_skip_by_dep=None, packages_skip_up_to=None, packages_select_build_failed=False, packages_skip_build_finished=False, packages_select_test_failures=False, packages_skip_test_passed=False, packages_select=None, packages_skip=None, packages_select_regex=None, packages_skip_regex=None, packages_start=None, packages_end=None, allow_overriding=[], cmake_args=None, cmake_target=None, cmake_target_skip_unavailable=False, cmake_clean_cache=False, cmake_clean_first=False, cmake_force_configure=False, ament_cmake_args=None, catkin_cmake_args=None, catkin_skip_building_tests=False, mixin_files=None, mixin=None, verb_parser=<colcon_mixin.mixin.mixin_argument.MixinArgumentDecorator object at 0x7b5f2218cb20>, verb_extension=<colcon_core.verb.build.BuildVerb object at 0x7b5f2210d810>, main=<bound method BuildVerb.main of <colcon_core.verb.build.BuildVerb object at 0x7b5f2210d810>>, mixin_verb=('build',))
[0.121s] Level 1:colcon.colcon_core.package_discovery:discover_packages(colcon_meta) check parameters
[0.121s] Level 1:colcon.colcon_core.package_discovery:discover_packages(recursive) check parameters
[0.121s] Level 1:colcon.colcon_core.package_discovery:discover_packages(ignore) check parameters
[0.121s] Level 1:colcon.colcon_core.package_discovery:discover_packages(path) check parameters
[0.121s] Level 1:colcon.colcon_core.package_discovery:discover_packages(colcon_meta) discover
[0.121s] Level 1:colcon.colcon_core.package_discovery:discover_packages(recursive) discover
[0.121s] INFO:colcon.colcon_core.package_discovery:Crawling recursively for packages in '/home/asambhav/Storage/dumme_sim'
[0.122s] Level 1:colcon.colcon_core.package_identification:_identify(.) by extensions ['ignore', 'ignore_ament_install']
[0.122s] Level 1:colcon.colcon_core.package_identification:_identify(.) by extension 'ignore'
[0.122s] Level 1:colcon.colcon_core.package_identification:_identify(.) by extension 'ignore_ament_install'
[0.122s] Level 1:colcon.colcon_core.package_identification:_identify(.) by extensions ['colcon_pkg']
[0.122s] Level 1:colcon.colcon_core.package_identification:_identify(.) by extension 'colcon_pkg'
[0.122s] Level 1:colcon.colcon_core.package_identification:_identify(.) by extensions ['colcon_meta']
[0.122s] Level 1:colcon.colcon_core.package_identification:_identify(.) by extension 'colcon_meta'
[0.122s] Level 1:colcon.colcon_core.package_identification:_identify(.) by extensions ['ros']
[0.122s] Level 1:colcon.colcon_core.package_identification:_identify(.) by extension 'ros'
[0.131s] Level 1:colcon.colcon_core.package_identification:_identify(.) by extensions ['cmake', 'python']
[0.131s] Level 1:colcon.colcon_core.package_identification:_identify(.) by extension 'cmake'
[0.131s] Level 1:colcon.colcon_core.package_identification:_identify(.) by extension 'python'
[0.131s] Level 1:colcon.colcon_core.package_identification:_identify(.) by extensions ['python_setup_py']
[0.131s] Level 1:colcon.colcon_core.package_identification:_identify(.) by extension 'python_setup_py'
[0.131s] Level 1:colcon.colcon_core.package_identification:_identify(build) by extensions ['ignore', 'ignore_ament_install']
[0.131s] Level 1:colcon.colcon_core.package_identification:_identify(build) by extension 'ignore'
[0.131s] Level 1:colcon.colcon_core.package_identification:_identify(build) ignored
[0.131s] Level 1:colcon.colcon_core.package_identification:_identify(dumme_controller) by extensions ['ignore', 'ignore_ament_install']
[0.131s] Level 1:colcon.colcon_core.package_identification:_identify(dumme_controller) by extension 'ignore'
[0.131s] Level 1:colcon.colcon_core.package_identification:_identify(dumme_controller) by extension 'ignore_ament_install'
[0.131s] Level 1:colcon.colcon_core.package_identification:_identify(dumme_controller) by extensions ['colcon_pkg']
[0.131s] Level 1:colcon.colcon_core.package_identification:_identify(dumme_controller) by extension 'colcon_pkg'
[0.131s] Level 1:colcon.colcon_core.package_identification:_identify(dumme_controller) by extensions ['colcon_meta']
[0.131s] Level 1:colcon.colcon_core.package_identification:_identify(dumme_controller) by extension 'colcon_meta'
[0.131s] Level 1:colcon.colcon_core.package_identification:_identify(dumme_controller) by extensions ['ros']
[0.131s] Level 1:colcon.colcon_core.package_identification:_identify(dumme_controller) by extension 'ros'
[0.133s] DEBUG:colcon.colcon_core.package_identification:Package 'dumme_controller' with type 'ros.ament_python' and name 'dumme_controller'
[0.133s] Level 1:colcon.colcon_core.package_identification:_identify(install) by extensions ['ignore', 'ignore_ament_install']
[0.133s] Level 1:colcon.colcon_core.package_identification:_identify(install) by extension 'ignore'
[0.133s] Level 1:colcon.colcon_core.package_identification:_identify(install) ignored
[0.134s] Level 1:colcon.colcon_core.package_identification:_identify(log) by extensions ['ignore', 'ignore_ament_install']
[0.134s] Level 1:colcon.colcon_core.package_identification:_identify(log) by extension 'ignore'
[0.134s] Level 1:colcon.colcon_core.package_identification:_identify(log) ignored
[0.134s] Level 1:colcon.colcon_core.package_identification:_identify(src) by extensions ['ignore', 'ignore_ament_install']
[0.134s] Level 1:colcon.colcon_core.package_identification:_identify(src) by extension 'ignore'
[0.134s] Level 1:colcon.colcon_core.package_identification:_identify(src) by extension 'ignore_ament_install'
[0.134s] Level 1:colcon.colcon_core.package_identification:_identify(src) by extensions ['colcon_pkg']
[0.134s] Level 1:colcon.colcon_core.package_identification:_identify(src) by extension 'colcon_pkg'
[0.134s] Level 1:colcon.colcon_core.package_identification:_identify(src) by extensions ['colcon_meta']
[0.134s] Level 1:colcon.colcon_core.package_identification:_identify(src) by extension 'colcon_meta'
[0.134s] Level 1:colcon.colcon_core.package_identification:_identify(src) by extensions ['ros']
[0.134s] Level 1:colcon.colcon_core.package_identification:_identify(src) by extension 'ros'
[0.134s] Level 1:colcon.colcon_core.package_identification:_identify(src) by extensions ['cmake', 'python']
[0.134s] Level 1:colcon.colcon_core.package_identification:_identify(src) by extension 'cmake'
[0.134s] Level 1:colcon.colcon_core.package_identification:_identify(src) by extension 'python'
[0.134s] Level 1:colcon.colcon_core.package_identification:_identify(src) by extensions ['python_setup_py']
[0.134s] Level 1:colcon.colcon_core.package_identification:_identify(src) by extension 'python_setup_py'
[0.134s] Level 1:colcon.colcon_core.package_identification:_identify(src/dumme_description) by extensions ['ignore', 'ignore_ament_install']
[0.134s] Level 1:colcon.colcon_core.package_identification:_identify(src/dumme_description) by extension 'ignore'
[0.134s] Level 1:colcon.colcon_core.package_identification:_identify(src/dumme_description) by extension 'ignore_ament_install'
[0.134s] Level 1:colcon.colcon_core.package_identification:_identify(src/dumme_description) by extensions ['colcon_pkg']
[0.134s] Level 1:colcon.colcon_core.package_identification:_identify(src/dumme_description) by extension 'colcon_pkg'
[0.134s] Level 1:colcon.colcon_core.package_identification:_identify(src/dumme_description) by extensions ['colcon_meta']
[0.134s] Level 1:colcon.colcon_core.package_identification:_identify(src/dumme_description) by extension 'colcon_meta'
[0.134s] Level 1:colcon.colcon_core.package_identification:_identify(src/dumme_description) by extensions ['ros']
[0.134s] Level 1:colcon.colcon_core.package_identification:_identify(src/dumme_description) by extension 'ros'
[0.136s] DEBUG:colcon.colcon_core.package_identification:Package 'src/dumme_description' with type 'ros.ament_cmake' and name 'dumme_description'
[0.136s] Level 1:colcon.colcon_core.package_discovery:discover_packages(recursive) using defaults
[0.136s] Level 1:colcon.colcon_core.package_discovery:discover_packages(ignore) discover
[0.136s] Level 1:colcon.colcon_core.package_discovery:discover_packages(ignore) using defaults
[0.136s] Level 1:colcon.colcon_core.package_discovery:discover_packages(path) discover
[0.136s] Level 1:colcon.colcon_core.package_discovery:discover_packages(path) using defaults
[0.149s] Level 1:colcon.colcon_core.package_discovery:discover_packages(prefix_path) check parameters
[0.149s] Level 1:colcon.colcon_core.package_discovery:discover_packages(prefix_path) discover
[0.150s] DEBUG:colcon.colcon_installed_package_information.package_discovery:Found 2 installed packages in /home/asambhav/Storage/dumme_sim/install
[0.150s] DEBUG:colcon.colcon_installed_package_information.package_discovery:Found 9 installed packages in /home/asambhav/e-yantra_ws/install
[0.151s] DEBUG:colcon.colcon_installed_package_information.package_discovery:Found 409 installed packages in /opt/ros/humble
[0.152s] Level 1:colcon.colcon_core.package_discovery:discover_packages(prefix_path) using defaults
[0.180s] Level 5:colcon.colcon_core.verb:set package 'dumme_controller' build argument 'cmake_args' from command line to 'None'
[0.180s] Level 5:colcon.colcon_core.verb:set package 'dumme_controller' build argument 'cmake_target' from command line to 'None'
[0.180s] Level 5:colcon.colcon_core.verb:set package 'dumme_controller' build argument 'cmake_target_skip_unavailable' from command line to 'False'
[0.180s] Level 5:colcon.colcon_core.verb:set package 'dumme_controller' build argument 'cmake_clean_cache' from command line to 'False'
[0.180s] Level 5:colcon.colcon_core.verb:set package 'dumme_controller' build argument 'cmake_clean_first' from command line to 'False'
[0.180s] Level 5:colcon.colcon_core.verb:set package 'dumme_controller' build argument 'cmake_force_configure' from command line to 'False'
[0.180s] Level 5:colcon.colcon_core.verb:set package 'dumme_controller' build argument 'ament_cmake_args' from command line to 'None'
[0.180s] Level 5:colcon.colcon_core.verb:set package 'dumme_controller' build argument 'catkin_cmake_args' from command line to 'None'
[0.180s] Level 5:colcon.colcon_core.verb:set package 'dumme_controller' build argument 'catkin_skip_building_tests' from command line to 'False'
[0.180s] DEBUG:colcon.colcon_core.verb:Building package 'dumme_controller' with the following arguments: {'ament_cmake_args': None, 'build_base': '/home/asambhav/Storage/dumme_sim/build/dumme_controller', 'catkin_cmake_args': None, 'catkin_skip_building_tests': False, 'cmake_args': None, 'cmake_clean_cache': False, 'cmake_clean_first': False, 'cmake_force_configure': False, 'cmake_target': None, 'cmake_target_skip_unavailable': False, 'install_base': '/home/asambhav/Storage/dumme_sim/install/dumme_controller', 'merge_install': False, 'path': '/home/asambhav/Storage/dumme_sim/dumme_controller', 'symlink_install': False, 'test_result_base': None}
[0.181s] Level 5:colcon.colcon_core.verb:set package 'dumme_description' build argument 'cmake_args' from command line to 'None'
[0.181s] Level 5:colcon.colcon_core.verb:set package 'dumme_description' build argument 'cmake_target' from command line to 'None'
[0.181s] Level 5:colcon.colcon_core.verb:set package 'dumme_description' build argument 'cmake_target_skip_unavailable' from command line to 'False'
[0.181s] Level 5:colcon.colcon_core.verb:set package 'dumme_description' build argument 'cmake_clean_cache' from command line to 'False'
[0.181s] Level 5:colcon.colcon_core.verb:set package 'dumme_description' build argument 'cmake_clean_first' from command line to 'False'
[0.181s] Level 5:colcon.colcon_core.verb:set package 'dumme_description' build argument 'cmake_force_configure' from command line to 'False'
[0.181s] Level 5:colcon.colcon_core.verb:set package 'dumme_description' build argument 'ament_cmake_args' from command line to 'None'
[0.181s] Level 5:colcon.colcon_core.verb:set package 'dumme_description' build argument 'catkin_cmake_args' from command line to 'None'
[0.181s] Level 5:colcon.colcon_core.verb:set package 'dumme_description' build argument 'catkin_skip_building_tests' from command line to 'False'
[0.181s] DEBUG:colcon.colcon_core.verb:Building package 'dumme_description' with the following arguments: {'ament_cmake_args': None, 'build_base': '/home/asambhav/Storage/dumme_sim/build/dumme_description', 'catkin_cmake_args': None, 'catkin_skip_building_tests': False, 'cmake_args': None, 'cmake_clean_cache': False, 'cmake_clean_first': False, 'cmake_force_configure': False, 'cmake_target': None, 'cmake_target_skip_unavailable': False, 'install_base': '/home/asambhav/Storage/dumme_sim/install/dumme_description', 'merge_install': False, 'path': '/home/asambhav/Storage/dumme_sim/src/dumme_description', 'symlink_install': False, 'test_result_base': None}
[0.181s] INFO:colcon.colcon_core.executor:Executing jobs using 'parallel' executor
[0.182s] DEBUG:colcon.colcon_parallel_executor.executor.parallel:run_until_complete
[0.182s] INFO:colcon.colcon_ros.task.ament_python.build:Building ROS package in '/home/asambhav/Storage/dumme_sim/dumme_controller' with build type 'ament_python'
[0.182s] Level 1:colcon.colcon_core.shell:create_environment_hook('dumme_controller', 'ament_prefix_path')
[0.184s] INFO:colcon.colcon_core.plugin_system:Skipping extension 'colcon_core.shell.bat': Not used on non-Windows systems
[0.184s] INFO:colcon.colcon_core.shell:Creating environment hook '/home/asambhav/Storage/dumme_sim/install/dumme_controller/share/dumme_controller/hook/ament_prefix_path.ps1'
[0.184s] INFO:colcon.colcon_core.shell:Creating environment descriptor '/home/asambhav/Storage/dumme_sim/install/dumme_controller/share/dumme_controller/hook/ament_prefix_path.dsv'
[0.184s] INFO:colcon.colcon_core.shell:Creating environment hook '/home/asambhav/Storage/dumme_sim/install/dumme_controller/share/dumme_controller/hook/ament_prefix_path.sh'
[0.191s] INFO:colcon.colcon_core.shell:Skip shell extension 'powershell' for command environment: Not usable outside of PowerShell
[0.191s] DEBUG:colcon.colcon_core.shell:Skip shell extension 'dsv' for command environment
[0.194s] INFO:colcon.colcon_ros.task.ament_cmake.build:Building ROS package in '/home/asambhav/Storage/dumme_sim/src/dumme_description' with build type 'ament_cmake'
[0.194s] INFO:colcon.colcon_cmake.task.cmake.build:Building CMake package in '/home/asambhav/Storage/dumme_sim/src/dumme_description'
[0.194s] INFO:colcon.colcon_core.shell:Skip shell extension 'powershell' for command environment: Not usable outside of PowerShell
[0.194s] DEBUG:colcon.colcon_core.shell:Skip shell extension 'dsv' for command environment
[0.330s] INFO:colcon.colcon_core.task.python.build:Building Python package in '/home/asambhav/Storage/dumme_sim/dumme_controller'
[0.330s] INFO:colcon.colcon_core.shell:Skip shell extension 'powershell' for command environment: Not usable outside of PowerShell
[0.330s] DEBUG:colcon.colcon_core.shell:Skip shell extension 'dsv' for command environment
[0.341s] DEBUG:colcon.colcon_core.event_handler.log_command:Invoking command in '/home/asambhav/Storage/dumme_sim/build/dumme_description': CMAKE_PREFIX_PATH=${CMAKE_PREFIX_PATH}:/home/asambhav/Storage/dumme_sim/install/dumme_controller:/home/asambhav/e-yantra_ws/install/task_1:/opt/ros/humble /usr/bin/cmake --build /home/asambhav/Storage/dumme_sim/build/dumme_description -- -j18 -l18
[0.380s] DEBUG:colcon.colcon_core.event_handler.log_command:Invoked command in '/home/asambhav/Storage/dumme_sim/build/dumme_description' returned '0': CMAKE_PREFIX_PATH=${CMAKE_PREFIX_PATH}:/home/asambhav/Storage/dumme_sim/install/dumme_controller:/home/asambhav/e-yantra_ws/install/task_1:/opt/ros/humble /usr/bin/cmake --build /home/asambhav/Storage/dumme_sim/build/dumme_description -- -j18 -l18
[0.389s] DEBUG:colcon.colcon_core.event_handler.log_command:Invoking command in '/home/asambhav/Storage/dumme_sim/build/dumme_description': CMAKE_PREFIX_PATH=${CMAKE_PREFIX_PATH}:/home/asambhav/Storage/dumme_sim/install/dumme_controller:/home/asambhav/e-yantra_ws/install/task_1:/opt/ros/humble /usr/bin/cmake --install /home/asambhav/Storage/dumme_sim/build/dumme_description
[0.398s] Level 1:colcon.colcon_core.environment:create_environment_scripts_only(dumme_description)
[0.399s] DEBUG:colcon.colcon_core.event_handler.log_command:Invoked command in '/home/asambhav/Storage/dumme_sim/build/dumme_description' returned '0': CMAKE_PREFIX_PATH=${CMAKE_PREFIX_PATH}:/home/asambhav/Storage/dumme_sim/install/dumme_controller:/home/asambhav/e-yantra_ws/install/task_1:/opt/ros/humble /usr/bin/cmake --install /home/asambhav/Storage/dumme_sim/build/dumme_description
[0.401s] Level 1:colcon.colcon_core.environment:checking '/home/asambhav/Storage/dumme_sim/install/dumme_description' for CMake module files
[0.401s] Level 1:colcon.colcon_core.environment:checking '/home/asambhav/Storage/dumme_sim/install/dumme_description' for CMake config files
[0.402s] Level 1:colcon.colcon_core.shell:create_environment_hook('dumme_description', 'cmake_prefix_path')
[0.402s] INFO:colcon.colcon_core.shell:Creating environment hook '/home/asambhav/Storage/dumme_sim/install/dumme_description/share/dumme_description/hook/cmake_prefix_path.ps1'
[0.403s] INFO:colcon.colcon_core.shell:Creating environment descriptor '/home/asambhav/Storage/dumme_sim/install/dumme_description/share/dumme_description/hook/cmake_prefix_path.dsv'
[0.403s] INFO:colcon.colcon_core.shell:Creating environment hook '/home/asambhav/Storage/dumme_sim/install/dumme_description/share/dumme_description/hook/cmake_prefix_path.sh'
[0.404s] Level 1:colcon.colcon_core.environment:checking '/home/asambhav/Storage/dumme_sim/install/dumme_description/bin'
[0.404s] Level 1:colcon.colcon_core.environment:checking '/home/asambhav/Storage/dumme_sim/install/dumme_description/lib/pkgconfig/dumme_description.pc'
[0.404s] Level 1:colcon.colcon_core.environment:checking '/home/asambhav/Storage/dumme_sim/install/dumme_description/lib/python3.10/site-packages'
[0.405s] Level 1:colcon.colcon_core.environment:checking '/home/asambhav/Storage/dumme_sim/install/dumme_description/bin'
[0.405s] INFO:colcon.colcon_core.shell:Creating package script '/home/asambhav/Storage/dumme_sim/install/dumme_description/share/dumme_description/package.ps1'
[0.406s] INFO:colcon.colcon_core.shell:Creating package descriptor '/home/asambhav/Storage/dumme_sim/install/dumme_description/share/dumme_description/package.dsv'
[0.406s] INFO:colcon.colcon_core.shell:Creating package script '/home/asambhav/Storage/dumme_sim/install/dumme_description/share/dumme_description/package.sh'
[0.407s] INFO:colcon.colcon_core.shell:Creating package script '/home/asambhav/Storage/dumme_sim/install/dumme_description/share/dumme_description/package.bash'
[0.408s] INFO:colcon.colcon_core.shell:Creating package script '/home/asambhav/Storage/dumme_sim/install/dumme_description/share/dumme_description/package.zsh'
[0.409s] Level 1:colcon.colcon_core.environment:create_file_with_runtime_dependencies(/home/asambhav/Storage/dumme_sim/install/dumme_description/share/colcon-core/packages/dumme_description)
[0.410s] Level 1:colcon.colcon_core.environment:create_environment_scripts_only(dumme_description)
[0.410s] Level 1:colcon.colcon_core.environment:checking '/home/asambhav/Storage/dumme_sim/install/dumme_description' for CMake module files
[0.410s] Level 1:colcon.colcon_core.environment:checking '/home/asambhav/Storage/dumme_sim/install/dumme_description' for CMake config files
[0.410s] Level 1:colcon.colcon_core.shell:create_environment_hook('dumme_description', 'cmake_prefix_path')
[0.410s] INFO:colcon.colcon_core.shell:Creating environment hook '/home/asambhav/Storage/dumme_sim/install/dumme_description/share/dumme_description/hook/cmake_prefix_path.ps1'
[0.411s] INFO:colcon.colcon_core.shell:Creating environment descriptor '/home/asambhav/Storage/dumme_sim/install/dumme_description/share/dumme_description/hook/cmake_prefix_path.dsv'
[0.411s] INFO:colcon.colcon_core.shell:Creating environment hook '/home/asambhav/Storage/dumme_sim/install/dumme_description/share/dumme_description/hook/cmake_prefix_path.sh'
[0.411s] Level 1:colcon.colcon_core.environment:checking '/home/asambhav/Storage/dumme_sim/install/dumme_description/bin'
[0.411s] Level 1:colcon.colcon_core.environment:checking '/home/asambhav/Storage/dumme_sim/install/dumme_description/lib/pkgconfig/dumme_description.pc'
[0.412s] Level 1:colcon.colcon_core.environment:checking '/home/asambhav/Storage/dumme_sim/install/dumme_description/lib/python3.10/site-packages'
[0.412s] Level 1:colcon.colcon_core.environment:checking '/home/asambhav/Storage/dumme_sim/install/dumme_description/bin'
[0.412s] INFO:colcon.colcon_core.shell:Creating package script '/home/asambhav/Storage/dumme_sim/install/dumme_description/share/dumme_description/package.ps1'
[0.412s] INFO:colcon.colcon_core.shell:Creating package descriptor '/home/asambhav/Storage/dumme_sim/install/dumme_description/share/dumme_description/package.dsv'
[0.412s] INFO:colcon.colcon_core.shell:Creating package script '/home/asambhav/Storage/dumme_sim/install/dumme_description/share/dumme_description/package.sh'
[0.413s] INFO:colcon.colcon_core.shell:Creating package script '/home/asambhav/Storage/dumme_sim/install/dumme_description/share/dumme_description/package.bash'
[0.413s] INFO:colcon.colcon_core.shell:Creating package script '/home/asambhav/Storage/dumme_sim/install/dumme_description/share/dumme_description/package.zsh'
[0.413s] Level 1:colcon.colcon_core.environment:create_file_with_runtime_dependencies(/home/asambhav/Storage/dumme_sim/install/dumme_description/share/colcon-core/packages/dumme_description)
[0.620s] DEBUG:colcon.colcon_core.event_handler.log_command:Invoking command in '/home/asambhav/Storage/dumme_sim/dumme_controller': PYTHONPATH=/home/asambhav/Storage/dumme_sim/build/dumme_controller/prefix_override:/usr/lib/python3/dist-packages/colcon_core/task/python/colcon_distutils_commands:/home/asambhav/Storage/dumme_sim/install/dumme_controller/lib/python3.10/site-packages:${PYTHONPATH} /usr/bin/python3 -W ignore:setup.py install is deprecated -W ignore:easy_install command is deprecated setup.py egg_info --egg-base ../build/dumme_controller build --build-base /home/asambhav/Storage/dumme_sim/build/dumme_controller/build install --record /home/asambhav/Storage/dumme_sim/build/dumme_controller/install.log --single-version-externally-managed install_data
[0.867s] Level 1:colcon.colcon_core.environment:checking '/home/asambhav/Storage/dumme_sim/install/dumme_controller' for CMake module files
[0.868s] DEBUG:colcon.colcon_core.event_handler.log_command:Invoked command in '/home/asambhav/Storage/dumme_sim/dumme_controller' returned '0': PYTHONPATH=/home/asambhav/Storage/dumme_sim/build/dumme_controller/prefix_override:/usr/lib/python3/dist-packages/colcon_core/task/python/colcon_distutils_commands:/home/asambhav/Storage/dumme_sim/install/dumme_controller/lib/python3.10/site-packages:${PYTHONPATH} /usr/bin/python3 -W ignore:setup.py install is deprecated -W ignore:easy_install command is deprecated setup.py egg_info --egg-base ../build/dumme_controller build --build-base /home/asambhav/Storage/dumme_sim/build/dumme_controller/build install --record /home/asambhav/Storage/dumme_sim/build/dumme_controller/install.log --single-version-externally-managed install_data
[0.869s] Level 1:colcon.colcon_core.environment:checking '/home/asambhav/Storage/dumme_sim/install/dumme_controller' for CMake config files
[0.870s] Level 1:colcon.colcon_core.environment:checking '/home/asambhav/Storage/dumme_sim/install/dumme_controller/lib'
[0.870s] Level 1:colcon.colcon_core.environment:checking '/home/asambhav/Storage/dumme_sim/install/dumme_controller/bin'
[0.870s] Level 1:colcon.colcon_core.environment:checking '/home/asambhav/Storage/dumme_sim/install/dumme_controller/lib/pkgconfig/dumme_controller.pc'
[0.871s] Level 1:colcon.colcon_core.environment:checking '/home/asambhav/Storage/dumme_sim/install/dumme_controller/lib/python3.10/site-packages'
[0.871s] Level 1:colcon.colcon_core.shell:create_environment_hook('dumme_controller', 'pythonpath')
[0.871s] INFO:colcon.colcon_core.shell:Creating environment hook '/home/asambhav/Storage/dumme_sim/install/dumme_controller/share/dumme_controller/hook/pythonpath.ps1'
[0.872s] INFO:colcon.colcon_core.shell:Creating environment descriptor '/home/asambhav/Storage/dumme_sim/install/dumme_controller/share/dumme_controller/hook/pythonpath.dsv'
[0.872s] INFO:colcon.colcon_core.shell:Creating environment hook '/home/asambhav/Storage/dumme_sim/install/dumme_controller/share/dumme_controller/hook/pythonpath.sh'
[0.872s] Level 1:colcon.colcon_core.environment:checking '/home/asambhav/Storage/dumme_sim/install/dumme_controller/bin'
[0.872s] Level 1:colcon.colcon_core.environment:create_environment_scripts_only(dumme_controller)
[0.873s] INFO:colcon.colcon_core.shell:Creating package script '/home/asambhav/Storage/dumme_sim/install/dumme_controller/share/dumme_controller/package.ps1'
[0.873s] INFO:colcon.colcon_core.shell:Creating package descriptor '/home/asambhav/Storage/dumme_sim/install/dumme_controller/share/dumme_controller/package.dsv'
[0.873s] INFO:colcon.colcon_core.shell:Creating package script '/home/asambhav/Storage/dumme_sim/install/dumme_controller/share/dumme_controller/package.sh'
[0.874s] INFO:colcon.colcon_core.shell:Creating package script '/home/asambhav/Storage/dumme_sim/install/dumme_controller/share/dumme_controller/package.bash'
[0.874s] INFO:colcon.colcon_core.shell:Creating package script '/home/asambhav/Storage/dumme_sim/install/dumme_controller/share/dumme_controller/package.zsh'
[0.874s] Level 1:colcon.colcon_core.environment:create_file_with_runtime_dependencies(/home/asambhav/Storage/dumme_sim/install/dumme_controller/share/colcon-core/packages/dumme_controller)
[0.874s] DEBUG:colcon.colcon_parallel_executor.executor.parallel:closing loop
[0.875s] DEBUG:colcon.colcon_parallel_executor.executor.parallel:loop closed
[0.875s] DEBUG:colcon.colcon_parallel_executor.executor.parallel:run_until_complete finished with '0'
[0.875s] DEBUG:colcon.colcon_core.event_reactor:joining thread
[0.880s] INFO:colcon.colcon_core.plugin_system:Skipping extension 'colcon_notification.desktop_notification.terminal_notifier': Not used on non-Darwin systems
[0.880s] INFO:colcon.colcon_core.plugin_system:Skipping extension 'colcon_notification.desktop_notification.win32': Not used on non-Windows systems
[0.880s] INFO:colcon.colcon_notification.desktop_notification:Sending desktop notification using 'notify2'
[0.892s] DEBUG:colcon.colcon_core.event_reactor:joined thread
[0.892s] INFO:colcon.colcon_core.shell:Creating prefix script '/home/asambhav/Storage/dumme_sim/install/local_setup.ps1'
[0.893s] INFO:colcon.colcon_core.shell:Creating prefix util module '/home/asambhav/Storage/dumme_sim/install/_local_setup_util_ps1.py'
[0.894s] INFO:colcon.colcon_core.shell:Creating prefix chain script '/home/asambhav/Storage/dumme_sim/install/setup.ps1'
[0.895s] INFO:colcon.colcon_core.shell:Creating prefix script '/home/asambhav/Storage/dumme_sim/install/local_setup.sh'
[0.895s] INFO:colcon.colcon_core.shell:Creating prefix util module '/home/asambhav/Storage/dumme_sim/install/_local_setup_util_sh.py'
[0.895s] INFO:colcon.colcon_core.shell:Creating prefix chain script '/home/asambhav/Storage/dumme_sim/install/setup.sh'
[0.896s] INFO:colcon.colcon_core.shell:Creating prefix script '/home/asambhav/Storage/dumme_sim/install/local_setup.bash'
[0.896s] INFO:colcon.colcon_core.shell:Creating prefix chain script '/home/asambhav/Storage/dumme_sim/install/setup.bash'
[0.897s] INFO:colcon.colcon_core.shell:Creating prefix script '/home/asambhav/Storage/dumme_sim/install/local_setup.zsh'
[0.897s] INFO:colcon.colcon_core.shell:Creating prefix chain script '/home/asambhav/Storage/dumme_sim/install/setup.zsh'
