[0.012s] Invoking command in '/home/asambhav/Storage/dumme_sim/build/dumme_utils': AMENT_PREFIX_PATH=/home/asambhav/Storage/dumme_sim/install/dumme_msgs:${AMENT_PREFIX_PATH} CMAKE_PREFIX_PATH=/home/asambhav/Storage/dumme_sim/install/dumme_msgs:/home/asambhav/Storage/dumme_sim/install/dumme_description:/home/asambhav/e-yantra_ws/install/ur_simulation_gz:/home/asambhav/e-yantra_ws/install/ur_description:/home/asambhav/e-yantra_ws/install/ur5_control:/home/asambhav/e-yantra_ws/install/pymoveit2:/home/asambhav/e-yantra_ws/install/linkattacher_msgs:/home/asambhav/e-yantra_ws/install/eyantra_warehouse:/home/asambhav/e-yantra_ws/install/ebot_description:/home/asambhav/Storage/dumme_sim/install/dumme_controller:/home/asambhav/e-yantra_ws/install/task_1:/opt/ros/humble LD_LIBRARY_PATH=/home/asambhav/Storage/dumme_sim/install/dumme_msgs/lib:${LD_LIBRARY_PATH} PYTHONPATH=/home/asambhav/Storage/dumme_sim/install/dumme_msgs/local/lib/python3.10/dist-packages:${PYTHONPATH} /usr/bin/cmake /home/asambhav/Storage/dumme_sim/src/dumme_utils -DCMAKE_INSTALL_PREFIX=/home/asambhav/Storage/dumme_sim/install/dumme_utils
[0.060s] -- The C compiler identification is GNU 11.4.0
[0.099s] -- The CXX compiler identification is GNU 11.4.0
[0.106s] -- Detecting C compiler ABI info
[0.149s] -- Detecting C compiler ABI info - done
[0.154s] -- Check for working C compiler: /usr/lib/ccache/cc - skipped
[0.154s] -- Detecting C compile features
[0.154s] -- Detecting C compile features - done
[0.156s] -- Detecting CXX compiler ABI info
[0.206s] -- Detecting CXX compiler ABI info - done
[0.212s] -- Check for working CXX compiler: /usr/lib/ccache/c++ - skipped
[0.212s] -- Detecting CXX compile features
[0.213s] -- Detecting CXX compile features - done
[0.215s] -- Found ament_cmake: 1.3.14 (/opt/ros/humble/share/ament_cmake/cmake)
[0.467s] -- Found Python3: /usr/bin/python3 (found version "3.10.12") found components: Interpreter 
[0.538s] -- Found rclcpp: 16.0.19 (/opt/ros/humble/share/rclcpp/cmake)
[0.574s] -- Found rosidl_generator_c: 3.1.9 (/opt/ros/humble/share/rosidl_generator_c/cmake)
[0.575s] -- Found rosidl_adapter: 3.1.9 (/opt/ros/humble/share/rosidl_adapter/cmake)
[0.581s] -- Found rosidl_generator_cpp: 3.1.9 (/opt/ros/humble/share/rosidl_generator_cpp/cmake)
[0.589s] -- Using all available rosidl_typesupport_c: rosidl_typesupport_fastrtps_c;rosidl_typesupport_introspection_c
[0.599s] -- Using all available rosidl_typesupport_cpp: rosidl_typesupport_fastrtps_cpp;rosidl_typesupport_introspection_cpp
[0.636s] -- Found rmw_implementation_cmake: 6.1.2 (/opt/ros/humble/share/rmw_implementation_cmake/cmake)
[0.638s] -- Found rmw_fastrtps_cpp: 6.2.10 (/opt/ros/humble/share/rmw_fastrtps_cpp/cmake)
[0.735s] -- Found OpenSSL: /usr/lib/x86_64-linux-gnu/libcrypto.so (found version "3.0.2")  
[0.755s] -- Found FastRTPS: /opt/ros/humble/include  
[0.784s] -- Using RMW implementation 'rmw_fastrtps_cpp' as default
[0.793s] -- Looking for pthread.h
[0.861s] -- Looking for pthread.h - found
[0.862s] -- Performing Test CMAKE_HAVE_LIBC_PTHREAD
[0.932s] -- Performing Test CMAKE_HAVE_LIBC_PTHREAD - Success
[0.934s] -- Found Threads: TRUE  
[0.980s] -- Found rclpy: 3.3.21 (/opt/ros/humble/share/rclpy/cmake)
[0.980s] -- Found dumme_msgs: 0.0.1 (/home/asambhav/Storage/dumme_sim/install/dumme_msgs/share/dumme_msgs/cmake)
[0.987s] -- Found tf2: 0.25.20 (/opt/ros/humble/share/tf2/cmake)
[1.120s] -- Configuring done
[1.126s] -- Generating done
[1.128s] -- Build files have been written to: /home/asambhav/Storage/dumme_sim/build/dumme_utils
[1.135s] Invoked command in '/home/asambhav/Storage/dumme_sim/build/dumme_utils' returned '0': AMENT_PREFIX_PATH=/home/asambhav/Storage/dumme_sim/install/dumme_msgs:${AMENT_PREFIX_PATH} CMAKE_PREFIX_PATH=/home/asambhav/Storage/dumme_sim/install/dumme_msgs:/home/asambhav/Storage/dumme_sim/install/dumme_description:/home/asambhav/e-yantra_ws/install/ur_simulation_gz:/home/asambhav/e-yantra_ws/install/ur_description:/home/asambhav/e-yantra_ws/install/ur5_control:/home/asambhav/e-yantra_ws/install/pymoveit2:/home/asambhav/e-yantra_ws/install/linkattacher_msgs:/home/asambhav/e-yantra_ws/install/eyantra_warehouse:/home/asambhav/e-yantra_ws/install/ebot_description:/home/asambhav/Storage/dumme_sim/install/dumme_controller:/home/asambhav/e-yantra_ws/install/task_1:/opt/ros/humble LD_LIBRARY_PATH=/home/asambhav/Storage/dumme_sim/install/dumme_msgs/lib:${LD_LIBRARY_PATH} PYTHONPATH=/home/asambhav/Storage/dumme_sim/install/dumme_msgs/local/lib/python3.10/dist-packages:${PYTHONPATH} /usr/bin/cmake /home/asambhav/Storage/dumme_sim/src/dumme_utils -DCMAKE_INSTALL_PREFIX=/home/asambhav/Storage/dumme_sim/install/dumme_utils
[1.137s] Invoking command in '/home/asambhav/Storage/dumme_sim/build/dumme_utils': AMENT_PREFIX_PATH=/home/asambhav/Storage/dumme_sim/install/dumme_msgs:${AMENT_PREFIX_PATH} CMAKE_PREFIX_PATH=/home/asambhav/Storage/dumme_sim/install/dumme_msgs:/home/asambhav/Storage/dumme_sim/install/dumme_description:/home/asambhav/e-yantra_ws/install/ur_simulation_gz:/home/asambhav/e-yantra_ws/install/ur_description:/home/asambhav/e-yantra_ws/install/ur5_control:/home/asambhav/e-yantra_ws/install/pymoveit2:/home/asambhav/e-yantra_ws/install/linkattacher_msgs:/home/asambhav/e-yantra_ws/install/eyantra_warehouse:/home/asambhav/e-yantra_ws/install/ebot_description:/home/asambhav/Storage/dumme_sim/install/dumme_controller:/home/asambhav/e-yantra_ws/install/task_1:/opt/ros/humble LD_LIBRARY_PATH=/home/asambhav/Storage/dumme_sim/install/dumme_msgs/lib:${LD_LIBRARY_PATH} PYTHONPATH=/home/asambhav/Storage/dumme_sim/install/dumme_msgs/local/lib/python3.10/dist-packages:${PYTHONPATH} /usr/bin/cmake --build /home/asambhav/Storage/dumme_sim/build/dumme_utils -- -j18 -l18
[1.183s] [ 50%] [32mBuilding CXX object CMakeFiles/angle_conversion.dir/src/angle_conversion.cpp.o[0m
[1.191s] [ 50%] Built target ament_cmake_python_copy_dumme_utils
[1.328s] running egg_info
[1.339s] creating dumme_utils.egg-info
[1.339s] writing dumme_utils.egg-info/PKG-INFO
[1.339s] writing dependency_links to dumme_utils.egg-info/dependency_links.txt
[1.339s] writing top-level names to dumme_utils.egg-info/top_level.txt
[1.339s] writing manifest file 'dumme_utils.egg-info/SOURCES.txt'
[1.367s] reading manifest file 'dumme_utils.egg-info/SOURCES.txt'
[1.368s] writing manifest file 'dumme_utils.egg-info/SOURCES.txt'
[1.391s] [ 50%] Built target ament_cmake_python_build_dumme_utils_egg
[3.890s] [100%] [32m[1mLinking CXX executable angle_conversion[0m
[4.014s] [100%] Built target angle_conversion
[4.025s] Invoked command in '/home/asambhav/Storage/dumme_sim/build/dumme_utils' returned '0': AMENT_PREFIX_PATH=/home/asambhav/Storage/dumme_sim/install/dumme_msgs:${AMENT_PREFIX_PATH} CMAKE_PREFIX_PATH=/home/asambhav/Storage/dumme_sim/install/dumme_msgs:/home/asambhav/Storage/dumme_sim/install/dumme_description:/home/asambhav/e-yantra_ws/install/ur_simulation_gz:/home/asambhav/e-yantra_ws/install/ur_description:/home/asambhav/e-yantra_ws/install/ur5_control:/home/asambhav/e-yantra_ws/install/pymoveit2:/home/asambhav/e-yantra_ws/install/linkattacher_msgs:/home/asambhav/e-yantra_ws/install/eyantra_warehouse:/home/asambhav/e-yantra_ws/install/ebot_description:/home/asambhav/Storage/dumme_sim/install/dumme_controller:/home/asambhav/e-yantra_ws/install/task_1:/opt/ros/humble LD_LIBRARY_PATH=/home/asambhav/Storage/dumme_sim/install/dumme_msgs/lib:${LD_LIBRARY_PATH} PYTHONPATH=/home/asambhav/Storage/dumme_sim/install/dumme_msgs/local/lib/python3.10/dist-packages:${PYTHONPATH} /usr/bin/cmake --build /home/asambhav/Storage/dumme_sim/build/dumme_utils -- -j18 -l18
[4.026s] Invoking command in '/home/asambhav/Storage/dumme_sim/build/dumme_utils': AMENT_PREFIX_PATH=/home/asambhav/Storage/dumme_sim/install/dumme_msgs:${AMENT_PREFIX_PATH} CMAKE_PREFIX_PATH=/home/asambhav/Storage/dumme_sim/install/dumme_msgs:/home/asambhav/Storage/dumme_sim/install/dumme_description:/home/asambhav/e-yantra_ws/install/ur_simulation_gz:/home/asambhav/e-yantra_ws/install/ur_description:/home/asambhav/e-yantra_ws/install/ur5_control:/home/asambhav/e-yantra_ws/install/pymoveit2:/home/asambhav/e-yantra_ws/install/linkattacher_msgs:/home/asambhav/e-yantra_ws/install/eyantra_warehouse:/home/asambhav/e-yantra_ws/install/ebot_description:/home/asambhav/Storage/dumme_sim/install/dumme_controller:/home/asambhav/e-yantra_ws/install/task_1:/opt/ros/humble LD_LIBRARY_PATH=/home/asambhav/Storage/dumme_sim/install/dumme_msgs/lib:${LD_LIBRARY_PATH} PYTHONPATH=/home/asambhav/Storage/dumme_sim/install/dumme_msgs/local/lib/python3.10/dist-packages:${PYTHONPATH} /usr/bin/cmake --install /home/asambhav/Storage/dumme_sim/build/dumme_utils
[4.033s] -- Install configuration: ""
[4.033s] -- Installing: /home/asambhav/Storage/dumme_sim/install/dumme_utils/share/dumme_utils/environment/pythonpath.sh
[4.033s] -- Installing: /home/asambhav/Storage/dumme_sim/install/dumme_utils/share/dumme_utils/environment/pythonpath.dsv
[4.033s] -- Installing: /home/asambhav/Storage/dumme_sim/install/dumme_utils/local/lib/python3.10/dist-packages/dumme_utils-0.0.1-py3.10.egg-info
[4.033s] -- Installing: /home/asambhav/Storage/dumme_sim/install/dumme_utils/local/lib/python3.10/dist-packages/dumme_utils-0.0.1-py3.10.egg-info/SOURCES.txt
[4.033s] -- Installing: /home/asambhav/Storage/dumme_sim/install/dumme_utils/local/lib/python3.10/dist-packages/dumme_utils-0.0.1-py3.10.egg-info/dependency_links.txt
[4.033s] -- Installing: /home/asambhav/Storage/dumme_sim/install/dumme_utils/local/lib/python3.10/dist-packages/dumme_utils-0.0.1-py3.10.egg-info/PKG-INFO
[4.033s] -- Installing: /home/asambhav/Storage/dumme_sim/install/dumme_utils/local/lib/python3.10/dist-packages/dumme_utils-0.0.1-py3.10.egg-info/top_level.txt
[4.033s] -- Installing: /home/asambhav/Storage/dumme_sim/install/dumme_utils/local/lib/python3.10/dist-packages/dumme_utils
[4.033s] -- Installing: /home/asambhav/Storage/dumme_sim/install/dumme_utils/local/lib/python3.10/dist-packages/dumme_utils/angle_conversion.py
[4.034s] -- Installing: /home/asambhav/Storage/dumme_sim/install/dumme_utils/local/lib/python3.10/dist-packages/dumme_utils/__init__.py
[4.055s] Listing '/home/asambhav/Storage/dumme_sim/install/dumme_utils/local/lib/python3.10/dist-packages/dumme_utils'...
[4.056s] Compiling '/home/asambhav/Storage/dumme_sim/install/dumme_utils/local/lib/python3.10/dist-packages/dumme_utils/__init__.py'...
[4.056s] Compiling '/home/asambhav/Storage/dumme_sim/install/dumme_utils/local/lib/python3.10/dist-packages/dumme_utils/angle_conversion.py'...
[4.058s] -- Installing: /home/asambhav/Storage/dumme_sim/install/dumme_utils/lib/dumme_utils/angle_conversion
[4.059s] -- Set runtime path of "/home/asambhav/Storage/dumme_sim/install/dumme_utils/lib/dumme_utils/angle_conversion" to ""
[4.059s] -- Installing: /home/asambhav/Storage/dumme_sim/install/dumme_utils/lib/dumme_utils/angle_conversion.py
[4.060s] -- Installing: /home/asambhav/Storage/dumme_sim/install/dumme_utils/share/ament_index/resource_index/package_run_dependencies/dumme_utils
[4.060s] -- Installing: /home/asambhav/Storage/dumme_sim/install/dumme_utils/share/ament_index/resource_index/parent_prefix_path/dumme_utils
[4.060s] -- Installing: /home/asambhav/Storage/dumme_sim/install/dumme_utils/share/dumme_utils/environment/ament_prefix_path.sh
[4.060s] -- Installing: /home/asambhav/Storage/dumme_sim/install/dumme_utils/share/dumme_utils/environment/ament_prefix_path.dsv
[4.060s] -- Installing: /home/asambhav/Storage/dumme_sim/install/dumme_utils/share/dumme_utils/environment/path.sh
[4.060s] -- Installing: /home/asambhav/Storage/dumme_sim/install/dumme_utils/share/dumme_utils/environment/path.dsv
[4.060s] -- Installing: /home/asambhav/Storage/dumme_sim/install/dumme_utils/share/dumme_utils/local_setup.bash
[4.060s] -- Installing: /home/asambhav/Storage/dumme_sim/install/dumme_utils/share/dumme_utils/local_setup.sh
[4.060s] -- Installing: /home/asambhav/Storage/dumme_sim/install/dumme_utils/share/dumme_utils/local_setup.zsh
[4.060s] -- Installing: /home/asambhav/Storage/dumme_sim/install/dumme_utils/share/dumme_utils/local_setup.dsv
[4.060s] -- Installing: /home/asambhav/Storage/dumme_sim/install/dumme_utils/share/dumme_utils/package.dsv
[4.061s] -- Installing: /home/asambhav/Storage/dumme_sim/install/dumme_utils/share/ament_index/resource_index/packages/dumme_utils
[4.061s] -- Installing: /home/asambhav/Storage/dumme_sim/install/dumme_utils/share/dumme_utils/cmake/dumme_utilsConfig.cmake
[4.061s] -- Installing: /home/asambhav/Storage/dumme_sim/install/dumme_utils/share/dumme_utils/cmake/dumme_utilsConfig-version.cmake
[4.061s] -- Installing: /home/asambhav/Storage/dumme_sim/install/dumme_utils/share/dumme_utils/package.xml
[4.064s] Invoked command in '/home/asambhav/Storage/dumme_sim/build/dumme_utils' returned '0': AMENT_PREFIX_PATH=/home/asambhav/Storage/dumme_sim/install/dumme_msgs:${AMENT_PREFIX_PATH} CMAKE_PREFIX_PATH=/home/asambhav/Storage/dumme_sim/install/dumme_msgs:/home/asambhav/Storage/dumme_sim/install/dumme_description:/home/asambhav/e-yantra_ws/install/ur_simulation_gz:/home/asambhav/e-yantra_ws/install/ur_description:/home/asambhav/e-yantra_ws/install/ur5_control:/home/asambhav/e-yantra_ws/install/pymoveit2:/home/asambhav/e-yantra_ws/install/linkattacher_msgs:/home/asambhav/e-yantra_ws/install/eyantra_warehouse:/home/asambhav/e-yantra_ws/install/ebot_description:/home/asambhav/Storage/dumme_sim/install/dumme_controller:/home/asambhav/e-yantra_ws/install/task_1:/opt/ros/humble LD_LIBRARY_PATH=/home/asambhav/Storage/dumme_sim/install/dumme_msgs/lib:${LD_LIBRARY_PATH} PYTHONPATH=/home/asambhav/Storage/dumme_sim/install/dumme_msgs/local/lib/python3.10/dist-packages:${PYTHONPATH} /usr/bin/cmake --install /home/asambhav/Storage/dumme_sim/build/dumme_utils
