[0.143s] Invoking command in '/home/asambhav/Storage/dumme_sim/build/dumme_description': CMAKE_PREFIX_PATH=${CMAKE_PREFIX_PATH}:/home/asambhav/e-yantra_ws/install/task_1:/opt/ros/humble /usr/bin/cmake --build /home/asambhav/Storage/dumme_sim/build/dumme_description -- -j18 -l18
[0.179s] Invoked command in '/home/asambhav/Storage/dumme_sim/build/dumme_description' returned '0': CMAKE_PREFIX_PATH=${CMAKE_PREFIX_PATH}:/home/asambhav/e-yantra_ws/install/task_1:/opt/ros/humble /usr/bin/cmake --build /home/asambhav/Storage/dumme_sim/build/dumme_description -- -j18 -l18
[0.188s] Invoking command in '/home/asambhav/Storage/dumme_sim/build/dumme_description': CMAKE_PREFIX_PATH=${CMAKE_PREFIX_PATH}:/home/asambhav/e-yantra_ws/install/task_1:/opt/ros/humble /usr/bin/cmake --install /home/asambhav/Storage/dumme_sim/build/dumme_description
[0.196s] -- Install configuration: ""
[0.196s] -- Up-to-date: /home/asambhav/Storage/dumme_sim/install/dumme_description/share/dumme_description/launch
[0.196s] -- Up-to-date: /home/asambhav/Storage/dumme_sim/install/dumme_description/share/dumme_description/launch/display.launch.py
[0.196s] -- Up-to-date: /home/asambhav/Storage/dumme_sim/install/dumme_description/share/dumme_description/meshes
[0.196s] -- Up-to-date: /home/asambhav/Storage/dumme_sim/install/dumme_description/share/dumme_description/meshes/wrist.STL
[0.197s] -- Up-to-date: /home/asambhav/Storage/dumme_sim/install/dumme_description/share/dumme_description/meshes/shoulder.STL
[0.197s] -- Up-to-date: /home/asambhav/Storage/dumme_sim/install/dumme_description/share/dumme_description/meshes/shoulder_rotation_plate.STL
[0.197s] -- Up-to-date: /home/asambhav/Storage/dumme_sim/install/dumme_description/share/dumme_description/meshes/base.STL
[0.197s] -- Up-to-date: /home/asambhav/Storage/dumme_sim/install/dumme_description/share/dumme_description/meshes/elbow.STL
[0.197s] -- Up-to-date: /home/asambhav/Storage/dumme_sim/install/dumme_description/share/dumme_description/urdf
[0.197s] -- Installing: /home/asambhav/Storage/dumme_sim/install/dumme_description/share/dumme_description/urdf/dumme_description.urdf.xacro
[0.198s] -- Installing: /home/asambhav/Storage/dumme_sim/install/dumme_description/share/dumme_description/urdf/dumme_gazebo.xacro
[0.198s] -- Installing: /home/asambhav/Storage/dumme_sim/install/dumme_description/share/dumme_description/urdf/dumme_ros2_control.xacro
[0.198s] -- Up-to-date: /home/asambhav/Storage/dumme_sim/install/dumme_description/share/dumme_description/rviz
[0.198s] -- Up-to-date: /home/asambhav/Storage/dumme_sim/install/dumme_description/share/ament_index/resource_index/package_run_dependencies/dumme_description
[0.198s] -- Up-to-date: /home/asambhav/Storage/dumme_sim/install/dumme_description/share/ament_index/resource_index/parent_prefix_path/dumme_description
[0.198s] -- Up-to-date: /home/asambhav/Storage/dumme_sim/install/dumme_description/share/dumme_description/environment/ament_prefix_path.sh
[0.198s] -- Up-to-date: /home/asambhav/Storage/dumme_sim/install/dumme_description/share/dumme_description/environment/ament_prefix_path.dsv
[0.198s] -- Up-to-date: /home/asambhav/Storage/dumme_sim/install/dumme_description/share/dumme_description/environment/path.sh
[0.198s] -- Up-to-date: /home/asambhav/Storage/dumme_sim/install/dumme_description/share/dumme_description/environment/path.dsv
[0.198s] -- Up-to-date: /home/asambhav/Storage/dumme_sim/install/dumme_description/share/dumme_description/local_setup.bash
[0.198s] -- Up-to-date: /home/asambhav/Storage/dumme_sim/install/dumme_description/share/dumme_description/local_setup.sh
[0.199s] -- Up-to-date: /home/asambhav/Storage/dumme_sim/install/dumme_description/share/dumme_description/local_setup.zsh
[0.199s] -- Up-to-date: /home/asambhav/Storage/dumme_sim/install/dumme_description/share/dumme_description/local_setup.dsv
[0.199s] -- Installing: /home/asambhav/Storage/dumme_sim/install/dumme_description/share/dumme_description/package.dsv
[0.199s] -- Up-to-date: /home/asambhav/Storage/dumme_sim/install/dumme_description/share/ament_index/resource_index/packages/dumme_description
[0.199s] -- Up-to-date: /home/asambhav/Storage/dumme_sim/install/dumme_description/share/dumme_description/cmake/dumme_descriptionConfig.cmake
[0.199s] -- Up-to-date: /home/asambhav/Storage/dumme_sim/install/dumme_description/share/dumme_description/cmake/dumme_descriptionConfig-version.cmake
[0.199s] -- Up-to-date: /home/asambhav/Storage/dumme_sim/install/dumme_description/share/dumme_description/package.xml
[0.200s] Invoked command in '/home/asambhav/Storage/dumme_sim/build/dumme_description' returned '0': CMAKE_PREFIX_PATH=${CMAKE_PREFIX_PATH}:/home/asambhav/e-yantra_ws/install/task_1:/opt/ros/humble /usr/bin/cmake --install /home/asambhav/Storage/dumme_sim/build/dumme_description
