[0.068s] DEBUG:colcon:Command line arguments: ['/usr/bin/colcon', 'build']
[0.068s] DEBUG:colcon:Parsed command line arguments: Namespace(log_base=None, log_level=None, verb_name='build', build_base='build', install_base='install', merge_install=False, symlink_install=False, test_result_base=None, continue_on_error=False, executor='parallel', parallel_workers=18, event_handlers=None, ignore_user_meta=False, metas=['./colcon.meta'], base_paths=['.'], packages_ignore=None, packages_ignore_regex=None, paths=None, packages_up_to=None, packages_up_to_regex=None, packages_above=None, packages_above_and_dependencies=None, packages_above_depth=None, packages_select_by_dep=None, packages_skip_by_dep=None, packages_skip_up_to=None, packages_select_build_failed=False, packages_skip_build_finished=False, packages_select_test_failures=False, packages_skip_test_passed=False, packages_select=None, packages_skip=None, packages_select_regex=None, packages_skip_regex=None, packages_start=None, packages_end=None, allow_overriding=[], cmake_args=None, cmake_target=None, cmake_target_skip_unavailable=False, cmake_clean_cache=False, cmake_clean_first=False, cmake_force_configure=False, ament_cmake_args=None, catkin_cmake_args=None, catkin_skip_building_tests=False, mixin_files=None, mixin=None, verb_parser=<colcon_mixin.mixin.mixin_argument.MixinArgumentDecorator object at 0x7352c1d9d2d0>, verb_extension=<colcon_core.verb.build.BuildVerb object at 0x7352c1d25e10>, main=<bound method BuildVerb.main of <colcon_core.verb.build.BuildVerb object at 0x7352c1d25e10>>, mixin_verb=('build',))
[0.091s] Level 1:colcon.colcon_core.package_discovery:discover_packages(colcon_meta) check parameters
[0.091s] Level 1:colcon.colcon_core.package_discovery:discover_packages(recursive) check parameters
[0.091s] Level 1:colcon.colcon_core.package_discovery:discover_packages(ignore) check parameters
[0.091s] Level 1:colcon.colcon_core.package_discovery:discover_packages(path) check parameters
[0.091s] Level 1:colcon.colcon_core.package_discovery:discover_packages(colcon_meta) discover
[0.091s] Level 1:colcon.colcon_core.package_discovery:discover_packages(recursive) discover
[0.091s] INFO:colcon.colcon_core.package_discovery:Crawling recursively for packages in '/home/asambhav/Storage/dumme_sim'
[0.091s] Level 1:colcon.colcon_core.package_identification:_identify(.) by extensions ['ignore', 'ignore_ament_install']
[0.091s] Level 1:colcon.colcon_core.package_identification:_identify(.) by extension 'ignore'
[0.092s] Level 1:colcon.colcon_core.package_identification:_identify(.) by extension 'ignore_ament_install'
[0.092s] Level 1:colcon.colcon_core.package_identification:_identify(.) by extensions ['colcon_pkg']
[0.092s] Level 1:colcon.colcon_core.package_identification:_identify(.) by extension 'colcon_pkg'
[0.092s] Level 1:colcon.colcon_core.package_identification:_identify(.) by extensions ['colcon_meta']
[0.092s] Level 1:colcon.colcon_core.package_identification:_identify(.) by extension 'colcon_meta'
[0.092s] Level 1:colcon.colcon_core.package_identification:_identify(.) by extensions ['ros']
[0.092s] Level 1:colcon.colcon_core.package_identification:_identify(.) by extension 'ros'
[0.102s] Level 1:colcon.colcon_core.package_identification:_identify(.) by extensions ['cmake', 'python']
[0.102s] Level 1:colcon.colcon_core.package_identification:_identify(.) by extension 'cmake'
[0.102s] Level 1:colcon.colcon_core.package_identification:_identify(.) by extension 'python'
[0.102s] Level 1:colcon.colcon_core.package_identification:_identify(.) by extensions ['python_setup_py']
[0.102s] Level 1:colcon.colcon_core.package_identification:_identify(.) by extension 'python_setup_py'
[0.102s] Level 1:colcon.colcon_core.package_identification:_identify(build) by extensions ['ignore', 'ignore_ament_install']
[0.102s] Level 1:colcon.colcon_core.package_identification:_identify(build) by extension 'ignore'
[0.102s] Level 1:colcon.colcon_core.package_identification:_identify(build) ignored
[0.102s] Level 1:colcon.colcon_core.package_identification:_identify(install) by extensions ['ignore', 'ignore_ament_install']
[0.102s] Level 1:colcon.colcon_core.package_identification:_identify(install) by extension 'ignore'
[0.102s] Level 1:colcon.colcon_core.package_identification:_identify(install) ignored
[0.102s] Level 1:colcon.colcon_core.package_identification:_identify(log) by extensions ['ignore', 'ignore_ament_install']
[0.102s] Level 1:colcon.colcon_core.package_identification:_identify(log) by extension 'ignore'
[0.102s] Level 1:colcon.colcon_core.package_identification:_identify(log) ignored
[0.102s] Level 1:colcon.colcon_core.package_identification:_identify(src) by extensions ['ignore', 'ignore_ament_install']
[0.102s] Level 1:colcon.colcon_core.package_identification:_identify(src) by extension 'ignore'
[0.102s] Level 1:colcon.colcon_core.package_identification:_identify(src) by extension 'ignore_ament_install'
[0.102s] Level 1:colcon.colcon_core.package_identification:_identify(src) by extensions ['colcon_pkg']
[0.102s] Level 1:colcon.colcon_core.package_identification:_identify(src) by extension 'colcon_pkg'
[0.102s] Level 1:colcon.colcon_core.package_identification:_identify(src) by extensions ['colcon_meta']
[0.102s] Level 1:colcon.colcon_core.package_identification:_identify(src) by extension 'colcon_meta'
[0.103s] Level 1:colcon.colcon_core.package_identification:_identify(src) by extensions ['ros']
[0.103s] Level 1:colcon.colcon_core.package_identification:_identify(src) by extension 'ros'
[0.103s] Level 1:colcon.colcon_core.package_identification:_identify(src) by extensions ['cmake', 'python']
[0.103s] Level 1:colcon.colcon_core.package_identification:_identify(src) by extension 'cmake'
[0.103s] Level 1:colcon.colcon_core.package_identification:_identify(src) by extension 'python'
[0.103s] Level 1:colcon.colcon_core.package_identification:_identify(src) by extensions ['python_setup_py']
[0.103s] Level 1:colcon.colcon_core.package_identification:_identify(src) by extension 'python_setup_py'
[0.103s] Level 1:colcon.colcon_core.package_identification:_identify(src/dumme_controller) by extensions ['ignore', 'ignore_ament_install']
[0.103s] Level 1:colcon.colcon_core.package_identification:_identify(src/dumme_controller) by extension 'ignore'
[0.103s] Level 1:colcon.colcon_core.package_identification:_identify(src/dumme_controller) by extension 'ignore_ament_install'
[0.103s] Level 1:colcon.colcon_core.package_identification:_identify(src/dumme_controller) by extensions ['colcon_pkg']
[0.103s] Level 1:colcon.colcon_core.package_identification:_identify(src/dumme_controller) by extension 'colcon_pkg'
[0.103s] Level 1:colcon.colcon_core.package_identification:_identify(src/dumme_controller) by extensions ['colcon_meta']
[0.103s] Level 1:colcon.colcon_core.package_identification:_identify(src/dumme_controller) by extension 'colcon_meta'
[0.103s] Level 1:colcon.colcon_core.package_identification:_identify(src/dumme_controller) by extensions ['ros']
[0.103s] Level 1:colcon.colcon_core.package_identification:_identify(src/dumme_controller) by extension 'ros'
[0.105s] DEBUG:colcon.colcon_core.package_identification:Package 'src/dumme_controller' with type 'ros.ament_python' and name 'dumme_controller'
[0.105s] Level 1:colcon.colcon_core.package_identification:_identify(src/dumme_description) by extensions ['ignore', 'ignore_ament_install']
[0.105s] Level 1:colcon.colcon_core.package_identification:_identify(src/dumme_description) by extension 'ignore'
[0.105s] Level 1:colcon.colcon_core.package_identification:_identify(src/dumme_description) by extension 'ignore_ament_install'
[0.105s] Level 1:colcon.colcon_core.package_identification:_identify(src/dumme_description) by extensions ['colcon_pkg']
[0.105s] Level 1:colcon.colcon_core.package_identification:_identify(src/dumme_description) by extension 'colcon_pkg'
[0.105s] Level 1:colcon.colcon_core.package_identification:_identify(src/dumme_description) by extensions ['colcon_meta']
[0.105s] Level 1:colcon.colcon_core.package_identification:_identify(src/dumme_description) by extension 'colcon_meta'
[0.105s] Level 1:colcon.colcon_core.package_identification:_identify(src/dumme_description) by extensions ['ros']
[0.105s] Level 1:colcon.colcon_core.package_identification:_identify(src/dumme_description) by extension 'ros'
[0.107s] DEBUG:colcon.colcon_core.package_identification:Package 'src/dumme_description' with type 'ros.ament_cmake' and name 'dumme_description'
[0.107s] Level 1:colcon.colcon_core.package_identification:_identify(src/dumme_moveit) by extensions ['ignore', 'ignore_ament_install']
[0.107s] Level 1:colcon.colcon_core.package_identification:_identify(src/dumme_moveit) by extension 'ignore'
[0.107s] Level 1:colcon.colcon_core.package_identification:_identify(src/dumme_moveit) by extension 'ignore_ament_install'
[0.107s] Level 1:colcon.colcon_core.package_identification:_identify(src/dumme_moveit) by extensions ['colcon_pkg']
[0.107s] Level 1:colcon.colcon_core.package_identification:_identify(src/dumme_moveit) by extension 'colcon_pkg'
[0.107s] Level 1:colcon.colcon_core.package_identification:_identify(src/dumme_moveit) by extensions ['colcon_meta']
[0.107s] Level 1:colcon.colcon_core.package_identification:_identify(src/dumme_moveit) by extension 'colcon_meta'
[0.107s] Level 1:colcon.colcon_core.package_identification:_identify(src/dumme_moveit) by extensions ['ros']
[0.107s] Level 1:colcon.colcon_core.package_identification:_identify(src/dumme_moveit) by extension 'ros'
[0.107s] DEBUG:colcon.colcon_core.package_identification:Package 'src/dumme_moveit' with type 'ros.ament_cmake' and name 'dumme_moveit'
[0.108s] Level 1:colcon.colcon_core.package_identification:_identify(src/dumme_msgs) by extensions ['ignore', 'ignore_ament_install']
[0.108s] Level 1:colcon.colcon_core.package_identification:_identify(src/dumme_msgs) by extension 'ignore'
[0.108s] Level 1:colcon.colcon_core.package_identification:_identify(src/dumme_msgs) by extension 'ignore_ament_install'
[0.108s] Level 1:colcon.colcon_core.package_identification:_identify(src/dumme_msgs) by extensions ['colcon_pkg']
[0.108s] Level 1:colcon.colcon_core.package_identification:_identify(src/dumme_msgs) by extension 'colcon_pkg'
[0.108s] Level 1:colcon.colcon_core.package_identification:_identify(src/dumme_msgs) by extensions ['colcon_meta']
[0.108s] Level 1:colcon.colcon_core.package_identification:_identify(src/dumme_msgs) by extension 'colcon_meta'
[0.108s] Level 1:colcon.colcon_core.package_identification:_identify(src/dumme_msgs) by extensions ['ros']
[0.108s] Level 1:colcon.colcon_core.package_identification:_identify(src/dumme_msgs) by extension 'ros'
[0.108s] DEBUG:colcon.colcon_core.package_identification:Package 'src/dumme_msgs' with type 'ros.ament_cmake' and name 'dumme_msgs'
[0.108s] Level 1:colcon.colcon_core.package_identification:_identify(src/dumme_utils) by extensions ['ignore', 'ignore_ament_install']
[0.108s] Level 1:colcon.colcon_core.package_identification:_identify(src/dumme_utils) by extension 'ignore'
[0.108s] Level 1:colcon.colcon_core.package_identification:_identify(src/dumme_utils) by extension 'ignore_ament_install'
[0.108s] Level 1:colcon.colcon_core.package_identification:_identify(src/dumme_utils) by extensions ['colcon_pkg']
[0.108s] Level 1:colcon.colcon_core.package_identification:_identify(src/dumme_utils) by extension 'colcon_pkg'
[0.108s] Level 1:colcon.colcon_core.package_identification:_identify(src/dumme_utils) by extensions ['colcon_meta']
[0.108s] Level 1:colcon.colcon_core.package_identification:_identify(src/dumme_utils) by extension 'colcon_meta'
[0.108s] Level 1:colcon.colcon_core.package_identification:_identify(src/dumme_utils) by extensions ['ros']
[0.108s] Level 1:colcon.colcon_core.package_identification:_identify(src/dumme_utils) by extension 'ros'
[0.109s] DEBUG:colcon.colcon_core.package_identification:Package 'src/dumme_utils' with type 'ros.ament_cmake' and name 'dumme_utils'
[0.110s] Level 1:colcon.colcon_core.package_discovery:discover_packages(recursive) using defaults
[0.110s] Level 1:colcon.colcon_core.package_discovery:discover_packages(ignore) discover
[0.110s] Level 1:colcon.colcon_core.package_discovery:discover_packages(ignore) using defaults
[0.110s] Level 1:colcon.colcon_core.package_discovery:discover_packages(path) discover
[0.110s] Level 1:colcon.colcon_core.package_discovery:discover_packages(path) using defaults
[0.123s] Level 1:colcon.colcon_core.package_discovery:discover_packages(prefix_path) check parameters
[0.123s] Level 1:colcon.colcon_core.package_discovery:discover_packages(prefix_path) discover
[0.124s] DEBUG:colcon.colcon_installed_package_information.package_discovery:Found 4 installed packages in /home/asambhav/Storage/dumme_sim/install
[0.125s] DEBUG:colcon.colcon_installed_package_information.package_discovery:Found 9 installed packages in /home/asambhav/e-yantra_ws/install
[0.125s] DEBUG:colcon.colcon_installed_package_information.package_discovery:Found 409 installed packages in /opt/ros/humble
[0.127s] Level 1:colcon.colcon_core.package_discovery:discover_packages(prefix_path) using defaults
[0.162s] Level 5:colcon.colcon_core.verb:set package 'dumme_description' build argument 'cmake_args' from command line to 'None'
[0.162s] Level 5:colcon.colcon_core.verb:set package 'dumme_description' build argument 'cmake_target' from command line to 'None'
[0.162s] Level 5:colcon.colcon_core.verb:set package 'dumme_description' build argument 'cmake_target_skip_unavailable' from command line to 'False'
[0.162s] Level 5:colcon.colcon_core.verb:set package 'dumme_description' build argument 'cmake_clean_cache' from command line to 'False'
[0.162s] Level 5:colcon.colcon_core.verb:set package 'dumme_description' build argument 'cmake_clean_first' from command line to 'False'
[0.162s] Level 5:colcon.colcon_core.verb:set package 'dumme_description' build argument 'cmake_force_configure' from command line to 'False'
[0.162s] Level 5:colcon.colcon_core.verb:set package 'dumme_description' build argument 'ament_cmake_args' from command line to 'None'
[0.162s] Level 5:colcon.colcon_core.verb:set package 'dumme_description' build argument 'catkin_cmake_args' from command line to 'None'
[0.162s] Level 5:colcon.colcon_core.verb:set package 'dumme_description' build argument 'catkin_skip_building_tests' from command line to 'False'
[0.162s] DEBUG:colcon.colcon_core.verb:Building package 'dumme_description' with the following arguments: {'ament_cmake_args': None, 'build_base': '/home/asambhav/Storage/dumme_sim/build/dumme_description', 'catkin_cmake_args': None, 'catkin_skip_building_tests': False, 'cmake_args': None, 'cmake_clean_cache': False, 'cmake_clean_first': False, 'cmake_force_configure': False, 'cmake_target': None, 'cmake_target_skip_unavailable': False, 'install_base': '/home/asambhav/Storage/dumme_sim/install/dumme_description', 'merge_install': False, 'path': '/home/asambhav/Storage/dumme_sim/src/dumme_description', 'symlink_install': False, 'test_result_base': None}
[0.162s] Level 5:colcon.colcon_core.verb:set package 'dumme_msgs' build argument 'cmake_args' from command line to 'None'
[0.162s] Level 5:colcon.colcon_core.verb:set package 'dumme_msgs' build argument 'cmake_target' from command line to 'None'
[0.162s] Level 5:colcon.colcon_core.verb:set package 'dumme_msgs' build argument 'cmake_target_skip_unavailable' from command line to 'False'
[0.162s] Level 5:colcon.colcon_core.verb:set package 'dumme_msgs' build argument 'cmake_clean_cache' from command line to 'False'
[0.162s] Level 5:colcon.colcon_core.verb:set package 'dumme_msgs' build argument 'cmake_clean_first' from command line to 'False'
[0.162s] Level 5:colcon.colcon_core.verb:set package 'dumme_msgs' build argument 'cmake_force_configure' from command line to 'False'
[0.162s] Level 5:colcon.colcon_core.verb:set package 'dumme_msgs' build argument 'ament_cmake_args' from command line to 'None'
[0.162s] Level 5:colcon.colcon_core.verb:set package 'dumme_msgs' build argument 'catkin_cmake_args' from command line to 'None'
[0.162s] Level 5:colcon.colcon_core.verb:set package 'dumme_msgs' build argument 'catkin_skip_building_tests' from command line to 'False'
[0.162s] DEBUG:colcon.colcon_core.verb:Building package 'dumme_msgs' with the following arguments: {'ament_cmake_args': None, 'build_base': '/home/asambhav/Storage/dumme_sim/build/dumme_msgs', 'catkin_cmake_args': None, 'catkin_skip_building_tests': False, 'cmake_args': None, 'cmake_clean_cache': False, 'cmake_clean_first': False, 'cmake_force_configure': False, 'cmake_target': None, 'cmake_target_skip_unavailable': False, 'install_base': '/home/asambhav/Storage/dumme_sim/install/dumme_msgs', 'merge_install': False, 'path': '/home/asambhav/Storage/dumme_sim/src/dumme_msgs', 'symlink_install': False, 'test_result_base': None}
[0.162s] Level 5:colcon.colcon_core.verb:set package 'dumme_controller' build argument 'cmake_args' from command line to 'None'
[0.162s] Level 5:colcon.colcon_core.verb:set package 'dumme_controller' build argument 'cmake_target' from command line to 'None'
[0.162s] Level 5:colcon.colcon_core.verb:set package 'dumme_controller' build argument 'cmake_target_skip_unavailable' from command line to 'False'
[0.162s] Level 5:colcon.colcon_core.verb:set package 'dumme_controller' build argument 'cmake_clean_cache' from command line to 'False'
[0.162s] Level 5:colcon.colcon_core.verb:set package 'dumme_controller' build argument 'cmake_clean_first' from command line to 'False'
[0.162s] Level 5:colcon.colcon_core.verb:set package 'dumme_controller' build argument 'cmake_force_configure' from command line to 'False'
[0.163s] Level 5:colcon.colcon_core.verb:set package 'dumme_controller' build argument 'ament_cmake_args' from command line to 'None'
[0.163s] Level 5:colcon.colcon_core.verb:set package 'dumme_controller' build argument 'catkin_cmake_args' from command line to 'None'
[0.163s] Level 5:colcon.colcon_core.verb:set package 'dumme_controller' build argument 'catkin_skip_building_tests' from command line to 'False'
[0.163s] DEBUG:colcon.colcon_core.verb:Building package 'dumme_controller' with the following arguments: {'ament_cmake_args': None, 'build_base': '/home/asambhav/Storage/dumme_sim/build/dumme_controller', 'catkin_cmake_args': None, 'catkin_skip_building_tests': False, 'cmake_args': None, 'cmake_clean_cache': False, 'cmake_clean_first': False, 'cmake_force_configure': False, 'cmake_target': None, 'cmake_target_skip_unavailable': False, 'install_base': '/home/asambhav/Storage/dumme_sim/install/dumme_controller', 'merge_install': False, 'path': '/home/asambhav/Storage/dumme_sim/src/dumme_controller', 'symlink_install': False, 'test_result_base': None}
[0.163s] Level 5:colcon.colcon_core.verb:set package 'dumme_moveit' build argument 'cmake_args' from command line to 'None'
[0.163s] Level 5:colcon.colcon_core.verb:set package 'dumme_moveit' build argument 'cmake_target' from command line to 'None'
[0.163s] Level 5:colcon.colcon_core.verb:set package 'dumme_moveit' build argument 'cmake_target_skip_unavailable' from command line to 'False'
[0.163s] Level 5:colcon.colcon_core.verb:set package 'dumme_moveit' build argument 'cmake_clean_cache' from command line to 'False'
[0.163s] Level 5:colcon.colcon_core.verb:set package 'dumme_moveit' build argument 'cmake_clean_first' from command line to 'False'
[0.163s] Level 5:colcon.colcon_core.verb:set package 'dumme_moveit' build argument 'cmake_force_configure' from command line to 'False'
[0.163s] Level 5:colcon.colcon_core.verb:set package 'dumme_moveit' build argument 'ament_cmake_args' from command line to 'None'
[0.163s] Level 5:colcon.colcon_core.verb:set package 'dumme_moveit' build argument 'catkin_cmake_args' from command line to 'None'
[0.163s] Level 5:colcon.colcon_core.verb:set package 'dumme_moveit' build argument 'catkin_skip_building_tests' from command line to 'False'
[0.163s] DEBUG:colcon.colcon_core.verb:Building package 'dumme_moveit' with the following arguments: {'ament_cmake_args': None, 'build_base': '/home/asambhav/Storage/dumme_sim/build/dumme_moveit', 'catkin_cmake_args': None, 'catkin_skip_building_tests': False, 'cmake_args': None, 'cmake_clean_cache': False, 'cmake_clean_first': False, 'cmake_force_configure': False, 'cmake_target': None, 'cmake_target_skip_unavailable': False, 'install_base': '/home/asambhav/Storage/dumme_sim/install/dumme_moveit', 'merge_install': False, 'path': '/home/asambhav/Storage/dumme_sim/src/dumme_moveit', 'symlink_install': False, 'test_result_base': None}
[0.163s] Level 5:colcon.colcon_core.verb:set package 'dumme_utils' build argument 'cmake_args' from command line to 'None'
[0.163s] Level 5:colcon.colcon_core.verb:set package 'dumme_utils' build argument 'cmake_target' from command line to 'None'
[0.163s] Level 5:colcon.colcon_core.verb:set package 'dumme_utils' build argument 'cmake_target_skip_unavailable' from command line to 'False'
[0.163s] Level 5:colcon.colcon_core.verb:set package 'dumme_utils' build argument 'cmake_clean_cache' from command line to 'False'
[0.163s] Level 5:colcon.colcon_core.verb:set package 'dumme_utils' build argument 'cmake_clean_first' from command line to 'False'
[0.163s] Level 5:colcon.colcon_core.verb:set package 'dumme_utils' build argument 'cmake_force_configure' from command line to 'False'
[0.163s] Level 5:colcon.colcon_core.verb:set package 'dumme_utils' build argument 'ament_cmake_args' from command line to 'None'
[0.163s] Level 5:colcon.colcon_core.verb:set package 'dumme_utils' build argument 'catkin_cmake_args' from command line to 'None'
[0.163s] Level 5:colcon.colcon_core.verb:set package 'dumme_utils' build argument 'catkin_skip_building_tests' from command line to 'False'
[0.163s] DEBUG:colcon.colcon_core.verb:Building package 'dumme_utils' with the following arguments: {'ament_cmake_args': None, 'build_base': '/home/asambhav/Storage/dumme_sim/build/dumme_utils', 'catkin_cmake_args': None, 'catkin_skip_building_tests': False, 'cmake_args': None, 'cmake_clean_cache': False, 'cmake_clean_first': False, 'cmake_force_configure': False, 'cmake_target': None, 'cmake_target_skip_unavailable': False, 'install_base': '/home/asambhav/Storage/dumme_sim/install/dumme_utils', 'merge_install': False, 'path': '/home/asambhav/Storage/dumme_sim/src/dumme_utils', 'symlink_install': False, 'test_result_base': None}
[0.163s] INFO:colcon.colcon_core.executor:Executing jobs using 'parallel' executor
[0.164s] DEBUG:colcon.colcon_parallel_executor.executor.parallel:run_until_complete
[0.165s] INFO:colcon.colcon_ros.task.ament_cmake.build:Building ROS package in '/home/asambhav/Storage/dumme_sim/src/dumme_description' with build type 'ament_cmake'
[0.165s] INFO:colcon.colcon_cmake.task.cmake.build:Building CMake package in '/home/asambhav/Storage/dumme_sim/src/dumme_description'
[0.167s] INFO:colcon.colcon_core.plugin_system:Skipping extension 'colcon_core.shell.bat': Not used on non-Windows systems
[0.167s] INFO:colcon.colcon_core.shell:Skip shell extension 'powershell' for command environment: Not usable outside of PowerShell
[0.167s] DEBUG:colcon.colcon_core.shell:Skip shell extension 'dsv' for command environment
[0.170s] INFO:colcon.colcon_ros.task.ament_cmake.build:Building ROS package in '/home/asambhav/Storage/dumme_sim/src/dumme_msgs' with build type 'ament_cmake'
[0.170s] INFO:colcon.colcon_cmake.task.cmake.build:Building CMake package in '/home/asambhav/Storage/dumme_sim/src/dumme_msgs'
[0.171s] INFO:colcon.colcon_core.shell:Skip shell extension 'powershell' for command environment: Not usable outside of PowerShell
[0.171s] DEBUG:colcon.colcon_core.shell:Skip shell extension 'dsv' for command environment
[0.179s] DEBUG:colcon.colcon_core.event_handler.log_command:Invoking command in '/home/asambhav/Storage/dumme_sim/build/dumme_description': CMAKE_PREFIX_PATH=${CMAKE_PREFIX_PATH}:/home/asambhav/Storage/dumme_sim/install/dumme_controller:/home/asambhav/e-yantra_ws/install/task_1:/opt/ros/humble /usr/bin/cmake --build /home/asambhav/Storage/dumme_sim/build/dumme_description -- -j18 -l18
[0.181s] DEBUG:colcon.colcon_core.event_handler.log_command:Invoking command in '/home/asambhav/Storage/dumme_sim/build/dumme_msgs': CMAKE_PREFIX_PATH=${CMAKE_PREFIX_PATH}:/home/asambhav/Storage/dumme_sim/install/dumme_controller:/home/asambhav/e-yantra_ws/install/task_1:/opt/ros/humble /usr/bin/cmake --build /home/asambhav/Storage/dumme_sim/build/dumme_msgs -- -j18 -l18
[0.209s] DEBUG:colcon.colcon_core.event_handler.log_command:Invoked command in '/home/asambhav/Storage/dumme_sim/build/dumme_description' returned '0': CMAKE_PREFIX_PATH=${CMAKE_PREFIX_PATH}:/home/asambhav/Storage/dumme_sim/install/dumme_controller:/home/asambhav/e-yantra_ws/install/task_1:/opt/ros/humble /usr/bin/cmake --build /home/asambhav/Storage/dumme_sim/build/dumme_description -- -j18 -l18
[0.218s] DEBUG:colcon.colcon_core.event_handler.log_command:Invoking command in '/home/asambhav/Storage/dumme_sim/build/dumme_description': CMAKE_PREFIX_PATH=${CMAKE_PREFIX_PATH}:/home/asambhav/Storage/dumme_sim/install/dumme_controller:/home/asambhav/e-yantra_ws/install/task_1:/opt/ros/humble /usr/bin/cmake --install /home/asambhav/Storage/dumme_sim/build/dumme_description
[0.228s] Level 1:colcon.colcon_core.environment:create_environment_scripts_only(dumme_description)
[0.229s] DEBUG:colcon.colcon_core.event_handler.log_command:Invoked command in '/home/asambhav/Storage/dumme_sim/build/dumme_description' returned '0': CMAKE_PREFIX_PATH=${CMAKE_PREFIX_PATH}:/home/asambhav/Storage/dumme_sim/install/dumme_controller:/home/asambhav/e-yantra_ws/install/task_1:/opt/ros/humble /usr/bin/cmake --install /home/asambhav/Storage/dumme_sim/build/dumme_description
[0.231s] Level 1:colcon.colcon_core.environment:checking '/home/asambhav/Storage/dumme_sim/install/dumme_description' for CMake module files
[0.232s] Level 1:colcon.colcon_core.environment:checking '/home/asambhav/Storage/dumme_sim/install/dumme_description' for CMake config files
[0.232s] Level 1:colcon.colcon_core.shell:create_environment_hook('dumme_description', 'cmake_prefix_path')
[0.233s] INFO:colcon.colcon_core.shell:Creating environment hook '/home/asambhav/Storage/dumme_sim/install/dumme_description/share/dumme_description/hook/cmake_prefix_path.ps1'
[0.234s] INFO:colcon.colcon_core.shell:Creating environment descriptor '/home/asambhav/Storage/dumme_sim/install/dumme_description/share/dumme_description/hook/cmake_prefix_path.dsv'
[0.234s] INFO:colcon.colcon_core.shell:Creating environment hook '/home/asambhav/Storage/dumme_sim/install/dumme_description/share/dumme_description/hook/cmake_prefix_path.sh'
[0.236s] Level 1:colcon.colcon_core.environment:checking '/home/asambhav/Storage/dumme_sim/install/dumme_description/bin'
[0.236s] Level 1:colcon.colcon_core.environment:checking '/home/asambhav/Storage/dumme_sim/install/dumme_description/lib/pkgconfig/dumme_description.pc'
[0.236s] Level 1:colcon.colcon_core.environment:checking '/home/asambhav/Storage/dumme_sim/install/dumme_description/lib/python3.10/site-packages'
[0.236s] Level 1:colcon.colcon_core.environment:checking '/home/asambhav/Storage/dumme_sim/install/dumme_description/bin'
[0.237s] INFO:colcon.colcon_core.shell:Creating package script '/home/asambhav/Storage/dumme_sim/install/dumme_description/share/dumme_description/package.ps1'
[0.239s] INFO:colcon.colcon_core.shell:Creating package descriptor '/home/asambhav/Storage/dumme_sim/install/dumme_description/share/dumme_description/package.dsv'
[0.239s] INFO:colcon.colcon_core.shell:Creating package script '/home/asambhav/Storage/dumme_sim/install/dumme_description/share/dumme_description/package.sh'
[0.240s] INFO:colcon.colcon_core.shell:Creating package script '/home/asambhav/Storage/dumme_sim/install/dumme_description/share/dumme_description/package.bash'
[0.241s] INFO:colcon.colcon_core.shell:Creating package script '/home/asambhav/Storage/dumme_sim/install/dumme_description/share/dumme_description/package.zsh'
[0.242s] Level 1:colcon.colcon_core.environment:create_file_with_runtime_dependencies(/home/asambhav/Storage/dumme_sim/install/dumme_description/share/colcon-core/packages/dumme_description)
[0.243s] Level 1:colcon.colcon_core.environment:create_environment_scripts_only(dumme_description)
[0.243s] Level 1:colcon.colcon_core.environment:checking '/home/asambhav/Storage/dumme_sim/install/dumme_description' for CMake module files
[0.244s] Level 1:colcon.colcon_core.environment:checking '/home/asambhav/Storage/dumme_sim/install/dumme_description' for CMake config files
[0.244s] Level 1:colcon.colcon_core.shell:create_environment_hook('dumme_description', 'cmake_prefix_path')
[0.244s] INFO:colcon.colcon_core.shell:Creating environment hook '/home/asambhav/Storage/dumme_sim/install/dumme_description/share/dumme_description/hook/cmake_prefix_path.ps1'
[0.245s] INFO:colcon.colcon_core.shell:Creating environment descriptor '/home/asambhav/Storage/dumme_sim/install/dumme_description/share/dumme_description/hook/cmake_prefix_path.dsv'
[0.245s] INFO:colcon.colcon_core.shell:Creating environment hook '/home/asambhav/Storage/dumme_sim/install/dumme_description/share/dumme_description/hook/cmake_prefix_path.sh'
[0.245s] Level 1:colcon.colcon_core.environment:checking '/home/asambhav/Storage/dumme_sim/install/dumme_description/bin'
[0.246s] Level 1:colcon.colcon_core.environment:checking '/home/asambhav/Storage/dumme_sim/install/dumme_description/lib/pkgconfig/dumme_description.pc'
[0.246s] Level 1:colcon.colcon_core.environment:checking '/home/asambhav/Storage/dumme_sim/install/dumme_description/lib/python3.10/site-packages'
[0.246s] Level 1:colcon.colcon_core.environment:checking '/home/asambhav/Storage/dumme_sim/install/dumme_description/bin'
[0.247s] INFO:colcon.colcon_core.shell:Creating package script '/home/asambhav/Storage/dumme_sim/install/dumme_description/share/dumme_description/package.ps1'
[0.247s] INFO:colcon.colcon_core.shell:Creating package descriptor '/home/asambhav/Storage/dumme_sim/install/dumme_description/share/dumme_description/package.dsv'
[0.248s] INFO:colcon.colcon_core.shell:Creating package script '/home/asambhav/Storage/dumme_sim/install/dumme_description/share/dumme_description/package.sh'
[0.248s] INFO:colcon.colcon_core.shell:Creating package script '/home/asambhav/Storage/dumme_sim/install/dumme_description/share/dumme_description/package.bash'
[0.249s] INFO:colcon.colcon_core.shell:Creating package script '/home/asambhav/Storage/dumme_sim/install/dumme_description/share/dumme_description/package.zsh'
[0.249s] Level 1:colcon.colcon_core.environment:create_file_with_runtime_dependencies(/home/asambhav/Storage/dumme_sim/install/dumme_description/share/colcon-core/packages/dumme_description)
[0.250s] INFO:colcon.colcon_ros.task.ament_python.build:Building ROS package in '/home/asambhav/Storage/dumme_sim/src/dumme_controller' with build type 'ament_python'
[0.250s] Level 1:colcon.colcon_core.shell:create_environment_hook('dumme_controller', 'ament_prefix_path')
[0.250s] INFO:colcon.colcon_core.shell:Creating environment hook '/home/asambhav/Storage/dumme_sim/install/dumme_controller/share/dumme_controller/hook/ament_prefix_path.ps1'
[0.251s] INFO:colcon.colcon_core.shell:Creating environment descriptor '/home/asambhav/Storage/dumme_sim/install/dumme_controller/share/dumme_controller/hook/ament_prefix_path.dsv'
[0.251s] INFO:colcon.colcon_core.shell:Creating environment hook '/home/asambhav/Storage/dumme_sim/install/dumme_controller/share/dumme_controller/hook/ament_prefix_path.sh'
[0.252s] INFO:colcon.colcon_core.shell:Skip shell extension 'powershell' for command environment: Not usable outside of PowerShell
[0.252s] DEBUG:colcon.colcon_core.shell:Skip shell extension 'dsv' for command environment
[0.257s] INFO:colcon.colcon_ros.task.ament_cmake.build:Building ROS package in '/home/asambhav/Storage/dumme_sim/src/dumme_moveit' with build type 'ament_cmake'
[0.257s] INFO:colcon.colcon_cmake.task.cmake.build:Building CMake package in '/home/asambhav/Storage/dumme_sim/src/dumme_moveit'
[0.257s] INFO:colcon.colcon_core.shell:Skip shell extension 'powershell' for command environment: Not usable outside of PowerShell
[0.257s] DEBUG:colcon.colcon_core.shell:Skip shell extension 'dsv' for command environment
[0.399s] INFO:colcon.colcon_core.task.python.build:Building Python package in '/home/asambhav/Storage/dumme_sim/src/dumme_controller'
[0.400s] INFO:colcon.colcon_core.shell:Skip shell extension 'powershell' for command environment: Not usable outside of PowerShell
[0.400s] DEBUG:colcon.colcon_core.shell:Skip shell extension 'dsv' for command environment
[0.410s] DEBUG:colcon.colcon_core.event_handler.log_command:Invoking command in '/home/asambhav/Storage/dumme_sim/build/dumme_moveit': CMAKE_PREFIX_PATH=/home/asambhav/Storage/dumme_sim/install/dumme_description:/home/asambhav/Storage/dumme_sim/install/dumme_utils:/home/asambhav/Storage/dumme_sim/install/dumme_msgs:/home/asambhav/e-yantra_ws/install/ur_simulation_gz:/home/asambhav/e-yantra_ws/install/ur_description:/home/asambhav/e-yantra_ws/install/ur5_control:/home/asambhav/e-yantra_ws/install/pymoveit2:/home/asambhav/e-yantra_ws/install/linkattacher_msgs:/home/asambhav/e-yantra_ws/install/eyantra_warehouse:/home/asambhav/e-yantra_ws/install/ebot_description:/home/asambhav/Storage/dumme_sim/install/dumme_controller:/home/asambhav/e-yantra_ws/install/task_1:/opt/ros/humble /usr/bin/cmake /home/asambhav/Storage/dumme_sim/src/dumme_moveit -DCMAKE_INSTALL_PREFIX=/home/asambhav/Storage/dumme_sim/install/dumme_moveit
[0.471s] DEBUG:colcon.colcon_core.event_handler.log_command:Invoked command in '/home/asambhav/Storage/dumme_sim/build/dumme_msgs' returned '0': CMAKE_PREFIX_PATH=${CMAKE_PREFIX_PATH}:/home/asambhav/Storage/dumme_sim/install/dumme_controller:/home/asambhav/e-yantra_ws/install/task_1:/opt/ros/humble /usr/bin/cmake --build /home/asambhav/Storage/dumme_sim/build/dumme_msgs -- -j18 -l18
[0.473s] DEBUG:colcon.colcon_core.event_handler.log_command:Invoking command in '/home/asambhav/Storage/dumme_sim/build/dumme_msgs': CMAKE_PREFIX_PATH=${CMAKE_PREFIX_PATH}:/home/asambhav/Storage/dumme_sim/install/dumme_controller:/home/asambhav/e-yantra_ws/install/task_1:/opt/ros/humble /usr/bin/cmake --install /home/asambhav/Storage/dumme_sim/build/dumme_msgs
[0.514s] Level 1:colcon.colcon_core.environment:create_environment_scripts_only(dumme_msgs)
[0.514s] Level 1:colcon.colcon_core.environment:checking '/home/asambhav/Storage/dumme_sim/install/dumme_msgs' for CMake module files
[0.515s] DEBUG:colcon.colcon_core.event_handler.log_command:Invoked command in '/home/asambhav/Storage/dumme_sim/build/dumme_msgs' returned '0': CMAKE_PREFIX_PATH=${CMAKE_PREFIX_PATH}:/home/asambhav/Storage/dumme_sim/install/dumme_controller:/home/asambhav/e-yantra_ws/install/task_1:/opt/ros/humble /usr/bin/cmake --install /home/asambhav/Storage/dumme_sim/build/dumme_msgs
[0.515s] Level 1:colcon.colcon_core.environment:checking '/home/asambhav/Storage/dumme_sim/install/dumme_msgs' for CMake config files
[0.516s] Level 1:colcon.colcon_core.shell:create_environment_hook('dumme_msgs', 'cmake_prefix_path')
[0.516s] INFO:colcon.colcon_core.shell:Creating environment hook '/home/asambhav/Storage/dumme_sim/install/dumme_msgs/share/dumme_msgs/hook/cmake_prefix_path.ps1'
[0.516s] INFO:colcon.colcon_core.shell:Creating environment descriptor '/home/asambhav/Storage/dumme_sim/install/dumme_msgs/share/dumme_msgs/hook/cmake_prefix_path.dsv'
[0.517s] INFO:colcon.colcon_core.shell:Creating environment hook '/home/asambhav/Storage/dumme_sim/install/dumme_msgs/share/dumme_msgs/hook/cmake_prefix_path.sh'
[0.517s] Level 1:colcon.colcon_core.environment:checking '/home/asambhav/Storage/dumme_sim/install/dumme_msgs/lib'
[0.518s] Level 1:colcon.colcon_core.shell:create_environment_hook('dumme_msgs', 'ld_library_path_lib')
[0.518s] INFO:colcon.colcon_core.shell:Creating environment hook '/home/asambhav/Storage/dumme_sim/install/dumme_msgs/share/dumme_msgs/hook/ld_library_path_lib.ps1'
[0.518s] INFO:colcon.colcon_core.shell:Creating environment descriptor '/home/asambhav/Storage/dumme_sim/install/dumme_msgs/share/dumme_msgs/hook/ld_library_path_lib.dsv'
[0.519s] INFO:colcon.colcon_core.shell:Creating environment hook '/home/asambhav/Storage/dumme_sim/install/dumme_msgs/share/dumme_msgs/hook/ld_library_path_lib.sh'
[0.519s] Level 1:colcon.colcon_core.environment:checking '/home/asambhav/Storage/dumme_sim/install/dumme_msgs/bin'
[0.519s] Level 1:colcon.colcon_core.environment:checking '/home/asambhav/Storage/dumme_sim/install/dumme_msgs/lib/pkgconfig/dumme_msgs.pc'
[0.520s] Level 1:colcon.colcon_core.environment:checking '/home/asambhav/Storage/dumme_sim/install/dumme_msgs/lib/python3.10/site-packages'
[0.520s] Level 1:colcon.colcon_core.environment:checking '/home/asambhav/Storage/dumme_sim/install/dumme_msgs/bin'
[0.520s] INFO:colcon.colcon_core.shell:Creating package script '/home/asambhav/Storage/dumme_sim/install/dumme_msgs/share/dumme_msgs/package.ps1'
[0.521s] INFO:colcon.colcon_core.shell:Creating package descriptor '/home/asambhav/Storage/dumme_sim/install/dumme_msgs/share/dumme_msgs/package.dsv'
[0.521s] INFO:colcon.colcon_core.shell:Creating package script '/home/asambhav/Storage/dumme_sim/install/dumme_msgs/share/dumme_msgs/package.sh'
[0.522s] INFO:colcon.colcon_core.shell:Creating package script '/home/asambhav/Storage/dumme_sim/install/dumme_msgs/share/dumme_msgs/package.bash'
[0.522s] INFO:colcon.colcon_core.shell:Creating package script '/home/asambhav/Storage/dumme_sim/install/dumme_msgs/share/dumme_msgs/package.zsh'
[0.522s] Level 1:colcon.colcon_core.environment:create_file_with_runtime_dependencies(/home/asambhav/Storage/dumme_sim/install/dumme_msgs/share/colcon-core/packages/dumme_msgs)
[0.523s] Level 1:colcon.colcon_core.environment:create_environment_scripts_only(dumme_msgs)
[0.523s] Level 1:colcon.colcon_core.environment:checking '/home/asambhav/Storage/dumme_sim/install/dumme_msgs' for CMake module files
[0.524s] Level 1:colcon.colcon_core.environment:checking '/home/asambhav/Storage/dumme_sim/install/dumme_msgs' for CMake config files
[0.524s] Level 1:colcon.colcon_core.shell:create_environment_hook('dumme_msgs', 'cmake_prefix_path')
[0.524s] INFO:colcon.colcon_core.shell:Creating environment hook '/home/asambhav/Storage/dumme_sim/install/dumme_msgs/share/dumme_msgs/hook/cmake_prefix_path.ps1'
[0.525s] INFO:colcon.colcon_core.shell:Creating environment descriptor '/home/asambhav/Storage/dumme_sim/install/dumme_msgs/share/dumme_msgs/hook/cmake_prefix_path.dsv'
[0.525s] INFO:colcon.colcon_core.shell:Creating environment hook '/home/asambhav/Storage/dumme_sim/install/dumme_msgs/share/dumme_msgs/hook/cmake_prefix_path.sh'
[0.526s] Level 1:colcon.colcon_core.environment:checking '/home/asambhav/Storage/dumme_sim/install/dumme_msgs/lib'
[0.526s] Level 1:colcon.colcon_core.shell:create_environment_hook('dumme_msgs', 'ld_library_path_lib')
[0.526s] INFO:colcon.colcon_core.shell:Creating environment hook '/home/asambhav/Storage/dumme_sim/install/dumme_msgs/share/dumme_msgs/hook/ld_library_path_lib.ps1'
[0.526s] INFO:colcon.colcon_core.shell:Creating environment descriptor '/home/asambhav/Storage/dumme_sim/install/dumme_msgs/share/dumme_msgs/hook/ld_library_path_lib.dsv'
[0.527s] INFO:colcon.colcon_core.shell:Creating environment hook '/home/asambhav/Storage/dumme_sim/install/dumme_msgs/share/dumme_msgs/hook/ld_library_path_lib.sh'
[0.527s] Level 1:colcon.colcon_core.environment:checking '/home/asambhav/Storage/dumme_sim/install/dumme_msgs/bin'
[0.527s] Level 1:colcon.colcon_core.environment:checking '/home/asambhav/Storage/dumme_sim/install/dumme_msgs/lib/pkgconfig/dumme_msgs.pc'
[0.527s] Level 1:colcon.colcon_core.environment:checking '/home/asambhav/Storage/dumme_sim/install/dumme_msgs/lib/python3.10/site-packages'
[0.528s] Level 1:colcon.colcon_core.environment:checking '/home/asambhav/Storage/dumme_sim/install/dumme_msgs/bin'
[0.528s] INFO:colcon.colcon_core.shell:Creating package script '/home/asambhav/Storage/dumme_sim/install/dumme_msgs/share/dumme_msgs/package.ps1'
[0.529s] INFO:colcon.colcon_core.shell:Creating package descriptor '/home/asambhav/Storage/dumme_sim/install/dumme_msgs/share/dumme_msgs/package.dsv'
[0.529s] INFO:colcon.colcon_core.shell:Creating package script '/home/asambhav/Storage/dumme_sim/install/dumme_msgs/share/dumme_msgs/package.sh'
[0.529s] INFO:colcon.colcon_core.shell:Creating package script '/home/asambhav/Storage/dumme_sim/install/dumme_msgs/share/dumme_msgs/package.bash'
[0.530s] INFO:colcon.colcon_core.shell:Creating package script '/home/asambhav/Storage/dumme_sim/install/dumme_msgs/share/dumme_msgs/package.zsh'
[0.530s] Level 1:colcon.colcon_core.environment:create_file_with_runtime_dependencies(/home/asambhav/Storage/dumme_sim/install/dumme_msgs/share/colcon-core/packages/dumme_msgs)
[0.530s] INFO:colcon.colcon_ros.task.ament_cmake.build:Building ROS package in '/home/asambhav/Storage/dumme_sim/src/dumme_utils' with build type 'ament_cmake'
[0.530s] INFO:colcon.colcon_cmake.task.cmake.build:Building CMake package in '/home/asambhav/Storage/dumme_sim/src/dumme_utils'
[0.530s] INFO:colcon.colcon_core.shell:Skip shell extension 'powershell' for command environment: Not usable outside of PowerShell
[0.531s] DEBUG:colcon.colcon_core.shell:Skip shell extension 'dsv' for command environment
[0.539s] DEBUG:colcon.colcon_core.event_handler.log_command:Invoking command in '/home/asambhav/Storage/dumme_sim/build/dumme_utils': CMAKE_PREFIX_PATH=/home/asambhav/Storage/dumme_sim/install/dumme_msgs:/home/asambhav/Storage/dumme_sim/install/dumme_utils:/home/asambhav/Storage/dumme_sim/install/dumme_description:/home/asambhav/e-yantra_ws/install/ur_simulation_gz:/home/asambhav/e-yantra_ws/install/ur_description:/home/asambhav/e-yantra_ws/install/ur5_control:/home/asambhav/e-yantra_ws/install/pymoveit2:/home/asambhav/e-yantra_ws/install/linkattacher_msgs:/home/asambhav/e-yantra_ws/install/eyantra_warehouse:/home/asambhav/e-yantra_ws/install/ebot_description:/home/asambhav/Storage/dumme_sim/install/dumme_controller:/home/asambhav/e-yantra_ws/install/task_1:/opt/ros/humble /usr/bin/cmake --build /home/asambhav/Storage/dumme_sim/build/dumme_utils -- -j18 -l18
[0.713s] DEBUG:colcon.colcon_core.task.python.build:Available setuptools commands: build_ext, install, install_lib, clean, sdist, build_clib, bdist_egg, install_egg_info, rotate, init_catalog, bdist, dist_info, install_data, symlink_data, bdist_wheel, easy_install, build, editable_wheel, egg_info, alias, bdist_rpm, saveopts, check, setopt, build_py, extract_messages, develop, compile_catalog, build_scripts, bdist_dumb, update_catalog, install_scripts, install_headers
[0.716s] DEBUG:colcon.colcon_core.event_handler.log_command:Invoking command in '/home/asambhav/Storage/dumme_sim/src/dumme_controller': CMAKE_PREFIX_PATH=/home/asambhav/Storage/dumme_sim/install/dumme_description:/home/asambhav/Storage/dumme_sim/install/dumme_utils:/home/asambhav/Storage/dumme_sim/install/dumme_msgs:/home/asambhav/e-yantra_ws/install/ur_simulation_gz:/home/asambhav/e-yantra_ws/install/ur_description:/home/asambhav/e-yantra_ws/install/ur5_control:/home/asambhav/e-yantra_ws/install/pymoveit2:/home/asambhav/e-yantra_ws/install/linkattacher_msgs:/home/asambhav/e-yantra_ws/install/eyantra_warehouse:/home/asambhav/e-yantra_ws/install/ebot_description PYTHONPATH=/home/asambhav/Storage/dumme_sim/build/dumme_controller/prefix_override:/usr/lib/python3/dist-packages/colcon_core/task/python/colcon_distutils_commands:/home/asambhav/Storage/dumme_sim/install/dumme_controller/lib/python3.10/site-packages:${PYTHONPATH} /usr/bin/python3 -W ignore:setup.py install is deprecated -W ignore:easy_install command is deprecated setup.py egg_info --egg-base ../../build/dumme_controller build --build-base /home/asambhav/Storage/dumme_sim/build/dumme_controller/build install --record /home/asambhav/Storage/dumme_sim/build/dumme_controller/install.log --install-scripts $base/lib/dumme_controller --single-version-externally-managed install_data
[0.822s] DEBUG:colcon.colcon_core.event_handler.log_command:Invoked command in '/home/asambhav/Storage/dumme_sim/build/dumme_utils' returned '0': CMAKE_PREFIX_PATH=/home/asambhav/Storage/dumme_sim/install/dumme_msgs:/home/asambhav/Storage/dumme_sim/install/dumme_utils:/home/asambhav/Storage/dumme_sim/install/dumme_description:/home/asambhav/e-yantra_ws/install/ur_simulation_gz:/home/asambhav/e-yantra_ws/install/ur_description:/home/asambhav/e-yantra_ws/install/ur5_control:/home/asambhav/e-yantra_ws/install/pymoveit2:/home/asambhav/e-yantra_ws/install/linkattacher_msgs:/home/asambhav/e-yantra_ws/install/eyantra_warehouse:/home/asambhav/e-yantra_ws/install/ebot_description:/home/asambhav/Storage/dumme_sim/install/dumme_controller:/home/asambhav/e-yantra_ws/install/task_1:/opt/ros/humble /usr/bin/cmake --build /home/asambhav/Storage/dumme_sim/build/dumme_utils -- -j18 -l18
[0.824s] DEBUG:colcon.colcon_core.event_handler.log_command:Invoking command in '/home/asambhav/Storage/dumme_sim/build/dumme_utils': CMAKE_PREFIX_PATH=/home/asambhav/Storage/dumme_sim/install/dumme_msgs:/home/asambhav/Storage/dumme_sim/install/dumme_utils:/home/asambhav/Storage/dumme_sim/install/dumme_description:/home/asambhav/e-yantra_ws/install/ur_simulation_gz:/home/asambhav/e-yantra_ws/install/ur_description:/home/asambhav/e-yantra_ws/install/ur5_control:/home/asambhav/e-yantra_ws/install/pymoveit2:/home/asambhav/e-yantra_ws/install/linkattacher_msgs:/home/asambhav/e-yantra_ws/install/eyantra_warehouse:/home/asambhav/e-yantra_ws/install/ebot_description:/home/asambhav/Storage/dumme_sim/install/dumme_controller:/home/asambhav/e-yantra_ws/install/task_1:/opt/ros/humble /usr/bin/cmake --install /home/asambhav/Storage/dumme_sim/build/dumme_utils
[0.862s] Level 1:colcon.colcon_core.environment:create_environment_scripts_only(dumme_utils)
[0.863s] DEBUG:colcon.colcon_core.event_handler.log_command:Invoked command in '/home/asambhav/Storage/dumme_sim/build/dumme_utils' returned '0': CMAKE_PREFIX_PATH=/home/asambhav/Storage/dumme_sim/install/dumme_msgs:/home/asambhav/Storage/dumme_sim/install/dumme_utils:/home/asambhav/Storage/dumme_sim/install/dumme_description:/home/asambhav/e-yantra_ws/install/ur_simulation_gz:/home/asambhav/e-yantra_ws/install/ur_description:/home/asambhav/e-yantra_ws/install/ur5_control:/home/asambhav/e-yantra_ws/install/pymoveit2:/home/asambhav/e-yantra_ws/install/linkattacher_msgs:/home/asambhav/e-yantra_ws/install/eyantra_warehouse:/home/asambhav/e-yantra_ws/install/ebot_description:/home/asambhav/Storage/dumme_sim/install/dumme_controller:/home/asambhav/e-yantra_ws/install/task_1:/opt/ros/humble /usr/bin/cmake --install /home/asambhav/Storage/dumme_sim/build/dumme_utils
[0.863s] Level 1:colcon.colcon_core.environment:checking '/home/asambhav/Storage/dumme_sim/install/dumme_utils' for CMake module files
[0.864s] Level 1:colcon.colcon_core.environment:checking '/home/asambhav/Storage/dumme_sim/install/dumme_utils' for CMake config files
[0.864s] Level 1:colcon.colcon_core.shell:create_environment_hook('dumme_utils', 'cmake_prefix_path')
[0.864s] INFO:colcon.colcon_core.shell:Creating environment hook '/home/asambhav/Storage/dumme_sim/install/dumme_utils/share/dumme_utils/hook/cmake_prefix_path.ps1'
[0.865s] INFO:colcon.colcon_core.shell:Creating environment descriptor '/home/asambhav/Storage/dumme_sim/install/dumme_utils/share/dumme_utils/hook/cmake_prefix_path.dsv'
[0.865s] INFO:colcon.colcon_core.shell:Creating environment hook '/home/asambhav/Storage/dumme_sim/install/dumme_utils/share/dumme_utils/hook/cmake_prefix_path.sh'
[0.866s] Level 1:colcon.colcon_core.environment:checking '/home/asambhav/Storage/dumme_sim/install/dumme_utils/lib'
[0.866s] Level 1:colcon.colcon_core.environment:checking '/home/asambhav/Storage/dumme_sim/install/dumme_utils/bin'
[0.866s] Level 1:colcon.colcon_core.environment:checking '/home/asambhav/Storage/dumme_sim/install/dumme_utils/lib/pkgconfig/dumme_utils.pc'
[0.866s] Level 1:colcon.colcon_core.environment:checking '/home/asambhav/Storage/dumme_sim/install/dumme_utils/lib/python3.10/site-packages'
[0.867s] Level 1:colcon.colcon_core.environment:checking '/home/asambhav/Storage/dumme_sim/install/dumme_utils/bin'
[0.867s] INFO:colcon.colcon_core.shell:Creating package script '/home/asambhav/Storage/dumme_sim/install/dumme_utils/share/dumme_utils/package.ps1'
[0.868s] INFO:colcon.colcon_core.shell:Creating package descriptor '/home/asambhav/Storage/dumme_sim/install/dumme_utils/share/dumme_utils/package.dsv'
[0.868s] INFO:colcon.colcon_core.shell:Creating package script '/home/asambhav/Storage/dumme_sim/install/dumme_utils/share/dumme_utils/package.sh'
[0.868s] INFO:colcon.colcon_core.shell:Creating package script '/home/asambhav/Storage/dumme_sim/install/dumme_utils/share/dumme_utils/package.bash'
[0.869s] INFO:colcon.colcon_core.shell:Creating package script '/home/asambhav/Storage/dumme_sim/install/dumme_utils/share/dumme_utils/package.zsh'
[0.869s] Level 1:colcon.colcon_core.environment:create_file_with_runtime_dependencies(/home/asambhav/Storage/dumme_sim/install/dumme_utils/share/colcon-core/packages/dumme_utils)
[0.870s] Level 1:colcon.colcon_core.environment:create_environment_scripts_only(dumme_utils)
[0.870s] Level 1:colcon.colcon_core.environment:checking '/home/asambhav/Storage/dumme_sim/install/dumme_utils' for CMake module files
[0.870s] Level 1:colcon.colcon_core.environment:checking '/home/asambhav/Storage/dumme_sim/install/dumme_utils' for CMake config files
[0.871s] Level 1:colcon.colcon_core.shell:create_environment_hook('dumme_utils', 'cmake_prefix_path')
[0.871s] INFO:colcon.colcon_core.shell:Creating environment hook '/home/asambhav/Storage/dumme_sim/install/dumme_utils/share/dumme_utils/hook/cmake_prefix_path.ps1'
[0.871s] INFO:colcon.colcon_core.shell:Creating environment descriptor '/home/asambhav/Storage/dumme_sim/install/dumme_utils/share/dumme_utils/hook/cmake_prefix_path.dsv'
[0.871s] INFO:colcon.colcon_core.shell:Creating environment hook '/home/asambhav/Storage/dumme_sim/install/dumme_utils/share/dumme_utils/hook/cmake_prefix_path.sh'
[0.872s] Level 1:colcon.colcon_core.environment:checking '/home/asambhav/Storage/dumme_sim/install/dumme_utils/lib'
[0.872s] Level 1:colcon.colcon_core.environment:checking '/home/asambhav/Storage/dumme_sim/install/dumme_utils/bin'
[0.872s] Level 1:colcon.colcon_core.environment:checking '/home/asambhav/Storage/dumme_sim/install/dumme_utils/lib/pkgconfig/dumme_utils.pc'
[0.872s] Level 1:colcon.colcon_core.environment:checking '/home/asambhav/Storage/dumme_sim/install/dumme_utils/lib/python3.10/site-packages'
[0.872s] Level 1:colcon.colcon_core.environment:checking '/home/asambhav/Storage/dumme_sim/install/dumme_utils/bin'
[0.872s] INFO:colcon.colcon_core.shell:Creating package script '/home/asambhav/Storage/dumme_sim/install/dumme_utils/share/dumme_utils/package.ps1'
[0.873s] INFO:colcon.colcon_core.shell:Creating package descriptor '/home/asambhav/Storage/dumme_sim/install/dumme_utils/share/dumme_utils/package.dsv'
[0.873s] INFO:colcon.colcon_core.shell:Creating package script '/home/asambhav/Storage/dumme_sim/install/dumme_utils/share/dumme_utils/package.sh'
[0.873s] INFO:colcon.colcon_core.shell:Creating package script '/home/asambhav/Storage/dumme_sim/install/dumme_utils/share/dumme_utils/package.bash'
[0.873s] INFO:colcon.colcon_core.shell:Creating package script '/home/asambhav/Storage/dumme_sim/install/dumme_utils/share/dumme_utils/package.zsh'
[0.873s] Level 1:colcon.colcon_core.environment:create_file_with_runtime_dependencies(/home/asambhav/Storage/dumme_sim/install/dumme_utils/share/colcon-core/packages/dumme_utils)
[0.998s] Level 1:colcon.colcon_core.environment:checking '/home/asambhav/Storage/dumme_sim/install/dumme_controller' for CMake module files
[0.998s] DEBUG:colcon.colcon_core.event_handler.log_command:Invoked command in '/home/asambhav/Storage/dumme_sim/src/dumme_controller' returned '0': CMAKE_PREFIX_PATH=/home/asambhav/Storage/dumme_sim/install/dumme_description:/home/asambhav/Storage/dumme_sim/install/dumme_utils:/home/asambhav/Storage/dumme_sim/install/dumme_msgs:/home/asambhav/e-yantra_ws/install/ur_simulation_gz:/home/asambhav/e-yantra_ws/install/ur_description:/home/asambhav/e-yantra_ws/install/ur5_control:/home/asambhav/e-yantra_ws/install/pymoveit2:/home/asambhav/e-yantra_ws/install/linkattacher_msgs:/home/asambhav/e-yantra_ws/install/eyantra_warehouse:/home/asambhav/e-yantra_ws/install/ebot_description PYTHONPATH=/home/asambhav/Storage/dumme_sim/build/dumme_controller/prefix_override:/usr/lib/python3/dist-packages/colcon_core/task/python/colcon_distutils_commands:/home/asambhav/Storage/dumme_sim/install/dumme_controller/lib/python3.10/site-packages:${PYTHONPATH} /usr/bin/python3 -W ignore:setup.py install is deprecated -W ignore:easy_install command is deprecated setup.py egg_info --egg-base ../../build/dumme_controller build --build-base /home/asambhav/Storage/dumme_sim/build/dumme_controller/build install --record /home/asambhav/Storage/dumme_sim/build/dumme_controller/install.log --install-scripts $base/lib/dumme_controller --single-version-externally-managed install_data
[0.998s] Level 1:colcon.colcon_core.environment:checking '/home/asambhav/Storage/dumme_sim/install/dumme_controller' for CMake config files
[0.999s] Level 1:colcon.colcon_core.environment:checking '/home/asambhav/Storage/dumme_sim/install/dumme_controller/lib'
[0.999s] Level 1:colcon.colcon_core.environment:checking '/home/asambhav/Storage/dumme_sim/install/dumme_controller/bin'
[0.999s] Level 1:colcon.colcon_core.environment:checking '/home/asambhav/Storage/dumme_sim/install/dumme_controller/lib/pkgconfig/dumme_controller.pc'
[0.999s] Level 1:colcon.colcon_core.environment:checking '/home/asambhav/Storage/dumme_sim/install/dumme_controller/lib/python3.10/site-packages'
[0.999s] Level 1:colcon.colcon_core.shell:create_environment_hook('dumme_controller', 'pythonpath')
[0.999s] INFO:colcon.colcon_core.shell:Creating environment hook '/home/asambhav/Storage/dumme_sim/install/dumme_controller/share/dumme_controller/hook/pythonpath.ps1'
[1.000s] INFO:colcon.colcon_core.shell:Creating environment descriptor '/home/asambhav/Storage/dumme_sim/install/dumme_controller/share/dumme_controller/hook/pythonpath.dsv'
[1.000s] INFO:colcon.colcon_core.shell:Creating environment hook '/home/asambhav/Storage/dumme_sim/install/dumme_controller/share/dumme_controller/hook/pythonpath.sh'
[1.001s] Level 1:colcon.colcon_core.environment:checking '/home/asambhav/Storage/dumme_sim/install/dumme_controller/bin'
[1.001s] Level 1:colcon.colcon_core.environment:create_environment_scripts_only(dumme_controller)
[1.001s] INFO:colcon.colcon_core.shell:Creating package script '/home/asambhav/Storage/dumme_sim/install/dumme_controller/share/dumme_controller/package.ps1'
[1.002s] INFO:colcon.colcon_core.shell:Creating package descriptor '/home/asambhav/Storage/dumme_sim/install/dumme_controller/share/dumme_controller/package.dsv'
[1.002s] INFO:colcon.colcon_core.shell:Creating package script '/home/asambhav/Storage/dumme_sim/install/dumme_controller/share/dumme_controller/package.sh'
[1.003s] INFO:colcon.colcon_core.shell:Creating package script '/home/asambhav/Storage/dumme_sim/install/dumme_controller/share/dumme_controller/package.bash'
[1.003s] INFO:colcon.colcon_core.shell:Creating package script '/home/asambhav/Storage/dumme_sim/install/dumme_controller/share/dumme_controller/package.zsh'
[1.003s] Level 1:colcon.colcon_core.environment:create_file_with_runtime_dependencies(/home/asambhav/Storage/dumme_sim/install/dumme_controller/share/colcon-core/packages/dumme_controller)
[1.045s] DEBUG:colcon.colcon_core.event_handler.log_command:Invoked command in '/home/asambhav/Storage/dumme_sim/build/dumme_moveit' returned '0': CMAKE_PREFIX_PATH=/home/asambhav/Storage/dumme_sim/install/dumme_description:/home/asambhav/Storage/dumme_sim/install/dumme_utils:/home/asambhav/Storage/dumme_sim/install/dumme_msgs:/home/asambhav/e-yantra_ws/install/ur_simulation_gz:/home/asambhav/e-yantra_ws/install/ur_description:/home/asambhav/e-yantra_ws/install/ur5_control:/home/asambhav/e-yantra_ws/install/pymoveit2:/home/asambhav/e-yantra_ws/install/linkattacher_msgs:/home/asambhav/e-yantra_ws/install/eyantra_warehouse:/home/asambhav/e-yantra_ws/install/ebot_description:/home/asambhav/Storage/dumme_sim/install/dumme_controller:/home/asambhav/e-yantra_ws/install/task_1:/opt/ros/humble /usr/bin/cmake /home/asambhav/Storage/dumme_sim/src/dumme_moveit -DCMAKE_INSTALL_PREFIX=/home/asambhav/Storage/dumme_sim/install/dumme_moveit
[1.046s] DEBUG:colcon.colcon_core.event_handler.log_command:Invoking command in '/home/asambhav/Storage/dumme_sim/build/dumme_moveit': CMAKE_PREFIX_PATH=/home/asambhav/Storage/dumme_sim/install/dumme_description:/home/asambhav/Storage/dumme_sim/install/dumme_utils:/home/asambhav/Storage/dumme_sim/install/dumme_msgs:/home/asambhav/e-yantra_ws/install/ur_simulation_gz:/home/asambhav/e-yantra_ws/install/ur_description:/home/asambhav/e-yantra_ws/install/ur5_control:/home/asambhav/e-yantra_ws/install/pymoveit2:/home/asambhav/e-yantra_ws/install/linkattacher_msgs:/home/asambhav/e-yantra_ws/install/eyantra_warehouse:/home/asambhav/e-yantra_ws/install/ebot_description:/home/asambhav/Storage/dumme_sim/install/dumme_controller:/home/asambhav/e-yantra_ws/install/task_1:/opt/ros/humble /usr/bin/cmake --build /home/asambhav/Storage/dumme_sim/build/dumme_moveit -- -j18 -l18
[1.079s] DEBUG:colcon.colcon_core.event_handler.log_command:Invoked command in '/home/asambhav/Storage/dumme_sim/build/dumme_moveit' returned '0': CMAKE_PREFIX_PATH=/home/asambhav/Storage/dumme_sim/install/dumme_description:/home/asambhav/Storage/dumme_sim/install/dumme_utils:/home/asambhav/Storage/dumme_sim/install/dumme_msgs:/home/asambhav/e-yantra_ws/install/ur_simulation_gz:/home/asambhav/e-yantra_ws/install/ur_description:/home/asambhav/e-yantra_ws/install/ur5_control:/home/asambhav/e-yantra_ws/install/pymoveit2:/home/asambhav/e-yantra_ws/install/linkattacher_msgs:/home/asambhav/e-yantra_ws/install/eyantra_warehouse:/home/asambhav/e-yantra_ws/install/ebot_description:/home/asambhav/Storage/dumme_sim/install/dumme_controller:/home/asambhav/e-yantra_ws/install/task_1:/opt/ros/humble /usr/bin/cmake --build /home/asambhav/Storage/dumme_sim/build/dumme_moveit -- -j18 -l18
[1.081s] DEBUG:colcon.colcon_core.event_handler.log_command:Invoking command in '/home/asambhav/Storage/dumme_sim/build/dumme_moveit': CMAKE_PREFIX_PATH=/home/asambhav/Storage/dumme_sim/install/dumme_description:/home/asambhav/Storage/dumme_sim/install/dumme_utils:/home/asambhav/Storage/dumme_sim/install/dumme_msgs:/home/asambhav/e-yantra_ws/install/ur_simulation_gz:/home/asambhav/e-yantra_ws/install/ur_description:/home/asambhav/e-yantra_ws/install/ur5_control:/home/asambhav/e-yantra_ws/install/pymoveit2:/home/asambhav/e-yantra_ws/install/linkattacher_msgs:/home/asambhav/e-yantra_ws/install/eyantra_warehouse:/home/asambhav/e-yantra_ws/install/ebot_description:/home/asambhav/Storage/dumme_sim/install/dumme_controller:/home/asambhav/e-yantra_ws/install/task_1:/opt/ros/humble /usr/bin/cmake --install /home/asambhav/Storage/dumme_sim/build/dumme_moveit
[1.094s] Level 1:colcon.colcon_core.environment:create_environment_scripts_only(dumme_moveit)
[1.094s] Level 1:colcon.colcon_core.environment:checking '/home/asambhav/Storage/dumme_sim/install/dumme_moveit' for CMake module files
[1.095s] DEBUG:colcon.colcon_core.event_handler.log_command:Invoked command in '/home/asambhav/Storage/dumme_sim/build/dumme_moveit' returned '0': CMAKE_PREFIX_PATH=/home/asambhav/Storage/dumme_sim/install/dumme_description:/home/asambhav/Storage/dumme_sim/install/dumme_utils:/home/asambhav/Storage/dumme_sim/install/dumme_msgs:/home/asambhav/e-yantra_ws/install/ur_simulation_gz:/home/asambhav/e-yantra_ws/install/ur_description:/home/asambhav/e-yantra_ws/install/ur5_control:/home/asambhav/e-yantra_ws/install/pymoveit2:/home/asambhav/e-yantra_ws/install/linkattacher_msgs:/home/asambhav/e-yantra_ws/install/eyantra_warehouse:/home/asambhav/e-yantra_ws/install/ebot_description:/home/asambhav/Storage/dumme_sim/install/dumme_controller:/home/asambhav/e-yantra_ws/install/task_1:/opt/ros/humble /usr/bin/cmake --install /home/asambhav/Storage/dumme_sim/build/dumme_moveit
[1.095s] Level 1:colcon.colcon_core.environment:checking '/home/asambhav/Storage/dumme_sim/install/dumme_moveit' for CMake config files
[1.095s] Level 1:colcon.colcon_core.shell:create_environment_hook('dumme_moveit', 'cmake_prefix_path')
[1.095s] INFO:colcon.colcon_core.shell:Creating environment hook '/home/asambhav/Storage/dumme_sim/install/dumme_moveit/share/dumme_moveit/hook/cmake_prefix_path.ps1'
[1.095s] INFO:colcon.colcon_core.shell:Creating environment descriptor '/home/asambhav/Storage/dumme_sim/install/dumme_moveit/share/dumme_moveit/hook/cmake_prefix_path.dsv'
[1.096s] INFO:colcon.colcon_core.shell:Creating environment hook '/home/asambhav/Storage/dumme_sim/install/dumme_moveit/share/dumme_moveit/hook/cmake_prefix_path.sh'
[1.096s] Level 1:colcon.colcon_core.environment:checking '/home/asambhav/Storage/dumme_sim/install/dumme_moveit/bin'
[1.096s] Level 1:colcon.colcon_core.environment:checking '/home/asambhav/Storage/dumme_sim/install/dumme_moveit/lib/pkgconfig/dumme_moveit.pc'
[1.096s] Level 1:colcon.colcon_core.environment:checking '/home/asambhav/Storage/dumme_sim/install/dumme_moveit/lib/python3.10/site-packages'
[1.096s] Level 1:colcon.colcon_core.environment:checking '/home/asambhav/Storage/dumme_sim/install/dumme_moveit/bin'
[1.096s] INFO:colcon.colcon_core.shell:Creating package script '/home/asambhav/Storage/dumme_sim/install/dumme_moveit/share/dumme_moveit/package.ps1'
[1.097s] INFO:colcon.colcon_core.shell:Creating package descriptor '/home/asambhav/Storage/dumme_sim/install/dumme_moveit/share/dumme_moveit/package.dsv'
[1.097s] INFO:colcon.colcon_core.shell:Creating package script '/home/asambhav/Storage/dumme_sim/install/dumme_moveit/share/dumme_moveit/package.sh'
[1.097s] INFO:colcon.colcon_core.shell:Creating package script '/home/asambhav/Storage/dumme_sim/install/dumme_moveit/share/dumme_moveit/package.bash'
[1.098s] INFO:colcon.colcon_core.shell:Creating package script '/home/asambhav/Storage/dumme_sim/install/dumme_moveit/share/dumme_moveit/package.zsh'
[1.098s] Level 1:colcon.colcon_core.environment:create_file_with_runtime_dependencies(/home/asambhav/Storage/dumme_sim/install/dumme_moveit/share/colcon-core/packages/dumme_moveit)
[1.098s] Level 1:colcon.colcon_core.environment:create_environment_scripts_only(dumme_moveit)
[1.098s] Level 1:colcon.colcon_core.environment:checking '/home/asambhav/Storage/dumme_sim/install/dumme_moveit' for CMake module files
[1.098s] Level 1:colcon.colcon_core.environment:checking '/home/asambhav/Storage/dumme_sim/install/dumme_moveit' for CMake config files
[1.098s] Level 1:colcon.colcon_core.shell:create_environment_hook('dumme_moveit', 'cmake_prefix_path')
[1.099s] INFO:colcon.colcon_core.shell:Creating environment hook '/home/asambhav/Storage/dumme_sim/install/dumme_moveit/share/dumme_moveit/hook/cmake_prefix_path.ps1'
[1.099s] INFO:colcon.colcon_core.shell:Creating environment descriptor '/home/asambhav/Storage/dumme_sim/install/dumme_moveit/share/dumme_moveit/hook/cmake_prefix_path.dsv'
[1.099s] INFO:colcon.colcon_core.shell:Creating environment hook '/home/asambhav/Storage/dumme_sim/install/dumme_moveit/share/dumme_moveit/hook/cmake_prefix_path.sh'
[1.099s] Level 1:colcon.colcon_core.environment:checking '/home/asambhav/Storage/dumme_sim/install/dumme_moveit/bin'
[1.099s] Level 1:colcon.colcon_core.environment:checking '/home/asambhav/Storage/dumme_sim/install/dumme_moveit/lib/pkgconfig/dumme_moveit.pc'
[1.099s] Level 1:colcon.colcon_core.environment:checking '/home/asambhav/Storage/dumme_sim/install/dumme_moveit/lib/python3.10/site-packages'
[1.100s] Level 1:colcon.colcon_core.environment:checking '/home/asambhav/Storage/dumme_sim/install/dumme_moveit/bin'
[1.100s] INFO:colcon.colcon_core.shell:Creating package script '/home/asambhav/Storage/dumme_sim/install/dumme_moveit/share/dumme_moveit/package.ps1'
[1.100s] INFO:colcon.colcon_core.shell:Creating package descriptor '/home/asambhav/Storage/dumme_sim/install/dumme_moveit/share/dumme_moveit/package.dsv'
[1.101s] INFO:colcon.colcon_core.shell:Creating package script '/home/asambhav/Storage/dumme_sim/install/dumme_moveit/share/dumme_moveit/package.sh'
[1.101s] INFO:colcon.colcon_core.shell:Creating package script '/home/asambhav/Storage/dumme_sim/install/dumme_moveit/share/dumme_moveit/package.bash'
[1.102s] INFO:colcon.colcon_core.shell:Creating package script '/home/asambhav/Storage/dumme_sim/install/dumme_moveit/share/dumme_moveit/package.zsh'
[1.102s] Level 1:colcon.colcon_core.environment:create_file_with_runtime_dependencies(/home/asambhav/Storage/dumme_sim/install/dumme_moveit/share/colcon-core/packages/dumme_moveit)
[1.103s] DEBUG:colcon.colcon_parallel_executor.executor.parallel:closing loop
[1.103s] DEBUG:colcon.colcon_parallel_executor.executor.parallel:loop closed
[1.103s] DEBUG:colcon.colcon_parallel_executor.executor.parallel:run_until_complete finished with '0'
[1.103s] DEBUG:colcon.colcon_core.event_reactor:joining thread
[1.107s] INFO:colcon.colcon_core.plugin_system:Skipping extension 'colcon_notification.desktop_notification.terminal_notifier': Not used on non-Darwin systems
[1.107s] INFO:colcon.colcon_core.plugin_system:Skipping extension 'colcon_notification.desktop_notification.win32': Not used on non-Windows systems
[1.107s] INFO:colcon.colcon_notification.desktop_notification:Sending desktop notification using 'notify2'
[1.131s] DEBUG:colcon.colcon_core.event_reactor:joined thread
[1.131s] INFO:colcon.colcon_core.shell:Creating prefix script '/home/asambhav/Storage/dumme_sim/install/local_setup.ps1'
[1.132s] INFO:colcon.colcon_core.shell:Creating prefix util module '/home/asambhav/Storage/dumme_sim/install/_local_setup_util_ps1.py'
[1.134s] INFO:colcon.colcon_core.shell:Creating prefix chain script '/home/asambhav/Storage/dumme_sim/install/setup.ps1'
[1.136s] INFO:colcon.colcon_core.shell:Creating prefix script '/home/asambhav/Storage/dumme_sim/install/local_setup.sh'
[1.136s] INFO:colcon.colcon_core.shell:Creating prefix util module '/home/asambhav/Storage/dumme_sim/install/_local_setup_util_sh.py'
[1.137s] INFO:colcon.colcon_core.shell:Creating prefix chain script '/home/asambhav/Storage/dumme_sim/install/setup.sh'
[1.138s] INFO:colcon.colcon_core.shell:Creating prefix script '/home/asambhav/Storage/dumme_sim/install/local_setup.bash'
[1.139s] INFO:colcon.colcon_core.shell:Creating prefix chain script '/home/asambhav/Storage/dumme_sim/install/setup.bash'
[1.140s] INFO:colcon.colcon_core.shell:Creating prefix script '/home/asambhav/Storage/dumme_sim/install/local_setup.zsh'
[1.141s] INFO:colcon.colcon_core.shell:Creating prefix chain script '/home/asambhav/Storage/dumme_sim/install/setup.zsh'
