[0.009s] Invoking command in '/home/asambhav/Storage/dumme_sim/build/dumme_utils': CMAKE_PREFIX_PATH=/home/asambhav/Storage/dumme_sim/install/dumme_msgs:/home/asambhav/Storage/dumme_sim/install/dumme_moveit:/home/asambhav/Storage/dumme_sim/install/dumme_utils:/home/asambhav/Storage/dumme_sim/install/dumme_description:/home/asambhav/e-yantra_ws/install/ur_simulation_gz:/home/asambhav/e-yantra_ws/install/ur_description:/home/asambhav/e-yantra_ws/install/ur5_control:/home/asambhav/e-yantra_ws/install/pymoveit2:/home/asambhav/e-yantra_ws/install/linkattacher_msgs:/home/asambhav/e-yantra_ws/install/eyantra_warehouse:/home/asambhav/e-yantra_ws/install/ebot_description:/home/asambhav/Storage/dumme_sim/install/dumme_controller:/home/asambhav/e-yantra_ws/install/task_1:/opt/ros/humble /usr/bin/cmake --build /home/asambhav/Storage/dumme_sim/build/dumme_utils -- -j18 -l18
[0.059s] [100%] Built target angle_conversion
[0.060s] [100%] Built target ament_cmake_python_copy_dumme_utils
[0.222s] running egg_info
[0.232s] writing dumme_utils.egg-info/PKG-INFO
[0.232s] writing dependency_links to dumme_utils.egg-info/dependency_links.txt
[0.232s] writing top-level names to dumme_utils.egg-info/top_level.txt
[0.262s] reading manifest file 'dumme_utils.egg-info/SOURCES.txt'
[0.263s] writing manifest file 'dumme_utils.egg-info/SOURCES.txt'
[0.285s] [100%] Built target ament_cmake_python_build_dumme_utils_egg
[0.295s] Invoked command in '/home/asambhav/Storage/dumme_sim/build/dumme_utils' returned '0': CMAKE_PREFIX_PATH=/home/asambhav/Storage/dumme_sim/install/dumme_msgs:/home/asambhav/Storage/dumme_sim/install/dumme_moveit:/home/asambhav/Storage/dumme_sim/install/dumme_utils:/home/asambhav/Storage/dumme_sim/install/dumme_description:/home/asambhav/e-yantra_ws/install/ur_simulation_gz:/home/asambhav/e-yantra_ws/install/ur_description:/home/asambhav/e-yantra_ws/install/ur5_control:/home/asambhav/e-yantra_ws/install/pymoveit2:/home/asambhav/e-yantra_ws/install/linkattacher_msgs:/home/asambhav/e-yantra_ws/install/eyantra_warehouse:/home/asambhav/e-yantra_ws/install/ebot_description:/home/asambhav/Storage/dumme_sim/install/dumme_controller:/home/asambhav/e-yantra_ws/install/task_1:/opt/ros/humble /usr/bin/cmake --build /home/asambhav/Storage/dumme_sim/build/dumme_utils -- -j18 -l18
[0.297s] Invoking command in '/home/asambhav/Storage/dumme_sim/build/dumme_utils': CMAKE_PREFIX_PATH=/home/asambhav/Storage/dumme_sim/install/dumme_msgs:/home/asambhav/Storage/dumme_sim/install/dumme_moveit:/home/asambhav/Storage/dumme_sim/install/dumme_utils:/home/asambhav/Storage/dumme_sim/install/dumme_description:/home/asambhav/e-yantra_ws/install/ur_simulation_gz:/home/asambhav/e-yantra_ws/install/ur_description:/home/asambhav/e-yantra_ws/install/ur5_control:/home/asambhav/e-yantra_ws/install/pymoveit2:/home/asambhav/e-yantra_ws/install/linkattacher_msgs:/home/asambhav/e-yantra_ws/install/eyantra_warehouse:/home/asambhav/e-yantra_ws/install/ebot_description:/home/asambhav/Storage/dumme_sim/install/dumme_controller:/home/asambhav/e-yantra_ws/install/task_1:/opt/ros/humble /usr/bin/cmake --install /home/asambhav/Storage/dumme_sim/build/dumme_utils
[0.305s] -- Install configuration: ""
[0.305s] -- Up-to-date: /home/asambhav/Storage/dumme_sim/install/dumme_utils/share/dumme_utils/environment/pythonpath.sh
[0.305s] -- Up-to-date: /home/asambhav/Storage/dumme_sim/install/dumme_utils/share/dumme_utils/environment/pythonpath.dsv
[0.305s] -- Up-to-date: /home/asambhav/Storage/dumme_sim/install/dumme_utils/local/lib/python3.10/dist-packages/dumme_utils-0.0.1-py3.10.egg-info
[0.305s] -- Installing: /home/asambhav/Storage/dumme_sim/install/dumme_utils/local/lib/python3.10/dist-packages/dumme_utils-0.0.1-py3.10.egg-info/SOURCES.txt
[0.306s] -- Installing: /home/asambhav/Storage/dumme_sim/install/dumme_utils/local/lib/python3.10/dist-packages/dumme_utils-0.0.1-py3.10.egg-info/dependency_links.txt
[0.306s] -- Installing: /home/asambhav/Storage/dumme_sim/install/dumme_utils/local/lib/python3.10/dist-packages/dumme_utils-0.0.1-py3.10.egg-info/PKG-INFO
[0.306s] -- Installing: /home/asambhav/Storage/dumme_sim/install/dumme_utils/local/lib/python3.10/dist-packages/dumme_utils-0.0.1-py3.10.egg-info/top_level.txt
[0.306s] -- Up-to-date: /home/asambhav/Storage/dumme_sim/install/dumme_utils/local/lib/python3.10/dist-packages/dumme_utils
[0.306s] -- Up-to-date: /home/asambhav/Storage/dumme_sim/install/dumme_utils/local/lib/python3.10/dist-packages/dumme_utils/angle_conversion.py
[0.306s] -- Up-to-date: /home/asambhav/Storage/dumme_sim/install/dumme_utils/local/lib/python3.10/dist-packages/dumme_utils/__init__.py
[0.327s] Listing '/home/asambhav/Storage/dumme_sim/install/dumme_utils/local/lib/python3.10/dist-packages/dumme_utils'...
[0.330s] -- Up-to-date: /home/asambhav/Storage/dumme_sim/install/dumme_utils/lib/dumme_utils/angle_conversion
[0.330s] -- Up-to-date: /home/asambhav/Storage/dumme_sim/install/dumme_utils/lib/dumme_utils/angle_conversion.py
[0.330s] -- Up-to-date: /home/asambhav/Storage/dumme_sim/install/dumme_utils/share/ament_index/resource_index/package_run_dependencies/dumme_utils
[0.330s] -- Up-to-date: /home/asambhav/Storage/dumme_sim/install/dumme_utils/share/ament_index/resource_index/parent_prefix_path/dumme_utils
[0.330s] -- Up-to-date: /home/asambhav/Storage/dumme_sim/install/dumme_utils/share/dumme_utils/environment/ament_prefix_path.sh
[0.331s] -- Up-to-date: /home/asambhav/Storage/dumme_sim/install/dumme_utils/share/dumme_utils/environment/ament_prefix_path.dsv
[0.331s] -- Up-to-date: /home/asambhav/Storage/dumme_sim/install/dumme_utils/share/dumme_utils/environment/path.sh
[0.331s] -- Up-to-date: /home/asambhav/Storage/dumme_sim/install/dumme_utils/share/dumme_utils/environment/path.dsv
[0.331s] -- Up-to-date: /home/asambhav/Storage/dumme_sim/install/dumme_utils/share/dumme_utils/local_setup.bash
[0.331s] -- Up-to-date: /home/asambhav/Storage/dumme_sim/install/dumme_utils/share/dumme_utils/local_setup.sh
[0.331s] -- Up-to-date: /home/asambhav/Storage/dumme_sim/install/dumme_utils/share/dumme_utils/local_setup.zsh
[0.331s] -- Up-to-date: /home/asambhav/Storage/dumme_sim/install/dumme_utils/share/dumme_utils/local_setup.dsv
[0.331s] -- Installing: /home/asambhav/Storage/dumme_sim/install/dumme_utils/share/dumme_utils/package.dsv
[0.331s] -- Up-to-date: /home/asambhav/Storage/dumme_sim/install/dumme_utils/share/ament_index/resource_index/packages/dumme_utils
[0.331s] -- Up-to-date: /home/asambhav/Storage/dumme_sim/install/dumme_utils/share/dumme_utils/cmake/dumme_utilsConfig.cmake
[0.331s] -- Up-to-date: /home/asambhav/Storage/dumme_sim/install/dumme_utils/share/dumme_utils/cmake/dumme_utilsConfig-version.cmake
[0.331s] -- Up-to-date: /home/asambhav/Storage/dumme_sim/install/dumme_utils/share/dumme_utils/package.xml
[0.334s] Invoked command in '/home/asambhav/Storage/dumme_sim/build/dumme_utils' returned '0': CMAKE_PREFIX_PATH=/home/asambhav/Storage/dumme_sim/install/dumme_msgs:/home/asambhav/Storage/dumme_sim/install/dumme_moveit:/home/asambhav/Storage/dumme_sim/install/dumme_utils:/home/asambhav/Storage/dumme_sim/install/dumme_description:/home/asambhav/e-yantra_ws/install/ur_simulation_gz:/home/asambhav/e-yantra_ws/install/ur_description:/home/asambhav/e-yantra_ws/install/ur5_control:/home/asambhav/e-yantra_ws/install/pymoveit2:/home/asambhav/e-yantra_ws/install/linkattacher_msgs:/home/asambhav/e-yantra_ws/install/eyantra_warehouse:/home/asambhav/e-yantra_ws/install/ebot_description:/home/asambhav/Storage/dumme_sim/install/dumme_controller:/home/asambhav/e-yantra_ws/install/task_1:/opt/ros/humble /usr/bin/cmake --install /home/asambhav/Storage/dumme_sim/build/dumme_utils
